[2022-11-08T16:17:21.822Z] Log level: Info
[2022-11-08T16:17:21.846Z] [info] Validating found git in: git
[2022-11-08T16:17:21.946Z] [info] Using git 2.17.1 from git
[2022-11-08T16:17:22.084Z] > git rev-parse --show-toplevel [92ms]
[2022-11-08T16:17:22.084Z] fatal: not a git repository (or any of the parent directories): .git
[2022-11-08T16:17:22.110Z] > git rev-parse --show-toplevel [3ms]
[2022-11-08T16:17:22.110Z] fatal: not a git repository (or any of the parent directories): .git
[2022-11-08T16:17:22.127Z] > git rev-parse --show-toplevel [5ms]
[2022-11-08T16:17:22.127Z] fatal: not a git repository (or any of the parent directories): .git
[2022-11-08T16:17:22.143Z] > git rev-parse --show-toplevel [5ms]
[2022-11-08T16:17:22.143Z] fatal: not a git repository (or any of the parent directories): .git
[2022-11-08T16:17:22.158Z] > git rev-parse --show-toplevel [4ms]
[2022-11-08T16:17:22.158Z] fatal: not a git repository (or any of the parent directories): .git
[2022-11-08T16:17:22.172Z] > git rev-parse --show-toplevel [1ms]
[2022-11-08T16:17:22.172Z] fatal: not a git repository (or any of the parent directories): .git
[2022-11-08T16:17:22.186Z] > git rev-parse --show-toplevel [2ms]
[2022-11-08T16:17:22.186Z] fatal: not a git repository (or any of the parent directories): .git
[2022-11-08T16:17:22.200Z] > git rev-parse --show-toplevel [1ms]
[2022-11-08T16:17:22.200Z] fatal: not a git repository (or any of the parent directories): .git
[2022-11-08T16:17:22.216Z] > git rev-parse --show-toplevel [3ms]
[2022-11-08T16:17:22.216Z] fatal: not a git repository (or any of the parent directories): .git
[2022-11-08T16:17:22.231Z] > git rev-parse --show-toplevel [2ms]
[2022-11-08T16:17:22.231Z] fatal: not a git repository (or any of the parent directories): .git
[2022-11-08T16:17:22.247Z] > git rev-parse --show-toplevel [3ms]
[2022-11-08T16:17:22.247Z] fatal: not a git repository (or any of the parent directories): .git
[2022-11-08T16:17:22.285Z] > git rev-parse --show-toplevel [26ms]
[2022-11-08T16:17:22.285Z] fatal: not a git repository (or any of the parent directories): .git
[2022-11-08T16:17:22.300Z] > git rev-parse --show-toplevel [3ms]
[2022-11-08T16:17:22.300Z] fatal: not a git repository (or any of the parent directories): .git
[2022-11-08T16:17:22.314Z] > git rev-parse --show-toplevel [2ms]
[2022-11-08T16:17:22.314Z] fatal: not a git repository (or any of the parent directories): .git
[2022-11-08T16:17:22.358Z] > git rev-parse --show-toplevel [32ms]
[2022-11-08T16:17:22.358Z] fatal: not a git repository (or any of the parent directories): .git
[2022-11-08T16:17:22.373Z] > git rev-parse --show-toplevel [3ms]
[2022-11-08T16:17:22.373Z] fatal: not a git repository (or any of the parent directories): .git
[2022-11-08T16:17:22.387Z] > git rev-parse --show-toplevel [3ms]
[2022-11-08T16:17:22.387Z] fatal: not a git repository (or any of the parent directories): .git
[2022-11-08T16:17:22.434Z] > git rev-parse --show-toplevel [36ms]
[2022-11-08T16:17:22.470Z] > git rev-parse --git-dir --git-common-dir [14ms]
[2022-11-08T16:17:22.494Z] [info] Open repository: /home/nvidia/jetson-inference
[2022-11-08T16:17:22.531Z] > git rev-parse --show-toplevel [3ms]
[2022-11-08T16:17:22.531Z] fatal: not a git repository (or any of the parent directories): .git
[2022-11-08T16:17:22.561Z] > git rev-parse --show-toplevel [18ms]
[2022-11-08T16:17:22.561Z] fatal: not a git repository (or any of the parent directories): .git
[2022-11-08T16:17:22.592Z] > git rev-parse --show-toplevel [19ms]
[2022-11-08T16:17:22.592Z] fatal: not a git repository (or any of the parent directories): .git
[2022-11-08T16:17:22.674Z] > git rev-parse --show-toplevel [70ms]
[2022-11-08T16:17:22.674Z] fatal: not a git repository (or any of the parent directories): .git
[2022-11-08T16:17:22.698Z] > git rev-parse --show-toplevel [12ms]
[2022-11-08T16:17:22.698Z] fatal: not a git repository (or any of the parent directories): .git
[2022-11-08T16:17:22.712Z] > git rev-parse --show-toplevel [3ms]
[2022-11-08T16:17:22.712Z] fatal: not a git repository (or any of the parent directories): .git
[2022-11-08T16:17:22.728Z] > git rev-parse --show-toplevel [5ms]
[2022-11-08T16:17:22.728Z] fatal: not a git repository (or any of the parent directories): .git
[2022-11-08T16:17:23.215Z] > git check-ignore -v -z --stdin [4ms]
[2022-11-08T16:17:23.278Z] > git status -z -uall [763ms]
[2022-11-08T16:17:23.295Z] > git symbolic-ref --short HEAD [4ms]
[2022-11-08T16:17:23.311Z] > git for-each-ref --format=%(refname)%00%(upstream:short)%00%(objectname)%00%(upstream:track)%00%(upstream:remotename)%00%(upstream:remoteref) refs/heads/master refs/remotes/master [4ms]
[2022-11-08T16:17:23.340Z] > git remote --verbose [6ms]
[2022-11-08T16:17:23.341Z] > git for-each-ref --sort -committerdate --format %(refname) %(objectname) %(*objectname) [18ms]
[2022-11-08T16:17:23.377Z] > git config --get commit.template [2ms]
[2022-11-08T16:17:23.876Z] > git rev-parse --show-toplevel [3ms]
[2022-11-08T16:17:23.890Z] > git rev-parse --git-dir --git-common-dir [2ms]
[2022-11-08T16:17:23.900Z] [info] Open repository: /home/nvidia/jetson-inference/utils
[2022-11-08T16:17:23.930Z] > git rev-parse --show-toplevel [3ms]
[2022-11-08T16:17:23.946Z] > git rev-parse --git-dir --git-common-dir [5ms]
[2022-11-08T16:17:23.956Z] [info] Open repository: /home/nvidia/jetson-inference/tools/camera-capture
[2022-11-08T16:17:23.987Z] > git status -z -uall [73ms]
[2022-11-08T16:17:23.999Z] > git status -z -uall [26ms]
[2022-11-08T16:17:24.020Z] > git symbolic-ref --short HEAD [22ms]
[2022-11-08T16:17:24.020Z] fatal: ref HEAD is not a symbolic ref
[2022-11-08T16:17:24.032Z] > git rev-parse --show-toplevel [48ms]
[2022-11-08T16:17:24.047Z] > git rev-parse HEAD [15ms]
[2022-11-08T16:17:24.071Z] > git symbolic-ref --short HEAD [61ms]
[2022-11-08T16:17:24.071Z] fatal: ref HEAD is not a symbolic ref
[2022-11-08T16:17:24.097Z] > git remote --verbose [27ms]
[2022-11-08T16:17:24.098Z] > git for-each-ref --sort -committerdate --format %(refname) %(objectname) %(*objectname) [40ms]
[2022-11-08T16:17:24.103Z] > git rev-parse --git-dir --git-common-dir [59ms]
[2022-11-08T16:17:24.111Z] [info] Open repository: /home/nvidia/jetson-inference/python/training/classification
[2022-11-08T16:17:24.150Z] > git status -z -uall [25ms]
[2022-11-08T16:17:24.162Z] > git status -z -uall [769ms]
[2022-11-08T16:17:24.175Z] > git rev-parse HEAD [92ms]
[2022-11-08T16:17:24.205Z] > git for-each-ref --sort -committerdate --format %(refname) %(objectname) %(*objectname) [18ms]
[2022-11-08T16:17:24.206Z] > git symbolic-ref --short HEAD [32ms]
[2022-11-08T16:17:24.218Z] > git symbolic-ref --short HEAD [56ms]
[2022-11-08T16:17:24.218Z] fatal: ref HEAD is not a symbolic ref
[2022-11-08T16:17:24.230Z] > git config --get commit.template [80ms]
[2022-11-08T16:17:24.232Z] > git rev-parse --show-toplevel [96ms]
[2022-11-08T16:17:24.262Z] > git rev-parse --git-dir --git-common-dir [19ms]
[2022-11-08T16:17:24.269Z] [info] Open repository: /home/nvidia/jetson-inference/python/training/detection
[2022-11-08T16:17:24.295Z] > git rev-parse HEAD [66ms]
[2022-11-08T16:17:24.319Z] > git for-each-ref --format=%(refname)%00%(upstream:short)%00%(objectname)%00%(upstream:track)%00%(upstream:remotename)%00%(upstream:remoteref) refs/heads/master refs/remotes/master [102ms]
[2022-11-08T16:17:24.343Z] > git remote --verbose [143ms]
[2022-11-08T16:17:24.364Z] > git status -z -uall [81ms]
[2022-11-08T16:17:24.377Z] > git remote --verbose [35ms]
[2022-11-08T16:17:24.377Z] > git for-each-ref --sort -committerdate --format %(refname) %(objectname) %(*objectname) [47ms]
[2022-11-08T16:17:24.379Z] > git remote --verbose [62ms]
[2022-11-08T16:17:24.379Z] > git for-each-ref --sort -committerdate --format %(refname) %(objectname) %(*objectname) [72ms]
[2022-11-08T16:17:24.383Z] > git rev-parse --show-toplevel [88ms]
[2022-11-08T16:17:24.409Z] > git symbolic-ref --short HEAD [33ms]
[2022-11-08T16:17:24.409Z] fatal: ref HEAD is not a symbolic ref
[2022-11-08T16:17:24.421Z] > git config --get commit.template [60ms]
[2022-11-08T16:17:24.425Z] > git rev-parse HEAD [5ms]
[2022-11-08T16:17:24.448Z] > git config --get commit.template [40ms]
[2022-11-08T16:17:24.450Z] > git rev-parse --git-dir --git-common-dir [56ms]
[2022-11-08T16:17:24.458Z] [info] Open repository: /home/nvidia/jetson-inference/python/training/segmentation
[2022-11-08T16:17:24.493Z] > git status -z -uall [22ms]
[2022-11-08T16:17:24.505Z] > git remote --verbose [58ms]
[2022-11-08T16:17:24.505Z] > git for-each-ref --sort -committerdate --format %(refname) %(objectname) %(*objectname) [69ms]
[2022-11-08T16:17:24.520Z] > git symbolic-ref --short HEAD [16ms]
[2022-11-08T16:17:24.520Z] fatal: ref HEAD is not a symbolic ref
[2022-11-08T16:17:24.531Z] > git rev-parse --show-toplevel [47ms]
[2022-11-08T16:17:24.553Z] > git rev-parse HEAD [22ms]
[2022-11-08T16:17:24.579Z] > git config --get commit.template [62ms]
[2022-11-08T16:17:24.588Z] > git remote --verbose [10ms]
[2022-11-08T16:17:24.589Z] > git rev-parse --git-dir --git-common-dir [46ms]
[2022-11-08T16:17:24.597Z] [info] Open repository: /home/nvidia/jetson-inference/plugins/pose
[2022-11-08T16:17:24.732Z] > git status -z -uall [119ms]
[2022-11-08T16:17:24.744Z] > git check-ignore -v -z --stdin [47ms]
[2022-11-08T16:17:24.747Z] > git check-ignore -v -z --stdin [38ms]
[2022-11-08T16:17:24.748Z] > git rev-parse --show-toplevel [123ms]
[2022-11-08T16:17:24.761Z] > git for-each-ref --sort -committerdate --format %(refname) %(objectname) %(*objectname) [196ms]
[2022-11-08T16:17:24.782Z] > git rev-parse --git-dir --git-common-dir [21ms]
[2022-11-08T16:17:24.789Z] [info] Open repository: /home/nvidia/jetson-inference/docker/containers
[2022-11-08T16:17:24.803Z] > git symbolic-ref --short HEAD [59ms]
[2022-11-08T16:17:24.803Z] fatal: ref HEAD is not a symbolic ref
[2022-11-08T16:17:24.815Z] > git config --get commit.template [94ms]
[2022-11-08T16:17:24.819Z] > git status -z -uall [16ms]
[2022-11-08T16:17:24.831Z] > git rev-parse HEAD [16ms]
[2022-11-08T16:17:24.855Z] > git config --get commit.template [76ms]
[2022-11-08T16:17:24.920Z] > git remote --verbose [66ms]
[2022-11-08T16:17:24.920Z] > git symbolic-ref --short HEAD [89ms]
[2022-11-08T16:17:24.920Z] fatal: ref HEAD is not a symbolic ref
[2022-11-08T16:17:24.935Z] > git for-each-ref --sort -committerdate --format %(refname) %(objectname) %(*objectname) [92ms]
[2022-11-08T16:17:24.940Z] > git rev-parse HEAD [8ms]
[2022-11-08T16:17:24.981Z] > git for-each-ref --sort -committerdate --format %(refname) %(objectname) %(*objectname) [28ms]
[2022-11-08T16:17:24.983Z] > git config --get commit.template [6ms]
[2022-11-08T16:17:24.984Z] > git remote --verbose [20ms]
[2022-11-08T16:17:25.003Z] > git config --get commit.template [3ms]
[2022-11-08T16:17:25.099Z] > git rev-parse --show-toplevel [3ms]
[2022-11-08T16:17:25.115Z] > git rev-parse --git-dir --git-common-dir [3ms]
[2022-11-08T16:17:25.129Z] [info] Open repository: /home/nvidia/jetson-inference/python/training/detection/ssd
[2022-11-08T16:17:25.161Z] > git status -z -uall [17ms]
[2022-11-08T16:17:25.176Z] > git symbolic-ref --short HEAD [3ms]
[2022-11-08T16:17:25.176Z] fatal: ref HEAD is not a symbolic ref
[2022-11-08T16:17:25.193Z] > git rev-parse HEAD [4ms]
[2022-11-08T16:17:25.223Z] > git for-each-ref --sort -committerdate --format %(refname) %(objectname) %(*objectname) [18ms]
[2022-11-08T16:17:25.225Z] > git remote --verbose [8ms]
[2022-11-08T16:17:25.244Z] > git config --get commit.template [3ms]
[2022-11-08T16:17:25.432Z] > git check-ignore -v -z --stdin [54ms]
[2022-11-08T16:17:25.435Z] > git check-ignore -v -z --stdin [45ms]
[2022-11-08T16:17:25.436Z] > git check-ignore -v -z --stdin [34ms]
[2022-11-08T16:17:25.437Z] > git check-ignore -v -z --stdin [22ms]
[2022-11-08T16:17:25.438Z] > git check-ignore -v -z --stdin [10ms]
[2022-11-08T16:22:20.486Z] > git check-ignore -v -z --stdin [245ms]
[2022-11-08T16:22:42.871Z] > git status -z -uall [254ms]
[2022-11-08T16:22:42.920Z] > git symbolic-ref --short HEAD [38ms]
[2022-11-08T16:22:42.920Z] fatal: ref HEAD is not a symbolic ref
[2022-11-08T16:22:42.939Z] > git rev-parse HEAD [3ms]
[2022-11-08T16:22:43.042Z] > git remote --verbose [80ms]
[2022-11-08T16:22:43.043Z] > git for-each-ref --sort -committerdate --format %(refname) %(objectname) %(*objectname) [89ms]
[2022-11-08T16:22:43.079Z] > git config --get commit.template [10ms]
[2022-11-08T16:22:48.941Z] > git status -z -uall [6335ms]
[2022-11-08T16:22:48.967Z] > git symbolic-ref --short HEAD [4ms]
[2022-11-08T16:22:48.983Z] > git for-each-ref --format=%(refname)%00%(upstream:short)%00%(objectname)%00%(upstream:track)%00%(upstream:remotename)%00%(upstream:remoteref) refs/heads/master refs/remotes/master [7ms]
[2022-11-08T16:22:49.031Z] > git for-each-ref --sort -committerdate --format %(refname) %(objectname) %(*objectname) [40ms]
[2022-11-08T16:22:49.033Z] > git remote --verbose [34ms]
[2022-11-08T16:22:49.086Z] > git config --get commit.template [2ms]
[2022-11-08T16:24:09.167Z] > git status -z -uall [10ms]
[2022-11-08T16:24:09.182Z] > git symbolic-ref --short HEAD [3ms]
[2022-11-08T16:24:09.182Z] fatal: ref HEAD is not a symbolic ref
[2022-11-08T16:24:09.193Z] > git rev-parse HEAD [3ms]
[2022-11-08T16:24:09.212Z] > git for-each-ref --sort -committerdate --format %(refname) %(objectname) %(*objectname) [10ms]
[2022-11-08T16:24:09.213Z] > git remote --verbose [3ms]
[2022-11-08T16:24:09.228Z] > git config --get commit.template [2ms]
[2022-11-08T16:24:10.097Z] > git status -z -uall [931ms]
[2022-11-08T16:24:10.109Z] > git symbolic-ref --short HEAD [3ms]
[2022-11-08T16:24:10.122Z] > git for-each-ref --format=%(refname)%00%(upstream:short)%00%(objectname)%00%(upstream:track)%00%(upstream:remotename)%00%(upstream:remoteref) refs/heads/master refs/remotes/master [3ms]
[2022-11-08T16:24:10.142Z] > git for-each-ref --sort -committerdate --format %(refname) %(objectname) %(*objectname) [11ms]
[2022-11-08T16:24:10.146Z] > git remote --verbose [7ms]
[2022-11-08T16:24:10.161Z] > git config --get commit.template [3ms]
[2022-11-08T16:25:03.408Z] > git status -z -uall [4ms]
[2022-11-08T16:25:03.420Z] > git symbolic-ref --short HEAD [3ms]
[2022-11-08T16:25:03.420Z] fatal: ref HEAD is not a symbolic ref
[2022-11-08T16:25:03.431Z] > git rev-parse HEAD [2ms]
[2022-11-08T16:25:03.450Z] > git for-each-ref --sort -committerdate --format %(refname) %(objectname) %(*objectname) [10ms]
[2022-11-08T16:25:03.451Z] > git remote --verbose [3ms]
[2022-11-08T16:25:03.465Z] > git config --get commit.template [3ms]
[2022-11-08T16:25:04.152Z] > git status -z -uall [759ms]
[2022-11-08T16:25:04.163Z] > git symbolic-ref --short HEAD [2ms]
[2022-11-08T16:25:04.175Z] > git for-each-ref --format=%(refname)%00%(upstream:short)%00%(objectname)%00%(upstream:track)%00%(upstream:remotename)%00%(upstream:remoteref) refs/heads/master refs/remotes/master [3ms]
[2022-11-08T16:25:04.193Z] > git for-each-ref --sort -committerdate --format %(refname) %(objectname) %(*objectname) [10ms]
[2022-11-08T16:25:04.195Z] > git remote --verbose [4ms]
[2022-11-08T16:25:04.215Z] > git config --get commit.template [2ms]
[2022-11-08T16:32:31.471Z] > git status -z -uall [285ms]
[2022-11-08T16:32:31.584Z] > git symbolic-ref --short HEAD [31ms]
[2022-11-08T16:32:31.584Z] fatal: ref HEAD is not a symbolic ref
[2022-11-08T16:32:31.631Z] > git rev-parse HEAD [35ms]
[2022-11-08T16:32:31.785Z] > git remote --verbose [136ms]
[2022-11-08T16:32:31.785Z] > git for-each-ref --sort -committerdate --format %(refname) %(objectname) %(*objectname) [144ms]
[2022-11-08T16:32:31.824Z] > git config --get commit.template [2ms]
[2022-11-08T16:32:36.547Z] > git status -z -uall [5705ms]
[2022-11-08T16:32:36.659Z] > git symbolic-ref --short HEAD [6ms]
[2022-11-08T16:32:36.676Z] > git for-each-ref --format=%(refname)%00%(upstream:short)%00%(objectname)%00%(upstream:track)%00%(upstream:remotename)%00%(upstream:remoteref) refs/heads/master refs/remotes/master [9ms]
[2022-11-08T16:32:36.783Z] > git for-each-ref --sort -committerdate --format %(refname) %(objectname) %(*objectname) [99ms]
[2022-11-08T16:32:36.784Z] > git remote --verbose [93ms]
[2022-11-08T16:32:36.905Z] > git status -z -uall [22ms]
[2022-11-08T16:32:36.914Z] > git config --get commit.template [11ms]
[2022-11-08T16:32:36.917Z] > git symbolic-ref --short HEAD [4ms]
[2022-11-08T16:32:36.917Z] fatal: ref HEAD is not a symbolic ref
[2022-11-08T16:32:36.929Z] > git rev-parse HEAD [4ms]
[2022-11-08T16:32:36.998Z] > git for-each-ref --sort -committerdate --format %(refname) %(objectname) %(*objectname) [13ms]
[2022-11-08T16:32:37.000Z] > git remote --verbose [5ms]
[2022-11-08T16:32:37.022Z] > git config --get commit.template [8ms]
[2022-11-08T18:14:31.163Z] > git status -z -uall [34ms]
[2022-11-08T18:14:31.185Z] > git symbolic-ref --short HEAD [3ms]
[2022-11-08T18:14:31.185Z] fatal: ref HEAD is not a symbolic ref
[2022-11-08T18:14:31.197Z] > git rev-parse HEAD [3ms]
[2022-11-08T18:14:31.217Z] > git for-each-ref --sort -committerdate --format %(refname) %(objectname) %(*objectname) [10ms]
[2022-11-08T18:14:31.217Z] > git remote --verbose [3ms]
[2022-11-08T18:14:31.232Z] > git config --get commit.template [3ms]
[2022-11-08T18:14:33.549Z] > git status -z -uall [2443ms]
[2022-11-08T18:14:33.560Z] > git symbolic-ref --short HEAD [2ms]
[2022-11-08T18:14:33.575Z] > git for-each-ref --format=%(refname)%00%(upstream:short)%00%(objectname)%00%(upstream:track)%00%(upstream:remotename)%00%(upstream:remoteref) refs/heads/master refs/remotes/master [5ms]
[2022-11-08T18:14:33.595Z] > git remote --verbose [2ms]
[2022-11-08T18:14:33.603Z] > git for-each-ref --sort -committerdate --format %(refname) %(objectname) %(*objectname) [19ms]
[2022-11-08T18:14:33.626Z] > git config --get commit.template [2ms]
[2022-11-08T18:17:01.484Z] > git check-ignore -v -z --stdin [2ms]
[2022-11-08T18:17:02.453Z] > git check-ignore -v -z --stdin [3ms]
[2022-11-08T18:17:04.900Z] > git check-ignore -v -z --stdin [3ms]
[2022-11-08T18:17:20.401Z] > git check-ignore -v -z --stdin [2ms]
[2022-11-08T18:17:44.593Z] > git check-ignore -v -z --stdin [3ms]
[2022-11-08T18:17:45.122Z] > git status -z -uall [5ms]
[2022-11-08T18:17:45.134Z] > git symbolic-ref --short HEAD [3ms]
[2022-11-08T18:17:45.134Z] fatal: ref HEAD is not a symbolic ref
[2022-11-08T18:17:45.145Z] > git rev-parse HEAD [2ms]
[2022-11-08T18:17:45.164Z] > git for-each-ref --sort -committerdate --format %(refname) %(objectname) %(*objectname) [10ms]
[2022-11-08T18:17:45.165Z] > git remote --verbose [2ms]
[2022-11-08T18:17:45.179Z] > git config --get commit.template [2ms]
[2022-11-08T18:17:45.862Z] > git status -z -uall [755ms]
[2022-11-08T18:17:45.873Z] > git symbolic-ref --short HEAD [3ms]
[2022-11-08T18:17:45.885Z] > git for-each-ref --format=%(refname)%00%(upstream:short)%00%(objectname)%00%(upstream:track)%00%(upstream:remotename)%00%(upstream:remoteref) refs/heads/master refs/remotes/master [3ms]
[2022-11-08T18:17:45.907Z] > git for-each-ref --sort -committerdate --format %(refname) %(objectname) %(*objectname) [13ms]
[2022-11-08T18:17:45.908Z] > git remote --verbose [3ms]
[2022-11-08T18:17:45.923Z] > git config --get commit.template [2ms]
[2022-11-08T18:18:17.670Z] > git check-ignore -v -z --stdin [3ms]
[2022-11-08T18:18:18.633Z] > git check-ignore -v -z --stdin [2ms]
[2022-11-08T18:18:19.469Z] > git check-ignore -v -z --stdin [3ms]
[2022-11-08T18:18:35.655Z] > git check-ignore -v -z --stdin [3ms]
[2022-11-08T18:18:36.230Z] > git check-ignore -v -z --stdin [3ms]
[2022-11-08T18:20:30.774Z] > git status -z -uall [1313ms]
[2022-11-08T18:20:30.834Z] > git symbolic-ref --short HEAD [2ms]
[2022-11-08T18:20:30.834Z] fatal: ref HEAD is not a symbolic ref
[2022-11-08T18:20:30.846Z] > git rev-parse HEAD [2ms]
[2022-11-08T18:20:31.113Z] > git remote --verbose [246ms]
[2022-11-08T18:20:31.859Z] > git for-each-ref --sort -committerdate --format %(refname) %(objectname) %(*objectname) [1003ms]
[2022-11-08T18:20:37.020Z] > git config --get commit.template [1757ms]
[2022-11-08T18:20:43.455Z] > git status -z -uall [14006ms]
[2022-11-08T18:20:43.499Z] > git symbolic-ref --short HEAD [3ms]
[2022-11-08T18:20:43.512Z] > git for-each-ref --format=%(refname)%00%(upstream:short)%00%(objectname)%00%(upstream:track)%00%(upstream:remotename)%00%(upstream:remoteref) refs/heads/master refs/remotes/master [5ms]
[2022-11-08T18:20:43.705Z] > git remote --verbose [132ms]
[2022-11-08T18:20:43.705Z] > git for-each-ref --sort -committerdate --format %(refname) %(objectname) %(*objectname) [142ms]
[2022-11-08T18:20:43.751Z] > git config --get commit.template [3ms]
[2022-11-08T18:22:14.648Z] > git show --textconv :data/.gitkeep [12ms]
[2022-11-08T18:22:14.650Z] > git ls-files --stage -- /home/nvidia/jetson-inference/python/training/classification/data/.gitkeep [3ms]
[2022-11-08T18:22:14.663Z] > git cat-file -s e69de29bb2d1d6434b8b29ae775ad8c2e48c5391 [4ms]
[2022-11-08T18:22:15.863Z] > git show --textconv :data/money_project/lables.txt [15ms]
[2022-11-08T18:22:15.866Z] > git ls-files --stage -- /home/nvidia/jetson-inference/python/training/classification/data/money_project/lables.txt [4ms]
[2022-11-08T18:22:16.688Z] > git check-ignore -v -z --stdin [5ms]
[2022-11-08T18:22:20.894Z] > git show --textconv :data/cat_dog/labels.txt [10ms]
[2022-11-08T18:22:20.896Z] > git ls-files --stage -- /home/nvidia/jetson-inference/python/training/classification/data/cat_dog/labels.txt [3ms]
[2022-11-08T18:22:23.284Z] > git show --textconv :data/money_project/lables.txt [20ms]
[2022-11-08T18:22:23.287Z] > git ls-files --stage -- /home/nvidia/jetson-inference/python/training/classification/data/money_project/lables.txt [4ms]
