[2022-11-11 11:02:13.721] [exthost] [info] Extension host with pid 10483 started
[2022-11-11 11:02:13.931] [exthost] [info] ExtensionService#_doActivateExtension vscode.debug-auto-launch, startup: true, activationEvent: '*'
[2022-11-11 11:02:14.081] [exthost] [info] ExtensionService#_doActivateExtension vscode.git-base, startup: true, activationEvent: '*', root cause: vscode.git
[2022-11-11 11:02:14.083] [exthost] [info] ExtensionService#_doActivateExtension vscode.ipynb, startup: true, activationEvent: '*'
[2022-11-11 11:02:14.266] [exthost] [info] Lock '/home/nvidia/.vscode-server/data/User/workspaceStorage/0e457eed9977194e32662d2014192f6d/vscode.lock': Lock acquired.
[2022-11-11 11:02:14.540] [exthost] [info] ExtensionService#_doActivateExtension vscode.git, startup: true, activationEvent: '*'
[2022-11-11 11:02:14.542] [exthost] [info] ExtensionService#_doActivateExtension vscode.github, startup: true, activationEvent: '*'
[2022-11-11 11:02:15.131] [exthost] [info] ExtensionService#_doActivateExtension vscode.emmet, startup: false, activationEvent: 'onStartupFinished'
[2022-11-11 11:02:15.133] [exthost] [info] ExtensionService#_doActivateExtension vscode.merge-conflict, startup: false, activationEvent: 'onStartupFinished'
[2022-11-11 11:02:15.134] [exthost] [info] Eager extensions activated
[2022-11-11 11:41:12.183] [exthost] [warning] [Decorations] CAPPING events from decorations provider vscode.git 3479
[2022-11-11 11:41:17.174] [exthost] [warning] [Decorations] CAPPING events from decorations provider vscode.git 3479
[2022-11-11 11:41:24.267] [exthost] [warning] [Decorations] CAPPING events from decorations provider vscode.git 3479
[2022-11-11 11:42:14.529] [exthost] [warning] [Decorations] CAPPING events from decorations provider vscode.git 3479
[2022-11-11 11:42:21.340] [exthost] [warning] [Decorations] CAPPING events from decorations provider vscode.git 3479
[2022-11-11 11:42:28.069] [exthost] [warning] [Decorations] CAPPING events from decorations provider vscode.git 3479
[2022-11-11 11:42:34.773] [exthost] [warning] [Decorations] CAPPING events from decorations provider vscode.git 3479
[2022-11-11 11:42:41.521] [exthost] [warning] [Decorations] CAPPING events from decorations provider vscode.git 3479
[2022-11-11 11:42:48.224] [exthost] [warning] [Decorations] CAPPING events from decorations provider vscode.git 3479
[2022-11-11 11:42:54.984] [exthost] [warning] [Decorations] CAPPING events from decorations provider vscode.git 3479
[2022-11-11 11:43:01.684] [exthost] [warning] [Decorations] CAPPING events from decorations provider vscode.git 3479
[2022-11-11 11:43:08.349] [exthost] [warning] [Decorations] CAPPING events from decorations provider vscode.git 3479
[2022-11-11 11:43:15.049] [exthost] [warning] [Decorations] CAPPING events from decorations provider vscode.git 3479
[2022-11-11 11:43:21.749] [exthost] [warning] [Decorations] CAPPING events from decorations provider vscode.git 3479
[2022-11-11 11:43:28.510] [exthost] [warning] [Decorations] CAPPING events from decorations provider vscode.git 3479
[2022-11-11 11:43:35.202] [exthost] [warning] [Decorations] CAPPING events from decorations provider vscode.git 3479
[2022-11-11 11:43:41.943] [exthost] [warning] [Decorations] CAPPING events from decorations provider vscode.git 3479
[2022-11-11 11:43:48.661] [exthost] [warning] [Decorations] CAPPING events from decorations provider vscode.git 3479
[2022-11-11 11:43:55.350] [exthost] [warning] [Decorations] CAPPING events from decorations provider vscode.git 3479
[2022-11-11 11:44:02.100] [exthost] [warning] [Decorations] CAPPING events from decorations provider vscode.git 3479
