[2022-10-15T17:26:18.470Z] Log level: Info
[2022-10-15T17:26:18.488Z] [info] Validating found git in: git
[2022-10-15T17:26:18.590Z] [info] Using git 2.17.1 from git
[2022-10-15T17:26:18.666Z] > git rev-parse --show-toplevel [13ms]
[2022-10-15T17:26:18.666Z] fatal: not a git repository (or any of the parent directories): .git
[2022-10-15T17:26:18.691Z] > git rev-parse --show-toplevel [4ms]
[2022-10-15T17:26:18.691Z] fatal: not a git repository (or any of the parent directories): .git
[2022-10-15T17:26:18.705Z] > git rev-parse --show-toplevel [3ms]
[2022-10-15T17:26:18.705Z] fatal: not a git repository (or any of the parent directories): .git
[2022-10-15T17:26:18.720Z] > git rev-parse --show-toplevel [5ms]
[2022-10-15T17:26:18.720Z] fatal: not a git repository (or any of the parent directories): .git
[2022-10-15T17:26:18.736Z] > git rev-parse --show-toplevel [6ms]
[2022-10-15T17:26:18.737Z] fatal: not a git repository (or any of the parent directories): .git
[2022-10-15T17:26:18.749Z] > git rev-parse --show-toplevel [1ms]
[2022-10-15T17:26:18.749Z] fatal: not a git repository (or any of the parent directories): .git
[2022-10-15T17:26:18.774Z] > git rev-parse --show-toplevel [15ms]
[2022-10-15T17:26:18.774Z] fatal: not a git repository (or any of the parent directories): .git
[2022-10-15T17:26:18.801Z] > git rev-parse --show-toplevel [16ms]
[2022-10-15T17:26:18.801Z] fatal: not a git repository (or any of the parent directories): .git
[2022-10-15T17:26:18.819Z] > git rev-parse --show-toplevel [7ms]
[2022-10-15T17:26:18.819Z] fatal: not a git repository (or any of the parent directories): .git
[2022-10-15T17:26:18.832Z] > git rev-parse --show-toplevel [2ms]
[2022-10-15T17:26:18.832Z] fatal: not a git repository (or any of the parent directories): .git
[2022-10-15T17:26:18.845Z] > git rev-parse --show-toplevel [2ms]
[2022-10-15T17:26:18.845Z] fatal: not a git repository (or any of the parent directories): .git
[2022-10-15T17:26:18.859Z] > git rev-parse --show-toplevel [3ms]
[2022-10-15T17:26:18.859Z] fatal: not a git repository (or any of the parent directories): .git
[2022-10-15T17:26:18.871Z] > git rev-parse --show-toplevel [2ms]
[2022-10-15T17:26:18.871Z] fatal: not a git repository (or any of the parent directories): .git
[2022-10-15T17:26:18.883Z] > git rev-parse --show-toplevel [2ms]
[2022-10-15T17:26:18.883Z] fatal: not a git repository (or any of the parent directories): .git
[2022-10-15T17:26:18.896Z] > git rev-parse --show-toplevel [2ms]
[2022-10-15T17:26:18.896Z] fatal: not a git repository (or any of the parent directories): .git
[2022-10-15T17:26:18.908Z] > git rev-parse --show-toplevel [2ms]
[2022-10-15T17:26:18.908Z] fatal: not a git repository (or any of the parent directories): .git
[2022-10-15T17:26:18.920Z] > git rev-parse --show-toplevel [2ms]
[2022-10-15T17:26:18.920Z] fatal: not a git repository (or any of the parent directories): .git
