[2022-11-05T16:17:43.235Z] Log level: Info
[2022-11-05T16:17:43.259Z] [info] Validating found git in: git
[2022-11-05T16:17:43.358Z] [info] Using git 2.17.1 from git
[2022-11-05T16:17:43.497Z] > git rev-parse --show-toplevel [95ms]
[2022-11-05T16:17:43.497Z] fatal: not a git repository (or any of the parent directories): .git
[2022-11-05T16:17:43.524Z] > git rev-parse --show-toplevel [4ms]
[2022-11-05T16:17:43.524Z] fatal: not a git repository (or any of the parent directories): .git
[2022-11-05T16:17:43.541Z] > git rev-parse --show-toplevel [5ms]
[2022-11-05T16:17:43.541Z] fatal: not a git repository (or any of the parent directories): .git
[2022-11-05T16:17:43.556Z] > git rev-parse --show-toplevel [4ms]
[2022-11-05T16:17:43.556Z] fatal: not a git repository (or any of the parent directories): .git
[2022-11-05T16:17:43.570Z] > git rev-parse --show-toplevel [3ms]
[2022-11-05T16:17:43.570Z] fatal: not a git repository (or any of the parent directories): .git
[2022-11-05T16:17:43.584Z] > git rev-parse --show-toplevel [1ms]
[2022-11-05T16:17:43.584Z] fatal: not a git repository (or any of the parent directories): .git
[2022-11-05T16:17:43.597Z] > git rev-parse --show-toplevel [2ms]
[2022-11-05T16:17:43.598Z] fatal: not a git repository (or any of the parent directories): .git
[2022-11-05T16:17:43.611Z] > git rev-parse --show-toplevel [1ms]
[2022-11-05T16:17:43.611Z] fatal: not a git repository (or any of the parent directories): .git
[2022-11-05T16:17:43.626Z] > git rev-parse --show-toplevel [3ms]
[2022-11-05T16:17:43.626Z] fatal: not a git repository (or any of the parent directories): .git
[2022-11-05T16:17:43.639Z] > git rev-parse --show-toplevel [2ms]
[2022-11-05T16:17:43.639Z] fatal: not a git repository (or any of the parent directories): .git
[2022-11-05T16:17:43.653Z] > git rev-parse --show-toplevel [2ms]
[2022-11-05T16:17:43.653Z] fatal: not a git repository (or any of the parent directories): .git
[2022-11-05T16:17:43.668Z] > git rev-parse --show-toplevel [3ms]
[2022-11-05T16:17:43.668Z] fatal: not a git repository (or any of the parent directories): .git
[2022-11-05T16:17:43.681Z] > git rev-parse --show-toplevel [2ms]
[2022-11-05T16:17:43.681Z] fatal: not a git repository (or any of the parent directories): .git
[2022-11-05T16:17:43.697Z] > git rev-parse --show-toplevel [3ms]
[2022-11-05T16:17:43.697Z] fatal: not a git repository (or any of the parent directories): .git
[2022-11-05T16:17:43.714Z] > git rev-parse --show-toplevel [3ms]
[2022-11-05T16:17:43.714Z] fatal: not a git repository (or any of the parent directories): .git
[2022-11-05T16:17:43.751Z] > git rev-parse --show-toplevel [26ms]
[2022-11-05T16:17:43.751Z] fatal: not a git repository (or any of the parent directories): .git
[2022-11-05T16:17:43.765Z] > git rev-parse --show-toplevel [3ms]
[2022-11-05T16:17:43.765Z] fatal: not a git repository (or any of the parent directories): .git
[2022-11-05T16:17:43.779Z] > git rev-parse --show-toplevel [2ms]
[2022-11-05T16:17:43.833Z] > git rev-parse --git-dir --git-common-dir [41ms]
[2022-11-05T16:17:43.867Z] [info] Open repository: /home/nvidia/jetson-inference
[2022-11-05T16:17:43.918Z] > git rev-parse --show-toplevel [15ms]
[2022-11-05T16:17:43.918Z] fatal: not a git repository (or any of the parent directories): .git
[2022-11-05T16:17:43.940Z] > git rev-parse --show-toplevel [2ms]
[2022-11-05T16:17:43.941Z] fatal: not a git repository (or any of the parent directories): .git
[2022-11-05T16:17:43.969Z] > git rev-parse --show-toplevel [18ms]
[2022-11-05T16:17:43.969Z] fatal: not a git repository (or any of the parent directories): .git
[2022-11-05T16:17:43.982Z] > git rev-parse --show-toplevel [2ms]
[2022-11-05T16:17:43.982Z] fatal: not a git repository (or any of the parent directories): .git
[2022-11-05T16:17:43.993Z] > git rev-parse --show-toplevel [2ms]
[2022-11-05T16:17:43.993Z] fatal: not a git repository (or any of the parent directories): .git
[2022-11-05T16:17:44.022Z] > git rev-parse --show-toplevel [2ms]
[2022-11-05T16:17:44.022Z] fatal: not a git repository (or any of the parent directories): .git
[2022-11-05T16:17:44.089Z] > git rev-parse --show-toplevel [3ms]
[2022-11-05T16:17:44.089Z] fatal: not a git repository (or any of the parent directories): .git
[2022-11-05T16:17:44.669Z] > git status -z -uall [780ms]
[2022-11-05T16:17:44.695Z] > git check-ignore -v -z --stdin [4ms]
[2022-11-05T16:17:44.707Z] > git symbolic-ref --short HEAD [28ms]
[2022-11-05T16:17:44.721Z] > git for-each-ref --format=%(refname)%00%(upstream:short)%00%(objectname)%00%(upstream:track)%00%(upstream:remotename)%00%(upstream:remoteref) refs/heads/master refs/remotes/master [4ms]
[2022-11-05T16:17:44.747Z] > git remote --verbose [5ms]
[2022-11-05T16:17:44.749Z] > git for-each-ref --sort -committerdate --format %(refname) %(objectname) %(*objectname) [16ms]
[2022-11-05T16:17:44.783Z] > git config --get commit.template [2ms]
[2022-11-05T16:17:45.280Z] > git rev-parse --show-toplevel [2ms]
[2022-11-05T16:17:45.293Z] > git rev-parse --git-dir --git-common-dir [3ms]
[2022-11-05T16:17:45.302Z] [info] Open repository: /home/nvidia/jetson-inference/utils
[2022-11-05T16:17:45.329Z] > git rev-parse --show-toplevel [4ms]
[2022-11-05T16:17:45.346Z] > git rev-parse --git-dir --git-common-dir [5ms]
[2022-11-05T16:17:45.359Z] [info] Open repository: /home/nvidia/jetson-inference/tools/camera-capture
[2022-11-05T16:17:45.385Z] > git status -z -uall [71ms]
[2022-11-05T16:17:45.395Z] > git status -z -uall [23ms]
[2022-11-05T16:17:45.408Z] > git symbolic-ref --short HEAD [14ms]
[2022-11-05T16:17:45.408Z] fatal: ref HEAD is not a symbolic ref
[2022-11-05T16:17:45.418Z] > git rev-parse --show-toplevel [36ms]
[2022-11-05T16:17:45.439Z] > git rev-parse HEAD [21ms]
[2022-11-05T16:17:45.459Z] > git symbolic-ref --short HEAD [55ms]
[2022-11-05T16:17:45.459Z] fatal: ref HEAD is not a symbolic ref
[2022-11-05T16:17:45.482Z] > git rev-parse HEAD [13ms]
[2022-11-05T16:17:45.502Z] > git remote --verbose [44ms]
[2022-11-05T16:17:45.503Z] > git for-each-ref --sort -committerdate --format %(refname) %(objectname) %(*objectname) [55ms]
[2022-11-05T16:17:45.508Z] > git rev-parse --git-dir --git-common-dir [79ms]
[2022-11-05T16:17:45.518Z] [info] Open repository: /home/nvidia/jetson-inference/python/training/classification
[2022-11-05T16:17:45.555Z] > git status -z -uall [24ms]
[2022-11-05T16:17:45.565Z] > git status -z -uall [768ms]
[2022-11-05T16:17:45.577Z] > git remote --verbose [76ms]
[2022-11-05T16:17:45.579Z] > git for-each-ref --sort -committerdate --format %(refname) %(objectname) %(*objectname) [88ms]
[2022-11-05T16:17:45.597Z] > git symbolic-ref --short HEAD [21ms]
[2022-11-05T16:17:45.607Z] > git symbolic-ref --short HEAD [42ms]
[2022-11-05T16:17:45.608Z] fatal: ref HEAD is not a symbolic ref
[2022-11-05T16:17:45.617Z] > git config --get commit.template [65ms]
[2022-11-05T16:17:45.620Z] > git rev-parse --show-toplevel [79ms]
[2022-11-05T16:17:45.634Z] > git rev-parse --git-dir --git-common-dir [5ms]
[2022-11-05T16:17:45.642Z] [info] Open repository: /home/nvidia/jetson-inference/python/training/detection
[2022-11-05T16:17:45.665Z] > git rev-parse HEAD [48ms]
[2022-11-05T16:17:45.684Z] > git for-each-ref --format=%(refname)%00%(upstream:short)%00%(objectname)%00%(upstream:track)%00%(upstream:remotename)%00%(upstream:remoteref) refs/heads/master refs/remotes/master [77ms]
[2022-11-05T16:17:45.704Z] > git config --get commit.template [109ms]
[2022-11-05T16:17:45.723Z] > git status -z -uall [69ms]
[2022-11-05T16:17:45.733Z] > git remote --verbose [30ms]
[2022-11-05T16:17:45.734Z] > git for-each-ref --sort -committerdate --format %(refname) %(objectname) %(*objectname) [40ms]
[2022-11-05T16:17:45.735Z] > git remote --verbose [52ms]
[2022-11-05T16:17:45.736Z] > git for-each-ref --sort -committerdate --format %(refname) %(objectname) %(*objectname) [62ms]
[2022-11-05T16:17:45.740Z] > git rev-parse --show-toplevel [76ms]
[2022-11-05T16:17:45.762Z] > git symbolic-ref --short HEAD [30ms]
[2022-11-05T16:17:45.762Z] fatal: ref HEAD is not a symbolic ref
[2022-11-05T16:17:45.781Z] > git config --get commit.template [21ms]
[2022-11-05T16:17:45.783Z] > git rev-parse --git-dir --git-common-dir [33ms]
[2022-11-05T16:17:45.791Z] [info] Open repository: /home/nvidia/jetson-inference/python/training/segmentation
[2022-11-05T16:17:45.821Z] > git status -z -uall [17ms]
[2022-11-05T16:17:45.831Z] > git rev-parse HEAD [60ms]
[2022-11-05T16:17:45.864Z] > git for-each-ref --sort -committerdate --format %(refname) %(objectname) %(*objectname) [24ms]
[2022-11-05T16:17:45.865Z] > git symbolic-ref --short HEAD [34ms]
[2022-11-05T16:17:45.865Z] fatal: ref HEAD is not a symbolic ref
[2022-11-05T16:17:45.874Z] > git rev-parse --show-toplevel [61ms]
[2022-11-05T16:17:45.887Z] > git rev-parse HEAD [13ms]
[2022-11-05T16:17:45.906Z] > git config --get commit.template [45ms]
[2022-11-05T16:17:45.908Z] > git remote --verbose [59ms]
[2022-11-05T16:17:45.911Z] > git remote --verbose [6ms]
[2022-11-05T16:17:45.912Z] > git rev-parse --git-dir --git-common-dir [28ms]
[2022-11-05T16:17:45.920Z] [info] Open repository: /home/nvidia/jetson-inference/plugins/pose
[2022-11-05T16:17:45.958Z] > git status -z -uall [26ms]
[2022-11-05T16:17:45.969Z] > git for-each-ref --sort -committerdate --format %(refname) %(objectname) %(*objectname) [73ms]
[2022-11-05T16:17:46.034Z] > git symbolic-ref --short HEAD [66ms]
[2022-11-05T16:17:46.034Z] fatal: ref HEAD is not a symbolic ref
[2022-11-05T16:17:46.044Z] > git rev-parse --show-toplevel [102ms]
[2022-11-05T16:17:46.058Z] > git rev-parse --git-dir --git-common-dir [4ms]
[2022-11-05T16:17:46.065Z] [info] Open repository: /home/nvidia/jetson-inference/docker/containers
[2022-11-05T16:17:46.078Z] > git rev-parse HEAD [34ms]
[2022-11-05T16:17:46.098Z] > git config --get commit.template [73ms]
[2022-11-05T16:17:46.100Z] > git config --get commit.template [85ms]
[2022-11-05T16:17:46.104Z] > git status -z -uall [27ms]
[2022-11-05T16:17:46.115Z] > git remote --verbose [18ms]
[2022-11-05T16:17:46.171Z] > git for-each-ref --sort -committerdate --format %(refname) %(objectname) %(*objectname) [84ms]
[2022-11-05T16:17:46.186Z] > git symbolic-ref --short HEAD [72ms]
[2022-11-05T16:17:46.187Z] fatal: ref HEAD is not a symbolic ref
[2022-11-05T16:17:46.200Z] > git config --get commit.template [14ms]
[2022-11-05T16:17:46.202Z] > git rev-parse HEAD [6ms]
[2022-11-05T16:17:46.226Z] > git remote --verbose [4ms]
[2022-11-05T16:17:46.227Z] > git for-each-ref --sort -committerdate --format %(refname) %(objectname) %(*objectname) [15ms]
[2022-11-05T16:17:46.244Z] > git config --get commit.template [3ms]
[2022-11-05T16:17:46.485Z] > git check-ignore -v -z --stdin [24ms]
[2022-11-05T16:17:46.489Z] > git check-ignore -v -z --stdin [17ms]
[2022-11-05T16:17:46.494Z] > git rev-parse --show-toplevel [10ms]
[2022-11-05T16:17:46.507Z] > git rev-parse --git-dir --git-common-dir [3ms]
[2022-11-05T16:17:46.519Z] [info] Open repository: /home/nvidia/jetson-inference/python/training/detection/ssd
[2022-11-05T16:17:46.542Z] > git status -z -uall [10ms]
[2022-11-05T16:17:46.567Z] > git symbolic-ref --short HEAD [14ms]
[2022-11-05T16:17:46.567Z] fatal: ref HEAD is not a symbolic ref
[2022-11-05T16:17:46.579Z] > git rev-parse HEAD [2ms]
[2022-11-05T16:17:46.604Z] > git for-each-ref --sort -committerdate --format %(refname) %(objectname) %(*objectname) [15ms]
[2022-11-05T16:17:46.605Z] > git remote --verbose [5ms]
[2022-11-05T16:17:46.624Z] > git config --get commit.template [4ms]
[2022-11-05T16:17:47.055Z] > git show --textconv :train.py [17ms]
[2022-11-05T16:17:47.058Z] > git ls-files --stage -- /home/nvidia/jetson-inference/python/training/classification/train.py [6ms]
[2022-11-05T16:17:47.075Z] > git cat-file -s b0e1e38b42a62fc718fb1a2b812a5df3152b6ef3 [4ms]
[2022-11-05T16:17:47.428Z] > git check-ignore -v -z --stdin [47ms]
[2022-11-05T16:17:47.430Z] > git check-ignore -v -z --stdin [39ms]
[2022-11-05T16:17:47.516Z] > git check-ignore -v -z --stdin [114ms]
[2022-11-05T16:17:47.517Z] > git check-ignore -v -z --stdin [105ms]
[2022-11-05T16:17:47.517Z] > git check-ignore -v -z --stdin [94ms]
[2022-11-05T16:17:49.538Z] > git show --textconv :README.md [15ms]
[2022-11-05T16:17:49.541Z] > git ls-files --stage -- /home/nvidia/jetson-inference/python/training/classification/README.md [5ms]
[2022-11-05T16:17:49.556Z] > git cat-file -s 3137d197ac588181b528bd414b6a460bc972d408 [4ms]
[2022-11-05T16:17:50.666Z] > git show --textconv :train.py [13ms]
[2022-11-05T16:17:50.669Z] > git ls-files --stage -- /home/nvidia/jetson-inference/python/training/classification/train.py [5ms]
[2022-11-05T16:17:50.683Z] > git cat-file -s b0e1e38b42a62fc718fb1a2b812a5df3152b6ef3 [4ms]
[2022-11-05T16:18:09.159Z] > git check-ignore -v -z --stdin [4ms]
[2022-11-05T16:18:11.532Z] > git check-ignore -v -z --stdin [3ms]
[2022-11-05T16:22:28.196Z] > git check-ignore -v -z --stdin [3ms]
[2022-11-05T16:22:29.595Z] > git check-ignore -v -z --stdin [2ms]
[2022-11-05T16:22:35.104Z] > git check-ignore -v -z --stdin [6ms]
[2022-11-05T16:22:37.119Z] > git check-ignore -v -z --stdin [8ms]
[2022-11-05T16:22:41.562Z] > git check-ignore -v -z --stdin [3ms]
[2022-11-05T16:22:44.439Z] > git check-ignore -v -z --stdin [2ms]
[2022-11-05T16:23:41.800Z] > git check-ignore -v -z --stdin [3ms]
[2022-11-05T16:23:45.868Z] > git check-ignore -v -z --stdin [3ms]
[2022-11-05T16:23:47.146Z] > git check-ignore -v -z --stdin [3ms]
[2022-11-05T16:23:48.634Z] > git check-ignore -v -z --stdin [4ms]
[2022-11-05T16:23:49.815Z] > git check-ignore -v -z --stdin [5ms]
[2022-11-05T16:23:51.288Z] > git check-ignore -v -z --stdin [3ms]
[2022-11-05T16:23:52.486Z] > git check-ignore -v -z --stdin [4ms]
[2022-11-05T16:23:54.050Z] > git check-ignore -v -z --stdin [3ms]
[2022-11-05T16:23:55.326Z] > git check-ignore -v -z --stdin [4ms]
[2022-11-05T16:23:56.249Z] > git check-ignore -v -z --stdin [4ms]
[2022-11-05T16:23:57.208Z] > git check-ignore -v -z --stdin [3ms]
[2022-11-05T16:23:58.189Z] > git check-ignore -v -z --stdin [3ms]
[2022-11-05T16:23:59.175Z] > git check-ignore -v -z --stdin [3ms]
[2022-11-05T16:24:00.030Z] > git check-ignore -v -z --stdin [2ms]
[2022-11-05T16:24:00.909Z] > git check-ignore -v -z --stdin [3ms]
[2022-11-05T16:24:01.892Z] > git check-ignore -v -z --stdin [2ms]
[2022-11-05T16:24:02.706Z] > git check-ignore -v -z --stdin [3ms]
[2022-11-05T16:24:03.682Z] > git check-ignore -v -z --stdin [2ms]
[2022-11-05T16:24:40.268Z] > git check-ignore -v -z --stdin [3ms]
[2022-11-05T16:26:37.125Z] > git status -z -uall [21ms]
[2022-11-05T16:26:37.139Z] > git symbolic-ref --short HEAD [2ms]
[2022-11-05T16:26:37.139Z] fatal: ref HEAD is not a symbolic ref
[2022-11-05T16:26:37.153Z] > git rev-parse HEAD [3ms]
[2022-11-05T16:26:37.177Z] > git for-each-ref --sort -committerdate --format %(refname) %(objectname) %(*objectname) [13ms]
[2022-11-05T16:26:37.178Z] > git remote --verbose [4ms]
[2022-11-05T16:26:37.208Z] > git config --get commit.template [3ms]
[2022-11-05T16:26:37.843Z] > git status -z -uall [752ms]
[2022-11-05T16:26:37.856Z] > git symbolic-ref --short HEAD [3ms]
[2022-11-05T16:26:37.871Z] > git for-each-ref --format=%(refname)%00%(upstream:short)%00%(objectname)%00%(upstream:track)%00%(upstream:remotename)%00%(upstream:remoteref) refs/heads/master refs/remotes/master [3ms]
[2022-11-05T16:26:37.894Z] > git for-each-ref --sort -committerdate --format %(refname) %(objectname) %(*objectname) [12ms]
[2022-11-05T16:26:37.897Z] > git remote --verbose [5ms]
[2022-11-05T16:26:37.919Z] > git config --get commit.template [2ms]
[2022-11-05T16:26:42.247Z] > git status -z -uall [20ms]
[2022-11-05T16:26:42.275Z] > git symbolic-ref --short HEAD [5ms]
[2022-11-05T16:26:42.275Z] fatal: ref HEAD is not a symbolic ref
[2022-11-05T16:26:42.291Z] > git rev-parse HEAD [5ms]
[2022-11-05T16:26:42.334Z] > git for-each-ref --sort -committerdate --format %(refname) %(objectname) %(*objectname) [29ms]
[2022-11-05T16:26:42.344Z] > git remote --verbose [13ms]
[2022-11-05T16:26:42.383Z] > git config --get commit.template [5ms]
[2022-11-05T16:26:43.787Z] > git status -z -uall [836ms]
[2022-11-05T16:26:43.804Z] > git symbolic-ref --short HEAD [6ms]
[2022-11-05T16:26:43.821Z] > git for-each-ref --format=%(refname)%00%(upstream:short)%00%(objectname)%00%(upstream:track)%00%(upstream:remotename)%00%(upstream:remoteref) refs/heads/master refs/remotes/master [5ms]
[2022-11-05T16:26:43.854Z] > git for-each-ref --sort -committerdate --format %(refname) %(objectname) %(*objectname) [18ms]
[2022-11-05T16:26:43.855Z] > git remote --verbose [4ms]
[2022-11-05T16:26:43.880Z] > git config --get commit.template [3ms]
[2022-11-05T16:26:47.419Z] > git status -z -uall [20ms]
[2022-11-05T16:26:47.434Z] > git symbolic-ref --short HEAD [3ms]
[2022-11-05T16:26:47.434Z] fatal: ref HEAD is not a symbolic ref
[2022-11-05T16:26:47.449Z] > git rev-parse HEAD [3ms]
[2022-11-05T16:26:47.481Z] > git for-each-ref --sort -committerdate --format %(refname) %(objectname) %(*objectname) [20ms]
[2022-11-05T16:26:47.483Z] > git remote --verbose [4ms]
[2022-11-05T16:26:47.507Z] > git config --get commit.template [4ms]
[2022-11-05T16:26:49.724Z] > git status -z -uall [830ms]
[2022-11-05T16:26:49.738Z] > git symbolic-ref --short HEAD [3ms]
[2022-11-05T16:26:49.758Z] > git for-each-ref --format=%(refname)%00%(upstream:short)%00%(objectname)%00%(upstream:track)%00%(upstream:remotename)%00%(upstream:remoteref) refs/heads/master refs/remotes/master [1ms]
[2022-11-05T16:26:49.789Z] > git for-each-ref --sort -committerdate --format %(refname) %(objectname) %(*objectname) [18ms]
[2022-11-05T16:26:49.794Z] > git remote --verbose [7ms]
[2022-11-05T16:26:49.820Z] > git config --get commit.template [3ms]
[2022-11-05T16:26:52.544Z] > git status -z -uall [21ms]
[2022-11-05T16:26:52.559Z] > git symbolic-ref --short HEAD [3ms]
[2022-11-05T16:26:52.559Z] fatal: ref HEAD is not a symbolic ref
[2022-11-05T16:26:52.586Z] > git rev-parse HEAD [1ms]
[2022-11-05T16:26:52.628Z] > git for-each-ref --sort -committerdate --format %(refname) %(objectname) %(*objectname) [21ms]
[2022-11-05T16:26:52.630Z] > git remote --verbose [4ms]
[2022-11-05T16:26:52.654Z] > git config --get commit.template [4ms]
[2022-11-05T16:26:55.729Z] > git status -z -uall [792ms]
[2022-11-05T16:26:55.744Z] > git symbolic-ref --short HEAD [3ms]
[2022-11-05T16:26:55.761Z] > git for-each-ref --format=%(refname)%00%(upstream:short)%00%(objectname)%00%(upstream:track)%00%(upstream:remotename)%00%(upstream:remoteref) refs/heads/master refs/remotes/master [4ms]
[2022-11-05T16:26:55.788Z] > git for-each-ref --sort -committerdate --format %(refname) %(objectname) %(*objectname) [15ms]
[2022-11-05T16:26:55.790Z] > git remote --verbose [4ms]
[2022-11-05T16:26:55.811Z] > git config --get commit.template [2ms]
[2022-11-05T16:26:57.688Z] > git status -z -uall [20ms]
[2022-11-05T16:26:57.704Z] > git symbolic-ref --short HEAD [2ms]
[2022-11-05T16:26:57.705Z] fatal: ref HEAD is not a symbolic ref
[2022-11-05T16:26:57.719Z] > git rev-parse HEAD [2ms]
[2022-11-05T16:26:57.744Z] > git for-each-ref --sort -committerdate --format %(refname) %(objectname) %(*objectname) [13ms]
[2022-11-05T16:26:57.745Z] > git remote --verbose [3ms]
[2022-11-05T16:26:57.766Z] > git config --get commit.template [3ms]
[2022-11-05T16:27:01.585Z] > git status -z -uall [761ms]
[2022-11-05T16:27:01.599Z] > git symbolic-ref --short HEAD [2ms]
[2022-11-05T16:27:01.618Z] > git for-each-ref --format=%(refname)%00%(upstream:short)%00%(objectname)%00%(upstream:track)%00%(upstream:remotename)%00%(upstream:remoteref) refs/heads/master refs/remotes/master [5ms]
[2022-11-05T16:27:01.645Z] > git for-each-ref --sort -committerdate --format %(refname) %(objectname) %(*objectname) [14ms]
[2022-11-05T16:27:01.646Z] > git remote --verbose [3ms]
[2022-11-05T16:27:01.665Z] > git config --get commit.template [2ms]
[2022-11-05T16:27:03.418Z] > git status -z -uall [20ms]
[2022-11-05T16:27:03.447Z] > git symbolic-ref --short HEAD [4ms]
[2022-11-05T16:27:03.447Z] fatal: ref HEAD is not a symbolic ref
[2022-11-05T16:27:03.465Z] > git rev-parse HEAD [3ms]
[2022-11-05T16:27:03.492Z] > git for-each-ref --sort -committerdate --format %(refname) %(objectname) %(*objectname) [15ms]
[2022-11-05T16:27:03.493Z] > git remote --verbose [3ms]
[2022-11-05T16:27:03.514Z] > git config --get commit.template [3ms]
[2022-11-05T16:27:07.580Z] > git status -z -uall [899ms]
[2022-11-05T16:27:07.595Z] > git symbolic-ref --short HEAD [2ms]
[2022-11-05T16:27:07.610Z] > git for-each-ref --format=%(refname)%00%(upstream:short)%00%(objectname)%00%(upstream:track)%00%(upstream:remotename)%00%(upstream:remoteref) refs/heads/master refs/remotes/master [3ms]
[2022-11-05T16:27:07.636Z] > git for-each-ref --sort -committerdate --format %(refname) %(objectname) %(*objectname) [14ms]
[2022-11-05T16:27:07.637Z] > git remote --verbose [4ms]
[2022-11-05T16:27:07.655Z] > git config --get commit.template [2ms]
[2022-11-05T16:27:08.551Z] > git status -z -uall [20ms]
[2022-11-05T16:27:08.567Z] > git symbolic-ref --short HEAD [3ms]
[2022-11-05T16:27:08.567Z] fatal: ref HEAD is not a symbolic ref
[2022-11-05T16:27:08.583Z] > git rev-parse HEAD [3ms]
[2022-11-05T16:27:08.610Z] > git for-each-ref --sort -committerdate --format %(refname) %(objectname) %(*objectname) [15ms]
[2022-11-05T16:27:08.611Z] > git remote --verbose [3ms]
[2022-11-05T16:27:08.630Z] > git config --get commit.template [3ms]
[2022-11-05T16:27:13.545Z] > git status -z -uall [874ms]
[2022-11-05T16:27:13.561Z] > git symbolic-ref --short HEAD [3ms]
[2022-11-05T16:27:13.577Z] > git for-each-ref --format=%(refname)%00%(upstream:short)%00%(objectname)%00%(upstream:track)%00%(upstream:remotename)%00%(upstream:remoteref) refs/heads/master refs/remotes/master [4ms]
[2022-11-05T16:27:13.605Z] > git for-each-ref --sort -committerdate --format %(refname) %(objectname) %(*objectname) [15ms]
[2022-11-05T16:27:13.652Z] > git remote --verbose [49ms]
[2022-11-05T16:27:13.671Z] > git config --get commit.template [3ms]
[2022-11-05T16:27:13.673Z] > git status -z -uall [22ms]
[2022-11-05T16:27:13.689Z] > git symbolic-ref --short HEAD [4ms]
[2022-11-05T16:27:13.689Z] fatal: ref HEAD is not a symbolic ref
[2022-11-05T16:27:13.705Z] > git rev-parse HEAD [3ms]
[2022-11-05T16:27:13.731Z] > git for-each-ref --sort -committerdate --format %(refname) %(objectname) %(*objectname) [13ms]
[2022-11-05T16:27:13.733Z] > git remote --verbose [4ms]
[2022-11-05T16:27:13.756Z] > git config --get commit.template [5ms]
[2022-11-05T16:27:14.919Z] > git check-ignore -v -z --stdin [3ms]
[2022-11-05T16:27:18.788Z] > git status -z -uall [19ms]
[2022-11-05T16:27:18.802Z] > git symbolic-ref --short HEAD [2ms]
[2022-11-05T16:27:18.802Z] fatal: ref HEAD is not a symbolic ref
[2022-11-05T16:27:18.816Z] > git rev-parse HEAD [3ms]
[2022-11-05T16:27:18.840Z] > git for-each-ref --sort -committerdate --format %(refname) %(objectname) %(*objectname) [13ms]
[2022-11-05T16:27:18.841Z] > git remote --verbose [3ms]
[2022-11-05T16:27:18.860Z] > git config --get commit.template [3ms]
[2022-11-05T16:27:19.440Z] > git status -z -uall [757ms]
[2022-11-05T16:27:19.454Z] > git symbolic-ref --short HEAD [3ms]
[2022-11-05T16:27:19.468Z] > git for-each-ref --format=%(refname)%00%(upstream:short)%00%(objectname)%00%(upstream:track)%00%(upstream:remotename)%00%(upstream:remoteref) refs/heads/master refs/remotes/master [4ms]
[2022-11-05T16:27:19.491Z] > git for-each-ref --sort -committerdate --format %(refname) %(objectname) %(*objectname) [13ms]
[2022-11-05T16:27:19.493Z] > git remote --verbose [4ms]
[2022-11-05T16:27:19.510Z] > git config --get commit.template [2ms]
[2022-11-05T16:27:21.418Z] > git check-ignore -v -z --stdin [3ms]
[2022-11-05T16:27:23.545Z] > git check-ignore -v -z --stdin [3ms]
[2022-11-05T16:27:29.818Z] > git check-ignore -v -z --stdin [3ms]
[2022-11-05T16:27:46.739Z] > git check-ignore -v -z --stdin [2ms]
[2022-11-05T16:27:47.257Z] > git status -z -uall [4ms]
[2022-11-05T16:27:47.271Z] > git symbolic-ref --short HEAD [3ms]
[2022-11-05T16:27:47.271Z] fatal: ref HEAD is not a symbolic ref
[2022-11-05T16:27:47.285Z] > git rev-parse HEAD [2ms]
[2022-11-05T16:27:47.308Z] > git for-each-ref --sort -committerdate --format %(refname) %(objectname) %(*objectname) [13ms]
[2022-11-05T16:27:47.309Z] > git remote --verbose [3ms]
[2022-11-05T16:27:47.327Z] > git config --get commit.template [3ms]
[2022-11-05T16:27:48.004Z] > git status -z -uall [764ms]
[2022-11-05T16:27:48.018Z] > git symbolic-ref --short HEAD [3ms]
[2022-11-05T16:27:48.032Z] > git for-each-ref --format=%(refname)%00%(upstream:short)%00%(objectname)%00%(upstream:track)%00%(upstream:remotename)%00%(upstream:remoteref) refs/heads/master refs/remotes/master [3ms]
[2022-11-05T16:27:48.055Z] > git for-each-ref --sort -committerdate --format %(refname) %(objectname) %(*objectname) [13ms]
[2022-11-05T16:27:48.056Z] > git remote --verbose [3ms]
[2022-11-05T16:27:48.080Z] > git config --get commit.template [1ms]
[2022-11-05T16:27:50.399Z] > git check-ignore -v -z --stdin [2ms]
[2022-11-05T16:27:54.949Z] > git check-ignore -v -z --stdin [3ms]
[2022-11-05T16:28:00.629Z] > git check-ignore -v -z --stdin [3ms]
[2022-11-05T16:28:12.656Z] > git check-ignore -v -z --stdin [2ms]
[2022-11-05T16:28:14.142Z] > git check-ignore -v -z --stdin [3ms]
[2022-11-05T16:28:23.017Z] > git check-ignore -v -z --stdin [3ms]
[2022-11-05T16:28:37.865Z] > git check-ignore -v -z --stdin [3ms]
[2022-11-05T16:28:38.152Z] > git status -z -uall [4ms]
[2022-11-05T16:28:38.166Z] > git symbolic-ref --short HEAD [3ms]
[2022-11-05T16:28:38.166Z] fatal: ref HEAD is not a symbolic ref
[2022-11-05T16:28:38.179Z] > git rev-parse HEAD [3ms]
[2022-11-05T16:28:38.202Z] > git for-each-ref --sort -committerdate --format %(refname) %(objectname) %(*objectname) [12ms]
[2022-11-05T16:28:38.203Z] > git remote --verbose [2ms]
[2022-11-05T16:28:38.221Z] > git config --get commit.template [3ms]
[2022-11-05T16:28:38.892Z] > git status -z -uall [757ms]
[2022-11-05T16:28:38.906Z] > git symbolic-ref --short HEAD [3ms]
[2022-11-05T16:28:38.919Z] > git for-each-ref --format=%(refname)%00%(upstream:short)%00%(objectname)%00%(upstream:track)%00%(upstream:remotename)%00%(upstream:remoteref) refs/heads/master refs/remotes/master [3ms]
[2022-11-05T16:28:38.942Z] > git for-each-ref --sort -committerdate --format %(refname) %(objectname) %(*objectname) [12ms]
[2022-11-05T16:28:38.944Z] > git remote --verbose [4ms]
[2022-11-05T16:28:38.960Z] > git config --get commit.template [2ms]
[2022-11-05T16:28:58.829Z] > git status -z -uall [5ms]
[2022-11-05T16:28:58.843Z] > git symbolic-ref --short HEAD [3ms]
[2022-11-05T16:28:58.843Z] fatal: ref HEAD is not a symbolic ref
[2022-11-05T16:28:58.857Z] > git rev-parse HEAD [3ms]
[2022-11-05T16:28:58.886Z] > git for-each-ref --sort -committerdate --format %(refname) %(objectname) %(*objectname) [14ms]
[2022-11-05T16:28:58.887Z] > git remote --verbose [4ms]
[2022-11-05T16:28:58.903Z] > git config --get commit.template [2ms]
[2022-11-05T16:28:59.564Z] > git status -z -uall [753ms]
[2022-11-05T16:28:59.578Z] > git symbolic-ref --short HEAD [3ms]
[2022-11-05T16:28:59.592Z] > git for-each-ref --format=%(refname)%00%(upstream:short)%00%(objectname)%00%(upstream:track)%00%(upstream:remotename)%00%(upstream:remoteref) refs/heads/master refs/remotes/master [3ms]
[2022-11-05T16:28:59.615Z] > git for-each-ref --sort -committerdate --format %(refname) %(objectname) %(*objectname) [12ms]
[2022-11-05T16:28:59.616Z] > git remote --verbose [3ms]
[2022-11-05T16:28:59.632Z] > git config --get commit.template [2ms]
[2022-11-05T16:29:02.795Z] > git check-ignore -v -z --stdin [2ms]
[2022-11-05T16:29:08.392Z] > git check-ignore -v -z --stdin [2ms]
[2022-11-05T16:29:09.622Z] > git check-ignore -v -z --stdin [3ms]
[2022-11-05T16:29:31.958Z] > git check-ignore -v -z --stdin [2ms]
[2022-11-05T16:29:32.475Z] > git status -z -uall [5ms]
[2022-11-05T16:29:32.489Z] > git symbolic-ref --short HEAD [3ms]
[2022-11-05T16:29:32.489Z] fatal: ref HEAD is not a symbolic ref
[2022-11-05T16:29:32.502Z] > git rev-parse HEAD [2ms]
[2022-11-05T16:29:32.525Z] > git for-each-ref --sort -committerdate --format %(refname) %(objectname) %(*objectname) [12ms]
[2022-11-05T16:29:32.526Z] > git remote --verbose [3ms]
[2022-11-05T16:29:32.542Z] > git config --get commit.template [3ms]
[2022-11-05T16:29:33.215Z] > git status -z -uall [757ms]
[2022-11-05T16:29:33.228Z] > git symbolic-ref --short HEAD [2ms]
[2022-11-05T16:29:33.244Z] > git for-each-ref --format=%(refname)%00%(upstream:short)%00%(objectname)%00%(upstream:track)%00%(upstream:remotename)%00%(upstream:remoteref) refs/heads/master refs/remotes/master [3ms]
[2022-11-05T16:29:33.267Z] > git for-each-ref --sort -committerdate --format %(refname) %(objectname) %(*objectname) [13ms]
[2022-11-05T16:29:33.268Z] > git remote --verbose [3ms]
[2022-11-05T16:29:33.284Z] > git config --get commit.template [2ms]
[2022-11-05T16:33:37.842Z] > git check-ignore -v -z --stdin [18ms]
[2022-11-05T16:33:39.940Z] > git check-ignore -v -z --stdin [3ms]
[2022-11-05T16:34:50.817Z] > git show --textconv :models/coins-dataset-master [15ms]
[2022-11-05T16:34:50.820Z] > git ls-files --stage -- /home/nvidia/jetson-inference/python/training/classification/models/coins-dataset-master [4ms]
[2022-11-05T16:34:51.018Z] > git check-ignore -v -z --stdin [3ms]
[2022-11-05T16:34:51.544Z] > git status -z -uall [14ms]
[2022-11-05T16:34:51.560Z] > git symbolic-ref --short HEAD [3ms]
[2022-11-05T16:34:51.560Z] fatal: ref HEAD is not a symbolic ref
[2022-11-05T16:34:51.574Z] > git rev-parse HEAD [2ms]
[2022-11-05T16:34:51.597Z] > git for-each-ref --sort -committerdate --format %(refname) %(objectname) %(*objectname) [12ms]
[2022-11-05T16:34:51.598Z] > git remote --verbose [2ms]
[2022-11-05T16:34:51.614Z] > git config --get commit.template [3ms]
[2022-11-05T16:34:53.855Z] > git status -z -uall [2337ms]
[2022-11-05T16:34:53.870Z] > git symbolic-ref --short HEAD [4ms]
[2022-11-05T16:34:53.885Z] > git for-each-ref --format=%(refname)%00%(upstream:short)%00%(objectname)%00%(upstream:track)%00%(upstream:remotename)%00%(upstream:remoteref) refs/heads/master refs/remotes/master [4ms]
[2022-11-05T16:34:53.911Z] > git remote --verbose [4ms]
[2022-11-05T16:34:53.915Z] > git for-each-ref --sort -committerdate --format %(refname) %(objectname) %(*objectname) [19ms]
[2022-11-05T16:34:53.932Z] > git config --get commit.template [2ms]
[2022-11-05T16:35:14.858Z] > git status -z -uall [4ms]
[2022-11-05T16:35:14.872Z] > git symbolic-ref --short HEAD [2ms]
[2022-11-05T16:35:14.872Z] fatal: ref HEAD is not a symbolic ref
[2022-11-05T16:35:14.886Z] > git rev-parse HEAD [3ms]
[2022-11-05T16:35:14.909Z] > git for-each-ref --sort -committerdate --format %(refname) %(objectname) %(*objectname) [12ms]
[2022-11-05T16:35:14.910Z] > git remote --verbose [2ms]
[2022-11-05T16:35:14.927Z] > git config --get commit.template [4ms]
[2022-11-05T16:35:16.046Z] > git status -z -uall [1205ms]
[2022-11-05T16:35:16.059Z] > git symbolic-ref --short HEAD [2ms]
[2022-11-05T16:35:16.129Z] > git for-each-ref --format=%(refname)%00%(upstream:short)%00%(objectname)%00%(upstream:track)%00%(upstream:remotename)%00%(upstream:remoteref) refs/heads/master refs/remotes/master [3ms]
[2022-11-05T16:35:16.152Z] > git for-each-ref --sort -committerdate --format %(refname) %(objectname) %(*objectname) [12ms]
[2022-11-05T16:35:16.156Z] > git remote --verbose [6ms]
[2022-11-05T16:35:16.175Z] > git config --get commit.template [4ms]
[2022-11-05T16:35:17.522Z] > git check-ignore -v -z --stdin [6ms]
[2022-11-05T16:35:19.319Z] > git check-ignore -v -z --stdin [3ms]
[2022-11-05T16:35:55.487Z] > git status -z -uall [5ms]
[2022-11-05T16:35:55.501Z] > git symbolic-ref --short HEAD [3ms]
[2022-11-05T16:35:55.501Z] fatal: ref HEAD is not a symbolic ref
[2022-11-05T16:35:55.515Z] > git rev-parse HEAD [2ms]
[2022-11-05T16:35:55.540Z] > git for-each-ref --sort -committerdate --format %(refname) %(objectname) %(*objectname) [13ms]
[2022-11-05T16:35:55.541Z] > git remote --verbose [3ms]
[2022-11-05T16:35:55.557Z] > git config --get commit.template [3ms]
[2022-11-05T16:35:56.232Z] > git status -z -uall [763ms]
[2022-11-05T16:35:56.246Z] > git symbolic-ref --short HEAD [2ms]
[2022-11-05T16:35:56.261Z] > git for-each-ref --format=%(refname)%00%(upstream:short)%00%(objectname)%00%(upstream:track)%00%(upstream:remotename)%00%(upstream:remoteref) refs/heads/master refs/remotes/master [3ms]
[2022-11-05T16:35:56.286Z] > git for-each-ref --sort -committerdate --format %(refname) %(objectname) %(*objectname) [13ms]
[2022-11-05T16:35:56.287Z] > git remote --verbose [3ms]
[2022-11-05T16:35:56.308Z] > git config --get commit.template [2ms]
