[2022-11-07T18:01:50.191Z] Log level: Info
[2022-11-07T18:01:50.217Z] [info] Validating found git in: git
[2022-11-07T18:01:50.346Z] [info] Using git 2.17.1 from git
[2022-11-07T18:01:50.490Z] > git rev-parse --show-toplevel [95ms]
[2022-11-07T18:01:50.490Z] fatal: not a git repository (or any of the parent directories): .git
[2022-11-07T18:01:50.515Z] > git rev-parse --show-toplevel [3ms]
[2022-11-07T18:01:50.515Z] fatal: not a git repository (or any of the parent directories): .git
[2022-11-07T18:01:50.530Z] > git rev-parse --show-toplevel [4ms]
[2022-11-07T18:01:50.530Z] fatal: not a git repository (or any of the parent directories): .git
[2022-11-07T18:01:50.544Z] > git rev-parse --show-toplevel [4ms]
[2022-11-07T18:01:50.544Z] fatal: not a git repository (or any of the parent directories): .git
[2022-11-07T18:01:50.556Z] > git rev-parse --show-toplevel [2ms]
[2022-11-07T18:01:50.556Z] fatal: not a git repository (or any of the parent directories): .git
[2022-11-07T18:01:50.569Z] > git rev-parse --show-toplevel [1ms]
[2022-11-07T18:01:50.569Z] fatal: not a git repository (or any of the parent directories): .git
[2022-11-07T18:01:50.581Z] > git rev-parse --show-toplevel [2ms]
[2022-11-07T18:01:50.581Z] fatal: not a git repository (or any of the parent directories): .git
[2022-11-07T18:01:50.594Z] > git rev-parse --show-toplevel [1ms]
[2022-11-07T18:01:50.594Z] fatal: not a git repository (or any of the parent directories): .git
[2022-11-07T18:01:50.608Z] > git rev-parse --show-toplevel [3ms]
[2022-11-07T18:01:50.608Z] fatal: not a git repository (or any of the parent directories): .git
[2022-11-07T18:01:50.621Z] > git rev-parse --show-toplevel [2ms]
[2022-11-07T18:01:50.621Z] fatal: not a git repository (or any of the parent directories): .git
[2022-11-07T18:01:50.633Z] > git rev-parse --show-toplevel [2ms]
[2022-11-07T18:01:50.633Z] fatal: not a git repository (or any of the parent directories): .git
[2022-11-07T18:01:50.647Z] > git rev-parse --show-toplevel [3ms]
[2022-11-07T18:01:50.647Z] fatal: not a git repository (or any of the parent directories): .git
[2022-11-07T18:01:50.672Z] > git rev-parse --show-toplevel [15ms]
[2022-11-07T18:01:50.672Z] fatal: not a git repository (or any of the parent directories): .git
[2022-11-07T18:01:50.694Z] > git rev-parse --show-toplevel [12ms]
[2022-11-07T18:01:50.694Z] fatal: not a git repository (or any of the parent directories): .git
[2022-11-07T18:01:50.708Z] > git rev-parse --show-toplevel [3ms]
[2022-11-07T18:01:50.708Z] fatal: not a git repository (or any of the parent directories): .git
[2022-11-07T18:01:50.742Z] > git rev-parse --show-toplevel [24ms]
[2022-11-07T18:01:50.742Z] fatal: not a git repository (or any of the parent directories): .git
[2022-11-07T18:01:50.755Z] > git rev-parse --show-toplevel [3ms]
[2022-11-07T18:01:50.755Z] fatal: not a git repository (or any of the parent directories): .git
[2022-11-07T18:01:50.807Z] > git rev-parse --show-toplevel [42ms]
[2022-11-07T18:01:50.825Z] > git rev-parse --git-dir --git-common-dir [3ms]
[2022-11-07T18:01:50.855Z] [info] Open repository: /home/nvidia/jetson-inference
[2022-11-07T18:01:50.902Z] > git rev-parse --show-toplevel [14ms]
[2022-11-07T18:01:50.902Z] fatal: not a git repository (or any of the parent directories): .git
[2022-11-07T18:01:50.925Z] > git rev-parse --show-toplevel [3ms]
[2022-11-07T18:01:50.925Z] fatal: not a git repository (or any of the parent directories): .git
[2022-11-07T18:01:50.963Z] > git rev-parse --show-toplevel [25ms]
[2022-11-07T18:01:50.963Z] fatal: not a git repository (or any of the parent directories): .git
[2022-11-07T18:01:50.999Z] > git rev-parse --show-toplevel [26ms]
[2022-11-07T18:01:51.000Z] fatal: not a git repository (or any of the parent directories): .git
[2022-11-07T18:01:51.018Z] > git rev-parse --show-toplevel [6ms]
[2022-11-07T18:01:51.018Z] fatal: not a git repository (or any of the parent directories): .git
[2022-11-07T18:01:51.103Z] > git rev-parse --show-toplevel [74ms]
[2022-11-07T18:01:51.103Z] fatal: not a git repository (or any of the parent directories): .git
[2022-11-07T18:01:51.623Z] > git check-ignore -v -z --stdin [5ms]
[2022-11-07T18:01:53.231Z] > git status -z -uall [2355ms]
[2022-11-07T18:01:53.245Z] > git symbolic-ref --short HEAD [3ms]
[2022-11-07T18:01:53.263Z] > git for-each-ref --format=%(refname)%00%(upstream:short)%00%(objectname)%00%(upstream:track)%00%(upstream:remotename)%00%(upstream:remoteref) refs/heads/master refs/remotes/master [6ms]
[2022-11-07T18:01:53.288Z] > git remote --verbose [4ms]
[2022-11-07T18:01:53.294Z] > git for-each-ref --sort -committerdate --format %(refname) %(objectname) %(*objectname) [20ms]
[2022-11-07T18:01:53.326Z] > git config --get commit.template [2ms]
[2022-11-07T18:01:53.832Z] > git rev-parse --show-toplevel [10ms]
[2022-11-07T18:01:53.847Z] > git rev-parse --git-dir --git-common-dir [4ms]
[2022-11-07T18:01:53.859Z] [info] Open repository: /home/nvidia/jetson-inference/utils
[2022-11-07T18:01:53.887Z] > git rev-parse --show-toplevel [3ms]
[2022-11-07T18:01:53.904Z] > git rev-parse --git-dir --git-common-dir [3ms]
[2022-11-07T18:01:53.913Z] [info] Open repository: /home/nvidia/jetson-inference/tools/camera-capture
[2022-11-07T18:01:53.942Z] > git status -z -uall [69ms]
[2022-11-07T18:01:53.952Z] > git status -z -uall [24ms]
[2022-11-07T18:01:53.966Z] > git symbolic-ref --short HEAD [14ms]
[2022-11-07T18:01:53.966Z] fatal: ref HEAD is not a symbolic ref
[2022-11-07T18:01:53.978Z] > git rev-parse --show-toplevel [39ms]
[2022-11-07T18:01:53.997Z] > git rev-parse HEAD [20ms]
[2022-11-07T18:01:54.021Z] > git symbolic-ref --short HEAD [58ms]
[2022-11-07T18:01:54.022Z] fatal: ref HEAD is not a symbolic ref
[2022-11-07T18:01:54.113Z] > git status -z -uall [772ms]
[2022-11-07T18:01:54.123Z] > git rev-parse HEAD [15ms]
[2022-11-07T18:01:54.145Z] > git remote --verbose [125ms]
[2022-11-07T18:01:54.146Z] > git rev-parse --git-dir --git-common-dir [158ms]
[2022-11-07T18:01:54.155Z] [info] Open repository: /home/nvidia/jetson-inference/python/training/classification
[2022-11-07T18:01:54.182Z] > git status -z -uall [16ms]
[2022-11-07T18:01:54.193Z] > git remote --verbose [50ms]
[2022-11-07T18:01:54.193Z] > git symbolic-ref --short HEAD [70ms]
[2022-11-07T18:01:54.205Z] > git for-each-ref --sort -committerdate --format %(refname) %(objectname) %(*objectname) [195ms]
[2022-11-07T18:01:54.223Z] > git for-each-ref --format=%(refname)%00%(upstream:short)%00%(objectname)%00%(upstream:track)%00%(upstream:remotename)%00%(upstream:remoteref) refs/heads/master refs/remotes/master [18ms]
[2022-11-07T18:01:54.244Z] > git symbolic-ref --short HEAD [52ms]
[2022-11-07T18:01:54.244Z] fatal: ref HEAD is not a symbolic ref
[2022-11-07T18:01:54.255Z] > git rev-parse --show-toplevel [77ms]
[2022-11-07T18:01:54.274Z] > git rev-parse --git-dir --git-common-dir [9ms]
[2022-11-07T18:01:54.282Z] [info] Open repository: /home/nvidia/jetson-inference/python/training/detection
[2022-11-07T18:01:54.320Z] > git rev-parse HEAD [66ms]
[2022-11-07T18:01:54.342Z] > git remote --verbose [99ms]
[2022-11-07T18:01:54.343Z] > git for-each-ref --sort -committerdate --format %(refname) %(objectname) %(*objectname) [110ms]
[2022-11-07T18:01:54.344Z] > git config --get commit.template [123ms]
[2022-11-07T18:01:54.346Z] > git for-each-ref --sort -committerdate --format %(refname) %(objectname) %(*objectname) [213ms]
[2022-11-07T18:01:54.364Z] > git status -z -uall [69ms]
[2022-11-07T18:01:54.375Z] > git remote --verbose [34ms]
[2022-11-07T18:01:54.375Z] > git for-each-ref --sort -committerdate --format %(refname) %(objectname) %(*objectname) [45ms]
[2022-11-07T18:01:54.380Z] > git rev-parse --show-toplevel [61ms]
[2022-11-07T18:01:54.403Z] > git symbolic-ref --short HEAD [29ms]
[2022-11-07T18:01:54.403Z] fatal: ref HEAD is not a symbolic ref
[2022-11-07T18:01:54.414Z] > git config --get commit.template [53ms]
[2022-11-07T18:01:54.424Z] > git rev-parse HEAD [11ms]
[2022-11-07T18:01:54.444Z] > git config --get commit.template [42ms]
[2022-11-07T18:01:54.446Z] > git rev-parse --git-dir --git-common-dir [56ms]
[2022-11-07T18:01:54.454Z] [info] Open repository: /home/nvidia/jetson-inference/python/training/segmentation
[2022-11-07T18:01:54.491Z] > git status -z -uall [24ms]
[2022-11-07T18:01:54.502Z] > git remote --verbose [59ms]
[2022-11-07T18:01:54.503Z] > git for-each-ref --sort -committerdate --format %(refname) %(objectname) %(*objectname) [69ms]
[2022-11-07T18:01:54.505Z] > git symbolic-ref --short HEAD [4ms]
[2022-11-07T18:01:54.506Z] fatal: ref HEAD is not a symbolic ref
[2022-11-07T18:01:54.516Z] > git config --get commit.template [27ms]
[2022-11-07T18:01:54.517Z] > git rev-parse --show-toplevel [40ms]
[2022-11-07T18:01:54.530Z] > git rev-parse HEAD [15ms]
[2022-11-07T18:01:54.559Z] > git rev-parse --git-dir --git-common-dir [32ms]
[2022-11-07T18:01:54.567Z] [info] Open repository: /home/nvidia/jetson-inference/plugins/pose
[2022-11-07T18:01:54.604Z] > git status -z -uall [24ms]
[2022-11-07T18:01:54.616Z] > git for-each-ref --sort -committerdate --format %(refname) %(objectname) %(*objectname) [76ms]
[2022-11-07T18:01:54.617Z] > git remote --verbose [66ms]
[2022-11-07T18:01:54.642Z] > git symbolic-ref --short HEAD [27ms]
[2022-11-07T18:01:54.642Z] fatal: ref HEAD is not a symbolic ref
[2022-11-07T18:01:54.653Z] > git config --get commit.template [50ms]
[2022-11-07T18:01:54.655Z] > git rev-parse --show-toplevel [65ms]
[2022-11-07T18:01:54.669Z] > git rev-parse --git-dir --git-common-dir [4ms]
[2022-11-07T18:01:54.677Z] [info] Open repository: /home/nvidia/jetson-inference/docker/containers
[2022-11-07T18:01:54.690Z] > git rev-parse HEAD [38ms]
[2022-11-07T18:01:54.713Z] > git config --get commit.template [74ms]
[2022-11-07T18:01:54.716Z] > git status -z -uall [26ms]
[2022-11-07T18:01:54.727Z] > git remote --verbose [16ms]
[2022-11-07T18:01:54.735Z] > git symbolic-ref --short HEAD [9ms]
[2022-11-07T18:01:54.735Z] fatal: ref HEAD is not a symbolic ref
[2022-11-07T18:01:54.746Z] > git for-each-ref --sort -committerdate --format %(refname) %(objectname) %(*objectname) [45ms]
[2022-11-07T18:01:54.762Z] > git rev-parse HEAD [17ms]
[2022-11-07T18:01:54.802Z] > git remote --verbose [18ms]
[2022-11-07T18:01:54.802Z] > git for-each-ref --sort -committerdate --format %(refname) %(objectname) %(*objectname) [27ms]
[2022-11-07T18:01:54.808Z] > git config --get commit.template [47ms]
[2022-11-07T18:01:54.827Z] > git check-ignore -v -z --stdin [30ms]
[2022-11-07T18:01:54.830Z] > git config --get commit.template [11ms]
[2022-11-07T18:01:55.070Z] > git rev-parse --show-toplevel [3ms]
[2022-11-07T18:01:55.083Z] > git rev-parse --git-dir --git-common-dir [3ms]
[2022-11-07T18:01:55.095Z] [info] Open repository: /home/nvidia/jetson-inference/python/training/detection/ssd
[2022-11-07T18:01:55.117Z] > git status -z -uall [9ms]
[2022-11-07T18:01:55.131Z] > git symbolic-ref --short HEAD [3ms]
[2022-11-07T18:01:55.131Z] fatal: ref HEAD is not a symbolic ref
[2022-11-07T18:01:55.151Z] > git rev-parse HEAD [9ms]
[2022-11-07T18:01:55.175Z] > git for-each-ref --sort -committerdate --format %(refname) %(objectname) %(*objectname) [13ms]
[2022-11-07T18:01:55.177Z] > git remote --verbose [3ms]
[2022-11-07T18:01:55.198Z] > git config --get commit.template [7ms]
[2022-11-07T18:01:55.357Z] > git check-ignore -v -z --stdin [3ms]
[2022-11-07T18:01:55.786Z] > git rev-parse --show-toplevel [3ms]
[2022-11-07T18:01:55.786Z] fatal: not a git repository (or any of the parent directories): .git
[2022-11-07T18:02:13.100Z] > git rev-parse --show-toplevel [2ms]
[2022-11-07T18:02:13.100Z] fatal: not a git repository (or any of the parent directories): .git
[2022-11-07T18:02:31.976Z] > git check-ignore -v -z --stdin [13ms]
[2022-11-07T18:02:31.978Z] > git check-ignore -v -z --stdin [5ms]
[2022-11-07T18:02:35.463Z] > git check-ignore -v -z --stdin [4ms]
[2022-11-07T18:02:36.258Z] > git check-ignore -v -z --stdin [6ms]
[2022-11-07T18:02:39.000Z] > git check-ignore -v -z --stdin [6ms]
[2022-11-07T18:02:44.532Z] > git check-ignore -v -z --stdin [13ms]
[2022-11-07T18:02:44.533Z] > git check-ignore -v -z --stdin [4ms]
[2022-11-07T18:02:46.152Z] > git check-ignore -v -z --stdin [3ms]
[2022-11-07T18:02:49.288Z] > git check-ignore -v -z --stdin [4ms]
[2022-11-07T18:02:51.089Z] > git check-ignore -v -z --stdin [3ms]
[2022-11-07T18:02:52.440Z] > git check-ignore -v -z --stdin [24ms]
[2022-11-07T18:02:52.441Z] > git check-ignore -v -z --stdin [13ms]
[2022-11-07T18:02:52.442Z] > git check-ignore -v -z --stdin [5ms]
[2022-11-07T18:02:53.988Z] > git check-ignore -v -z --stdin [3ms]
[2022-11-07T18:02:56.133Z] > git check-ignore -v -z --stdin [2ms]
[2022-11-07T18:02:58.190Z] > git check-ignore -v -z --stdin [3ms]
[2022-11-07T18:03:06.848Z] > git check-ignore -v -z --stdin [3ms]
[2022-11-07T18:03:17.303Z] > git check-ignore -v -z --stdin [7ms]
[2022-11-07T18:03:23.446Z] > git check-ignore -v -z --stdin [2ms]
[2022-11-07T18:03:35.519Z] > git status -z -uall [5ms]
[2022-11-07T18:03:35.532Z] > git symbolic-ref --short HEAD [3ms]
[2022-11-07T18:03:35.532Z] fatal: ref HEAD is not a symbolic ref
[2022-11-07T18:03:35.544Z] > git rev-parse HEAD [3ms]
[2022-11-07T18:03:35.566Z] > git for-each-ref --sort -committerdate --format %(refname) %(objectname) %(*objectname) [13ms]
[2022-11-07T18:03:35.567Z] > git remote --verbose [4ms]
[2022-11-07T18:03:35.581Z] > git config --get commit.template [2ms]
[2022-11-07T18:03:36.252Z] > git status -z -uall [754ms]
[2022-11-07T18:03:36.265Z] > git symbolic-ref --short HEAD [3ms]
[2022-11-07T18:03:36.278Z] > git for-each-ref --format=%(refname)%00%(upstream:short)%00%(objectname)%00%(upstream:track)%00%(upstream:remotename)%00%(upstream:remoteref) refs/heads/master refs/remotes/master [3ms]
[2022-11-07T18:03:36.299Z] > git for-each-ref --sort -committerdate --format %(refname) %(objectname) %(*objectname) [12ms]
[2022-11-07T18:03:36.303Z] > git remote --verbose [7ms]
[2022-11-07T18:03:36.319Z] > git config --get commit.template [2ms]
[2022-11-07T18:04:09.853Z] > git check-ignore -v -z --stdin [2ms]
[2022-11-07T18:04:10.373Z] > git status -z -uall [5ms]
[2022-11-07T18:04:10.385Z] > git symbolic-ref --short HEAD [2ms]
[2022-11-07T18:04:10.386Z] fatal: ref HEAD is not a symbolic ref
[2022-11-07T18:04:10.398Z] > git rev-parse HEAD [2ms]
[2022-11-07T18:04:10.418Z] > git for-each-ref --sort -committerdate --format %(refname) %(objectname) %(*objectname) [10ms]
[2022-11-07T18:04:10.419Z] > git remote --verbose [3ms]
[2022-11-07T18:04:10.448Z] > git config --get commit.template [2ms]
[2022-11-07T18:04:11.115Z] > git status -z -uall [758ms]
[2022-11-07T18:04:11.127Z] > git symbolic-ref --short HEAD [2ms]
[2022-11-07T18:04:11.142Z] > git for-each-ref --format=%(refname)%00%(upstream:short)%00%(objectname)%00%(upstream:track)%00%(upstream:remotename)%00%(upstream:remoteref) refs/heads/master refs/remotes/master [3ms]
[2022-11-07T18:04:11.165Z] > git for-each-ref --sort -committerdate --format %(refname) %(objectname) %(*objectname) [12ms]
[2022-11-07T18:04:11.166Z] > git remote --verbose [4ms]
[2022-11-07T18:04:11.183Z] > git config --get commit.template [2ms]
[2022-11-07T18:06:00.315Z] > git check-ignore -v -z --stdin [3ms]
[2022-11-07T18:06:00.858Z] > git status -z -uall [4ms]
[2022-11-07T18:06:00.873Z] > git symbolic-ref --short HEAD [2ms]
[2022-11-07T18:06:00.873Z] fatal: ref HEAD is not a symbolic ref
[2022-11-07T18:06:00.886Z] > git rev-parse HEAD [3ms]
[2022-11-07T18:06:00.911Z] > git for-each-ref --sort -committerdate --format %(refname) %(objectname) %(*objectname) [14ms]
[2022-11-07T18:06:00.912Z] > git remote --verbose [3ms]
[2022-11-07T18:06:00.929Z] > git config --get commit.template [2ms]
[2022-11-07T18:06:01.606Z] > git status -z -uall [767ms]
[2022-11-07T18:06:01.621Z] > git symbolic-ref --short HEAD [3ms]
[2022-11-07T18:06:01.636Z] > git for-each-ref --format=%(refname)%00%(upstream:short)%00%(objectname)%00%(upstream:track)%00%(upstream:remotename)%00%(upstream:remoteref) refs/heads/master refs/remotes/master [3ms]
[2022-11-07T18:06:01.661Z] > git for-each-ref --sort -committerdate --format %(refname) %(objectname) %(*objectname) [13ms]
[2022-11-07T18:06:01.662Z] > git remote --verbose [3ms]
[2022-11-07T18:06:01.682Z] > git config --get commit.template [2ms]
[2022-11-07T18:06:39.878Z] > git check-ignore -v -z --stdin [2ms]
[2022-11-07T18:06:40.411Z] > git status -z -uall [6ms]
[2022-11-07T18:06:40.425Z] > git symbolic-ref --short HEAD [3ms]
[2022-11-07T18:06:40.425Z] fatal: ref HEAD is not a symbolic ref
[2022-11-07T18:06:40.440Z] > git rev-parse HEAD [3ms]
[2022-11-07T18:06:40.465Z] > git for-each-ref --sort -committerdate --format %(refname) %(objectname) %(*objectname) [13ms]
[2022-11-07T18:06:40.466Z] > git remote --verbose [3ms]
[2022-11-07T18:06:40.482Z] > git config --get commit.template [3ms]
[2022-11-07T18:06:41.143Z] > git status -z -uall [752ms]
[2022-11-07T18:06:41.157Z] > git symbolic-ref --short HEAD [2ms]
[2022-11-07T18:06:41.171Z] > git for-each-ref --format=%(refname)%00%(upstream:short)%00%(objectname)%00%(upstream:track)%00%(upstream:remotename)%00%(upstream:remoteref) refs/heads/master refs/remotes/master [3ms]
[2022-11-07T18:06:41.195Z] > git for-each-ref --sort -committerdate --format %(refname) %(objectname) %(*objectname) [13ms]
[2022-11-07T18:06:41.197Z] > git remote --verbose [4ms]
[2022-11-07T18:06:41.216Z] > git config --get commit.template [2ms]
[2022-11-07T18:06:47.328Z] > git check-ignore -v -z --stdin [3ms]
[2022-11-07T18:06:49.286Z] > git check-ignore -v -z --stdin [3ms]
[2022-11-07T18:06:58.993Z] > git check-ignore -v -z --stdin [3ms]
[2022-11-07T18:06:59.432Z] > git status -z -uall [4ms]
[2022-11-07T18:06:59.448Z] > git symbolic-ref --short HEAD [3ms]
[2022-11-07T18:06:59.448Z] fatal: ref HEAD is not a symbolic ref
[2022-11-07T18:06:59.462Z] > git rev-parse HEAD [2ms]
[2022-11-07T18:06:59.490Z] > git remote --verbose [2ms]
[2022-11-07T18:06:59.491Z] > git for-each-ref --sort -committerdate --format %(refname) %(objectname) %(*objectname) [17ms]
[2022-11-07T18:06:59.508Z] > git config --get commit.template [3ms]
[2022-11-07T18:07:00.166Z] > git status -z -uall [752ms]
[2022-11-07T18:07:00.181Z] > git symbolic-ref --short HEAD [2ms]
[2022-11-07T18:07:00.196Z] > git for-each-ref --format=%(refname)%00%(upstream:short)%00%(objectname)%00%(upstream:track)%00%(upstream:remotename)%00%(upstream:remoteref) refs/heads/master refs/remotes/master [3ms]
[2022-11-07T18:07:00.222Z] > git for-each-ref --sort -committerdate --format %(refname) %(objectname) %(*objectname) [14ms]
[2022-11-07T18:07:00.223Z] > git remote --verbose [3ms]
[2022-11-07T18:07:00.244Z] > git config --get commit.template [2ms]
[2022-11-07T18:07:06.751Z] > git status -z -uall [5ms]
[2022-11-07T18:07:06.766Z] > git symbolic-ref --short HEAD [3ms]
[2022-11-07T18:07:06.766Z] fatal: ref HEAD is not a symbolic ref
[2022-11-07T18:07:06.781Z] > git rev-parse HEAD [3ms]
[2022-11-07T18:07:06.806Z] > git for-each-ref --sort -committerdate --format %(refname) %(objectname) %(*objectname) [13ms]
[2022-11-07T18:07:06.807Z] > git remote --verbose [3ms]
[2022-11-07T18:07:06.824Z] > git config --get commit.template [2ms]
[2022-11-07T18:07:07.486Z] > git status -z -uall [753ms]
[2022-11-07T18:07:07.501Z] > git symbolic-ref --short HEAD [1ms]
[2022-11-07T18:07:07.516Z] > git for-each-ref --format=%(refname)%00%(upstream:short)%00%(objectname)%00%(upstream:track)%00%(upstream:remotename)%00%(upstream:remoteref) refs/heads/master refs/remotes/master [3ms]
[2022-11-07T18:07:07.542Z] > git for-each-ref --sort -committerdate --format %(refname) %(objectname) %(*objectname) [14ms]
[2022-11-07T18:07:07.543Z] > git remote --verbose [3ms]
[2022-11-07T18:07:07.561Z] > git config --get commit.template [2ms]
[2022-11-07T18:07:14.841Z] > git check-ignore -v -z --stdin [3ms]
[2022-11-07T18:07:15.375Z] > git status -z -uall [4ms]
[2022-11-07T18:07:15.391Z] > git symbolic-ref --short HEAD [3ms]
[2022-11-07T18:07:15.391Z] fatal: ref HEAD is not a symbolic ref
[2022-11-07T18:07:15.405Z] > git rev-parse HEAD [2ms]
[2022-11-07T18:07:15.431Z] > git for-each-ref --sort -committerdate --format %(refname) %(objectname) %(*objectname) [14ms]
[2022-11-07T18:07:15.432Z] > git remote --verbose [3ms]
[2022-11-07T18:07:15.449Z] > git config --get commit.template [2ms]
[2022-11-07T18:07:16.109Z] > git status -z -uall [752ms]
[2022-11-07T18:07:16.123Z] > git symbolic-ref --short HEAD [2ms]
[2022-11-07T18:07:16.138Z] > git for-each-ref --format=%(refname)%00%(upstream:short)%00%(objectname)%00%(upstream:track)%00%(upstream:remotename)%00%(upstream:remoteref) refs/heads/master refs/remotes/master [3ms]
[2022-11-07T18:07:16.164Z] > git for-each-ref --sort -committerdate --format %(refname) %(objectname) %(*objectname) [14ms]
[2022-11-07T18:07:16.165Z] > git remote --verbose [3ms]
[2022-11-07T18:07:16.184Z] > git config --get commit.template [2ms]
[2022-11-07T18:07:22.067Z] > git show --textconv :data/cat_dog/labels.txt [15ms]
[2022-11-07T18:07:22.069Z] > git ls-files --stage -- /home/nvidia/jetson-inference/python/training/classification/data/cat_dog/labels.txt [3ms]
[2022-11-07T18:07:46.181Z] > git show --textconv :data/money_project/lables.txt [14ms]
[2022-11-07T18:07:46.183Z] > git ls-files --stage -- /home/nvidia/jetson-inference/python/training/classification/data/money_project/lables.txt [3ms]
[2022-11-07T18:07:46.363Z] > git check-ignore -v -z --stdin [2ms]
[2022-11-07T18:07:46.883Z] > git status -z -uall [4ms]
[2022-11-07T18:07:46.898Z] > git symbolic-ref --short HEAD [2ms]
[2022-11-07T18:07:46.899Z] fatal: ref HEAD is not a symbolic ref
[2022-11-07T18:07:46.913Z] > git rev-parse HEAD [2ms]
[2022-11-07T18:07:46.942Z] > git for-each-ref --sort -committerdate --format %(refname) %(objectname) %(*objectname) [13ms]
[2022-11-07T18:07:46.943Z] > git remote --verbose [3ms]
[2022-11-07T18:07:46.959Z] > git config --get commit.template [3ms]
[2022-11-07T18:07:47.621Z] > git status -z -uall [756ms]
[2022-11-07T18:07:47.633Z] > git symbolic-ref --short HEAD [2ms]
[2022-11-07T18:07:47.646Z] > git for-each-ref --format=%(refname)%00%(upstream:short)%00%(objectname)%00%(upstream:track)%00%(upstream:remotename)%00%(upstream:remoteref) refs/heads/master refs/remotes/master [4ms]
[2022-11-07T18:07:47.668Z] > git for-each-ref --sort -committerdate --format %(refname) %(objectname) %(*objectname) [11ms]
[2022-11-07T18:07:47.670Z] > git remote --verbose [4ms]
[2022-11-07T18:07:47.687Z] > git config --get commit.template [3ms]
[2022-11-07T18:08:46.657Z] > git check-ignore -v -z --stdin [2ms]
[2022-11-07T18:08:47.170Z] > git status -z -uall [4ms]
[2022-11-07T18:08:47.184Z] > git symbolic-ref --short HEAD [2ms]
[2022-11-07T18:08:47.184Z] fatal: ref HEAD is not a symbolic ref
[2022-11-07T18:08:47.198Z] > git rev-parse HEAD [3ms]
[2022-11-07T18:08:47.221Z] > git for-each-ref --sort -committerdate --format %(refname) %(objectname) %(*objectname) [13ms]
[2022-11-07T18:08:47.222Z] > git remote --verbose [3ms]
[2022-11-07T18:08:47.238Z] > git config --get commit.template [2ms]
[2022-11-07T18:08:47.905Z] > git status -z -uall [750ms]
[2022-11-07T18:08:47.921Z] > git symbolic-ref --short HEAD [4ms]
[2022-11-07T18:08:47.934Z] > git for-each-ref --format=%(refname)%00%(upstream:short)%00%(objectname)%00%(upstream:track)%00%(upstream:remotename)%00%(upstream:remoteref) refs/heads/master refs/remotes/master [3ms]
[2022-11-07T18:08:47.957Z] > git for-each-ref --sort -committerdate --format %(refname) %(objectname) %(*objectname) [12ms]
[2022-11-07T18:08:47.958Z] > git remote --verbose [3ms]
[2022-11-07T18:08:47.976Z] > git config --get commit.template [2ms]
[2022-11-07T18:08:51.894Z] > git check-ignore -v -z --stdin [2ms]
[2022-11-07T18:09:06.815Z] > git check-ignore -v -z --stdin [3ms]
[2022-11-07T18:09:07.356Z] > git status -z -uall [5ms]
[2022-11-07T18:09:07.370Z] > git symbolic-ref --short HEAD [3ms]
[2022-11-07T18:09:07.370Z] fatal: ref HEAD is not a symbolic ref
[2022-11-07T18:09:07.383Z] > git rev-parse HEAD [2ms]
[2022-11-07T18:09:07.407Z] > git for-each-ref --sort -committerdate --format %(refname) %(objectname) %(*objectname) [13ms]
[2022-11-07T18:09:07.408Z] > git remote --verbose [3ms]
[2022-11-07T18:09:07.427Z] > git config --get commit.template [2ms]
[2022-11-07T18:09:08.089Z] > git status -z -uall [750ms]
[2022-11-07T18:09:08.102Z] > git symbolic-ref --short HEAD [2ms]
[2022-11-07T18:09:08.116Z] > git for-each-ref --format=%(refname)%00%(upstream:short)%00%(objectname)%00%(upstream:track)%00%(upstream:remotename)%00%(upstream:remoteref) refs/heads/master refs/remotes/master [3ms]
[2022-11-07T18:09:08.139Z] > git for-each-ref --sort -committerdate --format %(refname) %(objectname) %(*objectname) [12ms]
[2022-11-07T18:09:08.140Z] > git remote --verbose [3ms]
[2022-11-07T18:09:08.157Z] > git config --get commit.template [2ms]
[2022-11-07T18:09:21.865Z] > git status -z -uall [4ms]
[2022-11-07T18:09:21.879Z] > git symbolic-ref --short HEAD [3ms]
[2022-11-07T18:09:21.879Z] fatal: ref HEAD is not a symbolic ref
[2022-11-07T18:09:21.892Z] > git rev-parse HEAD [2ms]
[2022-11-07T18:09:21.916Z] > git for-each-ref --sort -committerdate --format %(refname) %(objectname) %(*objectname) [13ms]
[2022-11-07T18:09:21.917Z] > git remote --verbose [3ms]
[2022-11-07T18:09:21.932Z] > git config --get commit.template [2ms]
[2022-11-07T18:09:22.603Z] > git status -z -uall [755ms]
[2022-11-07T18:09:22.618Z] > git symbolic-ref --short HEAD [3ms]
[2022-11-07T18:09:22.632Z] > git for-each-ref --format=%(refname)%00%(upstream:short)%00%(objectname)%00%(upstream:track)%00%(upstream:remotename)%00%(upstream:remoteref) refs/heads/master refs/remotes/master [4ms]
[2022-11-07T18:09:22.655Z] > git for-each-ref --sort -committerdate --format %(refname) %(objectname) %(*objectname) [12ms]
[2022-11-07T18:09:22.656Z] > git remote --verbose [3ms]
[2022-11-07T18:09:22.673Z] > git config --get commit.template [2ms]
[2022-11-07T18:09:54.831Z] > git check-ignore -v -z --stdin [2ms]
[2022-11-07T18:09:55.373Z] > git status -z -uall [5ms]
[2022-11-07T18:09:55.391Z] > git symbolic-ref --short HEAD [7ms]
[2022-11-07T18:09:55.391Z] fatal: ref HEAD is not a symbolic ref
[2022-11-07T18:09:55.404Z] > git rev-parse HEAD [3ms]
[2022-11-07T18:09:55.428Z] > git for-each-ref --sort -committerdate --format %(refname) %(objectname) %(*objectname) [13ms]
[2022-11-07T18:09:55.429Z] > git remote --verbose [3ms]
[2022-11-07T18:09:55.444Z] > git config --get commit.template [2ms]
[2022-11-07T18:09:56.107Z] > git status -z -uall [751ms]
[2022-11-07T18:09:56.120Z] > git symbolic-ref --short HEAD [2ms]
[2022-11-07T18:09:56.134Z] > git for-each-ref --format=%(refname)%00%(upstream:short)%00%(objectname)%00%(upstream:track)%00%(upstream:remotename)%00%(upstream:remoteref) refs/heads/master refs/remotes/master [3ms]
[2022-11-07T18:09:56.157Z] > git for-each-ref --sort -committerdate --format %(refname) %(objectname) %(*objectname) [12ms]
[2022-11-07T18:09:56.160Z] > git remote --verbose [5ms]
[2022-11-07T18:09:56.177Z] > git config --get commit.template [2ms]
[2022-11-07T18:10:07.425Z] > git check-ignore -v -z --stdin [3ms]
[2022-11-07T18:10:07.954Z] > git status -z -uall [5ms]
[2022-11-07T18:10:07.968Z] > git symbolic-ref --short HEAD [3ms]
[2022-11-07T18:10:07.968Z] fatal: ref HEAD is not a symbolic ref
[2022-11-07T18:10:07.981Z] > git rev-parse HEAD [2ms]
[2022-11-07T18:10:08.005Z] > git for-each-ref --sort -committerdate --format %(refname) %(objectname) %(*objectname) [12ms]
[2022-11-07T18:10:08.006Z] > git remote --verbose [3ms]
[2022-11-07T18:10:08.022Z] > git config --get commit.template [3ms]
[2022-11-07T18:10:08.687Z] > git status -z -uall [750ms]
[2022-11-07T18:10:08.701Z] > git symbolic-ref --short HEAD [3ms]
[2022-11-07T18:10:08.715Z] > git for-each-ref --format=%(refname)%00%(upstream:short)%00%(objectname)%00%(upstream:track)%00%(upstream:remotename)%00%(upstream:remoteref) refs/heads/master refs/remotes/master [3ms]
[2022-11-07T18:10:08.740Z] > git for-each-ref --sort -committerdate --format %(refname) %(objectname) %(*objectname) [14ms]
[2022-11-07T18:10:08.741Z] > git remote --verbose [5ms]
[2022-11-07T18:10:08.758Z] > git config --get commit.template [2ms]
[2022-11-07T18:10:16.064Z] > git check-ignore -v -z --stdin [3ms]
[2022-11-07T18:10:16.612Z] > git status -z -uall [5ms]
[2022-11-07T18:10:16.626Z] > git symbolic-ref --short HEAD [3ms]
[2022-11-07T18:10:16.626Z] fatal: ref HEAD is not a symbolic ref
[2022-11-07T18:10:16.639Z] > git rev-parse HEAD [2ms]
[2022-11-07T18:10:16.662Z] > git for-each-ref --sort -committerdate --format %(refname) %(objectname) %(*objectname) [12ms]
[2022-11-07T18:10:16.663Z] > git remote --verbose [2ms]
[2022-11-07T18:10:16.679Z] > git config --get commit.template [2ms]
[2022-11-07T18:10:17.350Z] > git status -z -uall [755ms]
[2022-11-07T18:10:17.364Z] > git symbolic-ref --short HEAD [3ms]
[2022-11-07T18:10:17.377Z] > git for-each-ref --format=%(refname)%00%(upstream:short)%00%(objectname)%00%(upstream:track)%00%(upstream:remotename)%00%(upstream:remoteref) refs/heads/master refs/remotes/master [3ms]
[2022-11-07T18:10:17.402Z] > git for-each-ref --sort -committerdate --format %(refname) %(objectname) %(*objectname) [13ms]
[2022-11-07T18:10:17.404Z] > git remote --verbose [4ms]
[2022-11-07T18:10:17.422Z] > git config --get commit.template [2ms]
[2022-11-07T18:10:23.201Z] > git check-ignore -v -z --stdin [3ms]
[2022-11-07T18:10:23.744Z] > git status -z -uall [5ms]
[2022-11-07T18:10:23.758Z] > git symbolic-ref --short HEAD [3ms]
[2022-11-07T18:10:23.758Z] fatal: ref HEAD is not a symbolic ref
[2022-11-07T18:10:23.771Z] > git rev-parse HEAD [2ms]
[2022-11-07T18:10:23.795Z] > git for-each-ref --sort -committerdate --format %(refname) %(objectname) %(*objectname) [13ms]
[2022-11-07T18:10:23.796Z] > git remote --verbose [3ms]
[2022-11-07T18:10:23.811Z] > git config --get commit.template [2ms]
[2022-11-07T18:10:24.479Z] > git status -z -uall [755ms]
[2022-11-07T18:10:24.493Z] > git symbolic-ref --short HEAD [3ms]
[2022-11-07T18:10:24.506Z] > git for-each-ref --format=%(refname)%00%(upstream:short)%00%(objectname)%00%(upstream:track)%00%(upstream:remotename)%00%(upstream:remoteref) refs/heads/master refs/remotes/master [3ms]
[2022-11-07T18:10:24.529Z] > git for-each-ref --sort -committerdate --format %(refname) %(objectname) %(*objectname) [12ms]
[2022-11-07T18:10:24.531Z] > git remote --verbose [4ms]
[2022-11-07T18:10:24.549Z] > git config --get commit.template [2ms]
[2022-11-07T18:10:33.489Z] > git check-ignore -v -z --stdin [3ms]
[2022-11-07T18:10:41.961Z] > git check-ignore -v -z --stdin [2ms]
[2022-11-07T18:10:42.504Z] > git status -z -uall [5ms]
[2022-11-07T18:10:42.519Z] > git symbolic-ref --short HEAD [4ms]
[2022-11-07T18:10:42.519Z] fatal: ref HEAD is not a symbolic ref
[2022-11-07T18:10:42.533Z] > git rev-parse HEAD [3ms]
[2022-11-07T18:10:42.556Z] > git for-each-ref --sort -committerdate --format %(refname) %(objectname) %(*objectname) [12ms]
[2022-11-07T18:10:42.557Z] > git remote --verbose [3ms]
[2022-11-07T18:10:42.573Z] > git config --get commit.template [3ms]
[2022-11-07T18:10:43.238Z] > git status -z -uall [752ms]
[2022-11-07T18:10:43.251Z] > git symbolic-ref --short HEAD [2ms]
[2022-11-07T18:10:43.265Z] > git for-each-ref --format=%(refname)%00%(upstream:short)%00%(objectname)%00%(upstream:track)%00%(upstream:remotename)%00%(upstream:remoteref) refs/heads/master refs/remotes/master [3ms]
[2022-11-07T18:10:43.288Z] > git for-each-ref --sort -committerdate --format %(refname) %(objectname) %(*objectname) [12ms]
[2022-11-07T18:10:43.289Z] > git remote --verbose [3ms]
[2022-11-07T18:10:43.308Z] > git config --get commit.template [2ms]
[2022-11-07T18:10:47.778Z] > git check-ignore -v -z --stdin [3ms]
[2022-11-07T18:10:48.294Z] > git status -z -uall [5ms]
[2022-11-07T18:10:48.308Z] > git symbolic-ref --short HEAD [3ms]
[2022-11-07T18:10:48.308Z] fatal: ref HEAD is not a symbolic ref
[2022-11-07T18:10:48.333Z] > git rev-parse HEAD [13ms]
[2022-11-07T18:10:48.356Z] > git for-each-ref --sort -committerdate --format %(refname) %(objectname) %(*objectname) [13ms]
[2022-11-07T18:10:48.357Z] > git remote --verbose [3ms]
[2022-11-07T18:10:48.373Z] > git config --get commit.template [2ms]
[2022-11-07T18:10:49.077Z] > git status -z -uall [746ms]
[2022-11-07T18:10:49.090Z] > git symbolic-ref --short HEAD [2ms]
[2022-11-07T18:10:49.105Z] > git for-each-ref --format=%(refname)%00%(upstream:short)%00%(objectname)%00%(upstream:track)%00%(upstream:remotename)%00%(upstream:remoteref) refs/heads/master refs/remotes/master [4ms]
[2022-11-07T18:10:49.129Z] > git for-each-ref --sort -committerdate --format %(refname) %(objectname) %(*objectname) [13ms]
[2022-11-07T18:10:49.130Z] > git remote --verbose [4ms]
[2022-11-07T18:10:49.149Z] > git config --get commit.template [2ms]
[2022-11-07T18:11:31.854Z] > git show --textconv :data/money_project/lables.txt [13ms]
[2022-11-07T18:11:31.857Z] > git ls-files --stage -- /home/nvidia/jetson-inference/python/training/classification/data/money_project/lables.txt [4ms]
[2022-11-07T18:12:20.102Z] > git status -z -uall [5ms]
[2022-11-07T18:12:20.115Z] > git symbolic-ref --short HEAD [3ms]
[2022-11-07T18:12:20.115Z] fatal: ref HEAD is not a symbolic ref
[2022-11-07T18:12:20.128Z] > git rev-parse HEAD [3ms]
[2022-11-07T18:12:20.151Z] > git for-each-ref --sort -committerdate --format %(refname) %(objectname) %(*objectname) [13ms]
[2022-11-07T18:12:20.151Z] > git remote --verbose [4ms]
[2022-11-07T18:12:20.166Z] > git config --get commit.template [2ms]
[2022-11-07T18:12:20.849Z] > git status -z -uall [763ms]
[2022-11-07T18:12:20.861Z] > git symbolic-ref --short HEAD [2ms]
[2022-11-07T18:12:20.874Z] > git for-each-ref --format=%(refname)%00%(upstream:short)%00%(objectname)%00%(upstream:track)%00%(upstream:remotename)%00%(upstream:remoteref) refs/heads/master refs/remotes/master [3ms]
[2022-11-07T18:12:20.896Z] > git for-each-ref --sort -committerdate --format %(refname) %(objectname) %(*objectname) [12ms]
[2022-11-07T18:12:20.897Z] > git remote --verbose [3ms]
[2022-11-07T18:12:20.913Z] > git config --get commit.template [2ms]
[2022-11-07T18:13:04.080Z] > git check-ignore -v -z --stdin [3ms]
[2022-11-07T18:13:04.909Z] > git check-ignore -v -z --stdin [3ms]
[2022-11-07T18:13:07.778Z] > git check-ignore -v -z --stdin [3ms]
[2022-11-07T18:13:08.292Z] > git status -z -uall [5ms]
[2022-11-07T18:13:08.305Z] > git symbolic-ref --short HEAD [3ms]
[2022-11-07T18:13:08.305Z] fatal: ref HEAD is not a symbolic ref
[2022-11-07T18:13:08.317Z] > git rev-parse HEAD [2ms]
[2022-11-07T18:13:08.339Z] > git for-each-ref --sort -committerdate --format %(refname) %(objectname) %(*objectname) [12ms]
[2022-11-07T18:13:08.340Z] > git remote --verbose [3ms]
[2022-11-07T18:13:08.355Z] > git config --get commit.template [3ms]
[2022-11-07T18:13:09.026Z] > git status -z -uall [750ms]
[2022-11-07T18:13:09.038Z] > git symbolic-ref --short HEAD [2ms]
[2022-11-07T18:13:09.051Z] > git for-each-ref --format=%(refname)%00%(upstream:short)%00%(objectname)%00%(upstream:track)%00%(upstream:remotename)%00%(upstream:remoteref) refs/heads/master refs/remotes/master [3ms]
[2022-11-07T18:13:09.072Z] > git for-each-ref --sort -committerdate --format %(refname) %(objectname) %(*objectname) [11ms]
[2022-11-07T18:13:09.074Z] > git remote --verbose [3ms]
[2022-11-07T18:13:09.091Z] > git config --get commit.template [2ms]
[2022-11-07T18:13:42.196Z] > git check-ignore -v -z --stdin [3ms]
[2022-11-07T18:13:43.124Z] > git check-ignore -v -z --stdin [2ms]
[2022-11-07T18:13:43.569Z] > git status -z -uall [5ms]
[2022-11-07T18:13:43.582Z] > git symbolic-ref --short HEAD [3ms]
[2022-11-07T18:13:43.582Z] fatal: ref HEAD is not a symbolic ref
[2022-11-07T18:13:43.594Z] > git rev-parse HEAD [2ms]
[2022-11-07T18:13:43.616Z] > git for-each-ref --sort -committerdate --format %(refname) %(objectname) %(*objectname) [12ms]
[2022-11-07T18:13:43.617Z] > git remote --verbose [3ms]
[2022-11-07T18:13:43.631Z] > git config --get commit.template [2ms]
[2022-11-07T18:13:44.304Z] > git status -z -uall [751ms]
[2022-11-07T18:13:44.316Z] > git symbolic-ref --short HEAD [2ms]
[2022-11-07T18:13:44.329Z] > git for-each-ref --format=%(refname)%00%(upstream:short)%00%(objectname)%00%(upstream:track)%00%(upstream:remotename)%00%(upstream:remoteref) refs/heads/master refs/remotes/master [3ms]
[2022-11-07T18:13:44.353Z] > git for-each-ref --sort -committerdate --format %(refname) %(objectname) %(*objectname) [12ms]
[2022-11-07T18:13:44.354Z] > git remote --verbose [3ms]
[2022-11-07T18:13:44.372Z] > git config --get commit.template [2ms]
[2022-11-07T18:13:59.175Z] > git check-ignore -v -z --stdin [3ms]
[2022-11-07T18:13:59.689Z] > git status -z -uall [5ms]
[2022-11-07T18:13:59.702Z] > git symbolic-ref --short HEAD [3ms]
[2022-11-07T18:13:59.702Z] fatal: ref HEAD is not a symbolic ref
[2022-11-07T18:13:59.714Z] > git rev-parse HEAD [2ms]
[2022-11-07T18:13:59.736Z] > git for-each-ref --sort -committerdate --format %(refname) %(objectname) %(*objectname) [12ms]
[2022-11-07T18:13:59.737Z] > git remote --verbose [3ms]
[2022-11-07T18:13:59.751Z] > git config --get commit.template [2ms]
[2022-11-07T18:14:00.430Z] > git status -z -uall [757ms]
[2022-11-07T18:14:00.443Z] > git symbolic-ref --short HEAD [3ms]
[2022-11-07T18:14:00.456Z] > git for-each-ref --format=%(refname)%00%(upstream:short)%00%(objectname)%00%(upstream:track)%00%(upstream:remotename)%00%(upstream:remoteref) refs/heads/master refs/remotes/master [3ms]
[2022-11-07T18:14:00.477Z] > git for-each-ref --sort -committerdate --format %(refname) %(objectname) %(*objectname) [12ms]
[2022-11-07T18:14:00.478Z] > git remote --verbose [3ms]
[2022-11-07T18:14:00.496Z] > git config --get commit.template [2ms]
[2022-11-07T18:14:18.112Z] > git check-ignore -v -z --stdin [2ms]
[2022-11-07T18:14:21.305Z] > git status -z -uall [4ms]
[2022-11-07T18:14:21.319Z] > git symbolic-ref --short HEAD [2ms]
[2022-11-07T18:14:21.319Z] fatal: ref HEAD is not a symbolic ref
[2022-11-07T18:14:21.331Z] > git rev-parse HEAD [2ms]
[2022-11-07T18:14:21.364Z] > git remote --verbose [5ms]
[2022-11-07T18:14:21.364Z] > git for-each-ref --sort -committerdate --format %(refname) %(objectname) %(*objectname) [16ms]
[2022-11-07T18:14:21.380Z] > git config --get commit.template [3ms]
[2022-11-07T18:14:22.038Z] > git status -z -uall [752ms]
[2022-11-07T18:14:22.051Z] > git symbolic-ref --short HEAD [3ms]
[2022-11-07T18:14:22.064Z] > git for-each-ref --format=%(refname)%00%(upstream:short)%00%(objectname)%00%(upstream:track)%00%(upstream:remotename)%00%(upstream:remoteref) refs/heads/master refs/remotes/master [3ms]
[2022-11-07T18:14:22.085Z] > git for-each-ref --sort -committerdate --format %(refname) %(objectname) %(*objectname) [12ms]
[2022-11-07T18:14:22.086Z] > git remote --verbose [3ms]
[2022-11-07T18:14:22.107Z] > git config --get commit.template [4ms]
[2022-11-07T18:14:33.747Z] > git check-ignore -v -z --stdin [2ms]
[2022-11-07T18:14:34.013Z] > git status -z -uall [5ms]
[2022-11-07T18:14:34.026Z] > git symbolic-ref --short HEAD [3ms]
[2022-11-07T18:14:34.026Z] fatal: ref HEAD is not a symbolic ref
[2022-11-07T18:14:34.039Z] > git rev-parse HEAD [3ms]
[2022-11-07T18:14:34.060Z] > git for-each-ref --sort -committerdate --format %(refname) %(objectname) %(*objectname) [11ms]
[2022-11-07T18:14:34.061Z] > git remote --verbose [3ms]
[2022-11-07T18:14:34.076Z] > git config --get commit.template [2ms]
[2022-11-07T18:14:34.746Z] > git status -z -uall [749ms]
[2022-11-07T18:14:34.759Z] > git symbolic-ref --short HEAD [1ms]
[2022-11-07T18:14:34.772Z] > git for-each-ref --format=%(refname)%00%(upstream:short)%00%(objectname)%00%(upstream:track)%00%(upstream:remotename)%00%(upstream:remoteref) refs/heads/master refs/remotes/master [3ms]
[2022-11-07T18:14:34.794Z] > git for-each-ref --sort -committerdate --format %(refname) %(objectname) %(*objectname) [12ms]
[2022-11-07T18:14:34.795Z] > git remote --verbose [3ms]
[2022-11-07T18:14:34.811Z] > git config --get commit.template [2ms]
[2022-11-07T18:14:45.349Z] > git check-ignore -v -z --stdin [2ms]
[2022-11-07T18:14:45.811Z] > git status -z -uall [5ms]
[2022-11-07T18:14:45.824Z] > git symbolic-ref --short HEAD [3ms]
[2022-11-07T18:14:45.824Z] fatal: ref HEAD is not a symbolic ref
[2022-11-07T18:14:45.837Z] > git rev-parse HEAD [3ms]
[2022-11-07T18:14:45.859Z] > git for-each-ref --sort -committerdate --format %(refname) %(objectname) %(*objectname) [11ms]
[2022-11-07T18:14:45.859Z] > git remote --verbose [2ms]
[2022-11-07T18:14:45.876Z] > git config --get commit.template [3ms]
[2022-11-07T18:14:46.546Z] > git status -z -uall [751ms]
[2022-11-07T18:14:46.558Z] > git symbolic-ref --short HEAD [2ms]
[2022-11-07T18:14:46.571Z] > git for-each-ref --format=%(refname)%00%(upstream:short)%00%(objectname)%00%(upstream:track)%00%(upstream:remotename)%00%(upstream:remoteref) refs/heads/master refs/remotes/master [3ms]
[2022-11-07T18:14:46.593Z] > git for-each-ref --sort -committerdate --format %(refname) %(objectname) %(*objectname) [12ms]
[2022-11-07T18:14:46.594Z] > git remote --verbose [3ms]
[2022-11-07T18:14:46.610Z] > git config --get commit.template [2ms]
[2022-11-07T18:14:49.332Z] > git check-ignore -v -z --stdin [3ms]
[2022-11-07T18:14:52.040Z] > git check-ignore -v -z --stdin [5ms]
[2022-11-07T18:14:55.287Z] > git check-ignore -v -z --stdin [3ms]
[2022-11-07T18:15:03.462Z] > git check-ignore -v -z --stdin [12ms]
[2022-11-07T18:15:04.890Z] > git check-ignore -v -z --stdin [8ms]
[2022-11-07T18:15:07.140Z] > git check-ignore -v -z --stdin [7ms]
[2022-11-07T18:25:47.117Z] > git check-ignore -v -z --stdin [5ms]
[2022-11-07T18:25:47.648Z] > git status -z -uall [5ms]
[2022-11-07T18:25:47.663Z] > git symbolic-ref --short HEAD [3ms]
[2022-11-07T18:25:47.663Z] fatal: ref HEAD is not a symbolic ref
[2022-11-07T18:25:47.677Z] > git rev-parse HEAD [3ms]
[2022-11-07T18:25:47.703Z] > git for-each-ref --sort -committerdate --format %(refname) %(objectname) %(*objectname) [14ms]
[2022-11-07T18:25:47.703Z] > git remote --verbose [3ms]
[2022-11-07T18:25:47.720Z] > git config --get commit.template [3ms]
[2022-11-07T18:25:49.739Z] > git status -z -uall [2109ms]
[2022-11-07T18:25:49.755Z] > git symbolic-ref --short HEAD [5ms]
[2022-11-07T18:25:49.770Z] > git for-each-ref --format=%(refname)%00%(upstream:short)%00%(objectname)%00%(upstream:track)%00%(upstream:remotename)%00%(upstream:remoteref) refs/heads/master refs/remotes/master [4ms]
[2022-11-07T18:25:49.796Z] > git remote --verbose [3ms]
[2022-11-07T18:25:49.800Z] > git for-each-ref --sort -committerdate --format %(refname) %(objectname) %(*objectname) [18ms]
[2022-11-07T18:25:49.818Z] > git config --get commit.template [2ms]
[2022-11-07T18:25:59.928Z] > git status -z -uall [5ms]
[2022-11-07T18:25:59.942Z] > git symbolic-ref --short HEAD [2ms]
[2022-11-07T18:25:59.942Z] fatal: ref HEAD is not a symbolic ref
[2022-11-07T18:25:59.956Z] > git rev-parse HEAD [3ms]
[2022-11-07T18:25:59.980Z] > git for-each-ref --sort -committerdate --format %(refname) %(objectname) %(*objectname) [13ms]
[2022-11-07T18:25:59.981Z] > git remote --verbose [3ms]
[2022-11-07T18:25:59.997Z] > git config --get commit.template [3ms]
[2022-11-07T18:26:00.839Z] > git status -z -uall [928ms]
[2022-11-07T18:26:00.854Z] > git symbolic-ref --short HEAD [4ms]
[2022-11-07T18:26:00.868Z] > git for-each-ref --format=%(refname)%00%(upstream:short)%00%(objectname)%00%(upstream:track)%00%(upstream:remotename)%00%(upstream:remoteref) refs/heads/master refs/remotes/master [3ms]
[2022-11-07T18:26:00.891Z] > git for-each-ref --sort -committerdate --format %(refname) %(objectname) %(*objectname) [12ms]
[2022-11-07T18:26:00.892Z] > git remote --verbose [3ms]
[2022-11-07T18:26:00.909Z] > git config --get commit.template [2ms]
[2022-11-07T18:26:07.809Z] > git check-ignore -v -z --stdin [3ms]
[2022-11-07T18:26:08.328Z] > git status -z -uall [5ms]
[2022-11-07T18:26:08.342Z] > git symbolic-ref --short HEAD [2ms]
[2022-11-07T18:26:08.342Z] fatal: ref HEAD is not a symbolic ref
[2022-11-07T18:26:08.356Z] > git rev-parse HEAD [3ms]
[2022-11-07T18:26:08.379Z] > git for-each-ref --sort -committerdate --format %(refname) %(objectname) %(*objectname) [12ms]
[2022-11-07T18:26:08.381Z] > git remote --verbose [3ms]
[2022-11-07T18:26:08.397Z] > git config --get commit.template [3ms]
[2022-11-07T18:26:09.062Z] > git status -z -uall [751ms]
[2022-11-07T18:26:09.076Z] > git symbolic-ref --short HEAD [2ms]
[2022-11-07T18:26:09.090Z] > git for-each-ref --format=%(refname)%00%(upstream:short)%00%(objectname)%00%(upstream:track)%00%(upstream:remotename)%00%(upstream:remoteref) refs/heads/master refs/remotes/master [3ms]
[2022-11-07T18:26:09.114Z] > git for-each-ref --sort -committerdate --format %(refname) %(objectname) %(*objectname) [13ms]
[2022-11-07T18:26:09.115Z] > git remote --verbose [3ms]
[2022-11-07T18:26:09.134Z] > git config --get commit.template [3ms]
[2022-11-07T18:26:09.214Z] > git check-ignore -v -z --stdin [2ms]
[2022-11-07T18:26:13.914Z] > git show --textconv :data/money_project/lables.txt [20ms]
[2022-11-07T18:26:13.915Z] > git ls-files --stage -- /home/nvidia/jetson-inference/python/training/classification/data/money_project/lables.txt [2ms]
[2022-11-07T18:28:32.528Z] > git rev-parse --show-toplevel [1276ms]
[2022-11-07T18:28:32.537Z] fatal: not a git repository (or any of the parent directories): .git
