[2022-11-08T15:04:03.691Z] Log level: Info
[2022-11-08T15:04:03.715Z] [info] Validating found git in: git
[2022-11-08T15:04:03.826Z] [info] Using git 2.17.1 from git
[2022-11-08T15:04:03.965Z] > git rev-parse --show-toplevel [96ms]
[2022-11-08T15:04:03.965Z] fatal: not a git repository (or any of the parent directories): .git
[2022-11-08T15:04:03.994Z] > git rev-parse --show-toplevel [4ms]
[2022-11-08T15:04:03.994Z] fatal: not a git repository (or any of the parent directories): .git
[2022-11-08T15:04:04.015Z] > git rev-parse --show-toplevel [5ms]
[2022-11-08T15:04:04.015Z] fatal: not a git repository (or any of the parent directories): .git
[2022-11-08T15:04:04.032Z] > git rev-parse --show-toplevel [6ms]
[2022-11-08T15:04:04.032Z] fatal: not a git repository (or any of the parent directories): .git
[2022-11-08T15:04:04.115Z] > git rev-parse --show-toplevel [73ms]
[2022-11-08T15:04:04.116Z] fatal: not a git repository (or any of the parent directories): .git
[2022-11-08T15:04:04.136Z] > git rev-parse --show-toplevel [3ms]
[2022-11-08T15:04:04.136Z] fatal: not a git repository (or any of the parent directories): .git
[2022-11-08T15:04:04.174Z] > git rev-parse --show-toplevel [22ms]
[2022-11-08T15:04:04.174Z] fatal: not a git repository (or any of the parent directories): .git
[2022-11-08T15:04:04.187Z] > git rev-parse --show-toplevel [2ms]
[2022-11-08T15:04:04.188Z] fatal: not a git repository (or any of the parent directories): .git
[2022-11-08T15:04:04.219Z] > git rev-parse --show-toplevel [20ms]
[2022-11-08T15:04:04.219Z] fatal: not a git repository (or any of the parent directories): .git
[2022-11-08T15:04:04.263Z] > git rev-parse --show-toplevel [8ms]
[2022-11-08T15:04:04.263Z] fatal: not a git repository (or any of the parent directories): .git
[2022-11-08T15:04:04.300Z] > git rev-parse --show-toplevel [21ms]
[2022-11-08T15:04:04.300Z] fatal: not a git repository (or any of the parent directories): .git
[2022-11-08T15:04:04.319Z] > git rev-parse --show-toplevel [7ms]
[2022-11-08T15:04:04.319Z] fatal: not a git repository (or any of the parent directories): .git
[2022-11-08T15:04:04.333Z] > git rev-parse --show-toplevel [4ms]
[2022-11-08T15:04:04.333Z] fatal: not a git repository (or any of the parent directories): .git
[2022-11-08T15:04:04.345Z] > git rev-parse --show-toplevel [2ms]
[2022-11-08T15:04:04.345Z] fatal: not a git repository (or any of the parent directories): .git
[2022-11-08T15:04:04.364Z] > git rev-parse --show-toplevel [7ms]
[2022-11-08T15:04:04.364Z] fatal: not a git repository (or any of the parent directories): .git
[2022-11-08T15:04:04.376Z] > git rev-parse --show-toplevel [1ms]
[2022-11-08T15:04:04.376Z] fatal: not a git repository (or any of the parent directories): .git
[2022-11-08T15:04:04.390Z] > git rev-parse --show-toplevel [1ms]
[2022-11-08T15:04:04.390Z] fatal: not a git repository (or any of the parent directories): .git
[2022-11-08T15:04:04.404Z] > git rev-parse --show-toplevel [4ms]
[2022-11-08T15:04:04.418Z] > git rev-parse --git-dir --git-common-dir [2ms]
[2022-11-08T15:04:04.446Z] [info] Open repository: /home/nvidia/jetson-inference
[2022-11-08T15:04:04.482Z] > git rev-parse --show-toplevel [3ms]
[2022-11-08T15:04:04.482Z] fatal: not a git repository (or any of the parent directories): .git
[2022-11-08T15:04:04.496Z] > git rev-parse --show-toplevel [2ms]
[2022-11-08T15:04:04.496Z] fatal: not a git repository (or any of the parent directories): .git
[2022-11-08T15:04:05.045Z] > git check-ignore -v -z --stdin [6ms]
[2022-11-08T15:04:06.976Z] > git status -z -uall [2509ms]
[2022-11-08T15:04:06.989Z] > git symbolic-ref --short HEAD [2ms]
[2022-11-08T15:04:07.006Z] > git for-each-ref --format=%(refname)%00%(upstream:short)%00%(objectname)%00%(upstream:track)%00%(upstream:remotename)%00%(upstream:remoteref) refs/heads/master refs/remotes/master [5ms]
[2022-11-08T15:04:07.031Z] > git remote --verbose [4ms]
[2022-11-08T15:04:07.036Z] > git for-each-ref --sort -committerdate --format %(refname) %(objectname) %(*objectname) [19ms]
[2022-11-08T15:04:07.072Z] > git config --get commit.template [3ms]
[2022-11-08T15:04:07.570Z] > git rev-parse --show-toplevel [3ms]
[2022-11-08T15:04:07.583Z] > git rev-parse --git-dir --git-common-dir [2ms]
[2022-11-08T15:04:07.593Z] [info] Open repository: /home/nvidia/jetson-inference/utils
[2022-11-08T15:04:07.634Z] > git rev-parse --show-toplevel [18ms]
[2022-11-08T15:04:07.659Z] > git status -z -uall [53ms]
[2022-11-08T15:04:07.671Z] > git rev-parse --git-dir --git-common-dir [26ms]
[2022-11-08T15:04:07.681Z] [info] Open repository: /home/nvidia/jetson-inference/tools/camera-capture
[2022-11-08T15:04:07.708Z] > git status -z -uall [14ms]
[2022-11-08T15:04:07.719Z] > git symbolic-ref --short HEAD [50ms]
[2022-11-08T15:04:07.719Z] fatal: ref HEAD is not a symbolic ref
[2022-11-08T15:04:07.818Z] > git symbolic-ref --short HEAD [100ms]
[2022-11-08T15:04:07.818Z] fatal: ref HEAD is not a symbolic ref
[2022-11-08T15:04:07.828Z] > git rev-parse --show-toplevel [124ms]
[2022-11-08T15:04:07.842Z] > git rev-parse HEAD [15ms]
[2022-11-08T15:04:07.866Z] > git rev-parse HEAD [51ms]
[2022-11-08T15:04:07.889Z] > git status -z -uall [802ms]
[2022-11-08T15:04:07.900Z] > git remote --verbose [15ms]
[2022-11-08T15:04:07.901Z] > git remote --verbose [37ms]
[2022-11-08T15:04:07.902Z] > git rev-parse --git-dir --git-common-dir [63ms]
[2022-11-08T15:04:07.913Z] [info] Open repository: /home/nvidia/jetson-inference/python/training/classification
[2022-11-08T15:04:07.950Z] > git status -z -uall [19ms]
[2022-11-08T15:04:07.961Z] > git rev-parse --show-toplevel [14ms]
[2022-11-08T15:04:07.974Z] > git symbolic-ref --short HEAD [75ms]
[2022-11-08T15:04:07.986Z] > git rev-parse --git-dir --git-common-dir [13ms]
[2022-11-08T15:04:07.995Z] [info] Open repository: /home/nvidia/jetson-inference/python/training/detection
[2022-11-08T15:04:08.018Z] > git symbolic-ref --short HEAD [57ms]
[2022-11-08T15:04:08.018Z] fatal: ref HEAD is not a symbolic ref
[2022-11-08T15:04:08.038Z] > git status -z -uall [31ms]
[2022-11-08T15:04:08.048Z] > git rev-parse HEAD [20ms]
[2022-11-08T15:04:08.068Z] > git rev-parse --show-toplevel [51ms]
[2022-11-08T15:04:08.079Z] > git for-each-ref --format=%(refname)%00%(upstream:short)%00%(objectname)%00%(upstream:track)%00%(upstream:remotename)%00%(upstream:remoteref) refs/heads/master refs/remotes/master [95ms]
[2022-11-08T15:04:08.106Z] > git remote --verbose [7ms]
[2022-11-08T15:04:08.107Z] > git for-each-ref --sort -committerdate --format %(refname) %(objectname) %(*objectname) [18ms]
[2022-11-08T15:04:08.109Z] > git rev-parse --git-dir --git-common-dir [31ms]
[2022-11-08T15:04:08.118Z] [info] Open repository: /home/nvidia/jetson-inference/python/training/segmentation
[2022-11-08T15:04:08.141Z] > git remote --verbose [74ms]
[2022-11-08T15:04:08.142Z] > git symbolic-ref --short HEAD [95ms]
[2022-11-08T15:04:08.142Z] fatal: ref HEAD is not a symbolic ref
[2022-11-08T15:04:08.152Z] > git for-each-ref --sort -committerdate --format %(refname) %(objectname) %(*objectname) [301ms]
[2022-11-08T15:04:08.158Z] > git for-each-ref --sort -committerdate --format %(refname) %(objectname) %(*objectname) [283ms]
[2022-11-08T15:04:08.200Z] > git status -z -uall [68ms]
[2022-11-08T15:04:08.211Z] > git check-ignore -v -z --stdin [38ms]
[2022-11-08T15:04:08.213Z] > git rev-parse HEAD [61ms]
[2022-11-08T15:04:08.235Z] > git rev-parse --show-toplevel [94ms]
[2022-11-08T15:04:08.245Z] > git for-each-ref --sort -committerdate --format %(refname) %(objectname) %(*objectname) [187ms]
[2022-11-08T15:04:08.264Z] > git rev-parse --git-dir --git-common-dir [19ms]
[2022-11-08T15:04:08.273Z] [info] Open repository: /home/nvidia/jetson-inference/plugins/pose
[2022-11-08T15:04:08.295Z] > git remote --verbose [62ms]
[2022-11-08T15:04:08.296Z] > git for-each-ref --sort -committerdate --format %(refname) %(objectname) %(*objectname) [74ms]
[2022-11-08T15:04:08.297Z] > git symbolic-ref --short HEAD [87ms]
[2022-11-08T15:04:08.297Z] fatal: ref HEAD is not a symbolic ref
[2022-11-08T15:04:08.307Z] > git config --get commit.template [110ms]
[2022-11-08T15:04:08.309Z] > git config --get commit.template [124ms]
[2022-11-08T15:04:08.320Z] > git status -z -uall [35ms]
[2022-11-08T15:04:08.331Z] > git rev-parse HEAD [25ms]
[2022-11-08T15:04:08.352Z] > git rev-parse --show-toplevel [57ms]
[2022-11-08T15:04:08.364Z] > git config --get commit.template [104ms]
[2022-11-08T15:04:08.379Z] > git rev-parse --git-dir --git-common-dir [16ms]
[2022-11-08T15:04:08.386Z] [info] Open repository: /home/nvidia/jetson-inference/docker/containers
[2022-11-08T15:04:08.400Z] > git remote --verbose [49ms]
[2022-11-08T15:04:08.401Z] > git for-each-ref --sort -committerdate --format %(refname) %(objectname) %(*objectname) [61ms]
[2022-11-08T15:04:08.405Z] > git symbolic-ref --short HEAD [75ms]
[2022-11-08T15:04:08.405Z] fatal: ref HEAD is not a symbolic ref
[2022-11-08T15:04:08.433Z] > git status -z -uall [35ms]
[2022-11-08T15:04:08.444Z] > git config --get commit.template [68ms]
[2022-11-08T15:04:08.457Z] > git symbolic-ref --short HEAD [14ms]
[2022-11-08T15:04:08.457Z] fatal: ref HEAD is not a symbolic ref
[2022-11-08T15:04:08.467Z] > git config --get commit.template [36ms]
[2022-11-08T15:04:08.469Z] > git rev-parse HEAD [54ms]
[2022-11-08T15:04:08.499Z] > git remote --verbose [10ms]
[2022-11-08T15:04:08.499Z] > git rev-parse HEAD [32ms]
[2022-11-08T15:04:08.520Z] > git config --get commit.template [65ms]
[2022-11-08T15:04:08.524Z] > git remote --verbose [6ms]
[2022-11-08T15:04:08.525Z] > git for-each-ref --sort -committerdate --format %(refname) %(objectname) %(*objectname) [16ms]
[2022-11-08T15:04:08.529Z] > git for-each-ref --sort -committerdate --format %(refname) %(objectname) %(*objectname) [50ms]
[2022-11-08T15:04:08.554Z] > git config --get commit.template [12ms]
[2022-11-08T15:04:08.557Z] > git config --get commit.template [5ms]
[2022-11-08T15:04:08.933Z] > git rev-parse --show-toplevel [3ms]
[2022-11-08T15:04:08.945Z] > git rev-parse --git-dir --git-common-dir [2ms]
[2022-11-08T15:04:08.962Z] [info] Open repository: /home/nvidia/jetson-inference/python/training/detection/ssd
[2022-11-08T15:04:08.983Z] > git status -z -uall [9ms]
[2022-11-08T15:04:09.008Z] > git symbolic-ref --short HEAD [13ms]
[2022-11-08T15:04:09.008Z] fatal: ref HEAD is not a symbolic ref
[2022-11-08T15:04:09.020Z] > git check-ignore -v -z --stdin [14ms]
[2022-11-08T15:04:09.029Z] > git rev-parse HEAD [11ms]
[2022-11-08T15:04:09.059Z] > git remote --verbose [4ms]
[2022-11-08T15:04:09.060Z] > git for-each-ref --sort -committerdate --format %(refname) %(objectname) %(*objectname) [21ms]
[2022-11-08T15:04:09.081Z] > git config --get commit.template [7ms]
[2022-11-08T15:04:09.789Z] > git check-ignore -v -z --stdin [15ms]
[2022-11-08T15:04:09.792Z] > git check-ignore -v -z --stdin [6ms]
[2022-11-08T15:04:13.532Z] > git check-ignore -v -z --stdin [3ms]
[2022-11-08T15:04:15.573Z] > git check-ignore -v -z --stdin [3ms]
[2022-11-08T15:04:17.254Z] > git check-ignore -v -z --stdin [4ms]
[2022-11-08T15:04:18.902Z] > git check-ignore -v -z --stdin [4ms]
[2022-11-08T15:04:21.735Z] > git check-ignore -v -z --stdin [25ms]
[2022-11-08T15:04:21.736Z] > git check-ignore -v -z --stdin [15ms]
[2022-11-08T15:04:21.738Z] > git check-ignore -v -z --stdin [6ms]
[2022-11-08T15:04:26.491Z] > git check-ignore -v -z --stdin [12ms]
[2022-11-08T15:04:26.493Z] > git check-ignore -v -z --stdin [4ms]
[2022-11-08T15:04:27.985Z] > git check-ignore -v -z --stdin [2ms]
[2022-11-08T15:04:30.077Z] > git check-ignore -v -z --stdin [3ms]
[2022-11-08T15:04:41.793Z] > git check-ignore -v -z --stdin [4ms]
[2022-11-08T15:11:12.794Z] > git check-ignore -v -z --stdin [3ms]
[2022-11-08T15:11:32.117Z] > git check-ignore -v -z --stdin [2ms]
[2022-11-08T15:11:35.641Z] > git check-ignore -v -z --stdin [4ms]
[2022-11-08T15:11:47.883Z] > git check-ignore -v -z --stdin [2ms]
[2022-11-08T15:11:50.925Z] > git check-ignore -v -z --stdin [5ms]
[2022-11-08T15:11:58.091Z] > git check-ignore -v -z --stdin [3ms]
[2022-11-08T15:12:01.412Z] > git check-ignore -v -z --stdin [9ms]
[2022-11-08T15:12:07.590Z] > git check-ignore -v -z --stdin [13ms]
[2022-11-08T15:12:13.663Z] > git check-ignore -v -z --stdin [4ms]
[2022-11-08T15:12:16.713Z] > git check-ignore -v -z --stdin [4ms]
[2022-11-08T15:12:18.741Z] > git check-ignore -v -z --stdin [4ms]
[2022-11-08T15:17:10.593Z] > git check-ignore -v -z --stdin [2ms]
[2022-11-08T15:18:07.797Z] > git check-ignore -v -z --stdin [3ms]
[2022-11-08T15:18:12.668Z] > git check-ignore -v -z --stdin [3ms]
[2022-11-08T15:18:26.044Z] > git check-ignore -v -z --stdin [3ms]
[2022-11-08T15:18:26.718Z] > git check-ignore -v -z --stdin [2ms]
[2022-11-08T15:18:31.473Z] > git check-ignore -v -z --stdin [5ms]
[2022-11-08T15:18:32.379Z] > git check-ignore -v -z --stdin [3ms]
[2022-11-08T15:22:15.402Z] > git check-ignore -v -z --stdin [2ms]
[2022-11-08T15:22:15.922Z] > git status -z -uall [5ms]
[2022-11-08T15:22:15.936Z] > git symbolic-ref --short HEAD [2ms]
[2022-11-08T15:22:15.936Z] fatal: ref HEAD is not a symbolic ref
[2022-11-08T15:22:15.949Z] > git rev-parse HEAD [3ms]
[2022-11-08T15:22:15.972Z] > git for-each-ref --sort -committerdate --format %(refname) %(objectname) %(*objectname) [13ms]
[2022-11-08T15:22:15.973Z] > git remote --verbose [3ms]
[2022-11-08T15:22:15.991Z] > git config --get commit.template [2ms]
[2022-11-08T15:22:16.657Z] > git status -z -uall [752ms]
[2022-11-08T15:22:16.670Z] > git symbolic-ref --short HEAD [2ms]
[2022-11-08T15:22:16.684Z] > git for-each-ref --format=%(refname)%00%(upstream:short)%00%(objectname)%00%(upstream:track)%00%(upstream:remotename)%00%(upstream:remoteref) refs/heads/master refs/remotes/master [3ms]
[2022-11-08T15:22:16.708Z] > git for-each-ref --sort -committerdate --format %(refname) %(objectname) %(*objectname) [13ms]
[2022-11-08T15:22:16.710Z] > git remote --verbose [5ms]
[2022-11-08T15:22:16.728Z] > git config --get commit.template [2ms]
[2022-11-08T15:31:33.666Z] > git status -z -uall [1410ms]
[2022-11-08T15:31:34.336Z] > git symbolic-ref --short HEAD [226ms]
[2022-11-08T15:31:34.336Z] fatal: ref HEAD is not a symbolic ref
[2022-11-08T15:31:34.604Z] > git rev-parse HEAD [186ms]
[2022-11-08T15:31:34.744Z] > git remote --verbose [105ms]
[2022-11-08T15:31:34.874Z] > git for-each-ref --sort -committerdate --format %(refname) %(objectname) %(*objectname) [249ms]
[2022-11-08T15:31:35.221Z] > git config --get commit.template [175ms]
[2022-11-08T15:31:44.840Z] > git check-ignore -v -z --stdin [2575ms]
[2022-11-08T15:31:52.059Z] > git status -z -uall [2428ms]
[2022-11-08T15:31:54.967Z] > git symbolic-ref --short HEAD [348ms]
[2022-11-08T15:31:54.967Z] fatal: ref HEAD is not a symbolic ref
[2022-11-08T15:31:55.056Z] > git rev-parse HEAD [79ms]
[2022-11-08T15:31:57.089Z] > git remote --verbose [1131ms]
[2022-11-08T15:31:57.089Z] > git for-each-ref --sort -committerdate --format %(refname) %(objectname) %(*objectname) [2023ms]
[2022-11-08T15:31:58.305Z] > git config --get commit.template [524ms]
[2022-11-08T15:32:56.441Z] > git status -z -uall [83860ms]
[2022-11-08T15:33:19.237Z] > git symbolic-ref --short HEAD [664ms]
[2022-11-08T15:33:28.587Z] > git for-each-ref --format=%(refname)%00%(upstream:short)%00%(objectname)%00%(upstream:track)%00%(upstream:remotename)%00%(upstream:remoteref) refs/heads/master refs/remotes/master [7430ms]
[2022-11-08T15:33:30.407Z] > git remote --verbose [1349ms]
[2022-11-08T15:33:30.727Z] > git for-each-ref --sort -committerdate --format %(refname) %(objectname) %(*objectname) [1698ms]
[2022-11-08T15:33:34.258Z] > git config --get commit.template [1150ms]
[2022-11-08T15:34:28.307Z] > git rev-parse --show-toplevel [26ms]
[2022-11-08T15:34:28.307Z] fatal: not a git repository (or any of the parent directories): .git
[2022-11-08T15:34:28.375Z] > git status -z -uall [81ms]
[2022-11-08T15:34:28.389Z] > git symbolic-ref --short HEAD [5ms]
[2022-11-08T15:34:28.389Z] fatal: ref HEAD is not a symbolic ref
[2022-11-08T15:34:28.400Z] > git rev-parse HEAD [3ms]
[2022-11-08T15:34:28.757Z] > git remote --verbose [170ms]
[2022-11-08T15:34:28.758Z] > git for-each-ref --sort -committerdate --format %(refname) %(objectname) %(*objectname) [231ms]
[2022-11-08T15:34:28.901Z] > git config --get commit.template [3ms]
[2022-11-08T15:34:34.322Z] > git status -z -uall [405ms]
[2022-11-08T15:34:34.338Z] > git symbolic-ref --short HEAD [3ms]
[2022-11-08T15:34:34.338Z] fatal: ref HEAD is not a symbolic ref
[2022-11-08T15:34:34.438Z] > git rev-parse HEAD [92ms]
[2022-11-08T15:34:34.458Z] > git remote --verbose [2ms]
[2022-11-08T15:34:34.689Z] > git for-each-ref --sort -committerdate --format %(refname) %(objectname) %(*objectname) [240ms]
[2022-11-08T15:34:34.703Z] > git config --get commit.template [2ms]
[2022-11-08T15:34:39.764Z] > git status -z -uall [43ms]
[2022-11-08T15:34:39.781Z] > git symbolic-ref --short HEAD [6ms]
[2022-11-08T15:34:39.781Z] fatal: ref HEAD is not a symbolic ref
[2022-11-08T15:34:39.797Z] > git rev-parse HEAD [2ms]
[2022-11-08T15:34:39.820Z] > git for-each-ref --sort -committerdate --format %(refname) %(objectname) %(*objectname) [14ms]
[2022-11-08T15:34:39.821Z] > git remote --verbose [4ms]
[2022-11-08T15:34:39.836Z] > git config --get commit.template [2ms]
[2022-11-08T15:34:41.720Z] > git status -z -uall [3341ms]
[2022-11-08T15:34:41.735Z] > git symbolic-ref --short HEAD [6ms]
[2022-11-08T15:34:41.750Z] > git for-each-ref --format=%(refname)%00%(upstream:short)%00%(objectname)%00%(upstream:track)%00%(upstream:remotename)%00%(upstream:remoteref) refs/heads/master refs/remotes/master [4ms]
[2022-11-08T15:34:41.839Z] > git for-each-ref --sort -committerdate --format %(refname) %(objectname) %(*objectname) [78ms]
[2022-11-08T15:34:41.841Z] > git remote --verbose [70ms]
[2022-11-08T15:34:41.907Z] > git config --get commit.template [3ms]
[2022-11-08T15:41:53.611Z] > git status -z -uall [390ms]
[2022-11-08T15:41:53.805Z] > git symbolic-ref --short HEAD [54ms]
[2022-11-08T15:41:53.805Z] fatal: ref HEAD is not a symbolic ref
[2022-11-08T15:41:53.924Z] > git rev-parse HEAD [4ms]
[2022-11-08T15:41:54.954Z] > git remote --verbose [929ms]
[2022-11-08T15:41:54.958Z] > git for-each-ref --sort -committerdate --format %(refname) %(objectname) %(*objectname) [983ms]
[2022-11-08T15:42:01.756Z] > git check-ignore -v -z --stdin [2421ms]
[2022-11-08T15:42:02.411Z] > git config --get commit.template [1283ms]
[2022-11-08T15:42:36.994Z] > git status -z -uall [43924ms]
[2022-11-08T15:42:37.300Z] > git symbolic-ref --short HEAD [13ms]
[2022-11-08T15:42:37.658Z] > git for-each-ref --format=%(refname)%00%(upstream:short)%00%(objectname)%00%(upstream:track)%00%(upstream:remotename)%00%(upstream:remoteref) refs/heads/master refs/remotes/master [195ms]
[2022-11-08T15:42:38.260Z] > git remote --verbose [488ms]
[2022-11-08T15:42:38.261Z] > git for-each-ref --sort -committerdate --format %(refname) %(objectname) %(*objectname) [525ms]
[2022-11-08T15:42:44.739Z] > git config --get commit.template [17ms]
[2022-11-08T15:42:44.789Z] > git status -z -uall [108ms]
[2022-11-08T15:42:44.810Z] > git symbolic-ref --short HEAD [2ms]
[2022-11-08T15:42:44.810Z] fatal: ref HEAD is not a symbolic ref
[2022-11-08T15:42:44.826Z] > git rev-parse HEAD [5ms]
[2022-11-08T15:42:44.852Z] > git for-each-ref --sort -committerdate --format %(refname) %(objectname) %(*objectname) [15ms]
[2022-11-08T15:42:44.854Z] > git remote --verbose [7ms]
[2022-11-08T15:42:44.879Z] > git config --get commit.template [11ms]
[2022-11-08T15:42:50.265Z] > git status -z -uall [373ms]
[2022-11-08T15:42:50.312Z] > git symbolic-ref --short HEAD [4ms]
[2022-11-08T15:42:50.312Z] fatal: ref HEAD is not a symbolic ref
[2022-11-08T15:42:50.325Z] > git rev-parse HEAD [3ms]
[2022-11-08T15:42:50.490Z] > git for-each-ref --sort -committerdate --format %(refname) %(objectname) %(*objectname) [157ms]
[2022-11-08T15:42:50.491Z] > git remote --verbose [148ms]
[2022-11-08T15:42:50.512Z] > git config --get commit.template [3ms]
[2022-11-08T15:42:56.302Z] > git status -z -uall [600ms]
[2022-11-08T15:42:56.718Z] > git symbolic-ref --short HEAD [131ms]
[2022-11-08T15:42:56.718Z] fatal: ref HEAD is not a symbolic ref
[2022-11-08T15:42:56.745Z] > git rev-parse HEAD [5ms]
[2022-11-08T15:42:56.843Z] > git remote --verbose [79ms]
[2022-11-08T15:42:56.898Z] > git for-each-ref --sort -committerdate --format %(refname) %(objectname) %(*objectname) [143ms]
[2022-11-08T15:42:57.007Z] > git config --get commit.template [3ms]
[2022-11-08T15:43:03.300Z] > git status -z -uall [289ms]
[2022-11-08T15:43:03.322Z] > git symbolic-ref --short HEAD [2ms]
[2022-11-08T15:43:03.322Z] fatal: ref HEAD is not a symbolic ref
[2022-11-08T15:43:03.335Z] > git rev-parse HEAD [1ms]
[2022-11-08T15:43:03.432Z] > git remote --verbose [28ms]
[2022-11-08T15:43:03.460Z] > git for-each-ref --sort -committerdate --format %(refname) %(objectname) %(*objectname) [116ms]
[2022-11-08T15:43:03.567Z] > git config --get commit.template [2ms]
[2022-11-08T15:43:06.997Z] > git status -z -uall [17135ms]
[2022-11-08T15:43:07.091Z] > git symbolic-ref --short HEAD [4ms]
[2022-11-08T15:43:07.107Z] > git for-each-ref --format=%(refname)%00%(upstream:short)%00%(objectname)%00%(upstream:track)%00%(upstream:remotename)%00%(upstream:remoteref) refs/heads/master refs/remotes/master [6ms]
[2022-11-08T15:43:07.131Z] > git remote --verbose [4ms]
[2022-11-08T15:43:07.137Z] > git for-each-ref --sort -committerdate --format %(refname) %(objectname) %(*objectname) [20ms]
[2022-11-08T15:43:07.236Z] > git config --get commit.template [3ms]
[2022-11-08T15:43:11.040Z] > git status -z -uall [251ms]
[2022-11-08T15:43:11.091Z] > git symbolic-ref --short HEAD [3ms]
[2022-11-08T15:43:11.091Z] fatal: ref HEAD is not a symbolic ref
[2022-11-08T15:43:11.103Z] > git rev-parse HEAD [3ms]
[2022-11-08T15:43:11.124Z] > git remote --verbose [4ms]
[2022-11-08T15:43:11.182Z] > git for-each-ref --sort -committerdate --format %(refname) %(objectname) %(*objectname) [70ms]
[2022-11-08T15:43:11.577Z] > git config --get commit.template [9ms]
[2022-11-08T15:43:18.694Z] > git status -z -uall [5ms]
[2022-11-08T15:43:18.773Z] > git symbolic-ref --short HEAD [2ms]
[2022-11-08T15:43:18.773Z] fatal: ref HEAD is not a symbolic ref
[2022-11-08T15:43:18.926Z] > git rev-parse HEAD [143ms]
[2022-11-08T15:43:18.969Z] > git remote --verbose [2ms]
[2022-11-08T15:43:19.060Z] > git for-each-ref --sort -committerdate --format %(refname) %(objectname) %(*objectname) [114ms]
[2022-11-08T15:43:19.087Z] > git config --get commit.template [4ms]
[2022-11-08T15:43:22.055Z] > git status -z -uall [9805ms]
[2022-11-08T15:43:22.238Z] > git symbolic-ref --short HEAD [11ms]
[2022-11-08T15:43:22.254Z] > git for-each-ref --format=%(refname)%00%(upstream:short)%00%(objectname)%00%(upstream:track)%00%(upstream:remotename)%00%(upstream:remoteref) refs/heads/master refs/remotes/master [7ms]
[2022-11-08T15:43:22.276Z] > git remote --verbose [2ms]
[2022-11-08T15:43:22.284Z] > git for-each-ref --sort -committerdate --format %(refname) %(objectname) %(*objectname) [20ms]
[2022-11-08T15:43:22.379Z] > git config --get commit.template [4ms]
[2022-11-08T15:43:25.965Z] > git status -z -uall [287ms]
[2022-11-08T15:43:26.016Z] > git symbolic-ref --short HEAD [4ms]
[2022-11-08T15:43:26.016Z] fatal: ref HEAD is not a symbolic ref
[2022-11-08T15:43:26.138Z] > git rev-parse HEAD [113ms]
[2022-11-08T15:43:26.177Z] > git remote --verbose [21ms]
[2022-11-08T15:43:26.221Z] > git for-each-ref --sort -committerdate --format %(refname) %(objectname) %(*objectname) [73ms]
[2022-11-08T15:43:26.238Z] > git config --get commit.template [3ms]
[2022-11-08T15:43:35.314Z] > git status -z -uall [897ms]
[2022-11-08T15:43:35.808Z] > git symbolic-ref --short HEAD [55ms]
[2022-11-08T15:43:35.808Z] fatal: ref HEAD is not a symbolic ref
[2022-11-08T15:43:36.011Z] > git rev-parse HEAD [7ms]
[2022-11-08T15:43:36.178Z] > git remote --verbose [92ms]
[2022-11-08T15:43:36.294Z] > git for-each-ref --sort -committerdate --format %(refname) %(objectname) %(*objectname) [245ms]
[2022-11-08T15:43:36.858Z] > git config --get commit.template [145ms]
[2022-11-08T15:43:40.233Z] > git status -z -uall [12841ms]
[2022-11-08T15:43:40.303Z] > git symbolic-ref --short HEAD [4ms]
[2022-11-08T15:43:40.318Z] > git for-each-ref --format=%(refname)%00%(upstream:short)%00%(objectname)%00%(upstream:track)%00%(upstream:remotename)%00%(upstream:remoteref) refs/heads/master refs/remotes/master [5ms]
[2022-11-08T15:43:40.387Z] > git for-each-ref --sort -committerdate --format %(refname) %(objectname) %(*objectname) [60ms]
[2022-11-08T15:43:40.393Z] > git remote --verbose [57ms]
[2022-11-08T15:43:40.491Z] > git config --get commit.template [4ms]
[2022-11-08T15:43:47.971Z] > git status -z -uall [673ms]
[2022-11-08T15:43:48.129Z] > git symbolic-ref --short HEAD [25ms]
[2022-11-08T15:43:48.129Z] fatal: ref HEAD is not a symbolic ref
[2022-11-08T15:43:48.178Z] > git rev-parse HEAD [3ms]
[2022-11-08T15:43:49.216Z] > git remote --verbose [952ms]
[2022-11-08T15:43:49.338Z] > git for-each-ref --sort -committerdate --format %(refname) %(objectname) %(*objectname) [1091ms]
[2022-11-08T15:43:49.826Z] > git config --get commit.template [3ms]
[2022-11-08T15:43:56.301Z] > git status -z -uall [910ms]
[2022-11-08T15:43:56.356Z] > git symbolic-ref --short HEAD [3ms]
[2022-11-08T15:43:56.356Z] fatal: ref HEAD is not a symbolic ref
[2022-11-08T15:43:56.413Z] > git rev-parse HEAD [12ms]
[2022-11-08T15:43:56.543Z] > git remote --verbose [112ms]
[2022-11-08T15:43:56.684Z] > git for-each-ref --sort -committerdate --format %(refname) %(objectname) %(*objectname) [262ms]
[2022-11-08T15:43:56.707Z] > git config --get commit.template [2ms]
[2022-11-08T15:44:07.751Z] > git status -z -uall [1016ms]
[2022-11-08T15:44:07.937Z] > git symbolic-ref --short HEAD [3ms]
[2022-11-08T15:44:07.937Z] fatal: ref HEAD is not a symbolic ref
[2022-11-08T15:44:08.042Z] > git rev-parse HEAD [30ms]
[2022-11-08T15:44:08.227Z] > git remote --verbose [89ms]
[2022-11-08T15:44:08.499Z] > git for-each-ref --sort -committerdate --format %(refname) %(objectname) %(*objectname) [425ms]
[2022-11-08T15:44:08.555Z] > git config --get commit.template [2ms]
[2022-11-08T15:44:11.684Z] > git status -z -uall [24397ms]
[2022-11-08T15:44:11.705Z] > git symbolic-ref --short HEAD [3ms]
[2022-11-08T15:44:11.719Z] > git for-each-ref --format=%(refname)%00%(upstream:short)%00%(objectname)%00%(upstream:track)%00%(upstream:remotename)%00%(upstream:remoteref) refs/heads/master refs/remotes/master [5ms]
[2022-11-08T15:44:11.770Z] > git for-each-ref --sort -committerdate --format %(refname) %(objectname) %(*objectname) [42ms]
[2022-11-08T15:44:11.771Z] > git remote --verbose [35ms]
[2022-11-08T15:44:11.868Z] > git config --get commit.template [9ms]
[2022-11-08T15:44:14.648Z] > git status -z -uall [143ms]
[2022-11-08T15:44:14.778Z] > git symbolic-ref --short HEAD [63ms]
[2022-11-08T15:44:14.778Z] fatal: ref HEAD is not a symbolic ref
[2022-11-08T15:44:14.886Z] > git rev-parse HEAD [40ms]
[2022-11-08T15:44:15.075Z] > git remote --verbose [3ms]
[2022-11-08T15:44:15.167Z] > git for-each-ref --sort -committerdate --format %(refname) %(objectname) %(*objectname) [149ms]
[2022-11-08T15:44:15.291Z] > git config --get commit.template [3ms]
[2022-11-08T15:44:24.058Z] > git status -z -uall [616ms]
[2022-11-08T15:44:24.206Z] > git symbolic-ref --short HEAD [53ms]
[2022-11-08T15:44:24.206Z] fatal: ref HEAD is not a symbolic ref
[2022-11-08T15:44:24.275Z] > git rev-parse HEAD [61ms]
[2022-11-08T15:44:24.452Z] > git remote --verbose [65ms]
[2022-11-08T15:44:24.468Z] > git for-each-ref --sort -committerdate --format %(refname) %(objectname) %(*objectname) [99ms]
[2022-11-08T15:44:24.484Z] > git config --get commit.template [3ms]
[2022-11-08T15:44:28.383Z] > git status -z -uall [9414ms]
[2022-11-08T15:44:28.429Z] > git symbolic-ref --short HEAD [3ms]
[2022-11-08T15:44:28.442Z] > git for-each-ref --format=%(refname)%00%(upstream:short)%00%(objectname)%00%(upstream:track)%00%(upstream:remotename)%00%(upstream:remoteref) refs/heads/master refs/remotes/master [4ms]
[2022-11-08T15:44:28.541Z] > git for-each-ref --sort -committerdate --format %(refname) %(objectname) %(*objectname) [87ms]
[2022-11-08T15:44:28.541Z] > git remote --verbose [75ms]
[2022-11-08T15:44:28.594Z] > git config --get commit.template [3ms]
[2022-11-08T15:44:33.206Z] > git status -z -uall [102ms]
[2022-11-08T15:44:33.299Z] > git symbolic-ref --short HEAD [9ms]
[2022-11-08T15:44:33.299Z] fatal: ref HEAD is not a symbolic ref
[2022-11-08T15:44:33.311Z] > git rev-parse HEAD [4ms]
[2022-11-08T15:44:33.331Z] > git remote --verbose [2ms]
[2022-11-08T15:44:33.393Z] > git for-each-ref --sort -committerdate --format %(refname) %(objectname) %(*objectname) [73ms]
[2022-11-08T15:44:33.408Z] > git config --get commit.template [3ms]
[2022-11-08T15:44:40.410Z] > git status -z -uall [255ms]
[2022-11-08T15:44:40.440Z] > git symbolic-ref --short HEAD [3ms]
[2022-11-08T15:44:40.440Z] fatal: ref HEAD is not a symbolic ref
[2022-11-08T15:44:40.451Z] > git rev-parse HEAD [2ms]
[2022-11-08T15:44:40.516Z] > git remote --verbose [47ms]
[2022-11-08T15:44:40.553Z] > git for-each-ref --sort -committerdate --format %(refname) %(objectname) %(*objectname) [93ms]
[2022-11-08T15:44:40.568Z] > git config --get commit.template [3ms]
[2022-11-08T15:44:44.145Z] > git status -z -uall [10534ms]
[2022-11-08T15:44:44.220Z] > git symbolic-ref --short HEAD [4ms]
[2022-11-08T15:44:44.239Z] > git for-each-ref --format=%(refname)%00%(upstream:short)%00%(objectname)%00%(upstream:track)%00%(upstream:remotename)%00%(upstream:remoteref) refs/heads/master refs/remotes/master [10ms]
[2022-11-08T15:44:44.310Z] > git for-each-ref --sort -committerdate --format %(refname) %(objectname) %(*objectname) [61ms]
[2022-11-08T15:44:44.312Z] > git remote --verbose [53ms]
[2022-11-08T15:44:44.412Z] > git config --get commit.template [3ms]
[2022-11-08T15:44:49.598Z] > git status -z -uall [5ms]
[2022-11-08T15:44:49.624Z] > git symbolic-ref --short HEAD [5ms]
[2022-11-08T15:44:49.624Z] fatal: ref HEAD is not a symbolic ref
[2022-11-08T15:44:49.636Z] > git rev-parse HEAD [3ms]
[2022-11-08T15:44:49.665Z] > git remote --verbose [3ms]
[2022-11-08T15:44:49.743Z] > git for-each-ref --sort -committerdate --format %(refname) %(objectname) %(*objectname) [93ms]
[2022-11-08T15:44:49.758Z] > git config --get commit.template [3ms]
[2022-11-08T15:44:56.111Z] > git status -z -uall [6528ms]
[2022-11-08T15:44:56.239Z] > git symbolic-ref --short HEAD [3ms]
[2022-11-08T15:44:56.257Z] > git for-each-ref --format=%(refname)%00%(upstream:short)%00%(objectname)%00%(upstream:track)%00%(upstream:remotename)%00%(upstream:remoteref) refs/heads/master refs/remotes/master [6ms]
[2022-11-08T15:44:56.278Z] > git remote --verbose [2ms]
[2022-11-08T15:44:56.285Z] > git for-each-ref --sort -committerdate --format %(refname) %(objectname) %(*objectname) [19ms]
[2022-11-08T15:44:56.335Z] > git config --get commit.template [3ms]
[2022-11-08T15:45:00.535Z] > git status -z -uall [221ms]
[2022-11-08T15:45:00.566Z] > git symbolic-ref --short HEAD [3ms]
[2022-11-08T15:45:00.566Z] fatal: ref HEAD is not a symbolic ref
[2022-11-08T15:45:00.580Z] > git rev-parse HEAD [4ms]
[2022-11-08T15:45:00.616Z] > git remote --verbose [2ms]
[2022-11-08T15:45:00.717Z] > git for-each-ref --sort -committerdate --format %(refname) %(objectname) %(*objectname) [112ms]
[2022-11-08T15:45:00.733Z] > git config --get commit.template [3ms]
[2022-11-08T15:45:09.661Z] > git status -z -uall [1598ms]
[2022-11-08T15:45:09.720Z] > git symbolic-ref --short HEAD [3ms]
[2022-11-08T15:45:09.720Z] fatal: ref HEAD is not a symbolic ref
[2022-11-08T15:45:09.732Z] > git rev-parse HEAD [3ms]
[2022-11-08T15:45:09.797Z] > git for-each-ref --sort -committerdate --format %(refname) %(objectname) %(*objectname) [57ms]
[2022-11-08T15:45:09.798Z] > git remote --verbose [3ms]
[2022-11-08T15:45:09.811Z] > git config --get commit.template [2ms]
[2022-11-08T15:45:15.934Z] > git status -z -uall [1110ms]
[2022-11-08T15:45:16.114Z] > git symbolic-ref --short HEAD [3ms]
[2022-11-08T15:45:16.114Z] fatal: ref HEAD is not a symbolic ref
[2022-11-08T15:45:16.164Z] > git rev-parse HEAD [3ms]
[2022-11-08T15:45:16.192Z] > git remote --verbose [2ms]
[2022-11-08T15:45:16.237Z] > git for-each-ref --sort -committerdate --format %(refname) %(objectname) %(*objectname) [61ms]
[2022-11-08T15:45:16.251Z] > git config --get commit.template [3ms]
[2022-11-08T15:45:22.476Z] > git status -z -uall [20997ms]
[2022-11-08T15:45:22.858Z] > git symbolic-ref --short HEAD [38ms]
[2022-11-08T15:45:22.903Z] > git for-each-ref --format=%(refname)%00%(upstream:short)%00%(objectname)%00%(upstream:track)%00%(upstream:remotename)%00%(upstream:remoteref) refs/heads/master refs/remotes/master [25ms]
[2022-11-08T15:45:22.924Z] > git remote --verbose [3ms]
[2022-11-08T15:45:22.952Z] > git for-each-ref --sort -committerdate --format %(refname) %(objectname) %(*objectname) [40ms]
[2022-11-08T15:45:23.055Z] > git config --get commit.template [3ms]
[2022-11-08T15:45:24.177Z] > git status -z -uall [113ms]
[2022-11-08T15:45:24.190Z] > git symbolic-ref --short HEAD [3ms]
[2022-11-08T15:45:24.190Z] fatal: ref HEAD is not a symbolic ref
[2022-11-08T15:45:24.203Z] > git rev-parse HEAD [3ms]
[2022-11-08T15:45:24.230Z] > git remote --verbose [3ms]
[2022-11-08T15:45:24.261Z] > git for-each-ref --sort -committerdate --format %(refname) %(objectname) %(*objectname) [44ms]
[2022-11-08T15:45:24.276Z] > git config --get commit.template [3ms]
[2022-11-08T15:45:34.266Z] > git status -z -uall [129ms]
[2022-11-08T15:45:34.314Z] > git symbolic-ref --short HEAD [3ms]
[2022-11-08T15:45:34.314Z] fatal: ref HEAD is not a symbolic ref
[2022-11-08T15:45:34.326Z] > git rev-parse HEAD [2ms]
[2022-11-08T15:45:34.348Z] > git remote --verbose [2ms]
[2022-11-08T15:45:34.444Z] > git for-each-ref --sort -committerdate --format %(refname) %(objectname) %(*objectname) [107ms]
[2022-11-08T15:45:34.461Z] > git config --get commit.template [1ms]
[2022-11-08T15:45:39.150Z] > git status -z -uall [5023ms]
[2022-11-08T15:45:39.244Z] > git symbolic-ref --short HEAD [3ms]
[2022-11-08T15:45:39.263Z] > git for-each-ref --format=%(refname)%00%(upstream:short)%00%(objectname)%00%(upstream:track)%00%(upstream:remotename)%00%(upstream:remoteref) refs/heads/master refs/remotes/master [9ms]
[2022-11-08T15:45:39.286Z] > git remote --verbose [3ms]
[2022-11-08T15:45:39.321Z] > git for-each-ref --sort -committerdate --format %(refname) %(objectname) %(*objectname) [48ms]
[2022-11-08T15:45:39.387Z] > git config --get commit.template [2ms]
[2022-11-08T15:48:01.708Z] > git status -z -uall [438ms]
[2022-11-08T15:48:01.771Z] > git symbolic-ref --short HEAD [3ms]
[2022-11-08T15:48:01.771Z] fatal: ref HEAD is not a symbolic ref
[2022-11-08T15:48:01.783Z] > git rev-parse HEAD [3ms]
[2022-11-08T15:48:01.826Z] > git remote --verbose [26ms]
[2022-11-08T15:48:01.875Z] > git for-each-ref --sort -committerdate --format %(refname) %(objectname) %(*objectname) [83ms]
[2022-11-08T15:48:01.890Z] > git config --get commit.template [3ms]
[2022-11-08T15:48:09.730Z] > git status -z -uall [8450ms]
[2022-11-08T15:48:09.933Z] > git symbolic-ref --short HEAD [6ms]
[2022-11-08T15:48:09.946Z] > git for-each-ref --format=%(refname)%00%(upstream:short)%00%(objectname)%00%(upstream:track)%00%(upstream:remotename)%00%(upstream:remoteref) refs/heads/master refs/remotes/master [4ms]
[2022-11-08T15:48:09.968Z] > git remote --verbose [3ms]
[2022-11-08T15:48:09.973Z] > git for-each-ref --sort -committerdate --format %(refname) %(objectname) %(*objectname) [18ms]
[2022-11-08T15:48:09.990Z] > git config --get commit.template [2ms]
[2022-11-08T15:52:04.182Z] > git status -z -uall [61ms]
[2022-11-08T15:52:04.204Z] > git symbolic-ref --short HEAD [2ms]
[2022-11-08T15:52:04.204Z] fatal: ref HEAD is not a symbolic ref
[2022-11-08T15:52:04.217Z] > git rev-parse HEAD [2ms]
[2022-11-08T15:52:04.240Z] > git for-each-ref --sort -committerdate --format %(refname) %(objectname) %(*objectname) [11ms]
[2022-11-08T15:52:04.241Z] > git remote --verbose [2ms]
[2022-11-08T15:52:04.255Z] > git config --get commit.template [2ms]
[2022-11-08T15:52:06.529Z] > git status -z -uall [2397ms]
[2022-11-08T15:52:06.541Z] > git symbolic-ref --short HEAD [2ms]
[2022-11-08T15:52:06.571Z] > git for-each-ref --format=%(refname)%00%(upstream:short)%00%(objectname)%00%(upstream:track)%00%(upstream:remotename)%00%(upstream:remoteref) refs/heads/master refs/remotes/master [5ms]
[2022-11-08T15:52:06.593Z] > git remote --verbose [2ms]
[2022-11-08T15:52:06.601Z] > git for-each-ref --sort -committerdate --format %(refname) %(objectname) %(*objectname) [19ms]
[2022-11-08T15:52:06.618Z] > git config --get commit.template [2ms]
