[2022-10-29T16:12:58.351Z] Log level: Info
[2022-10-29T16:12:58.375Z] [info] Validating found git in: git
[2022-10-29T16:12:58.468Z] [info] Using git 2.17.1 from git
[2022-10-29T16:12:58.625Z] > git rev-parse --show-toplevel [113ms]
[2022-10-29T16:12:58.625Z] fatal: not a git repository (or any of the parent directories): .git
[2022-10-29T16:12:58.649Z] > git rev-parse --show-toplevel [4ms]
[2022-10-29T16:12:58.649Z] fatal: not a git repository (or any of the parent directories): .git
[2022-10-29T16:12:58.664Z] > git rev-parse --show-toplevel [3ms]
[2022-10-29T16:12:58.664Z] fatal: not a git repository (or any of the parent directories): .git
[2022-10-29T16:12:58.678Z] > git rev-parse --show-toplevel [4ms]
[2022-10-29T16:12:58.678Z] fatal: not a git repository (or any of the parent directories): .git
[2022-10-29T16:12:58.712Z] > git rev-parse --show-toplevel [24ms]
[2022-10-29T16:12:58.712Z] fatal: not a git repository (or any of the parent directories): .git
[2022-10-29T16:12:58.726Z] > git rev-parse --show-toplevel [2ms]
[2022-10-29T16:12:58.726Z] fatal: not a git repository (or any of the parent directories): .git
[2022-10-29T16:12:58.738Z] > git rev-parse --show-toplevel [2ms]
[2022-10-29T16:12:58.738Z] fatal: not a git repository (or any of the parent directories): .git
[2022-10-29T16:12:58.752Z] > git rev-parse --show-toplevel [2ms]
[2022-10-29T16:12:58.752Z] fatal: not a git repository (or any of the parent directories): .git
[2022-10-29T16:12:58.800Z] > git rev-parse --show-toplevel [37ms]
[2022-10-29T16:12:58.800Z] fatal: not a git repository (or any of the parent directories): .git
[2022-10-29T16:12:58.814Z] > git rev-parse --show-toplevel [4ms]
[2022-10-29T16:12:58.814Z] fatal: not a git repository (or any of the parent directories): .git
[2022-10-29T16:12:58.830Z] > git rev-parse --show-toplevel [5ms]
[2022-10-29T16:12:58.830Z] fatal: not a git repository (or any of the parent directories): .git
[2022-10-29T16:12:58.944Z] > git rev-parse --show-toplevel [103ms]
[2022-10-29T16:12:58.944Z] fatal: not a git repository (or any of the parent directories): .git
[2022-10-29T16:12:59.015Z] > git rev-parse --show-toplevel [56ms]
[2022-10-29T16:12:59.015Z] fatal: not a git repository (or any of the parent directories): .git
[2022-10-29T16:12:59.029Z] > git rev-parse --show-toplevel [4ms]
[2022-10-29T16:12:59.030Z] fatal: not a git repository (or any of the parent directories): .git
[2022-10-29T16:12:59.045Z] > git rev-parse --show-toplevel [4ms]
[2022-10-29T16:12:59.045Z] fatal: not a git repository (or any of the parent directories): .git
[2022-10-29T16:12:59.063Z] > git rev-parse --show-toplevel [6ms]
[2022-10-29T16:12:59.063Z] fatal: not a git repository (or any of the parent directories): .git
[2022-10-29T16:12:59.078Z] > git rev-parse --show-toplevel [5ms]
[2022-10-29T16:12:59.095Z] > git rev-parse --git-dir --git-common-dir [5ms]
[2022-10-29T16:12:59.123Z] [info] Open repository: /home/nvidia/jetson-inference
[2022-10-29T16:12:59.183Z] > git rev-parse --show-toplevel [15ms]
[2022-10-29T16:12:59.183Z] fatal: not a git repository (or any of the parent directories): .git
[2022-10-29T16:12:59.196Z] > git rev-parse --show-toplevel [3ms]
[2022-10-29T16:12:59.196Z] fatal: not a git repository (or any of the parent directories): .git
[2022-10-29T16:12:59.227Z] > git rev-parse --show-toplevel [20ms]
[2022-10-29T16:12:59.227Z] fatal: not a git repository (or any of the parent directories): .git
[2022-10-29T16:12:59.247Z] > git rev-parse --show-toplevel [9ms]
[2022-10-29T16:12:59.247Z] fatal: not a git repository (or any of the parent directories): .git
[2022-10-29T16:12:59.261Z] > git rev-parse --show-toplevel [4ms]
[2022-10-29T16:12:59.261Z] fatal: not a git repository (or any of the parent directories): .git
[2022-10-29T16:12:59.786Z] > git check-ignore -v -z --stdin [4ms]
[2022-10-29T16:12:59.927Z] > git status -z -uall [782ms]
[2022-10-29T16:12:59.940Z] > git symbolic-ref --short HEAD [3ms]
[2022-10-29T16:12:59.954Z] > git for-each-ref --format=%(refname)%00%(upstream:short)%00%(objectname)%00%(upstream:track)%00%(upstream:remotename)%00%(upstream:remoteref) refs/heads/master refs/remotes/master [3ms]
[2022-10-29T16:12:59.980Z] > git remote --verbose [6ms]
[2022-10-29T16:12:59.981Z] > git for-each-ref --sort -committerdate --format %(refname) %(objectname) %(*objectname) [16ms]
[2022-10-29T16:13:00.018Z] > git config --get commit.template [3ms]
[2022-10-29T16:13:00.514Z] > git rev-parse --show-toplevel [2ms]
[2022-10-29T16:13:00.527Z] > git rev-parse --git-dir --git-common-dir [3ms]
[2022-10-29T16:13:00.536Z] [info] Open repository: /home/nvidia/jetson-inference/utils
[2022-10-29T16:13:00.563Z] > git rev-parse --show-toplevel [3ms]
[2022-10-29T16:13:00.581Z] > git rev-parse --git-dir --git-common-dir [2ms]
[2022-10-29T16:13:00.591Z] [info] Open repository: /home/nvidia/jetson-inference/tools/camera-capture
[2022-10-29T16:13:00.616Z] > git status -z -uall [67ms]
[2022-10-29T16:13:00.626Z] > git status -z -uall [23ms]
[2022-10-29T16:13:00.639Z] > git symbolic-ref --short HEAD [13ms]
[2022-10-29T16:13:00.639Z] fatal: ref HEAD is not a symbolic ref
[2022-10-29T16:13:00.650Z] > git rev-parse --show-toplevel [37ms]
[2022-10-29T16:13:00.667Z] > git rev-parse HEAD [17ms]
[2022-10-29T16:13:00.687Z] > git symbolic-ref --short HEAD [51ms]
[2022-10-29T16:13:00.687Z] fatal: ref HEAD is not a symbolic ref
[2022-10-29T16:13:00.701Z] > git remote --verbose [15ms]
[2022-10-29T16:13:00.701Z] > git for-each-ref --sort -committerdate --format %(refname) %(objectname) %(*objectname) [25ms]
[2022-10-29T16:13:00.707Z] > git rev-parse --git-dir --git-common-dir [45ms]
[2022-10-29T16:13:00.716Z] [info] Open repository: /home/nvidia/jetson-inference/python/training/classification
[2022-10-29T16:13:00.751Z] > git status -z -uall [23ms]
[2022-10-29T16:13:00.762Z] > git rev-parse HEAD [66ms]
[2022-10-29T16:13:00.787Z] > git for-each-ref --sort -committerdate --format %(refname) %(objectname) %(*objectname) [14ms]
[2022-10-29T16:13:00.788Z] > git symbolic-ref --short HEAD [27ms]
[2022-10-29T16:13:00.788Z] fatal: ref HEAD is not a symbolic ref
[2022-10-29T16:13:00.799Z] > git config --get commit.template [50ms]
[2022-10-29T16:13:00.802Z] > git rev-parse --show-toplevel [64ms]
[2022-10-29T16:13:00.821Z] > git status -z -uall [787ms]
[2022-10-29T16:13:00.831Z] > git rev-parse --git-dir --git-common-dir [19ms]
[2022-10-29T16:13:00.841Z] [info] Open repository: /home/nvidia/jetson-inference/python/training/detection
[2022-10-29T16:13:00.864Z] > git rev-parse HEAD [65ms]
[2022-10-29T16:13:00.884Z] > git remote --verbose [101ms]
[2022-10-29T16:13:00.903Z] > git status -z -uall [50ms]
[2022-10-29T16:13:00.914Z] > git remote --verbose [32ms]
[2022-10-29T16:13:00.915Z] > git for-each-ref --sort -committerdate --format %(refname) %(objectname) %(*objectname) [42ms]
[2022-10-29T16:13:00.919Z] > git rev-parse --show-toplevel [56ms]
[2022-10-29T16:13:00.930Z] > git symbolic-ref --short HEAD [99ms]
[2022-10-29T16:13:00.957Z] > git rev-parse --git-dir --git-common-dir [28ms]
[2022-10-29T16:13:00.964Z] [info] Open repository: /home/nvidia/jetson-inference/python/training/segmentation
[2022-10-29T16:13:00.988Z] > git symbolic-ref --short HEAD [75ms]
[2022-10-29T16:13:00.988Z] fatal: ref HEAD is not a symbolic ref
[2022-10-29T16:13:00.998Z] > git config --get commit.template [98ms]
[2022-10-29T16:13:01.003Z] > git status -z -uall [27ms]
[2022-10-29T16:13:01.013Z] > git rev-parse HEAD [15ms]
[2022-10-29T16:13:01.033Z] > git rev-parse --show-toplevel [46ms]
[2022-10-29T16:13:01.044Z] > git config --get commit.template [94ms]
[2022-10-29T16:13:01.046Z] > git for-each-ref --format=%(refname)%00%(upstream:short)%00%(objectname)%00%(upstream:track)%00%(upstream:remotename)%00%(upstream:remoteref) refs/heads/master refs/remotes/master [106ms]
[2022-10-29T16:13:01.071Z] > git remote --verbose [6ms]
[2022-10-29T16:13:01.072Z] > git for-each-ref --sort -committerdate --format %(refname) %(objectname) %(*objectname) [16ms]
[2022-10-29T16:13:01.073Z] > git rev-parse --git-dir --git-common-dir [30ms]
[2022-10-29T16:13:01.080Z] [info] Open repository: /home/nvidia/jetson-inference/plugins/pose
[2022-10-29T16:13:01.103Z] > git remote --verbose [71ms]
[2022-10-29T16:13:01.104Z] > git for-each-ref --sort -committerdate --format %(refname) %(objectname) %(*objectname) [81ms]
[2022-10-29T16:13:01.105Z] > git symbolic-ref --short HEAD [92ms]
[2022-10-29T16:13:01.105Z] fatal: ref HEAD is not a symbolic ref
[2022-10-29T16:13:01.118Z] > git status -z -uall [25ms]
[2022-10-29T16:13:01.129Z] > git rev-parse --show-toplevel [26ms]
[2022-10-29T16:13:01.142Z] > git symbolic-ref --short HEAD [14ms]
[2022-10-29T16:13:01.142Z] fatal: ref HEAD is not a symbolic ref
[2022-10-29T16:13:01.152Z] > git rev-parse HEAD [38ms]
[2022-10-29T16:13:01.185Z] > git rev-parse HEAD [34ms]
[2022-10-29T16:13:01.206Z] > git rev-parse --git-dir --git-common-dir [67ms]
[2022-10-29T16:13:01.216Z] [info] Open repository: /home/nvidia/jetson-inference/docker/containers
[2022-10-29T16:13:01.283Z] > git status -z -uall [55ms]
[2022-10-29T16:13:01.294Z] > git remote --verbose [89ms]
[2022-10-29T16:13:01.295Z] > git for-each-ref --sort -committerdate --format %(refname) %(objectname) %(*objectname) [100ms]
[2022-10-29T16:13:01.300Z] > git for-each-ref --sort -committerdate --format %(refname) %(objectname) %(*objectname) [139ms]
[2022-10-29T16:13:01.300Z] > git remote --verbose [129ms]
[2022-10-29T16:13:01.335Z] > git symbolic-ref --short HEAD [42ms]
[2022-10-29T16:13:01.335Z] fatal: ref HEAD is not a symbolic ref
[2022-10-29T16:13:01.345Z] > git config --get commit.template [66ms]
[2022-10-29T16:13:01.347Z] > git config --get commit.template [77ms]
[2022-10-29T16:13:01.362Z] > git rev-parse HEAD [16ms]
[2022-10-29T16:13:01.383Z] > git config --get commit.template [50ms]
[2022-10-29T16:13:01.384Z] > git config --get commit.template [62ms]
[2022-10-29T16:13:01.440Z] > git check-ignore -v -z --stdin [82ms]
[2022-10-29T16:13:01.441Z] > git remote --verbose [61ms]
[2022-10-29T16:13:01.442Z] > git for-each-ref --sort -committerdate --format %(refname) %(objectname) %(*objectname) [71ms]
[2022-10-29T16:13:01.462Z] > git config --get commit.template [7ms]
[2022-10-29T16:13:01.696Z] > git rev-parse --show-toplevel [3ms]
[2022-10-29T16:13:01.709Z] > git rev-parse --git-dir --git-common-dir [3ms]
[2022-10-29T16:13:01.723Z] [info] Open repository: /home/nvidia/jetson-inference/python/training/detection/ssd
[2022-10-29T16:13:01.747Z] > git status -z -uall [9ms]
[2022-10-29T16:13:01.767Z] > git symbolic-ref --short HEAD [9ms]
[2022-10-29T16:13:01.767Z] fatal: ref HEAD is not a symbolic ref
[2022-10-29T16:13:01.785Z] > git rev-parse HEAD [8ms]
[2022-10-29T16:13:01.808Z] > git for-each-ref --sort -committerdate --format %(refname) %(objectname) %(*objectname) [13ms]
[2022-10-29T16:13:01.809Z] > git remote --verbose [5ms]
[2022-10-29T16:13:01.826Z] > git config --get commit.template [3ms]
[2022-10-29T16:13:01.974Z] > git check-ignore -v -z --stdin [3ms]
[2022-10-29T16:13:05.743Z] > git check-ignore -v -z --stdin [14ms]
[2022-10-29T16:13:05.746Z] > git check-ignore -v -z --stdin [6ms]
[2022-10-29T16:15:16.516Z] > git rev-parse --show-toplevel [4ms]
[2022-10-29T16:15:16.516Z] fatal: not a git repository (or any of the parent directories): .git
[2022-10-29T16:15:50.699Z] > git check-ignore -v -z --stdin [3ms]
[2022-10-29T16:15:51.600Z] > git check-ignore -v -z --stdin [14ms]
[2022-10-29T16:15:51.602Z] > git check-ignore -v -z --stdin [4ms]
[2022-10-29T16:16:58.279Z] > git rev-parse --show-toplevel [4ms]
[2022-10-29T16:16:58.279Z] fatal: not a git repository (or any of the parent directories): .git
[2022-10-29T16:17:06.368Z] > git check-ignore -v -z --stdin [3ms]
[2022-10-29T16:17:07.550Z] > git check-ignore -v -z --stdin [5ms]
[2022-10-29T16:17:08.902Z] > git check-ignore -v -z --stdin [4ms]
[2022-10-29T16:17:10.801Z] > git check-ignore -v -z --stdin [3ms]
[2022-10-29T16:17:17.906Z] > git check-ignore -v -z --stdin [6ms]
[2022-10-29T16:17:24.854Z] > git check-ignore -v -z --stdin [13ms]
[2022-10-29T16:17:24.856Z] > git check-ignore -v -z --stdin [4ms]
[2022-10-29T16:17:26.957Z] > git check-ignore -v -z --stdin [4ms]
[2022-10-29T16:17:29.799Z] > git check-ignore -v -z --stdin [4ms]
[2022-10-29T16:17:32.653Z] > git check-ignore -v -z --stdin [23ms]
[2022-10-29T16:17:32.654Z] > git check-ignore -v -z --stdin [14ms]
[2022-10-29T16:17:32.655Z] > git check-ignore -v -z --stdin [5ms]
[2022-10-29T16:17:34.478Z] > git check-ignore -v -z --stdin [3ms]
[2022-10-29T16:17:35.418Z] > git check-ignore -v -z --stdin [3ms]
[2022-10-29T16:17:39.674Z] > git check-ignore -v -z --stdin [2ms]
[2022-10-29T16:17:41.046Z] > git check-ignore -v -z --stdin [2ms]
[2022-10-29T16:17:43.450Z] > git check-ignore -v -z --stdin [7ms]
[2022-10-29T16:17:45.266Z] > git check-ignore -v -z --stdin [4ms]
[2022-10-29T16:17:46.920Z] > git check-ignore -v -z --stdin [3ms]
[2022-10-29T16:17:48.116Z] > git check-ignore -v -z --stdin [3ms]
[2022-10-29T16:17:49.063Z] > git check-ignore -v -z --stdin [4ms]
[2022-10-29T16:17:52.525Z] > git check-ignore -v -z --stdin [5ms]
[2022-10-29T16:17:53.667Z] > git check-ignore -v -z --stdin [5ms]
[2022-10-29T16:18:01.044Z] > git check-ignore -v -z --stdin [12ms]
[2022-10-29T16:18:01.045Z] > git check-ignore -v -z --stdin [3ms]
[2022-10-29T16:22:07.921Z] > git show --textconv :data/.gitkeep [12ms]
[2022-10-29T16:22:07.923Z] > git ls-files --stage -- /home/nvidia/jetson-inference/python/training/classification/data/.gitkeep [3ms]
[2022-10-29T16:22:07.937Z] > git cat-file -s e69de29bb2d1d6434b8b29ae775ad8c2e48c5391 [3ms]
[2022-10-29T16:22:48.236Z] > git status -z -uall [5ms]
[2022-10-29T16:22:48.250Z] > git symbolic-ref --short HEAD [4ms]
[2022-10-29T16:22:48.250Z] fatal: ref HEAD is not a symbolic ref
[2022-10-29T16:22:48.264Z] > git rev-parse HEAD [4ms]
[2022-10-29T16:22:48.285Z] > git for-each-ref --sort -committerdate --format %(refname) %(objectname) %(*objectname) [12ms]
[2022-10-29T16:22:48.286Z] > git remote --verbose [3ms]
[2022-10-29T16:22:48.302Z] > git config --get commit.template [2ms]
[2022-10-29T16:22:48.359Z] > git check-ignore -v -z --stdin [2ms]
[2022-10-29T16:22:48.975Z] > git status -z -uall [755ms]
[2022-10-29T16:22:48.987Z] > git symbolic-ref --short HEAD [2ms]
[2022-10-29T16:22:49.001Z] > git for-each-ref --format=%(refname)%00%(upstream:short)%00%(objectname)%00%(upstream:track)%00%(upstream:remotename)%00%(upstream:remoteref) refs/heads/master refs/remotes/master [4ms]
[2022-10-29T16:22:49.023Z] > git for-each-ref --sort -committerdate --format %(refname) %(objectname) %(*objectname) [12ms]
[2022-10-29T16:22:49.025Z] > git remote --verbose [5ms]
[2022-10-29T16:22:49.044Z] > git config --get commit.template [2ms]
[2022-10-29T16:22:53.321Z] > git status -z -uall [5ms]
[2022-10-29T16:22:53.334Z] > git symbolic-ref --short HEAD [3ms]
[2022-10-29T16:22:53.334Z] fatal: ref HEAD is not a symbolic ref
[2022-10-29T16:22:53.346Z] > git rev-parse HEAD [2ms]
[2022-10-29T16:22:53.370Z] > git for-each-ref --sort -committerdate --format %(refname) %(objectname) %(*objectname) [12ms]
[2022-10-29T16:22:53.371Z] > git remote --verbose [3ms]
[2022-10-29T16:22:53.390Z] > git config --get commit.template [2ms]
[2022-10-29T16:22:54.921Z] > git status -z -uall [862ms]
[2022-10-29T16:22:54.935Z] > git symbolic-ref --short HEAD [3ms]
[2022-10-29T16:22:54.949Z] > git for-each-ref --format=%(refname)%00%(upstream:short)%00%(objectname)%00%(upstream:track)%00%(upstream:remotename)%00%(upstream:remoteref) refs/heads/master refs/remotes/master [4ms]
[2022-10-29T16:22:54.972Z] > git remote --verbose [3ms]
[2022-10-29T16:22:54.972Z] > git for-each-ref --sort -committerdate --format %(refname) %(objectname) %(*objectname) [13ms]
[2022-10-29T16:22:54.991Z] > git config --get commit.template [2ms]
[2022-10-29T16:23:01.626Z] > git status -z -uall [4ms]
[2022-10-29T16:23:01.641Z] > git symbolic-ref --short HEAD [3ms]
[2022-10-29T16:23:01.641Z] fatal: ref HEAD is not a symbolic ref
[2022-10-29T16:23:01.654Z] > git rev-parse HEAD [3ms]
[2022-10-29T16:23:01.675Z] > git for-each-ref --sort -committerdate --format %(refname) %(objectname) %(*objectname) [11ms]
[2022-10-29T16:23:01.676Z] > git remote --verbose [2ms]
[2022-10-29T16:23:01.692Z] > git config --get commit.template [3ms]
[2022-10-29T16:23:02.366Z] > git status -z -uall [758ms]
[2022-10-29T16:23:02.379Z] > git symbolic-ref --short HEAD [2ms]
[2022-10-29T16:23:02.394Z] > git for-each-ref --format=%(refname)%00%(upstream:short)%00%(objectname)%00%(upstream:track)%00%(upstream:remotename)%00%(upstream:remoteref) refs/heads/master refs/remotes/master [5ms]
[2022-10-29T16:23:02.416Z] > git for-each-ref --sort -committerdate --format %(refname) %(objectname) %(*objectname) [11ms]
[2022-10-29T16:23:02.417Z] > git remote --verbose [4ms]
[2022-10-29T16:23:02.434Z] > git config --get commit.template [2ms]
[2022-10-29T16:23:06.708Z] > git status -z -uall [5ms]
[2022-10-29T16:23:06.720Z] > git symbolic-ref --short HEAD [2ms]
[2022-10-29T16:23:06.720Z] fatal: ref HEAD is not a symbolic ref
[2022-10-29T16:23:06.734Z] > git rev-parse HEAD [2ms]
[2022-10-29T16:23:06.758Z] > git for-each-ref --sort -committerdate --format %(refname) %(objectname) %(*objectname) [15ms]
[2022-10-29T16:23:06.759Z] > git remote --verbose [5ms]
[2022-10-29T16:23:06.774Z] > git config --get commit.template [3ms]
[2022-10-29T16:23:08.206Z] > git status -z -uall [756ms]
[2022-10-29T16:23:08.218Z] > git symbolic-ref --short HEAD [2ms]
[2022-10-29T16:23:08.233Z] > git for-each-ref --format=%(refname)%00%(upstream:short)%00%(objectname)%00%(upstream:track)%00%(upstream:remotename)%00%(upstream:remoteref) refs/heads/master refs/remotes/master [4ms]
[2022-10-29T16:23:08.256Z] > git for-each-ref --sort -committerdate --format %(refname) %(objectname) %(*objectname) [12ms]
[2022-10-29T16:23:08.257Z] > git remote --verbose [3ms]
[2022-10-29T16:23:08.277Z] > git config --get commit.template [2ms]
[2022-10-29T16:23:18.491Z] > git status -z -uall [12ms]
[2022-10-29T16:23:18.507Z] > git symbolic-ref --short HEAD [4ms]
[2022-10-29T16:23:18.507Z] fatal: ref HEAD is not a symbolic ref
[2022-10-29T16:23:18.522Z] > git rev-parse HEAD [4ms]
[2022-10-29T16:23:18.544Z] > git for-each-ref --sort -committerdate --format %(refname) %(objectname) %(*objectname) [12ms]
[2022-10-29T16:23:18.546Z] > git remote --verbose [3ms]
[2022-10-29T16:23:18.563Z] > git config --get commit.template [5ms]
[2022-10-29T16:23:19.258Z] > git status -z -uall [768ms]
[2022-10-29T16:23:19.270Z] > git symbolic-ref --short HEAD [3ms]
[2022-10-29T16:23:19.282Z] > git for-each-ref --format=%(refname)%00%(upstream:short)%00%(objectname)%00%(upstream:track)%00%(upstream:remotename)%00%(upstream:remoteref) refs/heads/master refs/remotes/master [3ms]
[2022-10-29T16:23:19.306Z] > git for-each-ref --sort -committerdate --format %(refname) %(objectname) %(*objectname) [15ms]
[2022-10-29T16:23:19.307Z] > git remote --verbose [7ms]
[2022-10-29T16:23:19.325Z] > git config --get commit.template [2ms]
[2022-10-29T16:23:25.393Z] > git status -z -uall [10ms]
[2022-10-29T16:23:25.417Z] > git symbolic-ref --short HEAD [7ms]
[2022-10-29T16:23:25.417Z] fatal: ref HEAD is not a symbolic ref
[2022-10-29T16:23:25.429Z] > git rev-parse HEAD [2ms]
[2022-10-29T16:23:25.452Z] > git for-each-ref --sort -committerdate --format %(refname) %(objectname) %(*objectname) [13ms]
[2022-10-29T16:23:25.453Z] > git remote --verbose [3ms]
[2022-10-29T16:23:25.470Z] > git config --get commit.template [4ms]
[2022-10-29T16:23:26.154Z] > git status -z -uall [762ms]
[2022-10-29T16:23:26.166Z] > git symbolic-ref --short HEAD [3ms]
[2022-10-29T16:23:26.178Z] > git for-each-ref --format=%(refname)%00%(upstream:short)%00%(objectname)%00%(upstream:track)%00%(upstream:remotename)%00%(upstream:remoteref) refs/heads/master refs/remotes/master [3ms]
[2022-10-29T16:23:26.201Z] > git for-each-ref --sort -committerdate --format %(refname) %(objectname) %(*objectname) [11ms]
[2022-10-29T16:23:26.202Z] > git remote --verbose [4ms]
[2022-10-29T16:23:26.218Z] > git config --get commit.template [2ms]
[2022-10-29T16:23:36.526Z] > git status -z -uall [118ms]
[2022-10-29T16:23:36.542Z] > git symbolic-ref --short HEAD [4ms]
[2022-10-29T16:23:36.542Z] fatal: ref HEAD is not a symbolic ref
[2022-10-29T16:23:36.558Z] > git rev-parse HEAD [3ms]
[2022-10-29T16:23:36.586Z] > git for-each-ref --sort -committerdate --format %(refname) %(objectname) %(*objectname) [14ms]
[2022-10-29T16:23:36.587Z] > git remote --verbose [4ms]
[2022-10-29T16:23:36.604Z] > git config --get commit.template [4ms]
[2022-10-29T16:23:37.287Z] > git status -z -uall [866ms]
[2022-10-29T16:23:37.666Z] > git symbolic-ref --short HEAD [3ms]
[2022-10-29T16:23:37.681Z] > git for-each-ref --format=%(refname)%00%(upstream:short)%00%(objectname)%00%(upstream:track)%00%(upstream:remotename)%00%(upstream:remoteref) refs/heads/master refs/remotes/master [3ms]
[2022-10-29T16:23:37.713Z] > git for-each-ref --sort -committerdate --format %(refname) %(objectname) %(*objectname) [19ms]
[2022-10-29T16:23:37.714Z] > git remote --verbose [4ms]
[2022-10-29T16:23:37.736Z] > git config --get commit.template [3ms]
[2022-10-29T16:23:41.632Z] > git status -z -uall [15ms]
[2022-10-29T16:23:41.646Z] > git symbolic-ref --short HEAD [2ms]
[2022-10-29T16:23:41.646Z] fatal: ref HEAD is not a symbolic ref
[2022-10-29T16:23:41.662Z] > git rev-parse HEAD [3ms]
[2022-10-29T16:23:41.688Z] > git for-each-ref --sort -committerdate --format %(refname) %(objectname) %(*objectname) [13ms]
[2022-10-29T16:23:41.690Z] > git remote --verbose [4ms]
[2022-10-29T16:23:41.707Z] > git config --get commit.template [3ms]
[2022-10-29T16:23:44.269Z] > git status -z -uall [1519ms]
[2022-10-29T16:23:44.282Z] > git symbolic-ref --short HEAD [3ms]
[2022-10-29T16:23:44.295Z] > git for-each-ref --format=%(refname)%00%(upstream:short)%00%(objectname)%00%(upstream:track)%00%(upstream:remotename)%00%(upstream:remoteref) refs/heads/master refs/remotes/master [3ms]
[2022-10-29T16:23:44.316Z] > git for-each-ref --sort -committerdate --format %(refname) %(objectname) %(*objectname) [11ms]
[2022-10-29T16:23:44.318Z] > git remote --verbose [4ms]
[2022-10-29T16:23:44.335Z] > git config --get commit.template [2ms]
[2022-10-29T16:23:48.932Z] > git status -z -uall [2012ms]
[2022-10-29T16:23:48.948Z] > git symbolic-ref --short HEAD [4ms]
[2022-10-29T16:23:48.948Z] fatal: ref HEAD is not a symbolic ref
[2022-10-29T16:23:48.972Z] > git rev-parse HEAD [5ms]
[2022-10-29T16:23:49.016Z] > git remote --verbose [3ms]
[2022-10-29T16:23:49.062Z] > git for-each-ref --sort -committerdate --format %(refname) %(objectname) %(*objectname) [72ms]
[2022-10-29T16:23:49.102Z] > git check-ignore -v -z --stdin [44ms]
[2022-10-29T16:23:49.106Z] > git config --get commit.template [5ms]
[2022-10-29T16:24:04.875Z] > git status -z -uall [311ms]
[2022-10-29T16:24:04.892Z] > git symbolic-ref --short HEAD [4ms]
[2022-10-29T16:24:04.892Z] fatal: ref HEAD is not a symbolic ref
[2022-10-29T16:24:04.906Z] > git rev-parse HEAD [3ms]
[2022-10-29T16:24:04.930Z] > git remote --verbose [2ms]
[2022-10-29T16:24:04.941Z] > git for-each-ref --sort -committerdate --format %(refname) %(objectname) %(*objectname) [24ms]
[2022-10-29T16:24:04.963Z] > git config --get commit.template [2ms]
[2022-10-29T16:24:10.013Z] > git status -z -uall [36ms]
[2022-10-29T16:24:10.027Z] > git symbolic-ref --short HEAD [3ms]
[2022-10-29T16:24:10.027Z] fatal: ref HEAD is not a symbolic ref
[2022-10-29T16:24:10.041Z] > git rev-parse HEAD [3ms]
[2022-10-29T16:24:10.068Z] > git for-each-ref --sort -committerdate --format %(refname) %(objectname) %(*objectname) [16ms]
[2022-10-29T16:24:10.069Z] > git remote --verbose [3ms]
[2022-10-29T16:24:10.085Z] > git config --get commit.template [3ms]
[2022-10-29T16:24:20.416Z] > git status -z -uall [41ms]
[2022-10-29T16:24:20.429Z] > git symbolic-ref --short HEAD [3ms]
[2022-10-29T16:24:20.429Z] fatal: ref HEAD is not a symbolic ref
[2022-10-29T16:24:20.442Z] > git rev-parse HEAD [3ms]
[2022-10-29T16:24:20.464Z] > git for-each-ref --sort -committerdate --format %(refname) %(objectname) %(*objectname) [11ms]
[2022-10-29T16:24:20.465Z] > git remote --verbose [3ms]
[2022-10-29T16:24:20.481Z] > git config --get commit.template [2ms]
[2022-10-29T16:24:25.498Z] > git status -z -uall [5ms]
[2022-10-29T16:24:25.512Z] > git symbolic-ref --short HEAD [3ms]
[2022-10-29T16:24:25.512Z] fatal: ref HEAD is not a symbolic ref
[2022-10-29T16:24:25.525Z] > git rev-parse HEAD [3ms]
[2022-10-29T16:24:25.548Z] > git for-each-ref --sort -committerdate --format %(refname) %(objectname) %(*objectname) [12ms]
[2022-10-29T16:24:25.549Z] > git remote --verbose [3ms]
[2022-10-29T16:24:25.565Z] > git config --get commit.template [3ms]
[2022-10-29T16:24:29.855Z] > git status -z -uall [25303ms]
[2022-10-29T16:24:29.885Z] > git symbolic-ref --short HEAD [5ms]
[2022-10-29T16:24:29.900Z] > git for-each-ref --format=%(refname)%00%(upstream:short)%00%(objectname)%00%(upstream:track)%00%(upstream:remotename)%00%(upstream:remoteref) refs/heads/master refs/remotes/master [5ms]
[2022-10-29T16:24:29.923Z] > git remote --verbose [2ms]
[2022-10-29T16:24:29.929Z] > git for-each-ref --sort -committerdate --format %(refname) %(objectname) %(*objectname) [19ms]
[2022-10-29T16:24:29.946Z] > git config --get commit.template [2ms]
[2022-10-29T16:24:35.794Z] > git status -z -uall [835ms]
[2022-10-29T16:24:35.808Z] > git symbolic-ref --short HEAD [3ms]
[2022-10-29T16:24:35.822Z] > git for-each-ref --format=%(refname)%00%(upstream:short)%00%(objectname)%00%(upstream:track)%00%(upstream:remotename)%00%(upstream:remoteref) refs/heads/master refs/remotes/master [4ms]
[2022-10-29T16:24:35.845Z] > git for-each-ref --sort -committerdate --format %(refname) %(objectname) %(*objectname) [13ms]
[2022-10-29T16:24:35.846Z] > git remote --verbose [3ms]
[2022-10-29T16:24:35.863Z] > git config --get commit.template [2ms]
[2022-10-29T16:25:39.802Z] > git status -z -uall [17ms]
[2022-10-29T16:25:39.815Z] > git status -z -uall [18ms]
[2022-10-29T16:25:39.827Z] > git symbolic-ref --short HEAD [14ms]
[2022-10-29T16:25:39.827Z] fatal: ref HEAD is not a symbolic ref
[2022-10-29T16:25:39.838Z] > git symbolic-ref --short HEAD [13ms]
[2022-10-29T16:25:39.838Z] fatal: ref HEAD is not a symbolic ref
[2022-10-29T16:25:39.850Z] > git rev-parse HEAD [13ms]
[2022-10-29T16:25:39.873Z] > git for-each-ref --sort -committerdate --format %(refname) %(objectname) %(*objectname) [14ms]
[2022-10-29T16:25:39.874Z] > git rev-parse HEAD [26ms]
[2022-10-29T16:25:39.896Z] > git for-each-ref --sort -committerdate --format %(refname) %(objectname) %(*objectname) [13ms]
[2022-10-29T16:25:39.896Z] > git remote --verbose [26ms]
[2022-10-29T16:25:39.897Z] > git remote --verbose [4ms]
[2022-10-29T16:25:39.925Z] > git config --get commit.template [13ms]
[2022-10-29T16:25:39.927Z] > git config --get commit.template [5ms]
[2022-10-29T16:25:40.537Z] > git status -z -uall [763ms]
[2022-10-29T16:25:40.550Z] > git symbolic-ref --short HEAD [3ms]
[2022-10-29T16:25:40.563Z] > git for-each-ref --format=%(refname)%00%(upstream:short)%00%(objectname)%00%(upstream:track)%00%(upstream:remotename)%00%(upstream:remoteref) refs/heads/master refs/remotes/master [4ms]
[2022-10-29T16:25:40.585Z] > git for-each-ref --sort -committerdate --format %(refname) %(objectname) %(*objectname) [12ms]
[2022-10-29T16:25:40.586Z] > git remote --verbose [4ms]
[2022-10-29T16:25:40.602Z] > git config --get commit.template [2ms]
[2022-10-29T16:26:57.173Z] > git status -z -uall [33ms]
[2022-10-29T16:26:57.184Z] > git status -z -uall [34ms]
[2022-10-29T16:26:57.197Z] > git symbolic-ref --short HEAD [14ms]
[2022-10-29T16:26:57.197Z] fatal: ref HEAD is not a symbolic ref
[2022-10-29T16:26:57.208Z] > git symbolic-ref --short HEAD [13ms]
[2022-10-29T16:26:57.208Z] fatal: ref HEAD is not a symbolic ref
[2022-10-29T16:26:57.220Z] > git rev-parse HEAD [13ms]
[2022-10-29T16:26:57.241Z] > git for-each-ref --sort -committerdate --format %(refname) %(objectname) %(*objectname) [12ms]
[2022-10-29T16:26:57.242Z] > git rev-parse HEAD [24ms]
[2022-10-29T16:26:57.263Z] > git for-each-ref --sort -committerdate --format %(refname) %(objectname) %(*objectname) [12ms]
[2022-10-29T16:26:57.264Z] > git remote --verbose [25ms]
[2022-10-29T16:26:57.279Z] > git remote --verbose [18ms]
[2022-10-29T16:26:57.281Z] > git config --get commit.template [5ms]
[2022-10-29T16:26:57.296Z] > git config --get commit.template [3ms]
[2022-10-29T16:26:58.751Z] > git status -z -uall [1589ms]
[2022-10-29T16:26:58.764Z] > git symbolic-ref --short HEAD [2ms]
[2022-10-29T16:26:58.777Z] > git for-each-ref --format=%(refname)%00%(upstream:short)%00%(objectname)%00%(upstream:track)%00%(upstream:remotename)%00%(upstream:remoteref) refs/heads/master refs/remotes/master [3ms]
[2022-10-29T16:26:58.799Z] > git for-each-ref --sort -committerdate --format %(refname) %(objectname) %(*objectname) [12ms]
[2022-10-29T16:26:58.800Z] > git remote --verbose [3ms]
[2022-10-29T16:26:58.819Z] > git config --get commit.template [2ms]
[2022-10-29T16:27:02.310Z] > git status -z -uall [15ms]
[2022-10-29T16:27:02.324Z] > git symbolic-ref --short HEAD [2ms]
[2022-10-29T16:27:02.324Z] fatal: ref HEAD is not a symbolic ref
[2022-10-29T16:27:02.335Z] > git status -z -uall [26ms]
[2022-10-29T16:27:02.347Z] > git rev-parse HEAD [12ms]
[2022-10-29T16:27:02.369Z] > git for-each-ref --sort -committerdate --format %(refname) %(objectname) %(*objectname) [12ms]
[2022-10-29T16:27:02.370Z] > git symbolic-ref --short HEAD [24ms]
[2022-10-29T16:27:02.370Z] fatal: ref HEAD is not a symbolic ref
[2022-10-29T16:27:02.383Z] > git remote --verbose [16ms]
[2022-10-29T16:27:02.396Z] > git rev-parse HEAD [16ms]
[2022-10-29T16:27:02.418Z] > git for-each-ref --sort -committerdate --format %(refname) %(objectname) %(*objectname) [12ms]
[2022-10-29T16:27:02.419Z] > git config --get commit.template [24ms]
[2022-10-29T16:27:02.420Z] > git remote --verbose [4ms]
[2022-10-29T16:27:02.436Z] > git config --get commit.template [3ms]
[2022-10-29T16:41:22.928Z] > git status -z -uall [95ms]
[2022-10-29T16:41:22.957Z] > git symbolic-ref --short HEAD [6ms]
[2022-10-29T16:41:22.957Z] fatal: ref HEAD is not a symbolic ref
[2022-10-29T16:41:22.999Z] > git rev-parse HEAD [5ms]
[2022-10-29T16:41:23.066Z] > git remote --verbose [6ms]
[2022-10-29T16:41:23.067Z] > git for-each-ref --sort -committerdate --format %(refname) %(objectname) %(*objectname) [16ms]
[2022-10-29T16:41:23.090Z] > git config --get commit.template [3ms]
[2022-10-29T16:41:26.928Z] > git status -z -uall [4106ms]
[2022-10-29T16:41:27.031Z] > git symbolic-ref --short HEAD [65ms]
[2022-10-29T16:41:27.207Z] > git for-each-ref --format=%(refname)%00%(upstream:short)%00%(objectname)%00%(upstream:track)%00%(upstream:remotename)%00%(upstream:remoteref) refs/heads/master refs/remotes/master [62ms]
[2022-10-29T16:41:27.370Z] > git remote --verbose [141ms]
[2022-10-29T16:41:27.471Z] > git for-each-ref --sort -committerdate --format %(refname) %(objectname) %(*objectname) [253ms]
[2022-10-29T16:41:27.597Z] > git config --get commit.template [4ms]
[2022-10-29T16:41:28.302Z] > git status -z -uall [190ms]
[2022-10-29T16:41:28.315Z] > git symbolic-ref --short HEAD [3ms]
[2022-10-29T16:41:28.315Z] fatal: ref HEAD is not a symbolic ref
[2022-10-29T16:41:28.329Z] > git rev-parse HEAD [4ms]
[2022-10-29T16:41:28.371Z] > git remote --verbose [2ms]
[2022-10-29T16:41:28.372Z] > git for-each-ref --sort -committerdate --format %(refname) %(objectname) %(*objectname) [31ms]
[2022-10-29T16:41:28.387Z] > git config --get commit.template [3ms]
[2022-10-29T16:41:35.120Z] > git status -z -uall [2512ms]
[2022-10-29T16:41:35.162Z] > git symbolic-ref --short HEAD [20ms]
[2022-10-29T16:41:35.203Z] > git for-each-ref --format=%(refname)%00%(upstream:short)%00%(objectname)%00%(upstream:track)%00%(upstream:remotename)%00%(upstream:remoteref) refs/heads/master refs/remotes/master [5ms]
[2022-10-29T16:41:35.229Z] > git remote --verbose [5ms]
[2022-10-29T16:41:35.234Z] > git for-each-ref --sort -committerdate --format %(refname) %(objectname) %(*objectname) [20ms]
[2022-10-29T16:41:35.254Z] > git config --get commit.template [3ms]
[2022-10-29T16:41:38.844Z] > git check-ignore -v -z --stdin [4ms]
[2022-10-29T16:41:40.159Z] > git check-ignore -v -z --stdin [3ms]
[2022-10-29T16:41:55.468Z] > git ls-files --stage -- /home/nvidia/jetson-inference/python/training/classification/data/.gitkeep [54ms]
[2022-10-29T16:41:55.489Z] > git show --textconv :data/.gitkeep [84ms]
[2022-10-29T16:41:55.493Z] > git cat-file -s e69de29bb2d1d6434b8b29ae775ad8c2e48c5391 [4ms]
[2022-10-29T16:49:54.656Z] > git status -z -uall [98ms]
[2022-10-29T16:49:54.726Z] > git symbolic-ref --short HEAD [7ms]
[2022-10-29T16:49:54.726Z] fatal: ref HEAD is not a symbolic ref
[2022-10-29T16:49:54.822Z] > git rev-parse HEAD [10ms]
[2022-10-29T16:49:55.006Z] > git remote --verbose [117ms]
[2022-10-29T16:49:55.055Z] > git for-each-ref --sort -committerdate --format %(refname) %(objectname) %(*objectname) [176ms]
[2022-10-29T16:49:55.200Z] > git config --get commit.template [6ms]
[2022-10-29T16:49:59.407Z] > git status -z -uall [4877ms]
[2022-10-29T16:49:59.774Z] > git symbolic-ref --short HEAD [6ms]
[2022-10-29T16:49:59.801Z] > git for-each-ref --format=%(refname)%00%(upstream:short)%00%(objectname)%00%(upstream:track)%00%(upstream:remotename)%00%(upstream:remoteref) refs/heads/master refs/remotes/master [13ms]
[2022-10-29T16:50:00.171Z] > git for-each-ref --sort -committerdate --format %(refname) %(objectname) %(*objectname) [338ms]
[2022-10-29T16:50:00.172Z] > git remote --verbose [340ms]
[2022-10-29T16:50:00.469Z] > git config --get commit.template [3ms]
[2022-10-29T16:50:00.494Z] > git status -z -uall [40ms]
[2022-10-29T16:50:00.513Z] > git symbolic-ref --short HEAD [2ms]
[2022-10-29T16:50:00.513Z] fatal: ref HEAD is not a symbolic ref
[2022-10-29T16:50:00.528Z] > git rev-parse HEAD [3ms]
[2022-10-29T16:50:00.550Z] > git for-each-ref --sort -committerdate --format %(refname) %(objectname) %(*objectname) [11ms]
[2022-10-29T16:50:00.551Z] > git remote --verbose [3ms]
[2022-10-29T16:50:00.564Z] > git config --get commit.template [2ms]
[2022-10-29T16:50:08.477Z] > git status -z -uall [2995ms]
[2022-10-29T16:50:08.502Z] > git symbolic-ref --short HEAD [9ms]
[2022-10-29T16:50:08.518Z] > git for-each-ref --format=%(refname)%00%(upstream:short)%00%(objectname)%00%(upstream:track)%00%(upstream:remotename)%00%(upstream:remoteref) refs/heads/master refs/remotes/master [5ms]
[2022-10-29T16:50:08.544Z] > git remote --verbose [3ms]
[2022-10-29T16:50:08.550Z] > git for-each-ref --sort -committerdate --format %(refname) %(objectname) %(*objectname) [19ms]
[2022-10-29T16:50:08.595Z] > git config --get commit.template [2ms]
[2022-10-29T17:06:06.342Z] > git check-ignore -v -z --stdin [12ms]
[2022-10-29T17:06:22.618Z] > git check-ignore -v -z --stdin [8ms]
[2022-10-29T17:06:23.457Z] > git check-ignore -v -z --stdin [3ms]
[2022-10-29T17:06:24.868Z] > git check-ignore -v -z --stdin [3ms]
[2022-10-29T17:06:31.501Z] > git check-ignore -v -z --stdin [2ms]
[2022-10-29T17:06:32.531Z] > git check-ignore -v -z --stdin [3ms]
[2022-10-29T17:06:41.168Z] > git check-ignore -v -z --stdin [3ms]
[2022-10-29T17:06:42.546Z] > git check-ignore -v -z --stdin [3ms]
[2022-10-29T17:06:43.195Z] > git check-ignore -v -z --stdin [3ms]
[2022-10-29T17:06:46.212Z] > git show --textconv :data/.gitkeep [12ms]
[2022-10-29T17:06:46.214Z] > git ls-files --stage -- /home/nvidia/jetson-inference/python/training/classification/data/.gitkeep [3ms]
[2022-10-29T17:06:46.229Z] > git cat-file -s e69de29bb2d1d6434b8b29ae775ad8c2e48c5391 [4ms]
[2022-10-29T17:15:33.034Z] > git check-ignore -v -z --stdin [5ms]
[2022-10-29T17:15:33.851Z] > git check-ignore -v -z --stdin [4ms]
[2022-10-29T17:15:35.389Z] > git check-ignore -v -z --stdin [4ms]
[2022-10-29T17:16:03.432Z] > git check-ignore -v -z --stdin [8ms]
[2022-10-29T17:16:05.869Z] > git check-ignore -v -z --stdin [3ms]
[2022-10-29T17:16:07.191Z] > git check-ignore -v -z --stdin [2ms]
[2022-10-29T17:16:12.757Z] > git check-ignore -v -z --stdin [7ms]
[2022-10-29T17:16:24.612Z] > git check-ignore -v -z --stdin [3ms]
[2022-10-29T17:17:16.989Z] > git check-ignore -v -z --stdin [4ms]
[2022-10-29T17:17:23.217Z] > git show --textconv :data/.gitkeep [13ms]
[2022-10-29T17:17:23.220Z] > git ls-files --stage -- /home/nvidia/jetson-inference/python/training/classification/data/.gitkeep [4ms]
[2022-10-29T17:17:23.235Z] > git cat-file -s e69de29bb2d1d6434b8b29ae775ad8c2e48c5391 [3ms]
[2022-10-29T17:17:28.698Z] > git show --textconv :README.md [33ms]
[2022-10-29T17:17:28.699Z] > git ls-files --stage -- /home/nvidia/jetson-inference/python/training/classification/README.md [20ms]
[2022-10-29T17:17:28.719Z] > git cat-file -s 3137d197ac588181b528bd414b6a460bc972d408 [3ms]
[2022-10-29T17:17:48.859Z] > git show --textconv :onnx_validate.py [21ms]
[2022-10-29T17:17:48.860Z] > git ls-files --stage -- /home/nvidia/jetson-inference/python/training/classification/onnx_validate.py [9ms]
[2022-10-29T17:17:48.875Z] > git cat-file -s 67dca8158b0d6e57f8b58cec2bb99a0375fa7178 [3ms]
[2022-10-29T17:17:49.807Z] > git show --textconv :reshape.py [13ms]
[2022-10-29T17:17:49.809Z] > git ls-files --stage -- /home/nvidia/jetson-inference/python/training/classification/reshape.py [3ms]
[2022-10-29T17:17:49.825Z] > git cat-file -s d49c0f3bb6c2f6fd6c6e1a29bd80a2c57b540dff [3ms]
[2022-10-29T17:17:50.337Z] > git show --textconv :train.py [14ms]
[2022-10-29T17:17:50.339Z] > git ls-files --stage -- /home/nvidia/jetson-inference/python/training/classification/train.py [3ms]
[2022-10-29T17:17:50.354Z] > git cat-file -s b0e1e38b42a62fc718fb1a2b812a5df3152b6ef3 [3ms]
[2022-10-29T17:18:52.281Z] > git status -z -uall [7ms]
[2022-10-29T17:18:52.297Z] > git symbolic-ref --short HEAD [3ms]
[2022-10-29T17:18:52.297Z] fatal: ref HEAD is not a symbolic ref
[2022-10-29T17:18:52.312Z] > git rev-parse HEAD [3ms]
[2022-10-29T17:18:52.338Z] > git for-each-ref --sort -committerdate --format %(refname) %(objectname) %(*objectname) [14ms]
[2022-10-29T17:18:52.339Z] > git remote --verbose [3ms]
[2022-10-29T17:18:52.356Z] > git config --get commit.template [2ms]
[2022-10-29T17:18:53.270Z] > git status -z -uall [1010ms]
[2022-10-29T17:18:53.285Z] > git symbolic-ref --short HEAD [2ms]
[2022-10-29T17:18:53.306Z] > git for-each-ref --format=%(refname)%00%(upstream:short)%00%(objectname)%00%(upstream:track)%00%(upstream:remotename)%00%(upstream:remoteref) refs/heads/master refs/remotes/master [5ms]
[2022-10-29T17:18:53.337Z] > git remote --verbose [4ms]
[2022-10-29T17:18:53.343Z] > git for-each-ref --sort -committerdate --format %(refname) %(objectname) %(*objectname) [22ms]
[2022-10-29T17:18:53.366Z] > git config --get commit.template [3ms]
[2022-10-29T17:19:00.844Z] > git status -z -uall [5ms]
[2022-10-29T17:19:00.861Z] > git symbolic-ref --short HEAD [2ms]
[2022-10-29T17:19:00.861Z] fatal: ref HEAD is not a symbolic ref
[2022-10-29T17:19:00.878Z] > git rev-parse HEAD [3ms]
[2022-10-29T17:19:00.910Z] > git for-each-ref --sort -committerdate --format %(refname) %(objectname) %(*objectname) [16ms]
[2022-10-29T17:19:00.911Z] > git remote --verbose [4ms]
[2022-10-29T17:19:00.931Z] > git config --get commit.template [3ms]
[2022-10-29T17:19:04.434Z] > git status -z -uall [749ms]
[2022-10-29T17:19:04.449Z] > git symbolic-ref --short HEAD [3ms]
[2022-10-29T17:19:04.464Z] > git for-each-ref --format=%(refname)%00%(upstream:short)%00%(objectname)%00%(upstream:track)%00%(upstream:remotename)%00%(upstream:remoteref) refs/heads/master refs/remotes/master [3ms]
[2022-10-29T17:19:04.494Z] > git for-each-ref --sort -committerdate --format %(refname) %(objectname) %(*objectname) [16ms]
[2022-10-29T17:19:04.495Z] > git remote --verbose [5ms]
[2022-10-29T17:19:04.520Z] > git config --get commit.template [8ms]
[2022-10-29T17:19:05.951Z] > git status -z -uall [5ms]
[2022-10-29T17:19:05.968Z] > git symbolic-ref --short HEAD [3ms]
[2022-10-29T17:19:05.968Z] fatal: ref HEAD is not a symbolic ref
[2022-10-29T17:19:05.985Z] > git rev-parse HEAD [4ms]
[2022-10-29T17:19:06.012Z] > git for-each-ref --sort -committerdate --format %(refname) %(objectname) %(*objectname) [15ms]
[2022-10-29T17:19:06.013Z] > git remote --verbose [3ms]
[2022-10-29T17:19:06.030Z] > git config --get commit.template [3ms]
[2022-10-29T17:19:13.320Z] > git status -z -uall [4ms]
[2022-10-29T17:19:13.337Z] > git symbolic-ref --short HEAD [3ms]
[2022-10-29T17:19:13.337Z] fatal: ref HEAD is not a symbolic ref
[2022-10-29T17:19:13.355Z] > git rev-parse HEAD [3ms]
[2022-10-29T17:19:13.390Z] > git for-each-ref --sort -committerdate --format %(refname) %(objectname) %(*objectname) [21ms]
[2022-10-29T17:19:13.391Z] > git remote --verbose [4ms]
[2022-10-29T17:19:13.414Z] > git config --get commit.template [3ms]
[2022-10-29T17:19:14.058Z] > git status -z -uall [757ms]
[2022-10-29T17:19:14.073Z] > git symbolic-ref --short HEAD [2ms]
[2022-10-29T17:19:14.089Z] > git for-each-ref --format=%(refname)%00%(upstream:short)%00%(objectname)%00%(upstream:track)%00%(upstream:remotename)%00%(upstream:remoteref) refs/heads/master refs/remotes/master [3ms]
[2022-10-29T17:19:14.117Z] > git for-each-ref --sort -committerdate --format %(refname) %(objectname) %(*objectname) [15ms]
[2022-10-29T17:19:14.119Z] > git remote --verbose [4ms]
[2022-10-29T17:19:14.138Z] > git config --get commit.template [2ms]
[2022-10-29T17:19:26.913Z] > git status -z -uall [0ms]
[2022-10-29T17:19:26.929Z] > git symbolic-ref --short HEAD [3ms]
[2022-10-29T17:19:26.929Z] fatal: ref HEAD is not a symbolic ref
[2022-10-29T17:19:26.945Z] > git rev-parse HEAD [3ms]
[2022-10-29T17:19:26.977Z] > git for-each-ref --sort -committerdate --format %(refname) %(objectname) %(*objectname) [18ms]
[2022-10-29T17:19:26.978Z] > git remote --verbose [5ms]
[2022-10-29T17:19:26.997Z] > git config --get commit.template [2ms]
[2022-10-29T17:19:27.646Z] > git status -z -uall [760ms]
[2022-10-29T17:19:27.661Z] > git symbolic-ref --short HEAD [3ms]
[2022-10-29T17:19:27.677Z] > git for-each-ref --format=%(refname)%00%(upstream:short)%00%(objectname)%00%(upstream:track)%00%(upstream:remotename)%00%(upstream:remoteref) refs/heads/master refs/remotes/master [4ms]
[2022-10-29T17:19:27.705Z] > git for-each-ref --sort -committerdate --format %(refname) %(objectname) %(*objectname) [16ms]
[2022-10-29T17:19:27.709Z] > git remote --verbose [6ms]
[2022-10-29T17:19:27.730Z] > git config --get commit.template [2ms]
[2022-10-29T17:19:39.233Z] > git status -z -uall [659ms]
[2022-10-29T17:19:39.250Z] > git symbolic-ref --short HEAD [3ms]
[2022-10-29T17:19:39.250Z] fatal: ref HEAD is not a symbolic ref
[2022-10-29T17:19:39.266Z] > git rev-parse HEAD [3ms]
[2022-10-29T17:19:39.296Z] > git remote --verbose [2ms]
[2022-10-29T17:19:39.384Z] > git for-each-ref --sort -committerdate --format %(refname) %(objectname) %(*objectname) [105ms]
[2022-10-29T17:19:39.401Z] > git config --get commit.template [2ms]
[2022-10-29T17:19:46.494Z] > git status -z -uall [1463ms]
[2022-10-29T17:19:46.509Z] > git symbolic-ref --short HEAD [2ms]
[2022-10-29T17:19:46.509Z] fatal: ref HEAD is not a symbolic ref
[2022-10-29T17:19:46.524Z] > git rev-parse HEAD [2ms]
[2022-10-29T17:19:46.550Z] > git for-each-ref --sort -committerdate --format %(refname) %(objectname) %(*objectname) [14ms]
[2022-10-29T17:19:46.551Z] > git remote --verbose [3ms]
[2022-10-29T17:19:46.568Z] > git config --get commit.template [3ms]
[2022-10-29T17:19:51.646Z] > git status -z -uall [17ms]
[2022-10-29T17:19:51.699Z] > git symbolic-ref --short HEAD [15ms]
[2022-10-29T17:19:51.699Z] fatal: ref HEAD is not a symbolic ref
[2022-10-29T17:19:51.770Z] > git rev-parse HEAD [50ms]
[2022-10-29T17:19:51.813Z] > git remote --verbose [4ms]
[2022-10-29T17:19:51.842Z] > git for-each-ref --sort -committerdate --format %(refname) %(objectname) %(*objectname) [47ms]
[2022-10-29T17:19:51.871Z] > git config --get commit.template [3ms]
[2022-10-29T17:19:59.873Z] > git status -z -uall [326ms]
[2022-10-29T17:19:59.890Z] > git symbolic-ref --short HEAD [3ms]
[2022-10-29T17:19:59.890Z] fatal: ref HEAD is not a symbolic ref
[2022-10-29T17:19:59.907Z] > git rev-parse HEAD [3ms]
[2022-10-29T17:19:59.936Z] > git remote --verbose [3ms]
[2022-10-29T17:19:59.979Z] > git for-each-ref --sort -committerdate --format %(refname) %(objectname) %(*objectname) [58ms]
[2022-10-29T17:19:59.997Z] > git config --get commit.template [3ms]
[2022-10-29T17:20:00.101Z] > git status -z -uall [21542ms]
[2022-10-29T17:20:00.143Z] > git symbolic-ref --short HEAD [17ms]
[2022-10-29T17:20:00.176Z] > git for-each-ref --format=%(refname)%00%(upstream:short)%00%(objectname)%00%(upstream:track)%00%(upstream:remotename)%00%(upstream:remoteref) refs/heads/master refs/remotes/master [19ms]
[2022-10-29T17:20:00.205Z] > git remote --verbose [3ms]
[2022-10-29T17:20:00.230Z] > git for-each-ref --sort -committerdate --format %(refname) %(objectname) %(*objectname) [41ms]
[2022-10-29T17:20:00.259Z] > git config --get commit.template [3ms]
[2022-10-29T17:20:05.018Z] > git status -z -uall [5ms]
[2022-10-29T17:20:05.034Z] > git symbolic-ref --short HEAD [3ms]
[2022-10-29T17:20:05.034Z] fatal: ref HEAD is not a symbolic ref
[2022-10-29T17:20:05.050Z] > git rev-parse HEAD [3ms]
[2022-10-29T17:20:05.077Z] > git for-each-ref --sort -committerdate --format %(refname) %(objectname) %(*objectname) [15ms]
[2022-10-29T17:20:05.078Z] > git remote --verbose [3ms]
[2022-10-29T17:20:05.097Z] > git config --get commit.template [3ms]
[2022-10-29T17:20:10.117Z] > git status -z -uall [5ms]
[2022-10-29T17:20:10.140Z] > git symbolic-ref --short HEAD [3ms]
[2022-10-29T17:20:10.140Z] fatal: ref HEAD is not a symbolic ref
[2022-10-29T17:20:10.157Z] > git rev-parse HEAD [2ms]
[2022-10-29T17:20:10.188Z] > git for-each-ref --sort -committerdate --format %(refname) %(objectname) %(*objectname) [17ms]
[2022-10-29T17:20:10.190Z] > git remote --verbose [3ms]
[2022-10-29T17:20:10.209Z] > git config --get commit.template [3ms]
[2022-10-29T17:20:18.125Z] > git status -z -uall [5ms]
[2022-10-29T17:20:18.143Z] > git symbolic-ref --short HEAD [1ms]
[2022-10-29T17:20:18.143Z] fatal: ref HEAD is not a symbolic ref
[2022-10-29T17:20:18.158Z] > git rev-parse HEAD [3ms]
[2022-10-29T17:20:18.185Z] > git for-each-ref --sort -committerdate --format %(refname) %(objectname) %(*objectname) [15ms]
[2022-10-29T17:20:18.186Z] > git remote --verbose [3ms]
[2022-10-29T17:20:18.203Z] > git config --get commit.template [2ms]
[2022-10-29T17:20:23.223Z] > git status -z -uall [4ms]
[2022-10-29T17:20:23.240Z] > git symbolic-ref --short HEAD [3ms]
[2022-10-29T17:20:23.240Z] fatal: ref HEAD is not a symbolic ref
[2022-10-29T17:20:23.255Z] > git rev-parse HEAD [3ms]
[2022-10-29T17:20:23.281Z] > git for-each-ref --sort -committerdate --format %(refname) %(objectname) %(*objectname) [14ms]
[2022-10-29T17:20:23.282Z] > git remote --verbose [3ms]
[2022-10-29T17:20:23.300Z] > git config --get commit.template [2ms]
[2022-10-29T17:20:28.320Z] > git status -z -uall [5ms]
[2022-10-29T17:20:28.335Z] > git symbolic-ref --short HEAD [3ms]
[2022-10-29T17:20:28.335Z] fatal: ref HEAD is not a symbolic ref
[2022-10-29T17:20:28.350Z] > git rev-parse HEAD [2ms]
[2022-10-29T17:20:28.382Z] > git for-each-ref --sort -committerdate --format %(refname) %(objectname) %(*objectname) [14ms]
[2022-10-29T17:20:28.385Z] > git remote --verbose [5ms]
[2022-10-29T17:20:28.403Z] > git config --get commit.template [2ms]
[2022-10-29T17:20:30.398Z] > git status -z -uall [25019ms]
[2022-10-29T17:20:30.417Z] > git symbolic-ref --short HEAD [5ms]
[2022-10-29T17:20:30.434Z] > git for-each-ref --format=%(refname)%00%(upstream:short)%00%(objectname)%00%(upstream:track)%00%(upstream:remotename)%00%(upstream:remoteref) refs/heads/master refs/remotes/master [4ms]
[2022-10-29T17:20:30.463Z] > git remote --verbose [2ms]
[2022-10-29T17:20:30.466Z] > git for-each-ref --sort -committerdate --format %(refname) %(objectname) %(*objectname) [19ms]
[2022-10-29T17:20:30.485Z] > git config --get commit.template [2ms]
[2022-10-29T17:25:17.054Z] > git check-ignore -v -z --stdin [569ms]
[2022-10-29T17:39:31.938Z] > git status -z -uall [1381ms]
[2022-10-29T17:39:32.479Z] > git symbolic-ref --short HEAD [439ms]
[2022-10-29T17:39:32.479Z] fatal: ref HEAD is not a symbolic ref
[2022-10-29T17:39:32.781Z] > git rev-parse HEAD [143ms]
[2022-10-29T17:39:33.087Z] > git remote --verbose [156ms]
[2022-10-29T17:39:33.087Z] > git for-each-ref --sort -committerdate --format %(refname) %(objectname) %(*objectname) [204ms]
[2022-10-29T17:39:33.192Z] > git config --get commit.template [14ms]
[2022-10-29T17:39:36.076Z] > git status -z -uall [5736ms]
[2022-10-29T17:39:36.142Z] > git symbolic-ref --short HEAD [4ms]
[2022-10-29T17:39:36.157Z] > git for-each-ref --format=%(refname)%00%(upstream:short)%00%(objectname)%00%(upstream:track)%00%(upstream:remotename)%00%(upstream:remoteref) refs/heads/master refs/remotes/master [4ms]
[2022-10-29T17:39:36.221Z] > git for-each-ref --sort -committerdate --format %(refname) %(objectname) %(*objectname) [53ms]
[2022-10-29T17:39:36.223Z] > git remote --verbose [45ms]
[2022-10-29T17:39:36.248Z] > git config --get commit.template [5ms]
[2022-10-29T17:41:17.275Z] > git check-ignore -v -z --stdin [22ms]
[2022-10-29T17:44:20.968Z] > git check-ignore -v -z --stdin [50ms]
[2022-10-29T17:44:21.032Z] > git status -z -uall [246ms]
[2022-10-29T17:44:21.107Z] > git symbolic-ref --short HEAD [62ms]
[2022-10-29T17:44:21.107Z] fatal: ref HEAD is not a symbolic ref
[2022-10-29T17:44:21.122Z] > git rev-parse HEAD [3ms]
[2022-10-29T17:44:21.175Z] > git for-each-ref --sort -committerdate --format %(refname) %(objectname) %(*objectname) [43ms]
[2022-10-29T17:44:21.175Z] > git remote --verbose [32ms]
[2022-10-29T17:44:21.191Z] > git config --get commit.template [3ms]
[2022-10-29T17:44:24.240Z] > git status -z -uall [3467ms]
[2022-10-29T17:44:24.254Z] > git symbolic-ref --short HEAD [2ms]
[2022-10-29T17:44:24.272Z] > git for-each-ref --format=%(refname)%00%(upstream:short)%00%(objectname)%00%(upstream:track)%00%(upstream:remotename)%00%(upstream:remoteref) refs/heads/master refs/remotes/master [5ms]
[2022-10-29T17:44:24.296Z] > git remote --verbose [3ms]
[2022-10-29T17:44:24.310Z] > git for-each-ref --sort -committerdate --format %(refname) %(objectname) %(*objectname) [27ms]
[2022-10-29T17:44:24.350Z] > git config --get commit.template [1ms]
