[2022-11-12 12:18:45.540] [exthost] [info] Extension host with pid 9692 started
[2022-11-12 12:18:45.594] [exthost] [info] Lock '/home/nvidia/.vscode-server/data/User/workspaceStorage/0e457eed9977194e32662d2014192f6d/vscode.lock': Lock acquired.
[2022-11-12 12:18:45.693] [exthost] [info] ExtensionService#_doActivateExtension vscode.debug-auto-launch, startup: true, activationEvent: '*'
[2022-11-12 12:18:45.698] [exthost] [info] ExtensionService#_doActivateExtension vscode.git-base, startup: true, activationEvent: '*', root cause: vscode.git
[2022-11-12 12:18:45.700] [exthost] [info] ExtensionService#_doActivateExtension vscode.ipynb, startup: true, activationEvent: '*'
[2022-11-12 12:18:46.196] [exthost] [info] ExtensionService#_doActivateExtension vscode.git, startup: true, activationEvent: '*'
[2022-11-12 12:18:46.198] [exthost] [info] ExtensionService#_doActivateExtension vscode.github, startup: true, activationEvent: '*'
[2022-11-12 12:18:46.771] [exthost] [info] ExtensionService#_doActivateExtension vscode.emmet, startup: false, activationEvent: 'onStartupFinished'
[2022-11-12 12:18:46.772] [exthost] [info] ExtensionService#_doActivateExtension vscode.merge-conflict, startup: false, activationEvent: 'onStartupFinished'
[2022-11-12 12:18:46.773] [exthost] [info] Eager extensions activated
[2022-11-12 12:18:48.204] [exthost] [error] {"message":"Git error","stdout":"","stderr":"fatal: Pathspec '/home/nvidia/jetson-inference/python' is in submodule 'jetson-inference'\n","exitCode":128,"gitErrorCode":"IsInSubmodule"}
[2022-11-12 12:18:48.204] [exthost] [error] {"message":"Git error","stdout":"","stderr":"fatal: Pathspec '/home/nvidia/jetson-inference/python' is in submodule 'jetson-inference'\n","exitCode":128,"gitErrorCode":"IsInSubmodule"}
[2022-11-12 12:18:48.204] [exthost] [error] {"message":"Git error","stdout":"","stderr":"fatal: Pathspec '/home/nvidia/jetson-inference/python' is in submodule 'jetson-inference'\n","exitCode":128,"gitErrorCode":"IsInSubmodule"}
[2022-11-12 12:18:48.204] [exthost] [error] {"message":"Git error","stdout":"","stderr":"fatal: Pathspec '/home/nvidia/jetson-inference/python' is in submodule 'jetson-inference'\n","exitCode":128,"gitErrorCode":"IsInSubmodule"}
[2022-11-12 12:18:48.204] [exthost] [error] {"message":"Git error","stdout":"","stderr":"fatal: Pathspec '/home/nvidia/jetson-inference/python' is in submodule 'jetson-inference'\n","exitCode":128,"gitErrorCode":"IsInSubmodule"}
[2022-11-12 12:18:48.204] [exthost] [error] {"message":"Git error","stdout":"","stderr":"fatal: Pathspec '/home/nvidia/jetson-inference/python' is in submodule 'jetson-inference'\n","exitCode":128,"gitErrorCode":"IsInSubmodule"}
[2022-11-12 12:18:48.204] [exthost] [error] {"message":"Git error","stdout":"","stderr":"fatal: Pathspec '/home/nvidia/jetson-inference/python' is in submodule 'jetson-inference'\n","exitCode":128,"gitErrorCode":"IsInSubmodule"}
[2022-11-12 12:18:48.204] [exthost] [error] {"message":"Git error","stdout":"","stderr":"fatal: Pathspec '/home/nvidia/jetson-inference/python' is in submodule 'jetson-inference'\n","exitCode":128,"gitErrorCode":"IsInSubmodule"}
[2022-11-12 12:18:48.205] [exthost] [error] {"message":"Git error","stdout":"","stderr":"fatal: Pathspec '/home/nvidia/jetson-inference/python' is in submodule 'jetson-inference'\n","exitCode":128,"gitErrorCode":"IsInSubmodule"}
[2022-11-12 12:18:48.205] [exthost] [error] {"message":"Git error","stdout":"","stderr":"fatal: Pathspec '/home/nvidia/jetson-inference/python' is in submodule 'jetson-inference'\n","exitCode":128,"gitErrorCode":"IsInSubmodule"}
[2022-11-12 12:18:48.205] [exthost] [error] {"message":"Git error","stdout":"","stderr":"fatal: Pathspec '/home/nvidia/jetson-inference/python' is in submodule 'jetson-inference'\n","exitCode":128,"gitErrorCode":"IsInSubmodule"}
[2022-11-12 12:18:48.205] [exthost] [error] {"message":"Git error","stdout":"","stderr":"fatal: Pathspec '/home/nvidia/jetson-inference/python' is in submodule 'jetson-inference'\n","exitCode":128,"gitErrorCode":"IsInSubmodule"}
[2022-11-12 12:18:48.205] [exthost] [error] {"message":"Git error","stdout":"","stderr":"fatal: Pathspec '/home/nvidia/jetson-inference/python' is in submodule 'jetson-inference'\n","exitCode":128,"gitErrorCode":"IsInSubmodule"}
[2022-11-12 12:18:48.205] [exthost] [error] {"message":"Git error","stdout":"","stderr":"fatal: Pathspec '/home/nvidia/jetson-inference/python' is in submodule 'jetson-inference'\n","exitCode":128,"gitErrorCode":"IsInSubmodule"}
[2022-11-12 12:18:48.205] [exthost] [error] {"message":"Git error","stdout":"","stderr":"fatal: Pathspec '/home/nvidia/jetson-inference/python' is in submodule 'jetson-inference'\n","exitCode":128,"gitErrorCode":"IsInSubmodule"}
[2022-11-12 12:18:48.205] [exthost] [error] {"message":"Git error","stdout":"","stderr":"fatal: Pathspec '/home/nvidia/jetson-inference/python' is in submodule 'jetson-inference'\n","exitCode":128,"gitErrorCode":"IsInSubmodule"}
[2022-11-12 12:18:48.205] [exthost] [error] {"message":"Git error","stdout":"","stderr":"fatal: Pathspec '/home/nvidia/jetson-inference/python' is in submodule 'jetson-inference'\n","exitCode":128,"gitErrorCode":"IsInSubmodule"}
[2022-11-12 12:18:48.205] [exthost] [error] {"message":"Git error","stdout":"","stderr":"fatal: Pathspec '/home/nvidia/jetson-inference/python' is in submodule 'jetson-inference'\n","exitCode":128,"gitErrorCode":"IsInSubmodule"}
[2022-11-12 12:18:48.205] [exthost] [error] {"message":"Git error","stdout":"","stderr":"fatal: Pathspec '/home/nvidia/jetson-inference/python' is in submodule 'jetson-inference'\n","exitCode":128,"gitErrorCode":"IsInSubmodule"}
[2022-11-12 12:18:48.205] [exthost] [error] {"message":"Git error","stdout":"","stderr":"fatal: Pathspec '/home/nvidia/jetson-inference/python' is in submodule 'jetson-inference'\n","exitCode":128,"gitErrorCode":"IsInSubmodule"}
[2022-11-12 12:18:48.205] [exthost] [error] {"message":"Git error","stdout":"","stderr":"fatal: Pathspec '/home/nvidia/jetson-inference/python' is in submodule 'jetson-inference'\n","exitCode":128,"gitErrorCode":"IsInSubmodule"}
[2022-11-12 12:18:48.205] [exthost] [error] {"message":"Git error","stdout":"","stderr":"fatal: Pathspec '/home/nvidia/jetson-inference/python' is in submodule 'jetson-inference'\n","exitCode":128,"gitErrorCode":"IsInSubmodule"}
[2022-11-12 12:18:48.205] [exthost] [error] {"message":"Git error","stdout":"","stderr":"fatal: Pathspec '/home/nvidia/jetson-inference/python' is in submodule 'jetson-inference'\n","exitCode":128,"gitErrorCode":"IsInSubmodule"}
[2022-11-12 12:18:48.205] [exthost] [error] {"message":"Git error","stdout":"","stderr":"fatal: Pathspec '/home/nvidia/jetson-inference/python' is in submodule 'jetson-inference'\n","exitCode":128,"gitErrorCode":"IsInSubmodule"}
[2022-11-12 12:18:48.205] [exthost] [error] {"message":"Git error","stdout":"","stderr":"fatal: Pathspec '/home/nvidia/jetson-inference/python' is in submodule 'jetson-inference'\n","exitCode":128,"gitErrorCode":"IsInSubmodule"}
[2022-11-12 12:18:48.205] [exthost] [error] {"message":"Git error","stdout":"","stderr":"fatal: Pathspec '/home/nvidia/jetson-inference/python' is in submodule 'jetson-inference'\n","exitCode":128,"gitErrorCode":"IsInSubmodule"}
[2022-11-12 12:18:48.206] [exthost] [error] {"message":"Git error","stdout":"","stderr":"fatal: Pathspec '/home/nvidia/jetson-inference/python' is in submodule 'jetson-inference'\n","exitCode":128,"gitErrorCode":"IsInSubmodule"}
[2022-11-12 12:18:48.206] [exthost] [error] {"message":"Git error","stdout":"","stderr":"fatal: Pathspec '/home/nvidia/jetson-inference/python' is in submodule 'jetson-inference'\n","exitCode":128,"gitErrorCode":"IsInSubmodule"}
[2022-11-12 12:18:48.206] [exthost] [error] {"message":"Git error","stdout":"","stderr":"fatal: Pathspec '/home/nvidia/jetson-inference/python' is in submodule 'jetson-inference'\n","exitCode":128,"gitErrorCode":"IsInSubmodule"}
[2022-11-12 12:18:48.206] [exthost] [error] {"message":"Git error","stdout":"","stderr":"fatal: Pathspec '/home/nvidia/jetson-inference/python' is in submodule 'jetson-inference'\n","exitCode":128,"gitErrorCode":"IsInSubmodule"}
[2022-11-12 12:18:48.206] [exthost] [error] {"message":"Git error","stdout":"","stderr":"fatal: Pathspec '/home/nvidia/jetson-inference/python' is in submodule 'jetson-inference'\n","exitCode":128,"gitErrorCode":"IsInSubmodule"}
[2022-11-12 12:18:48.206] [exthost] [error] {"message":"Git error","stdout":"","stderr":"fatal: Pathspec '/home/nvidia/jetson-inference/python' is in submodule 'jetson-inference'\n","exitCode":128,"gitErrorCode":"IsInSubmodule"}
[2022-11-12 12:18:48.206] [exthost] [error] {"message":"Git error","stdout":"","stderr":"fatal: Pathspec '/home/nvidia/jetson-inference/python' is in submodule 'jetson-inference'\n","exitCode":128,"gitErrorCode":"IsInSubmodule"}
[2022-11-12 12:18:48.206] [exthost] [error] {"message":"Git error","stdout":"","stderr":"fatal: Pathspec '/home/nvidia/jetson-inference/python' is in submodule 'jetson-inference'\n","exitCode":128,"gitErrorCode":"IsInSubmodule"}
[2022-11-12 12:18:48.206] [exthost] [error] {"message":"Git error","stdout":"","stderr":"fatal: Pathspec '/home/nvidia/jetson-inference/python' is in submodule 'jetson-inference'\n","exitCode":128,"gitErrorCode":"IsInSubmodule"}
[2022-11-12 12:18:48.206] [exthost] [error] {"message":"Git error","stdout":"","stderr":"fatal: Pathspec '/home/nvidia/jetson-inference/python' is in submodule 'jetson-inference'\n","exitCode":128,"gitErrorCode":"IsInSubmodule"}
[2022-11-12 12:18:48.206] [exthost] [error] {"message":"Git error","stdout":"","stderr":"fatal: Pathspec '/home/nvidia/jetson-inference/python' is in submodule 'jetson-inference'\n","exitCode":128,"gitErrorCode":"IsInSubmodule"}
[2022-11-12 12:18:48.206] [exthost] [error] {"message":"Git error","stdout":"","stderr":"fatal: Pathspec '/home/nvidia/jetson-inference/python' is in submodule 'jetson-inference'\n","exitCode":128,"gitErrorCode":"IsInSubmodule"}
[2022-11-12 12:18:48.206] [exthost] [error] {"message":"Git error","stdout":"","stderr":"fatal: Pathspec '/home/nvidia/jetson-inference/python' is in submodule 'jetson-inference'\n","exitCode":128,"gitErrorCode":"IsInSubmodule"}
[2022-11-12 12:18:48.206] [exthost] [error] {"message":"Git error","stdout":"","stderr":"fatal: Pathspec '/home/nvidia/jetson-inference/python' is in submodule 'jetson-inference'\n","exitCode":128,"gitErrorCode":"IsInSubmodule"}
[2022-11-12 12:18:48.206] [exthost] [error] {"message":"Git error","stdout":"","stderr":"fatal: Pathspec '/home/nvidia/jetson-inference/python' is in submodule 'jetson-inference'\n","exitCode":128,"gitErrorCode":"IsInSubmodule"}
[2022-11-12 12:18:48.206] [exthost] [error] {"message":"Git error","stdout":"","stderr":"fatal: Pathspec '/home/nvidia/jetson-inference/python' is in submodule 'jetson-inference'\n","exitCode":128,"gitErrorCode":"IsInSubmodule"}
[2022-11-12 12:18:48.206] [exthost] [error] {"message":"Git error","stdout":"","stderr":"fatal: Pathspec '/home/nvidia/jetson-inference/python' is in submodule 'jetson-inference'\n","exitCode":128,"gitErrorCode":"IsInSubmodule"}
[2022-11-12 12:18:48.206] [exthost] [error] {"message":"Git error","stdout":"","stderr":"fatal: Pathspec '/home/nvidia/jetson-inference/python' is in submodule 'jetson-inference'\n","exitCode":128,"gitErrorCode":"IsInSubmodule"}
[2022-11-12 12:18:48.206] [exthost] [error] {"message":"Git error","stdout":"","stderr":"fatal: Pathspec '/home/nvidia/jetson-inference/python' is in submodule 'jetson-inference'\n","exitCode":128,"gitErrorCode":"IsInSubmodule"}
[2022-11-12 12:18:48.206] [exthost] [error] {"message":"Git error","stdout":"","stderr":"fatal: Pathspec '/home/nvidia/jetson-inference/python' is in submodule 'jetson-inference'\n","exitCode":128,"gitErrorCode":"IsInSubmodule"}
[2022-11-12 12:18:48.206] [exthost] [error] {"message":"Git error","stdout":"","stderr":"fatal: Pathspec '/home/nvidia/jetson-inference/python' is in submodule 'jetson-inference'\n","exitCode":128,"gitErrorCode":"IsInSubmodule"}
[2022-11-12 12:18:48.207] [exthost] [error] {"message":"Git error","stdout":"","stderr":"fatal: Pathspec '/home/nvidia/jetson-inference/python' is in submodule 'jetson-inference'\n","exitCode":128,"gitErrorCode":"IsInSubmodule"}
[2022-11-12 12:18:48.207] [exthost] [error] {"message":"Git error","stdout":"","stderr":"fatal: Pathspec '/home/nvidia/jetson-inference/python' is in submodule 'jetson-inference'\n","exitCode":128,"gitErrorCode":"IsInSubmodule"}
[2022-11-12 12:18:48.207] [exthost] [error] {"message":"Git error","stdout":"","stderr":"fatal: Pathspec '/home/nvidia/jetson-inference/python' is in submodule 'jetson-inference'\n","exitCode":128,"gitErrorCode":"IsInSubmodule"}
[2022-11-12 12:18:48.207] [exthost] [error] {"message":"Git error","stdout":"","stderr":"fatal: Pathspec '/home/nvidia/jetson-inference/python' is in submodule 'jetson-inference'\n","exitCode":128,"gitErrorCode":"IsInSubmodule"}
[2022-11-12 12:18:48.207] [exthost] [error] {"message":"Git error","stdout":"","stderr":"fatal: Pathspec '/home/nvidia/jetson-inference/python' is in submodule 'jetson-inference'\n","exitCode":128,"gitErrorCode":"IsInSubmodule"}
[2022-11-12 12:18:48.207] [exthost] [error] {"message":"Git error","stdout":"","stderr":"fatal: Pathspec '/home/nvidia/jetson-inference/python' is in submodule 'jetson-inference'\n","exitCode":128,"gitErrorCode":"IsInSubmodule"}
[2022-11-12 12:18:48.207] [exthost] [error] {"message":"Git error","stdout":"","stderr":"fatal: Pathspec '/home/nvidia/jetson-inference/python' is in submodule 'jetson-inference'\n","exitCode":128,"gitErrorCode":"IsInSubmodule"}
[2022-11-12 12:18:48.207] [exthost] [error] {"message":"Git error","stdout":"","stderr":"fatal: Pathspec '/home/nvidia/jetson-inference/python' is in submodule 'jetson-inference'\n","exitCode":128,"gitErrorCode":"IsInSubmodule"}
[2022-11-12 12:18:48.207] [exthost] [error] {"message":"Git error","stdout":"","stderr":"fatal: Pathspec '/home/nvidia/jetson-inference/python' is in submodule 'jetson-inference'\n","exitCode":128,"gitErrorCode":"IsInSubmodule"}
[2022-11-12 12:18:48.207] [exthost] [error] {"message":"Git error","stdout":"","stderr":"fatal: Pathspec '/home/nvidia/jetson-inference/python' is in submodule 'jetson-inference'\n","exitCode":128,"gitErrorCode":"IsInSubmodule"}
[2022-11-12 12:18:48.207] [exthost] [error] {"message":"Git error","stdout":"","stderr":"fatal: Pathspec '/home/nvidia/jetson-inference/python' is in submodule 'jetson-inference'\n","exitCode":128,"gitErrorCode":"IsInSubmodule"}
[2022-11-12 12:18:48.207] [exthost] [error] {"message":"Git error","stdout":"","stderr":"fatal: Pathspec '/home/nvidia/jetson-inference/python' is in submodule 'jetson-inference'\n","exitCode":128,"gitErrorCode":"IsInSubmodule"}
[2022-11-12 12:18:48.207] [exthost] [error] {"message":"Git error","stdout":"","stderr":"fatal: Pathspec '/home/nvidia/jetson-inference/python' is in submodule 'jetson-inference'\n","exitCode":128,"gitErrorCode":"IsInSubmodule"}
[2022-11-12 12:18:48.207] [exthost] [error] {"message":"Git error","stdout":"","stderr":"fatal: Pathspec '/home/nvidia/jetson-inference/python' is in submodule 'jetson-inference'\n","exitCode":128,"gitErrorCode":"IsInSubmodule"}
[2022-11-12 12:18:48.207] [exthost] [error] {"message":"Git error","stdout":"","stderr":"fatal: Pathspec '/home/nvidia/jetson-inference/python' is in submodule 'jetson-inference'\n","exitCode":128,"gitErrorCode":"IsInSubmodule"}
[2022-11-12 12:18:48.207] [exthost] [error] {"message":"Git error","stdout":"","stderr":"fatal: Pathspec '/home/nvidia/jetson-inference/python' is in submodule 'jetson-inference'\n","exitCode":128,"gitErrorCode":"IsInSubmodule"}
[2022-11-12 12:18:48.207] [exthost] [error] {"message":"Git error","stdout":"","stderr":"fatal: Pathspec '/home/nvidia/jetson-inference/python' is in submodule 'jetson-inference'\n","exitCode":128,"gitErrorCode":"IsInSubmodule"}
[2022-11-12 12:18:48.207] [exthost] [error] {"message":"Git error","stdout":"","stderr":"fatal: Pathspec '/home/nvidia/jetson-inference/python' is in submodule 'jetson-inference'\n","exitCode":128,"gitErrorCode":"IsInSubmodule"}
[2022-11-12 12:18:48.207] [exthost] [error] {"message":"Git error","stdout":"","stderr":"fatal: Pathspec '/home/nvidia/jetson-inference/python' is in submodule 'jetson-inference'\n","exitCode":128,"gitErrorCode":"IsInSubmodule"}
[2022-11-12 12:18:48.207] [exthost] [error] {"message":"Git error","stdout":"","stderr":"fatal: Pathspec '/home/nvidia/jetson-inference/python' is in submodule 'jetson-inference'\n","exitCode":128,"gitErrorCode":"IsInSubmodule"}
[2022-11-12 12:18:48.207] [exthost] [error] {"message":"Git error","stdout":"","stderr":"fatal: Pathspec '/home/nvidia/jetson-inference/python' is in submodule 'jetson-inference'\n","exitCode":128,"gitErrorCode":"IsInSubmodule"}
[2022-11-12 12:18:48.208] [exthost] [error] {"message":"Git error","stdout":"","stderr":"fatal: Pathspec '/home/nvidia/jetson-inference/python' is in submodule 'jetson-inference'\n","exitCode":128,"gitErrorCode":"IsInSubmodule"}
[2022-11-12 12:18:48.208] [exthost] [error] {"message":"Git error","stdout":"","stderr":"fatal: Pathspec '/home/nvidia/jetson-inference/python' is in submodule 'jetson-inference'\n","exitCode":128,"gitErrorCode":"IsInSubmodule"}
[2022-11-12 12:18:48.208] [exthost] [error] {"message":"Git error","stdout":"","stderr":"fatal: Pathspec '/home/nvidia/jetson-inference/python' is in submodule 'jetson-inference'\n","exitCode":128,"gitErrorCode":"IsInSubmodule"}
[2022-11-12 12:18:48.208] [exthost] [error] {"message":"Git error","stdout":"","stderr":"fatal: Pathspec '/home/nvidia/jetson-inference/python' is in submodule 'jetson-inference'\n","exitCode":128,"gitErrorCode":"IsInSubmodule"}
[2022-11-12 12:18:48.208] [exthost] [error] {"message":"Git error","stdout":"","stderr":"fatal: Pathspec '/home/nvidia/jetson-inference/python' is in submodule 'jetson-inference'\n","exitCode":128,"gitErrorCode":"IsInSubmodule"}
[2022-11-12 12:18:48.208] [exthost] [error] {"message":"Git error","stdout":"","stderr":"fatal: Pathspec '/home/nvidia/jetson-inference/python' is in submodule 'jetson-inference'\n","exitCode":128,"gitErrorCode":"IsInSubmodule"}
[2022-11-12 12:18:48.208] [exthost] [error] {"message":"Git error","stdout":"","stderr":"fatal: Pathspec '/home/nvidia/jetson-inference/python' is in submodule 'jetson-inference'\n","exitCode":128,"gitErrorCode":"IsInSubmodule"}
[2022-11-12 12:18:48.208] [exthost] [error] {"message":"Git error","stdout":"","stderr":"fatal: Pathspec '/home/nvidia/jetson-inference/python' is in submodule 'jetson-inference'\n","exitCode":128,"gitErrorCode":"IsInSubmodule"}
[2022-11-12 12:18:48.208] [exthost] [error] {"message":"Git error","stdout":"","stderr":"fatal: Pathspec '/home/nvidia/jetson-inference/python' is in submodule 'jetson-inference'\n","exitCode":128,"gitErrorCode":"IsInSubmodule"}
[2022-11-12 12:18:48.208] [exthost] [error] {"message":"Git error","stdout":"","stderr":"fatal: Pathspec '/home/nvidia/jetson-inference/python' is in submodule 'jetson-inference'\n","exitCode":128,"gitErrorCode":"IsInSubmodule"}
[2022-11-12 12:18:48.208] [exthost] [error] {"message":"Git error","stdout":"","stderr":"fatal: Pathspec '/home/nvidia/jetson-inference/python' is in submodule 'jetson-inference'\n","exitCode":128,"gitErrorCode":"IsInSubmodule"}
[2022-11-12 12:18:48.208] [exthost] [error] {"message":"Git error","stdout":"","stderr":"fatal: Pathspec '/home/nvidia/jetson-inference/python' is in submodule 'jetson-inference'\n","exitCode":128,"gitErrorCode":"IsInSubmodule"}
[2022-11-12 12:18:48.208] [exthost] [error] {"message":"Git error","stdout":"","stderr":"fatal: Pathspec '/home/nvidia/jetson-inference/python' is in submodule 'jetson-inference'\n","exitCode":128,"gitErrorCode":"IsInSubmodule"}
[2022-11-12 12:18:48.208] [exthost] [error] {"message":"Git error","stdout":"","stderr":"fatal: Pathspec '/home/nvidia/jetson-inference/python' is in submodule 'jetson-inference'\n","exitCode":128,"gitErrorCode":"IsInSubmodule"}
[2022-11-12 12:18:48.208] [exthost] [error] {"message":"Git error","stdout":"","stderr":"fatal: Pathspec '/home/nvidia/jetson-inference/python' is in submodule 'jetson-inference'\n","exitCode":128,"gitErrorCode":"IsInSubmodule"}
[2022-11-12 12:18:48.208] [exthost] [error] {"message":"Git error","stdout":"","stderr":"fatal: Pathspec '/home/nvidia/jetson-inference/python' is in submodule 'jetson-inference'\n","exitCode":128,"gitErrorCode":"IsInSubmodule"}
[2022-11-12 12:18:48.208] [exthost] [error] {"message":"Git error","stdout":"","stderr":"fatal: Pathspec '/home/nvidia/jetson-inference/python' is in submodule 'jetson-inference'\n","exitCode":128,"gitErrorCode":"IsInSubmodule"}
[2022-11-12 12:18:48.208] [exthost] [error] {"message":"Git error","stdout":"","stderr":"fatal: Pathspec '/home/nvidia/jetson-inference/python' is in submodule 'jetson-inference'\n","exitCode":128,"gitErrorCode":"IsInSubmodule"}
[2022-11-12 12:18:48.208] [exthost] [error] {"message":"Git error","stdout":"","stderr":"fatal: Pathspec '/home/nvidia/jetson-inference/python' is in submodule 'jetson-inference'\n","exitCode":128,"gitErrorCode":"IsInSubmodule"}
[2022-11-12 12:18:48.208] [exthost] [error] {"message":"Git error","stdout":"","stderr":"fatal: Pathspec '/home/nvidia/jetson-inference/python' is in submodule 'jetson-inference'\n","exitCode":128,"gitErrorCode":"IsInSubmodule"}
[2022-11-12 12:18:48.208] [exthost] [error] {"message":"Git error","stdout":"","stderr":"fatal: Pathspec '/home/nvidia/jetson-inference/python' is in submodule 'jetson-inference'\n","exitCode":128,"gitErrorCode":"IsInSubmodule"}
[2022-11-12 12:18:48.209] [exthost] [error] {"message":"Git error","stdout":"","stderr":"fatal: Pathspec '/home/nvidia/jetson-inference/python' is in submodule 'jetson-inference'\n","exitCode":128,"gitErrorCode":"IsInSubmodule"}
[2022-11-12 12:18:48.209] [exthost] [error] {"message":"Git error","stdout":"","stderr":"fatal: Pathspec '/home/nvidia/jetson-inference/python' is in submodule 'jetson-inference'\n","exitCode":128,"gitErrorCode":"IsInSubmodule"}
[2022-11-12 12:18:48.209] [exthost] [error] {"message":"Git error","stdout":"","stderr":"fatal: Pathspec '/home/nvidia/jetson-inference/python' is in submodule 'jetson-inference'\n","exitCode":128,"gitErrorCode":"IsInSubmodule"}
[2022-11-12 12:18:48.209] [exthost] [error] {"message":"Git error","stdout":"","stderr":"fatal: Pathspec '/home/nvidia/jetson-inference/python' is in submodule 'jetson-inference'\n","exitCode":128,"gitErrorCode":"IsInSubmodule"}
[2022-11-12 12:18:48.209] [exthost] [error] {"message":"Git error","stdout":"","stderr":"fatal: Pathspec '/home/nvidia/jetson-inference/python' is in submodule 'jetson-inference'\n","exitCode":128,"gitErrorCode":"IsInSubmodule"}
[2022-11-12 12:18:48.209] [exthost] [error] {"message":"Git error","stdout":"","stderr":"fatal: Pathspec '/home/nvidia/jetson-inference/python' is in submodule 'jetson-inference'\n","exitCode":128,"gitErrorCode":"IsInSubmodule"}
[2022-11-12 12:18:48.209] [exthost] [error] {"message":"Git error","stdout":"","stderr":"fatal: Pathspec '/home/nvidia/jetson-inference/python' is in submodule 'jetson-inference'\n","exitCode":128,"gitErrorCode":"IsInSubmodule"}
[2022-11-12 12:18:48.209] [exthost] [error] {"message":"Git error","stdout":"","stderr":"fatal: Pathspec '/home/nvidia/jetson-inference/python' is in submodule 'jetson-inference'\n","exitCode":128,"gitErrorCode":"IsInSubmodule"}
[2022-11-12 12:18:48.209] [exthost] [error] {"message":"Git error","stdout":"","stderr":"fatal: Pathspec '/home/nvidia/jetson-inference/python' is in submodule 'jetson-inference'\n","exitCode":128,"gitErrorCode":"IsInSubmodule"}
[2022-11-12 12:18:48.209] [exthost] [error] {"message":"Git error","stdout":"","stderr":"fatal: Pathspec '/home/nvidia/jetson-inference/python' is in submodule 'jetson-inference'\n","exitCode":128,"gitErrorCode":"IsInSubmodule"}
[2022-11-12 12:18:48.209] [exthost] [error] {"message":"Git error","stdout":"","stderr":"fatal: Pathspec '/home/nvidia/jetson-inference/python' is in submodule 'jetson-inference'\n","exitCode":128,"gitErrorCode":"IsInSubmodule"}
[2022-11-12 12:18:48.209] [exthost] [error] {"message":"Git error","stdout":"","stderr":"fatal: Pathspec '/home/nvidia/jetson-inference/python' is in submodule 'jetson-inference'\n","exitCode":128,"gitErrorCode":"IsInSubmodule"}
[2022-11-12 12:18:48.209] [exthost] [error] {"message":"Git error","stdout":"","stderr":"fatal: Pathspec '/home/nvidia/jetson-inference/python' is in submodule 'jetson-inference'\n","exitCode":128,"gitErrorCode":"IsInSubmodule"}
[2022-11-12 12:18:48.209] [exthost] [error] {"message":"Git error","stdout":"","stderr":"fatal: Pathspec '/home/nvidia/jetson-inference/python' is in submodule 'jetson-inference'\n","exitCode":128,"gitErrorCode":"IsInSubmodule"}
[2022-11-12 12:18:48.209] [exthost] [error] {"message":"Git error","stdout":"","stderr":"fatal: Pathspec '/home/nvidia/jetson-inference/python' is in submodule 'jetson-inference'\n","exitCode":128,"gitErrorCode":"IsInSubmodule"}
[2022-11-12 12:18:48.209] [exthost] [error] {"message":"Git error","stdout":"","stderr":"fatal: Pathspec '/home/nvidia/jetson-inference/python' is in submodule 'jetson-inference'\n","exitCode":128,"gitErrorCode":"IsInSubmodule"}
[2022-11-12 12:18:48.209] [exthost] [error] {"message":"Git error","stdout":"","stderr":"fatal: Pathspec '/home/nvidia/jetson-inference/python' is in submodule 'jetson-inference'\n","exitCode":128,"gitErrorCode":"IsInSubmodule"}
[2022-11-12 12:18:48.209] [exthost] [error] {"message":"Git error","stdout":"","stderr":"fatal: Pathspec '/home/nvidia/jetson-inference/python' is in submodule 'jetson-inference'\n","exitCode":128,"gitErrorCode":"IsInSubmodule"}
[2022-11-12 12:18:48.209] [exthost] [error] {"message":"Git error","stdout":"","stderr":"fatal: Pathspec '/home/nvidia/jetson-inference/python' is in submodule 'jetson-inference'\n","exitCode":128,"gitErrorCode":"IsInSubmodule"}
[2022-11-12 12:18:48.215] [exthost] [error] {"message":"Git error","stdout":"","stderr":"fatal: Pathspec '/home/nvidia/jetson-inference/python/training/classification/output10.jpg' is in submodule 'python/training/classification'\n","exitCode":128,"gitErrorCode":"IsInSubmodule"}
[2022-11-12 12:18:48.215] [exthost] [error] {"message":"Git error","stdout":"","stderr":"fatal: Pathspec '/home/nvidia/jetson-inference/python/training/classification/output10.jpg' is in submodule 'python/training/classification'\n","exitCode":128,"gitErrorCode":"IsInSubmodule"}
[2022-11-12 12:18:48.215] [exthost] [error] {"message":"Git error","stdout":"","stderr":"fatal: Pathspec '/home/nvidia/jetson-inference/python/training/classification/output10.jpg' is in submodule 'python/training/classification'\n","exitCode":128,"gitErrorCode":"IsInSubmodule"}
[2022-11-12 12:18:48.215] [exthost] [error] {"message":"Git error","stdout":"","stderr":"fatal: Pathspec '/home/nvidia/jetson-inference/python/training/classification/output10.jpg' is in submodule 'python/training/classification'\n","exitCode":128,"gitErrorCode":"IsInSubmodule"}
[2022-11-12 12:18:48.216] [exthost] [error] {"message":"Git error","stdout":"","stderr":"fatal: Pathspec '/home/nvidia/jetson-inference/python/training/classification/output10.jpg' is in submodule 'python/training/classification'\n","exitCode":128,"gitErrorCode":"IsInSubmodule"}
[2022-11-12 12:18:48.216] [exthost] [error] {"message":"Git error","stdout":"","stderr":"fatal: Pathspec '/home/nvidia/jetson-inference/python/training/classification/output10.jpg' is in submodule 'python/training/classification'\n","exitCode":128,"gitErrorCode":"IsInSubmodule"}
[2022-11-12 12:18:48.216] [exthost] [error] {"message":"Git error","stdout":"","stderr":"fatal: Pathspec '/home/nvidia/jetson-inference/python/training/classification/output10.jpg' is in submodule 'python/training/classification'\n","exitCode":128,"gitErrorCode":"IsInSubmodule"}
[2022-11-12 12:18:48.216] [exthost] [error] {"message":"Git error","stdout":"","stderr":"fatal: Pathspec '/home/nvidia/jetson-inference/python/training/classification/output10.jpg' is in submodule 'python/training/classification'\n","exitCode":128,"gitErrorCode":"IsInSubmodule"}
[2022-11-12 12:18:48.216] [exthost] [error] {"message":"Git error","stdout":"","stderr":"fatal: Pathspec '/home/nvidia/jetson-inference/python/training/classification/output10.jpg' is in submodule 'python/training/classification'\n","exitCode":128,"gitErrorCode":"IsInSubmodule"}
[2022-11-12 12:18:48.216] [exthost] [error] {"message":"Git error","stdout":"","stderr":"fatal: Pathspec '/home/nvidia/jetson-inference/python/training/classification/output10.jpg' is in submodule 'python/training/classification'\n","exitCode":128,"gitErrorCode":"IsInSubmodule"}
[2022-11-12 12:18:48.216] [exthost] [error] {"message":"Git error","stdout":"","stderr":"fatal: Pathspec '/home/nvidia/jetson-inference/python/training/classification/output10.jpg' is in submodule 'python/training/classification'\n","exitCode":128,"gitErrorCode":"IsInSubmodule"}
[2022-11-12 12:18:48.216] [exthost] [error] {"message":"Git error","stdout":"","stderr":"fatal: Pathspec '/home/nvidia/jetson-inference/python/training/classification/output10.jpg' is in submodule 'python/training/classification'\n","exitCode":128,"gitErrorCode":"IsInSubmodule"}
[2022-11-12 12:18:48.216] [exthost] [error] {"message":"Git error","stdout":"","stderr":"fatal: Pathspec '/home/nvidia/jetson-inference/python/training/classification/output10.jpg' is in submodule 'python/training/classification'\n","exitCode":128,"gitErrorCode":"IsInSubmodule"}
[2022-11-12 12:18:48.216] [exthost] [error] {"message":"Git error","stdout":"","stderr":"fatal: Pathspec '/home/nvidia/jetson-inference/python/training/classification/output10.jpg' is in submodule 'python/training/classification'\n","exitCode":128,"gitErrorCode":"IsInSubmodule"}
[2022-11-12 12:18:48.216] [exthost] [error] {"message":"Git error","stdout":"","stderr":"fatal: Pathspec '/home/nvidia/jetson-inference/python/training/classification/output10.jpg' is in submodule 'python/training/classification'\n","exitCode":128,"gitErrorCode":"IsInSubmodule"}
[2022-11-12 12:18:48.216] [exthost] [error] {"message":"Git error","stdout":"","stderr":"fatal: Pathspec '/home/nvidia/jetson-inference/python/training/classification/output10.jpg' is in submodule 'python/training/classification'\n","exitCode":128,"gitErrorCode":"IsInSubmodule"}
[2022-11-12 12:18:48.216] [exthost] [error] {"message":"Git error","stdout":"","stderr":"fatal: Pathspec '/home/nvidia/jetson-inference/python/training/classification/output10.jpg' is in submodule 'python/training/classification'\n","exitCode":128,"gitErrorCode":"IsInSubmodule"}
[2022-11-12 12:18:48.216] [exthost] [error] {"message":"Git error","stdout":"","stderr":"fatal: Pathspec '/home/nvidia/jetson-inference/python/training/classification/output10.jpg' is in submodule 'python/training/classification'\n","exitCode":128,"gitErrorCode":"IsInSubmodule"}
[2022-11-12 12:18:48.216] [exthost] [error] {"message":"Git error","stdout":"","stderr":"fatal: Pathspec '/home/nvidia/jetson-inference/python/training/classification/output10.jpg' is in submodule 'python/training/classification'\n","exitCode":128,"gitErrorCode":"IsInSubmodule"}
[2022-11-12 12:18:48.216] [exthost] [error] {"message":"Git error","stdout":"","stderr":"fatal: Pathspec '/home/nvidia/jetson-inference/python/training/classification/output10.jpg' is in submodule 'python/training/classification'\n","exitCode":128,"gitErrorCode":"IsInSubmodule"}
[2022-11-12 12:18:48.216] [exthost] [error] {"message":"Git error","stdout":"","stderr":"fatal: Pathspec '/home/nvidia/jetson-inference/python/training/classification/output10.jpg' is in submodule 'python/training/classification'\n","exitCode":128,"gitErrorCode":"IsInSubmodule"}
[2022-11-12 12:18:48.216] [exthost] [error] {"message":"Git error","stdout":"","stderr":"fatal: Pathspec '/home/nvidia/jetson-inference/python/training/classification/output10.jpg' is in submodule 'python/training/classification'\n","exitCode":128,"gitErrorCode":"IsInSubmodule"}
[2022-11-12 12:18:48.216] [exthost] [error] {"message":"Git error","stdout":"","stderr":"fatal: Pathspec '/home/nvidia/jetson-inference/python/training/classification/output10.jpg' is in submodule 'python/training/classification'\n","exitCode":128,"gitErrorCode":"IsInSubmodule"}
[2022-11-12 12:18:48.217] [exthost] [error] {"message":"Git error","stdout":"","stderr":"fatal: Pathspec '/home/nvidia/jetson-inference/python/training/classification/output10.jpg' is in submodule 'python/training/classification'\n","exitCode":128,"gitErrorCode":"IsInSubmodule"}
[2022-11-12 12:18:48.217] [exthost] [error] {"message":"Git error","stdout":"","stderr":"fatal: Pathspec '/home/nvidia/jetson-inference/python/training/classification/output10.jpg' is in submodule 'python/training/classification'\n","exitCode":128,"gitErrorCode":"IsInSubmodule"}
[2022-11-12 12:18:48.217] [exthost] [error] {"message":"Git error","stdout":"","stderr":"fatal: Pathspec '/home/nvidia/jetson-inference/python/training/classification/output10.jpg' is in submodule 'python/training/classification'\n","exitCode":128,"gitErrorCode":"IsInSubmodule"}
[2022-11-12 12:18:48.217] [exthost] [error] {"message":"Git error","stdout":"","stderr":"fatal: Pathspec '/home/nvidia/jetson-inference/python/training/classification/output10.jpg' is in submodule 'python/training/classification'\n","exitCode":128,"gitErrorCode":"IsInSubmodule"}
[2022-11-12 12:18:48.217] [exthost] [error] {"message":"Git error","stdout":"","stderr":"fatal: Pathspec '/home/nvidia/jetson-inference/python/training/classification/output10.jpg' is in submodule 'python/training/classification'\n","exitCode":128,"gitErrorCode":"IsInSubmodule"}
[2022-11-12 12:18:48.217] [exthost] [error] {"message":"Git error","stdout":"","stderr":"fatal: Pathspec '/home/nvidia/jetson-inference/python/training/classification/output10.jpg' is in submodule 'python/training/classification'\n","exitCode":128,"gitErrorCode":"IsInSubmodule"}
[2022-11-12 12:18:48.217] [exthost] [error] {"message":"Git error","stdout":"","stderr":"fatal: Pathspec '/home/nvidia/jetson-inference/python/training/classification/output10.jpg' is in submodule 'python/training/classification'\n","exitCode":128,"gitErrorCode":"IsInSubmodule"}
[2022-11-12 12:18:48.217] [exthost] [error] {"message":"Git error","stdout":"","stderr":"fatal: Pathspec '/home/nvidia/jetson-inference/python/training/classification/output10.jpg' is in submodule 'python/training/classification'\n","exitCode":128,"gitErrorCode":"IsInSubmodule"}
[2022-11-12 12:18:48.217] [exthost] [error] {"message":"Git error","stdout":"","stderr":"fatal: Pathspec '/home/nvidia/jetson-inference/python/training/classification/output10.jpg' is in submodule 'python/training/classification'\n","exitCode":128,"gitErrorCode":"IsInSubmodule"}
[2022-11-12 12:18:48.217] [exthost] [error] {"message":"Git error","stdout":"","stderr":"fatal: Pathspec '/home/nvidia/jetson-inference/python/training/classification/output10.jpg' is in submodule 'python/training/classification'\n","exitCode":128,"gitErrorCode":"IsInSubmodule"}
[2022-11-12 12:18:48.217] [exthost] [error] {"message":"Git error","stdout":"","stderr":"fatal: Pathspec '/home/nvidia/jetson-inference/python/training/classification/output10.jpg' is in submodule 'python/training/classification'\n","exitCode":128,"gitErrorCode":"IsInSubmodule"}
[2022-11-12 12:18:48.217] [exthost] [error] {"message":"Git error","stdout":"","stderr":"fatal: Pathspec '/home/nvidia/jetson-inference/python/training/classification/output10.jpg' is in submodule 'python/training/classification'\n","exitCode":128,"gitErrorCode":"IsInSubmodule"}
[2022-11-12 12:18:48.217] [exthost] [error] {"message":"Git error","stdout":"","stderr":"fatal: Pathspec '/home/nvidia/jetson-inference/python/training/classification/output10.jpg' is in submodule 'python/training/classification'\n","exitCode":128,"gitErrorCode":"IsInSubmodule"}
[2022-11-12 12:18:48.217] [exthost] [error] {"message":"Git error","stdout":"","stderr":"fatal: Pathspec '/home/nvidia/jetson-inference/python/training/classification/output10.jpg' is in submodule 'python/training/classification'\n","exitCode":128,"gitErrorCode":"IsInSubmodule"}
[2022-11-12 12:18:48.217] [exthost] [error] {"message":"Git error","stdout":"","stderr":"fatal: Pathspec '/home/nvidia/jetson-inference/python/training/classification/output10.jpg' is in submodule 'python/training/classification'\n","exitCode":128,"gitErrorCode":"IsInSubmodule"}
[2022-11-12 12:18:48.217] [exthost] [error] {"message":"Git error","stdout":"","stderr":"fatal: Pathspec '/home/nvidia/jetson-inference/python/training/classification/output10.jpg' is in submodule 'python/training/classification'\n","exitCode":128,"gitErrorCode":"IsInSubmodule"}
[2022-11-12 12:18:48.217] [exthost] [error] {"message":"Git error","stdout":"","stderr":"fatal: Pathspec '/home/nvidia/jetson-inference/python/training/classification/output10.jpg' is in submodule 'python/training/classification'\n","exitCode":128,"gitErrorCode":"IsInSubmodule"}
[2022-11-12 12:18:48.217] [exthost] [error] {"message":"Git error","stdout":"","stderr":"fatal: Pathspec '/home/nvidia/jetson-inference/python/training/classification/output10.jpg' is in submodule 'python/training/classification'\n","exitCode":128,"gitErrorCode":"IsInSubmodule"}
[2022-11-12 12:18:48.217] [exthost] [error] {"message":"Git error","stdout":"","stderr":"fatal: Pathspec '/home/nvidia/jetson-inference/python/training/classification/output10.jpg' is in submodule 'python/training/classification'\n","exitCode":128,"gitErrorCode":"IsInSubmodule"}
[2022-11-12 12:18:48.217] [exthost] [error] {"message":"Git error","stdout":"","stderr":"fatal: Pathspec '/home/nvidia/jetson-inference/python/training/classification/output10.jpg' is in submodule 'python/training/classification'\n","exitCode":128,"gitErrorCode":"IsInSubmodule"}
[2022-11-12 12:18:48.218] [exthost] [error] {"message":"Git error","stdout":"","stderr":"fatal: Pathspec '/home/nvidia/jetson-inference/python/training/classification/output10.jpg' is in submodule 'python/training/classification'\n","exitCode":128,"gitErrorCode":"IsInSubmodule"}
[2022-11-12 12:18:48.218] [exthost] [error] {"message":"Git error","stdout":"","stderr":"fatal: Pathspec '/home/nvidia/jetson-inference/python/training/classification/output10.jpg' is in submodule 'python/training/classification'\n","exitCode":128,"gitErrorCode":"IsInSubmodule"}
[2022-11-12 12:18:48.218] [exthost] [error] {"message":"Git error","stdout":"","stderr":"fatal: Pathspec '/home/nvidia/jetson-inference/python/training/classification/output10.jpg' is in submodule 'python/training/classification'\n","exitCode":128,"gitErrorCode":"IsInSubmodule"}
[2022-11-12 12:18:48.218] [exthost] [error] {"message":"Git error","stdout":"","stderr":"fatal: Pathspec '/home/nvidia/jetson-inference/python/training/classification/output10.jpg' is in submodule 'python/training/classification'\n","exitCode":128,"gitErrorCode":"IsInSubmodule"}
[2022-11-12 12:18:48.218] [exthost] [error] {"message":"Git error","stdout":"","stderr":"fatal: Pathspec '/home/nvidia/jetson-inference/python/training/classification/output10.jpg' is in submodule 'python/training/classification'\n","exitCode":128,"gitErrorCode":"IsInSubmodule"}
[2022-11-12 12:18:48.218] [exthost] [error] {"message":"Git error","stdout":"","stderr":"fatal: Pathspec '/home/nvidia/jetson-inference/python/training/classification/output10.jpg' is in submodule 'python/training/classification'\n","exitCode":128,"gitErrorCode":"IsInSubmodule"}
[2022-11-12 12:18:48.218] [exthost] [error] {"message":"Git error","stdout":"","stderr":"fatal: Pathspec '/home/nvidia/jetson-inference/python/training/classification/output10.jpg' is in submodule 'python/training/classification'\n","exitCode":128,"gitErrorCode":"IsInSubmodule"}
[2022-11-12 12:18:48.218] [exthost] [error] {"message":"Git error","stdout":"","stderr":"fatal: Pathspec '/home/nvidia/jetson-inference/python/training/classification/output10.jpg' is in submodule 'python/training/classification'\n","exitCode":128,"gitErrorCode":"IsInSubmodule"}
[2022-11-12 12:18:48.218] [exthost] [error] {"message":"Git error","stdout":"","stderr":"fatal: Pathspec '/home/nvidia/jetson-inference/python/training/classification/output10.jpg' is in submodule 'python/training/classification'\n","exitCode":128,"gitErrorCode":"IsInSubmodule"}
[2022-11-12 12:18:48.218] [exthost] [error] {"message":"Git error","stdout":"","stderr":"fatal: Pathspec '/home/nvidia/jetson-inference/python/training/classification/output10.jpg' is in submodule 'python/training/classification'\n","exitCode":128,"gitErrorCode":"IsInSubmodule"}
[2022-11-12 12:18:48.218] [exthost] [error] {"message":"Git error","stdout":"","stderr":"fatal: Pathspec '/home/nvidia/jetson-inference/python/training/classification/output10.jpg' is in submodule 'python/training/classification'\n","exitCode":128,"gitErrorCode":"IsInSubmodule"}
[2022-11-12 12:18:48.218] [exthost] [error] {"message":"Git error","stdout":"","stderr":"fatal: Pathspec '/home/nvidia/jetson-inference/python/training/classification/output10.jpg' is in submodule 'python/training/classification'\n","exitCode":128,"gitErrorCode":"IsInSubmodule"}
[2022-11-12 12:18:48.218] [exthost] [error] {"message":"Git error","stdout":"","stderr":"fatal: Pathspec '/home/nvidia/jetson-inference/python/training/classification/output10.jpg' is in submodule 'python/training/classification'\n","exitCode":128,"gitErrorCode":"IsInSubmodule"}
[2022-11-12 12:18:48.218] [exthost] [error] {"message":"Git error","stdout":"","stderr":"fatal: Pathspec '/home/nvidia/jetson-inference/python/training/classification/output10.jpg' is in submodule 'python/training/classification'\n","exitCode":128,"gitErrorCode":"IsInSubmodule"}
[2022-11-12 12:18:48.219] [exthost] [error] {"message":"Git error","stdout":"","stderr":"fatal: Pathspec '/home/nvidia/jetson-inference/python/training/classification/output10.jpg' is in submodule 'python/training/classification'\n","exitCode":128,"gitErrorCode":"IsInSubmodule"}
[2022-11-12 12:18:48.219] [exthost] [error] {"message":"Git error","stdout":"","stderr":"fatal: Pathspec '/home/nvidia/jetson-inference/python/training/classification/output10.jpg' is in submodule 'python/training/classification'\n","exitCode":128,"gitErrorCode":"IsInSubmodule"}
[2022-11-12 12:18:48.219] [exthost] [error] {"message":"Git error","stdout":"","stderr":"fatal: Pathspec '/home/nvidia/jetson-inference/python/training/classification/output10.jpg' is in submodule 'python/training/classification'\n","exitCode":128,"gitErrorCode":"IsInSubmodule"}
[2022-11-12 12:18:48.219] [exthost] [error] {"message":"Git error","stdout":"","stderr":"fatal: Pathspec '/home/nvidia/jetson-inference/python/training/classification/output10.jpg' is in submodule 'python/training/classification'\n","exitCode":128,"gitErrorCode":"IsInSubmodule"}
[2022-11-12 12:18:48.219] [exthost] [error] {"message":"Git error","stdout":"","stderr":"fatal: Pathspec '/home/nvidia/jetson-inference/python/training/classification/output10.jpg' is in submodule 'python/training/classification'\n","exitCode":128,"gitErrorCode":"IsInSubmodule"}
[2022-11-12 12:18:48.219] [exthost] [error] {"message":"Git error","stdout":"","stderr":"fatal: Pathspec '/home/nvidia/jetson-inference/python/training/classification/output10.jpg' is in submodule 'python/training/classification'\n","exitCode":128,"gitErrorCode":"IsInSubmodule"}
[2022-11-12 12:18:48.219] [exthost] [error] {"message":"Git error","stdout":"","stderr":"fatal: Pathspec '/home/nvidia/jetson-inference/python/training/classification/output10.jpg' is in submodule 'python/training/classification'\n","exitCode":128,"gitErrorCode":"IsInSubmodule"}
[2022-11-12 12:18:48.219] [exthost] [error] {"message":"Git error","stdout":"","stderr":"fatal: Pathspec '/home/nvidia/jetson-inference/python/training/classification/output10.jpg' is in submodule 'python/training/classification'\n","exitCode":128,"gitErrorCode":"IsInSubmodule"}
[2022-11-12 12:18:48.219] [exthost] [error] {"message":"Git error","stdout":"","stderr":"fatal: Pathspec '/home/nvidia/jetson-inference/python/training/classification/output10.jpg' is in submodule 'python/training/classification'\n","exitCode":128,"gitErrorCode":"IsInSubmodule"}
[2022-11-12 12:18:48.219] [exthost] [error] {"message":"Git error","stdout":"","stderr":"fatal: Pathspec '/home/nvidia/jetson-inference/python/training/classification/output10.jpg' is in submodule 'python/training/classification'\n","exitCode":128,"gitErrorCode":"IsInSubmodule"}
[2022-11-12 12:18:48.219] [exthost] [error] {"message":"Git error","stdout":"","stderr":"fatal: Pathspec '/home/nvidia/jetson-inference/python/training/classification/output10.jpg' is in submodule 'python/training/classification'\n","exitCode":128,"gitErrorCode":"IsInSubmodule"}
[2022-11-12 12:18:48.219] [exthost] [error] {"message":"Git error","stdout":"","stderr":"fatal: Pathspec '/home/nvidia/jetson-inference/python/training/classification/output10.jpg' is in submodule 'python/training/classification'\n","exitCode":128,"gitErrorCode":"IsInSubmodule"}
[2022-11-12 12:18:49.703] [exthost] [error] {"message":"Git error","stdout":"","stderr":"fatal: Pathspec '/home/nvidia/jetson-inference/python/training/segmentation' is in submodule 'jetson-inference'\n","exitCode":128,"gitErrorCode":"IsInSubmodule"}
[2022-11-12 12:18:49.703] [exthost] [error] {"message":"Git error","stdout":"","stderr":"fatal: Pathspec '/home/nvidia/jetson-inference/python/training/segmentation' is in submodule 'jetson-inference'\n","exitCode":128,"gitErrorCode":"IsInSubmodule"}
[2022-11-12 12:18:49.703] [exthost] [error] {"message":"Git error","stdout":"","stderr":"fatal: Pathspec '/home/nvidia/jetson-inference/python/training/segmentation' is in submodule 'jetson-inference'\n","exitCode":128,"gitErrorCode":"IsInSubmodule"}
[2022-11-12 12:18:49.703] [exthost] [error] {"message":"Git error","stdout":"","stderr":"fatal: Pathspec '/home/nvidia/jetson-inference/python/training/segmentation' is in submodule 'jetson-inference'\n","exitCode":128,"gitErrorCode":"IsInSubmodule"}
[2022-11-12 12:18:49.703] [exthost] [error] {"message":"Git error","stdout":"","stderr":"fatal: Pathspec '/home/nvidia/jetson-inference/python/training/segmentation' is in submodule 'jetson-inference'\n","exitCode":128,"gitErrorCode":"IsInSubmodule"}
[2022-11-12 12:18:49.703] [exthost] [error] {"message":"Git error","stdout":"","stderr":"fatal: Pathspec '/home/nvidia/jetson-inference/python/training/segmentation' is in submodule 'jetson-inference'\n","exitCode":128,"gitErrorCode":"IsInSubmodule"}
[2022-11-12 12:18:49.703] [exthost] [error] {"message":"Git error","stdout":"","stderr":"fatal: Pathspec '/home/nvidia/jetson-inference/python/training/segmentation' is in submodule 'jetson-inference'\n","exitCode":128,"gitErrorCode":"IsInSubmodule"}
[2022-11-12 12:18:49.703] [exthost] [error] {"message":"Git error","stdout":"","stderr":"fatal: Pathspec '/home/nvidia/jetson-inference/python/training/segmentation' is in submodule 'jetson-inference'\n","exitCode":128,"gitErrorCode":"IsInSubmodule"}
[2022-11-12 12:18:49.703] [exthost] [error] {"message":"Git error","stdout":"","stderr":"fatal: Pathspec '/home/nvidia/jetson-inference/python/training/segmentation' is in submodule 'jetson-inference'\n","exitCode":128,"gitErrorCode":"IsInSubmodule"}
[2022-11-12 12:18:49.703] [exthost] [error] {"message":"Git error","stdout":"","stderr":"fatal: Pathspec '/home/nvidia/jetson-inference/python/training/segmentation' is in submodule 'jetson-inference'\n","exitCode":128,"gitErrorCode":"IsInSubmodule"}
[2022-11-12 12:18:49.703] [exthost] [error] {"message":"Git error","stdout":"","stderr":"fatal: Pathspec '/home/nvidia/jetson-inference/python/training/segmentation' is in submodule 'jetson-inference'\n","exitCode":128,"gitErrorCode":"IsInSubmodule"}
[2022-11-12 12:18:49.703] [exthost] [error] {"message":"Git error","stdout":"","stderr":"fatal: Pathspec '/home/nvidia/jetson-inference/python/training/segmentation' is in submodule 'jetson-inference'\n","exitCode":128,"gitErrorCode":"IsInSubmodule"}
[2022-11-12 12:18:49.703] [exthost] [error] {"message":"Git error","stdout":"","stderr":"fatal: Pathspec '/home/nvidia/jetson-inference/python/training/segmentation' is in submodule 'jetson-inference'\n","exitCode":128,"gitErrorCode":"IsInSubmodule"}
[2022-11-12 12:18:49.703] [exthost] [error] {"message":"Git error","stdout":"","stderr":"fatal: Pathspec '/home/nvidia/jetson-inference/python/training/segmentation' is in submodule 'jetson-inference'\n","exitCode":128,"gitErrorCode":"IsInSubmodule"}
[2022-11-12 12:18:49.703] [exthost] [error] {"message":"Git error","stdout":"","stderr":"fatal: Pathspec '/home/nvidia/jetson-inference/python/training/segmentation' is in submodule 'jetson-inference'\n","exitCode":128,"gitErrorCode":"IsInSubmodule"}
[2022-11-12 12:18:49.703] [exthost] [error] {"message":"Git error","stdout":"","stderr":"fatal: Pathspec '/home/nvidia/jetson-inference/python/training/segmentation' is in submodule 'jetson-inference'\n","exitCode":128,"gitErrorCode":"IsInSubmodule"}
[2022-11-12 12:18:49.703] [exthost] [error] {"message":"Git error","stdout":"","stderr":"fatal: Pathspec '/home/nvidia/jetson-inference/python/training/segmentation' is in submodule 'jetson-inference'\n","exitCode":128,"gitErrorCode":"IsInSubmodule"}
[2022-11-12 12:18:49.703] [exthost] [error] {"message":"Git error","stdout":"","stderr":"fatal: Pathspec '/home/nvidia/jetson-inference/python/training/segmentation' is in submodule 'jetson-inference'\n","exitCode":128,"gitErrorCode":"IsInSubmodule"}
[2022-11-12 12:18:49.703] [exthost] [error] {"message":"Git error","stdout":"","stderr":"fatal: Pathspec '/home/nvidia/jetson-inference/python/training/segmentation' is in submodule 'jetson-inference'\n","exitCode":128,"gitErrorCode":"IsInSubmodule"}
[2022-11-12 12:18:49.704] [exthost] [error] {"message":"Git error","stdout":"","stderr":"fatal: Pathspec '/home/nvidia/jetson-inference/python/training/segmentation' is in submodule 'jetson-inference'\n","exitCode":128,"gitErrorCode":"IsInSubmodule"}
[2022-11-12 12:18:49.704] [exthost] [error] {"message":"Git error","stdout":"","stderr":"fatal: Pathspec '/home/nvidia/jetson-inference/python/training/segmentation' is in submodule 'jetson-inference'\n","exitCode":128,"gitErrorCode":"IsInSubmodule"}
[2022-11-12 12:18:49.704] [exthost] [error] {"message":"Git error","stdout":"","stderr":"fatal: Pathspec '/home/nvidia/jetson-inference/python/training/segmentation' is in submodule 'jetson-inference'\n","exitCode":128,"gitErrorCode":"IsInSubmodule"}
[2022-11-12 12:18:49.704] [exthost] [error] {"message":"Git error","stdout":"","stderr":"fatal: Pathspec '/home/nvidia/jetson-inference/python/training/segmentation' is in submodule 'jetson-inference'\n","exitCode":128,"gitErrorCode":"IsInSubmodule"}
[2022-11-12 12:18:49.704] [exthost] [error] {"message":"Git error","stdout":"","stderr":"fatal: Pathspec '/home/nvidia/jetson-inference/python/training/segmentation' is in submodule 'jetson-inference'\n","exitCode":128,"gitErrorCode":"IsInSubmodule"}
[2022-11-12 12:18:49.704] [exthost] [error] {"message":"Git error","stdout":"","stderr":"fatal: Pathspec '/home/nvidia/jetson-inference/python/training/segmentation' is in submodule 'jetson-inference'\n","exitCode":128,"gitErrorCode":"IsInSubmodule"}
[2022-11-12 12:18:49.704] [exthost] [error] {"message":"Git error","stdout":"","stderr":"fatal: Pathspec '/home/nvidia/jetson-inference/python/training/segmentation' is in submodule 'jetson-inference'\n","exitCode":128,"gitErrorCode":"IsInSubmodule"}
[2022-11-12 12:18:49.704] [exthost] [error] {"message":"Git error","stdout":"","stderr":"fatal: Pathspec '/home/nvidia/jetson-inference/python/training/segmentation' is in submodule 'jetson-inference'\n","exitCode":128,"gitErrorCode":"IsInSubmodule"}
[2022-11-12 12:18:49.704] [exthost] [error] {"message":"Git error","stdout":"","stderr":"fatal: Pathspec '/home/nvidia/jetson-inference/python/training/segmentation' is in submodule 'jetson-inference'\n","exitCode":128,"gitErrorCode":"IsInSubmodule"}
[2022-11-12 12:18:49.704] [exthost] [error] {"message":"Git error","stdout":"","stderr":"fatal: Pathspec '/home/nvidia/jetson-inference/python/training/segmentation' is in submodule 'jetson-inference'\n","exitCode":128,"gitErrorCode":"IsInSubmodule"}
[2022-11-12 12:18:49.704] [exthost] [error] {"message":"Git error","stdout":"","stderr":"fatal: Pathspec '/home/nvidia/jetson-inference/python/training/segmentation' is in submodule 'jetson-inference'\n","exitCode":128,"gitErrorCode":"IsInSubmodule"}
[2022-11-12 12:18:49.704] [exthost] [error] {"message":"Git error","stdout":"","stderr":"fatal: Pathspec '/home/nvidia/jetson-inference/python/training/segmentation' is in submodule 'jetson-inference'\n","exitCode":128,"gitErrorCode":"IsInSubmodule"}
[2022-11-12 12:18:49.704] [exthost] [error] {"message":"Git error","stdout":"","stderr":"fatal: Pathspec '/home/nvidia/jetson-inference/python/training/segmentation' is in submodule 'jetson-inference'\n","exitCode":128,"gitErrorCode":"IsInSubmodule"}
[2022-11-12 12:18:49.704] [exthost] [error] {"message":"Git error","stdout":"","stderr":"fatal: Pathspec '/home/nvidia/jetson-inference/python/training/segmentation' is in submodule 'jetson-inference'\n","exitCode":128,"gitErrorCode":"IsInSubmodule"}
[2022-11-12 12:18:49.704] [exthost] [error] {"message":"Git error","stdout":"","stderr":"fatal: Pathspec '/home/nvidia/jetson-inference/python/training/segmentation' is in submodule 'jetson-inference'\n","exitCode":128,"gitErrorCode":"IsInSubmodule"}
[2022-11-12 12:18:49.704] [exthost] [error] {"message":"Git error","stdout":"","stderr":"fatal: Pathspec '/home/nvidia/jetson-inference/python/training/segmentation' is in submodule 'jetson-inference'\n","exitCode":128,"gitErrorCode":"IsInSubmodule"}
[2022-11-12 12:18:49.704] [exthost] [error] {"message":"Git error","stdout":"","stderr":"fatal: Pathspec '/home/nvidia/jetson-inference/python/training/segmentation' is in submodule 'jetson-inference'\n","exitCode":128,"gitErrorCode":"IsInSubmodule"}
[2022-11-12 12:18:49.704] [exthost] [error] {"message":"Git error","stdout":"","stderr":"fatal: Pathspec '/home/nvidia/jetson-inference/python/training/segmentation' is in submodule 'jetson-inference'\n","exitCode":128,"gitErrorCode":"IsInSubmodule"}
[2022-11-12 12:18:49.704] [exthost] [error] {"message":"Git error","stdout":"","stderr":"fatal: Pathspec '/home/nvidia/jetson-inference/python/training/segmentation' is in submodule 'jetson-inference'\n","exitCode":128,"gitErrorCode":"IsInSubmodule"}
[2022-11-12 12:18:49.704] [exthost] [error] {"message":"Git error","stdout":"","stderr":"fatal: Pathspec '/home/nvidia/jetson-inference/python/training/segmentation' is in submodule 'jetson-inference'\n","exitCode":128,"gitErrorCode":"IsInSubmodule"}
[2022-11-12 12:18:49.704] [exthost] [error] {"message":"Git error","stdout":"","stderr":"fatal: Pathspec '/home/nvidia/jetson-inference/python/training/segmentation' is in submodule 'jetson-inference'\n","exitCode":128,"gitErrorCode":"IsInSubmodule"}
[2022-11-12 12:18:49.705] [exthost] [error] {"message":"Git error","stdout":"","stderr":"fatal: Pathspec '/home/nvidia/jetson-inference/python/training/segmentation' is in submodule 'jetson-inference'\n","exitCode":128,"gitErrorCode":"IsInSubmodule"}
[2022-11-12 12:18:49.705] [exthost] [error] {"message":"Git error","stdout":"","stderr":"fatal: Pathspec '/home/nvidia/jetson-inference/python/training/segmentation' is in submodule 'jetson-inference'\n","exitCode":128,"gitErrorCode":"IsInSubmodule"}
[2022-11-12 12:18:49.705] [exthost] [error] {"message":"Git error","stdout":"","stderr":"fatal: Pathspec '/home/nvidia/jetson-inference/python/training/segmentation' is in submodule 'jetson-inference'\n","exitCode":128,"gitErrorCode":"IsInSubmodule"}
[2022-11-12 12:18:49.705] [exthost] [error] {"message":"Git error","stdout":"","stderr":"fatal: Pathspec '/home/nvidia/jetson-inference/python/training/segmentation' is in submodule 'jetson-inference'\n","exitCode":128,"gitErrorCode":"IsInSubmodule"}
[2022-11-12 12:18:49.705] [exthost] [error] {"message":"Git error","stdout":"","stderr":"fatal: Pathspec '/home/nvidia/jetson-inference/python/training/segmentation' is in submodule 'jetson-inference'\n","exitCode":128,"gitErrorCode":"IsInSubmodule"}
[2022-11-12 12:18:49.705] [exthost] [error] {"message":"Git error","stdout":"","stderr":"fatal: Pathspec '/home/nvidia/jetson-inference/python/training/segmentation' is in submodule 'jetson-inference'\n","exitCode":128,"gitErrorCode":"IsInSubmodule"}
[2022-11-12 12:18:49.705] [exthost] [error] {"message":"Git error","stdout":"","stderr":"fatal: Pathspec '/home/nvidia/jetson-inference/python/training/segmentation' is in submodule 'jetson-inference'\n","exitCode":128,"gitErrorCode":"IsInSubmodule"}
[2022-11-12 12:18:49.705] [exthost] [error] {"message":"Git error","stdout":"","stderr":"fatal: Pathspec '/home/nvidia/jetson-inference/python/training/segmentation' is in submodule 'jetson-inference'\n","exitCode":128,"gitErrorCode":"IsInSubmodule"}
[2022-11-12 12:18:49.705] [exthost] [error] {"message":"Git error","stdout":"","stderr":"fatal: Pathspec '/home/nvidia/jetson-inference/python/training/segmentation' is in submodule 'jetson-inference'\n","exitCode":128,"gitErrorCode":"IsInSubmodule"}
[2022-11-12 12:18:49.705] [exthost] [error] {"message":"Git error","stdout":"","stderr":"fatal: Pathspec '/home/nvidia/jetson-inference/python/training/segmentation' is in submodule 'jetson-inference'\n","exitCode":128,"gitErrorCode":"IsInSubmodule"}
[2022-11-12 12:18:49.705] [exthost] [error] {"message":"Git error","stdout":"","stderr":"fatal: Pathspec '/home/nvidia/jetson-inference/python/training/segmentation' is in submodule 'jetson-inference'\n","exitCode":128,"gitErrorCode":"IsInSubmodule"}
[2022-11-12 12:18:49.705] [exthost] [error] {"message":"Git error","stdout":"","stderr":"fatal: Pathspec '/home/nvidia/jetson-inference/python/training/segmentation' is in submodule 'jetson-inference'\n","exitCode":128,"gitErrorCode":"IsInSubmodule"}
[2022-11-12 12:18:49.705] [exthost] [error] {"message":"Git error","stdout":"","stderr":"fatal: Pathspec '/home/nvidia/jetson-inference/python/training/segmentation' is in submodule 'jetson-inference'\n","exitCode":128,"gitErrorCode":"IsInSubmodule"}
[2022-11-12 12:18:49.705] [exthost] [error] {"message":"Git error","stdout":"","stderr":"fatal: Pathspec '/home/nvidia/jetson-inference/python/training/segmentation' is in submodule 'jetson-inference'\n","exitCode":128,"gitErrorCode":"IsInSubmodule"}
[2022-11-12 12:18:49.705] [exthost] [error] {"message":"Git error","stdout":"","stderr":"fatal: Pathspec '/home/nvidia/jetson-inference/python/training/segmentation' is in submodule 'jetson-inference'\n","exitCode":128,"gitErrorCode":"IsInSubmodule"}
[2022-11-12 12:18:49.705] [exthost] [error] {"message":"Git error","stdout":"","stderr":"fatal: Pathspec '/home/nvidia/jetson-inference/python/training/segmentation' is in submodule 'jetson-inference'\n","exitCode":128,"gitErrorCode":"IsInSubmodule"}
[2022-11-12 12:18:49.705] [exthost] [error] {"message":"Git error","stdout":"","stderr":"fatal: Pathspec '/home/nvidia/jetson-inference/python/training/segmentation' is in submodule 'jetson-inference'\n","exitCode":128,"gitErrorCode":"IsInSubmodule"}
[2022-11-12 12:18:49.705] [exthost] [error] {"message":"Git error","stdout":"","stderr":"fatal: Pathspec '/home/nvidia/jetson-inference/python/training/segmentation' is in submodule 'jetson-inference'\n","exitCode":128,"gitErrorCode":"IsInSubmodule"}
[2022-11-12 12:18:49.705] [exthost] [error] {"message":"Git error","stdout":"","stderr":"fatal: Pathspec '/home/nvidia/jetson-inference/python/training/segmentation' is in submodule 'jetson-inference'\n","exitCode":128,"gitErrorCode":"IsInSubmodule"}
[2022-11-12 12:18:49.705] [exthost] [error] {"message":"Git error","stdout":"","stderr":"fatal: Pathspec '/home/nvidia/jetson-inference/python/training/segmentation' is in submodule 'jetson-inference'\n","exitCode":128,"gitErrorCode":"IsInSubmodule"}
[2022-11-12 12:18:49.705] [exthost] [error] {"message":"Git error","stdout":"","stderr":"fatal: Pathspec '/home/nvidia/jetson-inference/python/training/segmentation' is in submodule 'jetson-inference'\n","exitCode":128,"gitErrorCode":"IsInSubmodule"}
[2022-11-12 12:18:49.705] [exthost] [error] {"message":"Git error","stdout":"","stderr":"fatal: Pathspec '/home/nvidia/jetson-inference/python/training/segmentation' is in submodule 'jetson-inference'\n","exitCode":128,"gitErrorCode":"IsInSubmodule"}
[2022-11-12 12:18:49.705] [exthost] [error] {"message":"Git error","stdout":"","stderr":"fatal: Pathspec '/home/nvidia/jetson-inference/python/training/segmentation' is in submodule 'jetson-inference'\n","exitCode":128,"gitErrorCode":"IsInSubmodule"}
[2022-11-12 12:18:49.706] [exthost] [error] {"message":"Git error","stdout":"","stderr":"fatal: Pathspec '/home/nvidia/jetson-inference/python/training/segmentation' is in submodule 'jetson-inference'\n","exitCode":128,"gitErrorCode":"IsInSubmodule"}
[2022-11-12 12:18:49.706] [exthost] [error] {"message":"Git error","stdout":"","stderr":"fatal: Pathspec '/home/nvidia/jetson-inference/python/training/segmentation' is in submodule 'jetson-inference'\n","exitCode":128,"gitErrorCode":"IsInSubmodule"}
[2022-11-12 12:18:49.706] [exthost] [error] {"message":"Git error","stdout":"","stderr":"fatal: Pathspec '/home/nvidia/jetson-inference/python/training/segmentation' is in submodule 'jetson-inference'\n","exitCode":128,"gitErrorCode":"IsInSubmodule"}
[2022-11-12 12:18:49.706] [exthost] [error] {"message":"Git error","stdout":"","stderr":"fatal: Pathspec '/home/nvidia/jetson-inference/python/training/segmentation' is in submodule 'jetson-inference'\n","exitCode":128,"gitErrorCode":"IsInSubmodule"}
[2022-11-12 12:18:49.706] [exthost] [error] {"message":"Git error","stdout":"","stderr":"fatal: Pathspec '/home/nvidia/jetson-inference/python/training/segmentation' is in submodule 'jetson-inference'\n","exitCode":128,"gitErrorCode":"IsInSubmodule"}
[2022-11-12 12:18:49.706] [exthost] [error] {"message":"Git error","stdout":"","stderr":"fatal: Pathspec '/home/nvidia/jetson-inference/python/training/segmentation' is in submodule 'jetson-inference'\n","exitCode":128,"gitErrorCode":"IsInSubmodule"}
[2022-11-12 12:18:49.706] [exthost] [error] {"message":"Git error","stdout":"","stderr":"fatal: Pathspec '/home/nvidia/jetson-inference/python/training/segmentation' is in submodule 'jetson-inference'\n","exitCode":128,"gitErrorCode":"IsInSubmodule"}
[2022-11-12 12:18:49.706] [exthost] [error] {"message":"Git error","stdout":"","stderr":"fatal: Pathspec '/home/nvidia/jetson-inference/python/training/segmentation' is in submodule 'jetson-inference'\n","exitCode":128,"gitErrorCode":"IsInSubmodule"}
[2022-11-12 12:18:49.706] [exthost] [error] {"message":"Git error","stdout":"","stderr":"fatal: Pathspec '/home/nvidia/jetson-inference/python/training/segmentation' is in submodule 'jetson-inference'\n","exitCode":128,"gitErrorCode":"IsInSubmodule"}
[2022-11-12 12:18:49.706] [exthost] [error] {"message":"Git error","stdout":"","stderr":"fatal: Pathspec '/home/nvidia/jetson-inference/python/training/segmentation' is in submodule 'jetson-inference'\n","exitCode":128,"gitErrorCode":"IsInSubmodule"}
[2022-11-12 12:18:49.706] [exthost] [error] {"message":"Git error","stdout":"","stderr":"fatal: Pathspec '/home/nvidia/jetson-inference/python/training/segmentation' is in submodule 'jetson-inference'\n","exitCode":128,"gitErrorCode":"IsInSubmodule"}
[2022-11-12 12:18:49.706] [exthost] [error] {"message":"Git error","stdout":"","stderr":"fatal: Pathspec '/home/nvidia/jetson-inference/python/training/segmentation' is in submodule 'jetson-inference'\n","exitCode":128,"gitErrorCode":"IsInSubmodule"}
[2022-11-12 12:18:49.706] [exthost] [error] {"message":"Git error","stdout":"","stderr":"fatal: Pathspec '/home/nvidia/jetson-inference/python/training/segmentation' is in submodule 'jetson-inference'\n","exitCode":128,"gitErrorCode":"IsInSubmodule"}
[2022-11-12 12:18:49.706] [exthost] [error] {"message":"Git error","stdout":"","stderr":"fatal: Pathspec '/home/nvidia/jetson-inference/python/training/segmentation' is in submodule 'jetson-inference'\n","exitCode":128,"gitErrorCode":"IsInSubmodule"}
[2022-11-12 12:18:49.706] [exthost] [error] {"message":"Git error","stdout":"","stderr":"fatal: Pathspec '/home/nvidia/jetson-inference/python/training/segmentation' is in submodule 'jetson-inference'\n","exitCode":128,"gitErrorCode":"IsInSubmodule"}
[2022-11-12 12:18:49.706] [exthost] [error] {"message":"Git error","stdout":"","stderr":"fatal: Pathspec '/home/nvidia/jetson-inference/python/training/segmentation' is in submodule 'jetson-inference'\n","exitCode":128,"gitErrorCode":"IsInSubmodule"}
[2022-11-12 12:18:49.706] [exthost] [error] {"message":"Git error","stdout":"","stderr":"fatal: Pathspec '/home/nvidia/jetson-inference/python/training/segmentation' is in submodule 'jetson-inference'\n","exitCode":128,"gitErrorCode":"IsInSubmodule"}
[2022-11-12 12:18:49.706] [exthost] [error] {"message":"Git error","stdout":"","stderr":"fatal: Pathspec '/home/nvidia/jetson-inference/python/training/segmentation' is in submodule 'jetson-inference'\n","exitCode":128,"gitErrorCode":"IsInSubmodule"}
[2022-11-12 12:18:49.706] [exthost] [error] {"message":"Git error","stdout":"","stderr":"fatal: Pathspec '/home/nvidia/jetson-inference/python/training/segmentation' is in submodule 'jetson-inference'\n","exitCode":128,"gitErrorCode":"IsInSubmodule"}
[2022-11-12 12:18:49.706] [exthost] [error] {"message":"Git error","stdout":"","stderr":"fatal: Pathspec '/home/nvidia/jetson-inference/python/training/segmentation' is in submodule 'jetson-inference'\n","exitCode":128,"gitErrorCode":"IsInSubmodule"}
[2022-11-12 12:18:49.706] [exthost] [error] {"message":"Git error","stdout":"","stderr":"fatal: Pathspec '/home/nvidia/jetson-inference/python/training/segmentation' is in submodule 'jetson-inference'\n","exitCode":128,"gitErrorCode":"IsInSubmodule"}
[2022-11-12 12:18:49.706] [exthost] [error] {"message":"Git error","stdout":"","stderr":"fatal: Pathspec '/home/nvidia/jetson-inference/python/training/segmentation' is in submodule 'jetson-inference'\n","exitCode":128,"gitErrorCode":"IsInSubmodule"}
[2022-11-12 12:18:49.706] [exthost] [error] {"message":"Git error","stdout":"","stderr":"fatal: Pathspec '/home/nvidia/jetson-inference/python/training/segmentation' is in submodule 'jetson-inference'\n","exitCode":128,"gitErrorCode":"IsInSubmodule"}
[2022-11-12 12:18:49.707] [exthost] [error] {"message":"Git error","stdout":"","stderr":"fatal: Pathspec '/home/nvidia/jetson-inference/python/training/segmentation' is in submodule 'jetson-inference'\n","exitCode":128,"gitErrorCode":"IsInSubmodule"}
[2022-11-12 12:18:49.707] [exthost] [error] {"message":"Git error","stdout":"","stderr":"fatal: Pathspec '/home/nvidia/jetson-inference/python/training/segmentation' is in submodule 'jetson-inference'\n","exitCode":128,"gitErrorCode":"IsInSubmodule"}
[2022-11-12 12:18:49.707] [exthost] [error] {"message":"Git error","stdout":"","stderr":"fatal: Pathspec '/home/nvidia/jetson-inference/python/training/segmentation' is in submodule 'jetson-inference'\n","exitCode":128,"gitErrorCode":"IsInSubmodule"}
