[2022-11-08 11:17:17.683] [exthost] [info] Extension host with pid 13703 started
[2022-11-08 11:17:17.713] [exthost] [error] Error: EEXIST: file already exists, open '/home/nvidia/.vscode-server/data/User/workspaceStorage/0e457eed9977194e32662d2014192f6d/vscode.lock'
[2022-11-08 11:17:17.729] [exthost] [info] Lock '/home/nvidia/.vscode-server/data/User/workspaceStorage/0e457eed9977194e32662d2014192f6d/vscode.lock': Could not acquire lock, checking if the file is stale.
[2022-11-08 11:17:17.750] [exthost] [info] Lock '/home/nvidia/.vscode-server/data/User/workspaceStorage/0e457eed9977194e32662d2014192f6d/vscode.lock': The lock does not look stale, elapsed: 945 ms, giving up.
[2022-11-08 11:17:17.823] [exthost] [info] ExtensionService#_doActivateExtension vscode.debug-auto-launch, startup: true, activationEvent: '*'
[2022-11-08 11:17:17.958] [exthost] [info] ExtensionService#_doActivateExtension vscode.git-base, startup: true, activationEvent: '*', root cause: vscode.git
[2022-11-08 11:17:17.960] [exthost] [info] ExtensionService#_doActivateExtension vscode.ipynb, startup: true, activationEvent: '*'
[2022-11-08 11:17:18.141] [exthost] [info] Lock '/home/nvidia/.vscode-server/data/User/workspaceStorage/0e457eed9977194e32662d2014192f6d-1/vscode.lock': Lock acquired.
[2022-11-08 11:17:21.432] [exthost] [info] ExtensionService#_doActivateExtension vscode.git, startup: true, activationEvent: '*'
[2022-11-08 11:17:21.433] [exthost] [info] ExtensionService#_doActivateExtension vscode.github, startup: true, activationEvent: '*'
[2022-11-08 11:17:22.000] [exthost] [info] ExtensionService#_doActivateExtension vscode.emmet, startup: false, activationEvent: 'onStartupFinished'
[2022-11-08 11:17:22.002] [exthost] [info] ExtensionService#_doActivateExtension vscode.merge-conflict, startup: false, activationEvent: 'onStartupFinished'
[2022-11-08 11:17:22.003] [exthost] [info] Eager extensions activated
[2022-11-08 11:17:23.221] [exthost] [error] {"message":"Git error","stdout":"","stderr":"fatal: Pathspec '/home/nvidia/jetson-inference/python/training/classification/models' is in submodule 'python/training/classification'\n","exitCode":128,"gitErrorCode":"IsInSubmodule"}
[2022-11-08 11:17:23.221] [exthost] [error] {"message":"Git error","stdout":"","stderr":"fatal: Pathspec '/home/nvidia/jetson-inference/python/training/classification/models' is in submodule 'python/training/classification'\n","exitCode":128,"gitErrorCode":"IsInSubmodule"}
[2022-11-08 11:17:23.221] [exthost] [error] {"message":"Git error","stdout":"","stderr":"fatal: Pathspec '/home/nvidia/jetson-inference/python/training/classification/models' is in submodule 'python/training/classification'\n","exitCode":128,"gitErrorCode":"IsInSubmodule"}
[2022-11-08 11:17:23.221] [exthost] [error] {"message":"Git error","stdout":"","stderr":"fatal: Pathspec '/home/nvidia/jetson-inference/python/training/classification/models' is in submodule 'python/training/classification'\n","exitCode":128,"gitErrorCode":"IsInSubmodule"}
[2022-11-08 11:17:23.221] [exthost] [error] {"message":"Git error","stdout":"","stderr":"fatal: Pathspec '/home/nvidia/jetson-inference/python/training/classification/models' is in submodule 'python/training/classification'\n","exitCode":128,"gitErrorCode":"IsInSubmodule"}
[2022-11-08 11:17:23.221] [exthost] [error] {"message":"Git error","stdout":"","stderr":"fatal: Pathspec '/home/nvidia/jetson-inference/python/training/classification/models' is in submodule 'python/training/classification'\n","exitCode":128,"gitErrorCode":"IsInSubmodule"}
[2022-11-08 11:17:23.221] [exthost] [error] {"message":"Git error","stdout":"","stderr":"fatal: Pathspec '/home/nvidia/jetson-inference/python/training/classification/models' is in submodule 'python/training/classification'\n","exitCode":128,"gitErrorCode":"IsInSubmodule"}
[2022-11-08 11:17:23.221] [exthost] [error] {"message":"Git error","stdout":"","stderr":"fatal: Pathspec '/home/nvidia/jetson-inference/python/training/classification/models' is in submodule 'python/training/classification'\n","exitCode":128,"gitErrorCode":"IsInSubmodule"}
[2022-11-08 11:17:23.222] [exthost] [error] {"message":"Git error","stdout":"","stderr":"fatal: Pathspec '/home/nvidia/jetson-inference/python/training/classification/models' is in submodule 'python/training/classification'\n","exitCode":128,"gitErrorCode":"IsInSubmodule"}
[2022-11-08 11:17:23.222] [exthost] [error] {"message":"Git error","stdout":"","stderr":"fatal: Pathspec '/home/nvidia/jetson-inference/python/training/classification/models' is in submodule 'python/training/classification'\n","exitCode":128,"gitErrorCode":"IsInSubmodule"}
[2022-11-08 11:17:23.222] [exthost] [error] {"message":"Git error","stdout":"","stderr":"fatal: Pathspec '/home/nvidia/jetson-inference/python/training/classification/models' is in submodule 'python/training/classification'\n","exitCode":128,"gitErrorCode":"IsInSubmodule"}
[2022-11-08 11:17:23.222] [exthost] [error] {"message":"Git error","stdout":"","stderr":"fatal: Pathspec '/home/nvidia/jetson-inference/python/training/classification/models' is in submodule 'python/training/classification'\n","exitCode":128,"gitErrorCode":"IsInSubmodule"}
[2022-11-08 11:17:23.222] [exthost] [error] {"message":"Git error","stdout":"","stderr":"fatal: Pathspec '/home/nvidia/jetson-inference/python/training/classification/models' is in submodule 'python/training/classification'\n","exitCode":128,"gitErrorCode":"IsInSubmodule"}
[2022-11-08 11:17:23.222] [exthost] [error] {"message":"Git error","stdout":"","stderr":"fatal: Pathspec '/home/nvidia/jetson-inference/python/training/classification/models' is in submodule 'python/training/classification'\n","exitCode":128,"gitErrorCode":"IsInSubmodule"}
[2022-11-08 11:17:23.222] [exthost] [error] {"message":"Git error","stdout":"","stderr":"fatal: Pathspec '/home/nvidia/jetson-inference/python/training/classification/models' is in submodule 'python/training/classification'\n","exitCode":128,"gitErrorCode":"IsInSubmodule"}
[2022-11-08 11:17:23.222] [exthost] [error] {"message":"Git error","stdout":"","stderr":"fatal: Pathspec '/home/nvidia/jetson-inference/python/training/classification/models' is in submodule 'python/training/classification'\n","exitCode":128,"gitErrorCode":"IsInSubmodule"}
[2022-11-08 11:17:23.222] [exthost] [error] {"message":"Git error","stdout":"","stderr":"fatal: Pathspec '/home/nvidia/jetson-inference/python/training/classification/models' is in submodule 'python/training/classification'\n","exitCode":128,"gitErrorCode":"IsInSubmodule"}
[2022-11-08 11:17:23.222] [exthost] [error] {"message":"Git error","stdout":"","stderr":"fatal: Pathspec '/home/nvidia/jetson-inference/python/training/classification/models' is in submodule 'python/training/classification'\n","exitCode":128,"gitErrorCode":"IsInSubmodule"}
[2022-11-08 11:17:23.222] [exthost] [error] {"message":"Git error","stdout":"","stderr":"fatal: Pathspec '/home/nvidia/jetson-inference/python/training/classification/models' is in submodule 'python/training/classification'\n","exitCode":128,"gitErrorCode":"IsInSubmodule"}
[2022-11-08 11:17:23.222] [exthost] [error] {"message":"Git error","stdout":"","stderr":"fatal: Pathspec '/home/nvidia/jetson-inference/python/training/classification/models' is in submodule 'python/training/classification'\n","exitCode":128,"gitErrorCode":"IsInSubmodule"}
[2022-11-08 11:17:23.222] [exthost] [error] {"message":"Git error","stdout":"","stderr":"fatal: Pathspec '/home/nvidia/jetson-inference/python/training/classification/models' is in submodule 'python/training/classification'\n","exitCode":128,"gitErrorCode":"IsInSubmodule"}
[2022-11-08 11:17:23.222] [exthost] [error] {"message":"Git error","stdout":"","stderr":"fatal: Pathspec '/home/nvidia/jetson-inference/python/training/classification/models' is in submodule 'python/training/classification'\n","exitCode":128,"gitErrorCode":"IsInSubmodule"}
[2022-11-08 11:17:23.223] [exthost] [error] {"message":"Git error","stdout":"","stderr":"fatal: Pathspec '/home/nvidia/jetson-inference/python/training/classification/models' is in submodule 'python/training/classification'\n","exitCode":128,"gitErrorCode":"IsInSubmodule"}
[2022-11-08 11:17:23.223] [exthost] [error] {"message":"Git error","stdout":"","stderr":"fatal: Pathspec '/home/nvidia/jetson-inference/python/training/classification/models' is in submodule 'python/training/classification'\n","exitCode":128,"gitErrorCode":"IsInSubmodule"}
[2022-11-08 11:17:23.223] [exthost] [error] {"message":"Git error","stdout":"","stderr":"fatal: Pathspec '/home/nvidia/jetson-inference/python/training/classification/models' is in submodule 'python/training/classification'\n","exitCode":128,"gitErrorCode":"IsInSubmodule"}
[2022-11-08 11:17:23.223] [exthost] [error] {"message":"Git error","stdout":"","stderr":"fatal: Pathspec '/home/nvidia/jetson-inference/python/training/classification/models' is in submodule 'python/training/classification'\n","exitCode":128,"gitErrorCode":"IsInSubmodule"}
[2022-11-08 11:17:23.223] [exthost] [error] {"message":"Git error","stdout":"","stderr":"fatal: Pathspec '/home/nvidia/jetson-inference/python/training/classification/models' is in submodule 'python/training/classification'\n","exitCode":128,"gitErrorCode":"IsInSubmodule"}
[2022-11-08 11:17:23.223] [exthost] [error] {"message":"Git error","stdout":"","stderr":"fatal: Pathspec '/home/nvidia/jetson-inference/python/training/classification/models' is in submodule 'python/training/classification'\n","exitCode":128,"gitErrorCode":"IsInSubmodule"}
[2022-11-08 11:17:23.223] [exthost] [error] {"message":"Git error","stdout":"","stderr":"fatal: Pathspec '/home/nvidia/jetson-inference/python/training/classification/models' is in submodule 'python/training/classification'\n","exitCode":128,"gitErrorCode":"IsInSubmodule"}
[2022-11-08 11:17:23.223] [exthost] [error] {"message":"Git error","stdout":"","stderr":"fatal: Pathspec '/home/nvidia/jetson-inference/python/training/classification/models' is in submodule 'python/training/classification'\n","exitCode":128,"gitErrorCode":"IsInSubmodule"}
[2022-11-08 11:17:23.223] [exthost] [error] {"message":"Git error","stdout":"","stderr":"fatal: Pathspec '/home/nvidia/jetson-inference/python/training/classification/models' is in submodule 'python/training/classification'\n","exitCode":128,"gitErrorCode":"IsInSubmodule"}
[2022-11-08 11:17:23.223] [exthost] [error] {"message":"Git error","stdout":"","stderr":"fatal: Pathspec '/home/nvidia/jetson-inference/python/training/classification/models' is in submodule 'python/training/classification'\n","exitCode":128,"gitErrorCode":"IsInSubmodule"}
[2022-11-08 11:17:23.223] [exthost] [error] {"message":"Git error","stdout":"","stderr":"fatal: Pathspec '/home/nvidia/jetson-inference/python/training/classification/models' is in submodule 'python/training/classification'\n","exitCode":128,"gitErrorCode":"IsInSubmodule"}
[2022-11-08 11:17:23.223] [exthost] [error] {"message":"Git error","stdout":"","stderr":"fatal: Pathspec '/home/nvidia/jetson-inference/python/training/classification/models' is in submodule 'python/training/classification'\n","exitCode":128,"gitErrorCode":"IsInSubmodule"}
[2022-11-08 11:17:23.223] [exthost] [error] {"message":"Git error","stdout":"","stderr":"fatal: Pathspec '/home/nvidia/jetson-inference/python/training/classification/models' is in submodule 'python/training/classification'\n","exitCode":128,"gitErrorCode":"IsInSubmodule"}
[2022-11-08 11:17:23.223] [exthost] [error] {"message":"Git error","stdout":"","stderr":"fatal: Pathspec '/home/nvidia/jetson-inference/python/training/classification/models' is in submodule 'python/training/classification'\n","exitCode":128,"gitErrorCode":"IsInSubmodule"}
[2022-11-08 11:17:23.223] [exthost] [error] {"message":"Git error","stdout":"","stderr":"fatal: Pathspec '/home/nvidia/jetson-inference/python/training/classification/models' is in submodule 'python/training/classification'\n","exitCode":128,"gitErrorCode":"IsInSubmodule"}
[2022-11-08 11:17:23.223] [exthost] [error] {"message":"Git error","stdout":"","stderr":"fatal: Pathspec '/home/nvidia/jetson-inference/python/training/classification/models' is in submodule 'python/training/classification'\n","exitCode":128,"gitErrorCode":"IsInSubmodule"}
[2022-11-08 11:17:23.223] [exthost] [error] {"message":"Git error","stdout":"","stderr":"fatal: Pathspec '/home/nvidia/jetson-inference/python/training/classification/models' is in submodule 'python/training/classification'\n","exitCode":128,"gitErrorCode":"IsInSubmodule"}
[2022-11-08 11:17:23.223] [exthost] [error] {"message":"Git error","stdout":"","stderr":"fatal: Pathspec '/home/nvidia/jetson-inference/python/training/classification/models' is in submodule 'python/training/classification'\n","exitCode":128,"gitErrorCode":"IsInSubmodule"}
[2022-11-08 11:17:23.224] [exthost] [error] {"message":"Git error","stdout":"","stderr":"fatal: Pathspec '/home/nvidia/jetson-inference/python/training/classification/models' is in submodule 'python/training/classification'\n","exitCode":128,"gitErrorCode":"IsInSubmodule"}
[2022-11-08 11:17:23.224] [exthost] [error] {"message":"Git error","stdout":"","stderr":"fatal: Pathspec '/home/nvidia/jetson-inference/python/training/classification/models' is in submodule 'python/training/classification'\n","exitCode":128,"gitErrorCode":"IsInSubmodule"}
[2022-11-08 11:17:23.224] [exthost] [error] {"message":"Git error","stdout":"","stderr":"fatal: Pathspec '/home/nvidia/jetson-inference/python/training/classification/models' is in submodule 'python/training/classification'\n","exitCode":128,"gitErrorCode":"IsInSubmodule"}
[2022-11-08 11:17:23.224] [exthost] [error] {"message":"Git error","stdout":"","stderr":"fatal: Pathspec '/home/nvidia/jetson-inference/python/training/classification/models' is in submodule 'python/training/classification'\n","exitCode":128,"gitErrorCode":"IsInSubmodule"}
[2022-11-08 11:17:23.224] [exthost] [error] {"message":"Git error","stdout":"","stderr":"fatal: Pathspec '/home/nvidia/jetson-inference/python/training/classification/models' is in submodule 'python/training/classification'\n","exitCode":128,"gitErrorCode":"IsInSubmodule"}
[2022-11-08 11:17:23.224] [exthost] [error] {"message":"Git error","stdout":"","stderr":"fatal: Pathspec '/home/nvidia/jetson-inference/python/training/classification/models' is in submodule 'python/training/classification'\n","exitCode":128,"gitErrorCode":"IsInSubmodule"}
[2022-11-08 11:17:23.224] [exthost] [error] {"message":"Git error","stdout":"","stderr":"fatal: Pathspec '/home/nvidia/jetson-inference/python/training/classification/models' is in submodule 'python/training/classification'\n","exitCode":128,"gitErrorCode":"IsInSubmodule"}
[2022-11-08 11:17:23.224] [exthost] [error] {"message":"Git error","stdout":"","stderr":"fatal: Pathspec '/home/nvidia/jetson-inference/python/training/classification/models' is in submodule 'python/training/classification'\n","exitCode":128,"gitErrorCode":"IsInSubmodule"}
[2022-11-08 11:17:23.224] [exthost] [error] {"message":"Git error","stdout":"","stderr":"fatal: Pathspec '/home/nvidia/jetson-inference/python/training/classification/models' is in submodule 'python/training/classification'\n","exitCode":128,"gitErrorCode":"IsInSubmodule"}
[2022-11-08 11:17:23.224] [exthost] [error] {"message":"Git error","stdout":"","stderr":"fatal: Pathspec '/home/nvidia/jetson-inference/python/training/classification/models' is in submodule 'python/training/classification'\n","exitCode":128,"gitErrorCode":"IsInSubmodule"}
[2022-11-08 11:17:23.224] [exthost] [error] {"message":"Git error","stdout":"","stderr":"fatal: Pathspec '/home/nvidia/jetson-inference/python/training/classification/models' is in submodule 'python/training/classification'\n","exitCode":128,"gitErrorCode":"IsInSubmodule"}
[2022-11-08 11:17:23.224] [exthost] [error] {"message":"Git error","stdout":"","stderr":"fatal: Pathspec '/home/nvidia/jetson-inference/python/training/classification/models' is in submodule 'python/training/classification'\n","exitCode":128,"gitErrorCode":"IsInSubmodule"}
[2022-11-08 11:17:23.224] [exthost] [error] {"message":"Git error","stdout":"","stderr":"fatal: Pathspec '/home/nvidia/jetson-inference/python/training/classification/models' is in submodule 'python/training/classification'\n","exitCode":128,"gitErrorCode":"IsInSubmodule"}
[2022-11-08 11:17:23.224] [exthost] [error] {"message":"Git error","stdout":"","stderr":"fatal: Pathspec '/home/nvidia/jetson-inference/python/training/classification/models' is in submodule 'python/training/classification'\n","exitCode":128,"gitErrorCode":"IsInSubmodule"}
[2022-11-08 11:17:23.224] [exthost] [error] {"message":"Git error","stdout":"","stderr":"fatal: Pathspec '/home/nvidia/jetson-inference/python/training/classification/models' is in submodule 'python/training/classification'\n","exitCode":128,"gitErrorCode":"IsInSubmodule"}
[2022-11-08 11:17:23.224] [exthost] [error] {"message":"Git error","stdout":"","stderr":"fatal: Pathspec '/home/nvidia/jetson-inference/python/training/classification/models' is in submodule 'python/training/classification'\n","exitCode":128,"gitErrorCode":"IsInSubmodule"}
[2022-11-08 11:17:23.224] [exthost] [error] {"message":"Git error","stdout":"","stderr":"fatal: Pathspec '/home/nvidia/jetson-inference/python/training/classification/models' is in submodule 'python/training/classification'\n","exitCode":128,"gitErrorCode":"IsInSubmodule"}
[2022-11-08 11:17:23.225] [exthost] [error] {"message":"Git error","stdout":"","stderr":"fatal: Pathspec '/home/nvidia/jetson-inference/python/training/classification/models' is in submodule 'python/training/classification'\n","exitCode":128,"gitErrorCode":"IsInSubmodule"}
[2022-11-08 11:17:23.225] [exthost] [error] {"message":"Git error","stdout":"","stderr":"fatal: Pathspec '/home/nvidia/jetson-inference/python/training/classification/models' is in submodule 'python/training/classification'\n","exitCode":128,"gitErrorCode":"IsInSubmodule"}
[2022-11-08 11:17:23.225] [exthost] [error] {"message":"Git error","stdout":"","stderr":"fatal: Pathspec '/home/nvidia/jetson-inference/python/training/classification/models' is in submodule 'python/training/classification'\n","exitCode":128,"gitErrorCode":"IsInSubmodule"}
[2022-11-08 11:17:23.225] [exthost] [error] {"message":"Git error","stdout":"","stderr":"fatal: Pathspec '/home/nvidia/jetson-inference/python/training/classification/models' is in submodule 'python/training/classification'\n","exitCode":128,"gitErrorCode":"IsInSubmodule"}
[2022-11-08 11:17:23.225] [exthost] [error] {"message":"Git error","stdout":"","stderr":"fatal: Pathspec '/home/nvidia/jetson-inference/python/training/classification/models' is in submodule 'python/training/classification'\n","exitCode":128,"gitErrorCode":"IsInSubmodule"}
[2022-11-08 11:17:23.225] [exthost] [error] {"message":"Git error","stdout":"","stderr":"fatal: Pathspec '/home/nvidia/jetson-inference/python/training/classification/models' is in submodule 'python/training/classification'\n","exitCode":128,"gitErrorCode":"IsInSubmodule"}
[2022-11-08 11:17:23.225] [exthost] [error] {"message":"Git error","stdout":"","stderr":"fatal: Pathspec '/home/nvidia/jetson-inference/python/training/classification/models' is in submodule 'python/training/classification'\n","exitCode":128,"gitErrorCode":"IsInSubmodule"}
[2022-11-08 11:17:23.225] [exthost] [error] {"message":"Git error","stdout":"","stderr":"fatal: Pathspec '/home/nvidia/jetson-inference/python/training/classification/models' is in submodule 'python/training/classification'\n","exitCode":128,"gitErrorCode":"IsInSubmodule"}
[2022-11-08 11:17:23.225] [exthost] [error] {"message":"Git error","stdout":"","stderr":"fatal: Pathspec '/home/nvidia/jetson-inference/python/training/classification/models' is in submodule 'python/training/classification'\n","exitCode":128,"gitErrorCode":"IsInSubmodule"}
[2022-11-08 11:17:23.225] [exthost] [error] {"message":"Git error","stdout":"","stderr":"fatal: Pathspec '/home/nvidia/jetson-inference/python/training/classification/models' is in submodule 'python/training/classification'\n","exitCode":128,"gitErrorCode":"IsInSubmodule"}
[2022-11-08 11:17:23.225] [exthost] [error] {"message":"Git error","stdout":"","stderr":"fatal: Pathspec '/home/nvidia/jetson-inference/python/training/classification/models' is in submodule 'python/training/classification'\n","exitCode":128,"gitErrorCode":"IsInSubmodule"}
[2022-11-08 11:17:23.225] [exthost] [error] {"message":"Git error","stdout":"","stderr":"fatal: Pathspec '/home/nvidia/jetson-inference/python/training/classification/models' is in submodule 'python/training/classification'\n","exitCode":128,"gitErrorCode":"IsInSubmodule"}
[2022-11-08 11:17:23.225] [exthost] [error] {"message":"Git error","stdout":"","stderr":"fatal: Pathspec '/home/nvidia/jetson-inference/python/training/classification/models' is in submodule 'python/training/classification'\n","exitCode":128,"gitErrorCode":"IsInSubmodule"}
[2022-11-08 11:17:23.225] [exthost] [error] {"message":"Git error","stdout":"","stderr":"fatal: Pathspec '/home/nvidia/jetson-inference/python/training/classification/models' is in submodule 'python/training/classification'\n","exitCode":128,"gitErrorCode":"IsInSubmodule"}
[2022-11-08 11:17:23.225] [exthost] [error] {"message":"Git error","stdout":"","stderr":"fatal: Pathspec '/home/nvidia/jetson-inference/python/training/classification/models' is in submodule 'python/training/classification'\n","exitCode":128,"gitErrorCode":"IsInSubmodule"}
[2022-11-09 10:10:59.247] [exthost] [info] Extension host terminating: renderer disconnected for too long (1)
[2022-11-09 10:10:59.251] [exthost] [info] Lock '/home/nvidia/.vscode-server/data/User/workspaceStorage/0e457eed9977194e32662d2014192f6d-1/vscode.lock': Marking the lockfile as scheduled to be released in 6000 ms.
[2022-11-09 10:10:59.289] [exthost] [info] Extension host with pid 13703 exiting with code 0
