[2022-11-11T16:02:14.942Z] Log level: Info
[2022-11-11T16:02:14.967Z] [info] Validating found git in: git
[2022-11-11T16:02:15.075Z] [info] Using git 2.17.1 from git
[2022-11-11T16:02:15.216Z] > git rev-parse --show-toplevel [93ms]
[2022-11-11T16:02:15.216Z] fatal: not a git repository (or any of the parent directories): .git
[2022-11-11T16:02:15.241Z] > git rev-parse --show-toplevel [4ms]
[2022-11-11T16:02:15.257Z] > git rev-parse --git-dir --git-common-dir [3ms]
[2022-11-11T16:02:15.281Z] [info] Open repository: /home/nvidia/jetson-inference/python/training/classification
[2022-11-11T16:02:15.319Z] > git status -z -uall [18ms]
[2022-11-11T16:02:15.334Z] > git rev-parse --show-toplevel [21ms]
[2022-11-11T16:02:15.334Z] fatal: not a git repository (or any of the parent directories): .git
[2022-11-11T16:02:15.350Z] > git symbolic-ref --short HEAD [17ms]
[2022-11-11T16:02:15.350Z] fatal: ref HEAD is not a symbolic ref
[2022-11-11T16:02:15.364Z] > git rev-parse --show-toplevel [17ms]
[2022-11-11T16:02:15.364Z] fatal: not a git repository (or any of the parent directories): .git
[2022-11-11T16:02:15.380Z] > git rev-parse --show-toplevel [5ms]
[2022-11-11T16:02:15.380Z] fatal: not a git repository (or any of the parent directories): .git
[2022-11-11T16:02:15.392Z] > git rev-parse HEAD [30ms]
[2022-11-11T16:02:15.483Z] > git remote --verbose [68ms]
[2022-11-11T16:02:15.485Z] > git for-each-ref --sort -committerdate --format %(refname) %(objectname) %(*objectname) [82ms]
[2022-11-11T16:02:15.494Z] > git rev-parse --show-toplevel [103ms]
[2022-11-11T16:02:15.494Z] fatal: not a git repository (or any of the parent directories): .git
[2022-11-11T16:02:15.520Z] > git rev-parse --show-toplevel [16ms]
[2022-11-11T16:02:15.520Z] fatal: not a git repository (or any of the parent directories): .git
[2022-11-11T16:02:15.541Z] > git config --get commit.template [23ms]
[2022-11-11T16:02:15.576Z] > git rev-parse --show-toplevel [44ms]
[2022-11-11T16:02:15.576Z] fatal: not a git repository (or any of the parent directories): .git
[2022-11-11T16:02:15.600Z] > git status -z -uall [42ms]
[2022-11-11T16:02:15.648Z] > git rev-parse --show-toplevel [51ms]
[2022-11-11T16:02:15.649Z] fatal: not a git repository (or any of the parent directories): .git
[2022-11-11T16:02:15.686Z] > git symbolic-ref --short HEAD [42ms]
[2022-11-11T16:02:15.686Z] fatal: ref HEAD is not a symbolic ref
[2022-11-11T16:02:15.708Z] > git rev-parse --show-toplevel [38ms]
[2022-11-11T16:02:15.709Z] fatal: not a git repository (or any of the parent directories): .git
[2022-11-11T16:02:15.722Z] > git rev-parse HEAD [16ms]
[2022-11-11T16:02:15.750Z] > git for-each-ref --sort -committerdate --format %(refname) %(objectname) %(*objectname) [16ms]
[2022-11-11T16:02:15.752Z] > git rev-parse --show-toplevel [32ms]
[2022-11-11T16:02:15.752Z] fatal: not a git repository (or any of the parent directories): .git
[2022-11-11T16:02:15.779Z] > git remote --verbose [33ms]
[2022-11-11T16:02:15.799Z] > git rev-parse --show-toplevel [31ms]
[2022-11-11T16:02:15.800Z] fatal: not a git repository (or any of the parent directories): .git
[2022-11-11T16:02:15.814Z] > git config --get commit.template [17ms]
[2022-11-11T16:02:15.818Z] > git rev-parse --show-toplevel [6ms]
[2022-11-11T16:02:15.818Z] fatal: not a git repository (or any of the parent directories): .git
[2022-11-11T16:02:15.840Z] > git rev-parse --show-toplevel [10ms]
[2022-11-11T16:02:15.840Z] fatal: not a git repository (or any of the parent directories): .git
[2022-11-11T16:02:15.859Z] > git rev-parse --show-toplevel [4ms]
[2022-11-11T16:02:15.859Z] fatal: not a git repository (or any of the parent directories): .git
[2022-11-11T16:02:15.876Z] > git rev-parse --show-toplevel [3ms]
[2022-11-11T16:02:15.876Z] fatal: not a git repository (or any of the parent directories): .git
[2022-11-11T16:02:15.896Z] > git rev-parse --show-toplevel [9ms]
[2022-11-11T16:02:15.897Z] fatal: not a git repository (or any of the parent directories): .git
[2022-11-11T16:02:15.911Z] > git rev-parse --show-toplevel [2ms]
[2022-11-11T16:02:15.911Z] fatal: not a git repository (or any of the parent directories): .git
[2022-11-11T16:02:15.926Z] > git rev-parse --show-toplevel [4ms]
[2022-11-11T16:02:15.940Z] > git rev-parse --git-dir --git-common-dir [3ms]
[2022-11-11T16:02:15.949Z] [info] Open repository: /home/nvidia/jetson-inference
[2022-11-11T16:02:15.978Z] > git rev-parse --show-toplevel [2ms]
[2022-11-11T16:02:15.978Z] fatal: not a git repository (or any of the parent directories): .git
[2022-11-11T16:02:15.992Z] > git rev-parse --show-toplevel [3ms]
[2022-11-11T16:02:15.992Z] fatal: not a git repository (or any of the parent directories): .git
[2022-11-11T16:02:16.111Z] > git check-ignore -v -z --stdin [4ms]
[2022-11-11T16:02:16.115Z] > git rev-parse --show-toplevel [22ms]
[2022-11-11T16:02:16.115Z] fatal: not a git repository (or any of the parent directories): .git
[2022-11-11T16:02:16.516Z] > git show --textconv :data/money_project/lables.txt [16ms]
[2022-11-11T16:02:16.519Z] > git ls-files --stage -- /home/nvidia/jetson-inference/python/training/classification/data/money_project/lables.txt [6ms]
[2022-11-11T16:02:17.054Z] > git check-ignore -v -z --stdin [15ms]
[2022-11-11T16:02:17.063Z] > git check-ignore -v -z --stdin [12ms]
[2022-11-11T16:02:17.222Z] > git status -z -uall [1260ms]
[2022-11-11T16:02:17.236Z] > git symbolic-ref --short HEAD [3ms]
[2022-11-11T16:02:17.251Z] > git for-each-ref --format=%(refname)%00%(upstream:short)%00%(objectname)%00%(upstream:track)%00%(upstream:remotename)%00%(upstream:remoteref) refs/heads/master refs/remotes/master [3ms]
[2022-11-11T16:02:17.277Z] > git for-each-ref --sort -committerdate --format %(refname) %(objectname) %(*objectname) [14ms]
[2022-11-11T16:02:17.280Z] > git remote --verbose [7ms]
[2022-11-11T16:02:17.315Z] > git config --get commit.template [3ms]
[2022-11-11T16:02:17.815Z] > git rev-parse --show-toplevel [3ms]
[2022-11-11T16:02:17.832Z] > git rev-parse --git-dir --git-common-dir [5ms]
[2022-11-11T16:02:17.841Z] [info] Open repository: /home/nvidia/jetson-inference/utils
[2022-11-11T16:02:17.868Z] > git rev-parse --show-toplevel [3ms]
[2022-11-11T16:02:17.882Z] > git rev-parse --git-dir --git-common-dir [3ms]
[2022-11-11T16:02:17.893Z] [info] Open repository: /home/nvidia/jetson-inference/tools/camera-capture
[2022-11-11T16:02:17.920Z] > git status -z -uall [66ms]
[2022-11-11T16:02:17.931Z] > git status -z -uall [25ms]
[2022-11-11T16:02:17.947Z] > git symbolic-ref --short HEAD [4ms]
[2022-11-11T16:02:17.948Z] fatal: ref HEAD is not a symbolic ref
[2022-11-11T16:02:17.959Z] > git symbolic-ref --short HEAD [28ms]
[2022-11-11T16:02:17.959Z] fatal: ref HEAD is not a symbolic ref
[2022-11-11T16:02:17.970Z] > git rev-parse --show-toplevel [53ms]
[2022-11-11T16:02:17.987Z] > git rev-parse HEAD [17ms]
[2022-11-11T16:02:18.010Z] > git rev-parse HEAD [52ms]
[2022-11-11T16:02:18.069Z] > git remote --verbose [38ms]
[2022-11-11T16:02:18.070Z] > git for-each-ref --sort -committerdate --format %(refname) %(objectname) %(*objectname) [50ms]
[2022-11-11T16:02:18.073Z] > git remote --verbose [65ms]
[2022-11-11T16:02:18.074Z] > git for-each-ref --sort -committerdate --format %(refname) %(objectname) %(*objectname) [76ms]
[2022-11-11T16:02:18.078Z] > git rev-parse --git-dir --git-common-dir [96ms]
[2022-11-11T16:02:18.085Z] [info] Open repository: /home/nvidia/jetson-inference/python/training/detection
[2022-11-11T16:02:18.135Z] > git status -z -uall [37ms]
[2022-11-11T16:02:18.148Z] > git config --get commit.template [27ms]
[2022-11-11T16:02:18.150Z] > git rev-parse --show-toplevel [41ms]
[2022-11-11T16:02:18.226Z] > git symbolic-ref --short HEAD [79ms]
[2022-11-11T16:02:18.226Z] fatal: ref HEAD is not a symbolic ref
[2022-11-11T16:02:18.237Z] > git config --get commit.template [105ms]
[2022-11-11T16:02:18.242Z] > git rev-parse HEAD [5ms]
[2022-11-11T16:02:18.266Z] > git rev-parse --git-dir --git-common-dir [105ms]
[2022-11-11T16:02:18.275Z] [info] Open repository: /home/nvidia/jetson-inference/python/training/segmentation
[2022-11-11T16:02:18.303Z] > git status -z -uall [15ms]
[2022-11-11T16:02:18.315Z] > git remote --verbose [50ms]
[2022-11-11T16:02:18.316Z] > git for-each-ref --sort -committerdate --format %(refname) %(objectname) %(*objectname) [62ms]
[2022-11-11T16:02:18.319Z] > git symbolic-ref --short HEAD [4ms]
[2022-11-11T16:02:18.319Z] fatal: ref HEAD is not a symbolic ref
[2022-11-11T16:02:18.330Z] > git rev-parse --show-toplevel [30ms]
[2022-11-11T16:02:18.344Z] > git rev-parse HEAD [15ms]
[2022-11-11T16:02:18.374Z] > git rev-parse --git-dir --git-common-dir [33ms]
[2022-11-11T16:02:18.381Z] [info] Open repository: /home/nvidia/jetson-inference/plugins/pose
[2022-11-11T16:02:18.423Z] > git status -z -uall [29ms]
[2022-11-11T16:02:18.435Z] > git for-each-ref --sort -committerdate --format %(refname) %(objectname) %(*objectname) [80ms]
[2022-11-11T16:02:18.436Z] > git remote --verbose [70ms]
[2022-11-11T16:02:18.455Z] > git symbolic-ref --short HEAD [20ms]
[2022-11-11T16:02:18.455Z] fatal: ref HEAD is not a symbolic ref
[2022-11-11T16:02:18.466Z] > git config --get commit.template [48ms]
[2022-11-11T16:02:18.468Z] > git rev-parse --show-toplevel [62ms]
[2022-11-11T16:02:18.483Z] > git rev-parse HEAD [17ms]
[2022-11-11T16:02:18.506Z] > git config --get commit.template [54ms]
[2022-11-11T16:02:18.510Z] > git remote --verbose [6ms]
[2022-11-11T16:02:18.510Z] > git rev-parse --git-dir --git-common-dir [30ms]
[2022-11-11T16:02:18.518Z] [info] Open repository: /home/nvidia/jetson-inference/docker/containers
[2022-11-11T16:02:18.536Z] > git for-each-ref --sort -committerdate --format %(refname) %(objectname) %(*objectname) [42ms]
[2022-11-11T16:02:18.573Z] > git status -z -uall [42ms]
[2022-11-11T16:02:18.586Z] > git config --get commit.template [33ms]
[2022-11-11T16:02:18.588Z] > git symbolic-ref --short HEAD [3ms]
[2022-11-11T16:02:18.588Z] fatal: ref HEAD is not a symbolic ref
[2022-11-11T16:02:18.617Z] > git rev-parse HEAD [18ms]
[2022-11-11T16:02:18.645Z] > git remote --verbose [4ms]
[2022-11-11T16:02:18.645Z] > git for-each-ref --sort -committerdate --format %(refname) %(objectname) %(*objectname) [16ms]
[2022-11-11T16:02:18.667Z] > git config --get commit.template [3ms]
[2022-11-11T16:02:18.886Z] > git rev-parse --show-toplevel [2ms]
[2022-11-11T16:02:18.903Z] > git rev-parse --git-dir --git-common-dir [3ms]
[2022-11-11T16:02:18.986Z] [info] Open repository: /home/nvidia/jetson-inference/python/training/detection/ssd
[2022-11-11T16:02:19.010Z] > git status -z -uall [9ms]
[2022-11-11T16:02:19.025Z] > git symbolic-ref --short HEAD [3ms]
[2022-11-11T16:02:19.025Z] fatal: ref HEAD is not a symbolic ref
[2022-11-11T16:02:19.040Z] > git rev-parse HEAD [4ms]
[2022-11-11T16:02:19.066Z] > git remote --verbose [3ms]
[2022-11-11T16:02:19.181Z] > git check-ignore -v -z --stdin [55ms]
[2022-11-11T16:02:19.183Z] > git check-ignore -v -z --stdin [44ms]
[2022-11-11T16:02:19.185Z] > git check-ignore -v -z --stdin [34ms]
[2022-11-11T16:02:19.186Z] > git check-ignore -v -z --stdin [23ms]
[2022-11-11T16:02:19.187Z] > git check-ignore -v -z --stdin [12ms]
[2022-11-11T16:02:19.200Z] > git for-each-ref --sort -committerdate --format %(refname) %(objectname) %(*objectname) [149ms]
[2022-11-11T16:02:19.219Z] > git config --get commit.template [3ms]
[2022-11-11T16:02:22.217Z] > git check-ignore -v -z --stdin [3ms]
[2022-11-11T16:02:23.441Z] > git check-ignore -v -z --stdin [3ms]
[2022-11-11T16:02:43.669Z] > git check-ignore -v -z --stdin [3ms]
[2022-11-11T16:05:48.981Z] > git check-ignore -v -z --stdin [3ms]
[2022-11-11T16:05:50.174Z] > git check-ignore -v -z --stdin [3ms]
[2022-11-11T16:05:51.016Z] > git check-ignore -v -z --stdin [3ms]
[2022-11-11T16:05:54.995Z] > git show --textconv :data/cat_dog/labels.txt [12ms]
[2022-11-11T16:05:54.998Z] > git ls-files --stage -- /home/nvidia/jetson-inference/python/training/classification/data/cat_dog/labels.txt [4ms]
[2022-11-11T16:05:55.390Z] > git check-ignore -v -z --stdin [3ms]
[2022-11-11T16:05:57.104Z] > git check-ignore -v -z --stdin [3ms]
[2022-11-11T16:06:08.636Z] > git check-ignore -v -z --stdin [2ms]
[2022-11-11T16:06:09.580Z] > git check-ignore -v -z --stdin [3ms]
[2022-11-11T16:06:11.913Z] > git check-ignore -v -z --stdin [3ms]
[2022-11-11T16:06:13.886Z] > git check-ignore -v -z --stdin [3ms]
[2022-11-11T16:06:14.635Z] > git check-ignore -v -z --stdin [3ms]
[2022-11-11T16:07:29.847Z] > git ls-files --stage -- /home/nvidia/jetson-inference/python/CMakeLists.txt [3ms]
[2022-11-11T16:07:29.862Z] > git show --textconv :python/CMakeLists.txt [30ms]
[2022-11-11T16:07:29.864Z] > git cat-file -s 9902d3b001b0b58686d69a0553a0d40dd170710a [5ms]
[2022-11-11T16:09:43.076Z] > git check-ignore -v -z --stdin [2ms]
[2022-11-11T16:09:46.380Z] > git check-ignore -v -z --stdin [3ms]
[2022-11-11T16:09:48.041Z] > git check-ignore -v -z --stdin [3ms]
[2022-11-11T16:09:49.093Z] > git check-ignore -v -z --stdin [2ms]
[2022-11-11T16:10:54.090Z] > git show --textconv :data/money_project/lables.txt [13ms]
[2022-11-11T16:10:54.092Z] > git ls-files --stage -- /home/nvidia/jetson-inference/python/training/classification/data/money_project/lables.txt [3ms]
[2022-11-11T16:10:59.134Z] > git show --textconv :data/cat_dog/labels.txt [12ms]
[2022-11-11T16:10:59.136Z] > git ls-files --stage -- /home/nvidia/jetson-inference/python/training/classification/data/cat_dog/labels.txt [3ms]
[2022-11-11T16:12:27.409Z] > git check-ignore -v -z --stdin [1076ms]
[2022-11-11T16:12:27.474Z] > git status -z -uall [79ms]
[2022-11-11T16:12:27.488Z] > git symbolic-ref --short HEAD [3ms]
[2022-11-11T16:12:27.488Z] fatal: ref HEAD is not a symbolic ref
[2022-11-11T16:12:27.578Z] > git rev-parse HEAD [80ms]
[2022-11-11T16:12:27.629Z] > git remote --verbose [32ms]
[2022-11-11T16:12:27.752Z] > git for-each-ref --sort -committerdate --format %(refname) %(objectname) %(*objectname) [164ms]
[2022-11-11T16:12:28.005Z] > git config --get commit.template [220ms]
[2022-11-11T16:12:29.401Z] > git check-ignore -v -z --stdin [43ms]
[2022-11-11T16:12:32.954Z] > git status -z -uall [5546ms]
[2022-11-11T16:12:33.032Z] > git symbolic-ref --short HEAD [3ms]
[2022-11-11T16:12:33.047Z] > git for-each-ref --format=%(refname)%00%(upstream:short)%00%(objectname)%00%(upstream:track)%00%(upstream:remotename)%00%(upstream:remoteref) refs/heads/master refs/remotes/master [4ms]
[2022-11-11T16:12:33.114Z] > git remote --verbose [46ms]
[2022-11-11T16:12:33.115Z] > git for-each-ref --sort -committerdate --format %(refname) %(objectname) %(*objectname) [57ms]
[2022-11-11T16:12:33.139Z] > git status -z -uall [27ms]
[2022-11-11T16:12:33.171Z] > git config --get commit.template [10ms]
[2022-11-11T16:12:33.172Z] > git symbolic-ref --short HEAD [22ms]
[2022-11-11T16:12:33.172Z] fatal: ref HEAD is not a symbolic ref
[2022-11-11T16:12:33.185Z] > git rev-parse HEAD [3ms]
[2022-11-11T16:12:33.216Z] > git for-each-ref --sort -committerdate --format %(refname) %(objectname) %(*objectname) [20ms]
[2022-11-11T16:12:33.217Z] > git remote --verbose [11ms]
[2022-11-11T16:12:33.236Z] > git config --get commit.template [3ms]
[2022-11-11T16:12:58.834Z] > git show --textconv :data/money_project/lables.txt [13ms]
[2022-11-11T16:12:58.836Z] > git ls-files --stage -- /home/nvidia/jetson-inference/python/training/classification/data/money_project/lables.txt [4ms]
[2022-11-11T16:13:04.073Z] > git check-ignore -v -z --stdin [2ms]
[2022-11-11T16:13:05.535Z] > git check-ignore -v -z --stdin [2ms]
[2022-11-11T16:14:54.456Z] > git show --textconv :data/cat_dog/labels.txt [11ms]
[2022-11-11T16:14:54.458Z] > git ls-files --stage -- /home/nvidia/jetson-inference/python/training/classification/data/cat_dog/labels.txt [3ms]
[2022-11-11T16:14:57.799Z] > git show --textconv :data/money_project/lables.txt [11ms]
[2022-11-11T16:14:57.801Z] > git ls-files --stage -- /home/nvidia/jetson-inference/python/training/classification/data/money_project/lables.txt [3ms]
[2022-11-11T16:14:59.475Z] > git show --textconv :data/cat_dog/labels.txt [11ms]
[2022-11-11T16:14:59.477Z] > git ls-files --stage -- /home/nvidia/jetson-inference/python/training/classification/data/cat_dog/labels.txt [3ms]
[2022-11-11T16:15:07.825Z] > git show --textconv :data/money_project/lables.txt [12ms]
[2022-11-11T16:15:07.827Z] > git ls-files --stage -- /home/nvidia/jetson-inference/python/training/classification/data/money_project/lables.txt [4ms]
[2022-11-11T16:15:21.063Z] > git show --textconv :data/cat_dog/labels.txt [11ms]
[2022-11-11T16:15:21.065Z] > git ls-files --stage -- /home/nvidia/jetson-inference/python/training/classification/data/cat_dog/labels.txt [3ms]
[2022-11-11T16:15:24.696Z] > git show --textconv :data/money_project/lables.txt [12ms]
[2022-11-11T16:15:24.698Z] > git ls-files --stage -- /home/nvidia/jetson-inference/python/training/classification/data/money_project/lables.txt [3ms]
[2022-11-11T16:15:44.096Z] > git check-ignore -v -z --stdin [3ms]
[2022-11-11T16:15:44.643Z] > git status -z -uall [14ms]
[2022-11-11T16:15:44.657Z] > git symbolic-ref --short HEAD [3ms]
[2022-11-11T16:15:44.657Z] fatal: ref HEAD is not a symbolic ref
[2022-11-11T16:15:44.670Z] > git rev-parse HEAD [3ms]
[2022-11-11T16:15:44.693Z] > git for-each-ref --sort -committerdate --format %(refname) %(objectname) %(*objectname) [13ms]
[2022-11-11T16:15:44.694Z] > git remote --verbose [4ms]
[2022-11-11T16:15:44.709Z] > git config --get commit.template [2ms]
[2022-11-11T16:15:45.521Z] > git status -z -uall [880ms]
[2022-11-11T16:15:45.533Z] > git symbolic-ref --short HEAD [2ms]
[2022-11-11T16:15:45.547Z] > git for-each-ref --format=%(refname)%00%(upstream:short)%00%(objectname)%00%(upstream:track)%00%(upstream:remotename)%00%(upstream:remoteref) refs/heads/master refs/remotes/master [3ms]
[2022-11-11T16:15:45.568Z] > git for-each-ref --sort -committerdate --format %(refname) %(objectname) %(*objectname) [11ms]
[2022-11-11T16:15:45.570Z] > git remote --verbose [4ms]
[2022-11-11T16:15:45.586Z] > git config --get commit.template [2ms]
[2022-11-11T16:16:32.002Z] > git show --textconv :models/money_project/resnet18.onnx.sha256sum [11ms]
[2022-11-11T16:16:32.004Z] > git ls-files --stage -- /home/nvidia/jetson-inference/python/training/classification/models/money_project/resnet18.onnx.sha256sum [3ms]
[2022-11-11T16:17:58.109Z] > git status -z -uall [12ms]
[2022-11-11T16:17:58.122Z] > git symbolic-ref --short HEAD [2ms]
[2022-11-11T16:17:58.122Z] fatal: ref HEAD is not a symbolic ref
[2022-11-11T16:17:58.135Z] > git rev-parse HEAD [3ms]
[2022-11-11T16:17:58.156Z] > git for-each-ref --sort -committerdate --format %(refname) %(objectname) %(*objectname) [11ms]
[2022-11-11T16:17:58.157Z] > git remote --verbose [2ms]
[2022-11-11T16:17:58.172Z] > git config --get commit.template [2ms]
[2022-11-11T16:17:58.860Z] > git status -z -uall [752ms]
[2022-11-11T16:17:58.873Z] > git symbolic-ref --short HEAD [3ms]
[2022-11-11T16:17:58.886Z] > git for-each-ref --format=%(refname)%00%(upstream:short)%00%(objectname)%00%(upstream:track)%00%(upstream:remotename)%00%(upstream:remoteref) refs/heads/master refs/remotes/master [3ms]
[2022-11-11T16:17:58.908Z] > git for-each-ref --sort -committerdate --format %(refname) %(objectname) %(*objectname) [13ms]
[2022-11-11T16:17:58.909Z] > git remote --verbose [3ms]
[2022-11-11T16:17:58.926Z] > git config --get commit.template [2ms]
[2022-11-11T16:18:34.301Z] > git show --textconv :data/money_project/lables.txt [11ms]
[2022-11-11T16:18:34.303Z] > git ls-files --stage -- /home/nvidia/jetson-inference/python/training/classification/data/money_project/lables.txt [3ms]
[2022-11-11T16:18:47.528Z] > git status -z -uall [15ms]
[2022-11-11T16:18:47.542Z] > git symbolic-ref --short HEAD [3ms]
[2022-11-11T16:18:47.542Z] fatal: ref HEAD is not a symbolic ref
[2022-11-11T16:18:47.554Z] > git rev-parse HEAD [2ms]
[2022-11-11T16:18:47.576Z] > git for-each-ref --sort -committerdate --format %(refname) %(objectname) %(*objectname) [12ms]
[2022-11-11T16:18:47.577Z] > git remote --verbose [3ms]
[2022-11-11T16:18:47.592Z] > git config --get commit.template [2ms]
[2022-11-11T16:18:48.275Z] > git status -z -uall [747ms]
[2022-11-11T16:18:48.287Z] > git symbolic-ref --short HEAD [2ms]
[2022-11-11T16:18:48.300Z] > git for-each-ref --format=%(refname)%00%(upstream:short)%00%(objectname)%00%(upstream:track)%00%(upstream:remotename)%00%(upstream:remoteref) refs/heads/master refs/remotes/master [3ms]
[2022-11-11T16:18:48.321Z] > git for-each-ref --sort -committerdate --format %(refname) %(objectname) %(*objectname) [11ms]
[2022-11-11T16:18:48.323Z] > git remote --verbose [4ms]
[2022-11-11T16:18:48.340Z] > git config --get commit.template [2ms]
[2022-11-11T16:19:51.550Z] > git check-ignore -v -z --stdin [19ms]
[2022-11-11T16:22:37.251Z] > git status -z -uall [241ms]
[2022-11-11T16:22:37.278Z] > git symbolic-ref --short HEAD [3ms]
[2022-11-11T16:22:37.278Z] fatal: ref HEAD is not a symbolic ref
[2022-11-11T16:22:37.292Z] > git rev-parse HEAD [3ms]
[2022-11-11T16:22:37.325Z] > git for-each-ref --sort -committerdate --format %(refname) %(objectname) %(*objectname) [21ms]
[2022-11-11T16:22:37.342Z] > git remote --verbose [29ms]
[2022-11-11T16:22:37.368Z] > git config --get commit.template [3ms]
[2022-11-11T16:22:37.542Z] > git check-ignore -v -z --stdin [3ms]
[2022-11-11T16:22:40.743Z] > git status -z -uall [3719ms]
[2022-11-11T16:22:40.758Z] > git symbolic-ref --short HEAD [5ms]
[2022-11-11T16:22:40.773Z] > git for-each-ref --format=%(refname)%00%(upstream:short)%00%(objectname)%00%(upstream:track)%00%(upstream:remotename)%00%(upstream:remoteref) refs/heads/master refs/remotes/master [4ms]
[2022-11-11T16:22:40.795Z] > git remote --verbose [2ms]
[2022-11-11T16:22:40.801Z] > git for-each-ref --sort -committerdate --format %(refname) %(objectname) %(*objectname) [19ms]
[2022-11-11T16:22:40.820Z] > git config --get commit.template [2ms]
[2022-11-11T16:26:25.611Z] > git check-ignore -v -z --stdin [2ms]
[2022-11-11T16:26:26.121Z] > git status -z -uall [12ms]
[2022-11-11T16:26:26.135Z] > git symbolic-ref --short HEAD [4ms]
[2022-11-11T16:26:26.135Z] fatal: ref HEAD is not a symbolic ref
[2022-11-11T16:26:26.148Z] > git rev-parse HEAD [3ms]
[2022-11-11T16:26:26.169Z] > git for-each-ref --sort -committerdate --format %(refname) %(objectname) %(*objectname) [12ms]
[2022-11-11T16:26:26.170Z] > git remote --verbose [3ms]
[2022-11-11T16:26:26.185Z] > git config --get commit.template [3ms]
[2022-11-11T16:26:26.885Z] > git status -z -uall [765ms]
[2022-11-11T16:26:26.897Z] > git symbolic-ref --short HEAD [2ms]
[2022-11-11T16:26:26.910Z] > git for-each-ref --format=%(refname)%00%(upstream:short)%00%(objectname)%00%(upstream:track)%00%(upstream:remotename)%00%(upstream:remoteref) refs/heads/master refs/remotes/master [3ms]
[2022-11-11T16:26:26.931Z] > git for-each-ref --sort -committerdate --format %(refname) %(objectname) %(*objectname) [12ms]
[2022-11-11T16:26:26.932Z] > git remote --verbose [3ms]
[2022-11-11T16:26:26.950Z] > git config --get commit.template [2ms]
[2022-11-11T16:27:12.846Z] > git check-ignore -v -z --stdin [192ms]
[2022-11-11T16:27:13.025Z] > git status -z -uall [395ms]
[2022-11-11T16:27:13.042Z] > git symbolic-ref --short HEAD [3ms]
[2022-11-11T16:27:13.042Z] fatal: ref HEAD is not a symbolic ref
[2022-11-11T16:27:13.058Z] > git rev-parse HEAD [3ms]
[2022-11-11T16:27:13.131Z] > git remote --verbose [51ms]
[2022-11-11T16:27:13.203Z] > git for-each-ref --sort -committerdate --format %(refname) %(objectname) %(*objectname) [134ms]
[2022-11-11T16:27:13.219Z] > git config --get commit.template [2ms]
[2022-11-11T16:27:16.172Z] > git status -z -uall [3530ms]
[2022-11-11T16:27:16.187Z] > git symbolic-ref --short HEAD [4ms]
[2022-11-11T16:27:16.204Z] > git for-each-ref --format=%(refname)%00%(upstream:short)%00%(objectname)%00%(upstream:track)%00%(upstream:remotename)%00%(upstream:remoteref) refs/heads/master refs/remotes/master [5ms]
[2022-11-11T16:27:16.252Z] > git for-each-ref --sort -committerdate --format %(refname) %(objectname) %(*objectname) [37ms]
[2022-11-11T16:27:16.252Z] > git remote --verbose [28ms]
[2022-11-11T16:27:16.269Z] > git config --get commit.template [2ms]
[2022-11-11T16:29:12.322Z] > git check-ignore -v -z --stdin [3ms]
[2022-11-11T16:29:12.841Z] > git status -z -uall [14ms]
[2022-11-11T16:29:12.856Z] > git symbolic-ref --short HEAD [3ms]
[2022-11-11T16:29:12.856Z] fatal: ref HEAD is not a symbolic ref
[2022-11-11T16:29:12.869Z] > git rev-parse HEAD [3ms]
[2022-11-11T16:29:12.891Z] > git for-each-ref --sort -committerdate --format %(refname) %(objectname) %(*objectname) [12ms]
[2022-11-11T16:29:12.892Z] > git remote --verbose [3ms]
[2022-11-11T16:29:12.907Z] > git config --get commit.template [2ms]
[2022-11-11T16:29:13.599Z] > git status -z -uall [759ms]
[2022-11-11T16:29:13.613Z] > git symbolic-ref --short HEAD [3ms]
[2022-11-11T16:29:13.627Z] > git for-each-ref --format=%(refname)%00%(upstream:short)%00%(objectname)%00%(upstream:track)%00%(upstream:remotename)%00%(upstream:remoteref) refs/heads/master refs/remotes/master [4ms]
[2022-11-11T16:29:13.649Z] > git for-each-ref --sort -committerdate --format %(refname) %(objectname) %(*objectname) [12ms]
[2022-11-11T16:29:13.650Z] > git remote --verbose [3ms]
[2022-11-11T16:29:13.669Z] > git config --get commit.template [2ms]
[2022-11-11T16:30:16.850Z] > git check-ignore -v -z --stdin [36ms]
[2022-11-11T16:30:16.989Z] > git status -z -uall [351ms]
[2022-11-11T16:30:17.003Z] > git symbolic-ref --short HEAD [2ms]
[2022-11-11T16:30:17.004Z] fatal: ref HEAD is not a symbolic ref
[2022-11-11T16:30:17.018Z] > git rev-parse HEAD [3ms]
[2022-11-11T16:30:17.044Z] > git remote --verbose [3ms]
[2022-11-11T16:30:17.059Z] > git for-each-ref --sort -committerdate --format %(refname) %(objectname) %(*objectname) [29ms]
[2022-11-11T16:30:17.078Z] > git config --get commit.template [3ms]
[2022-11-11T16:30:20.251Z] > git status -z -uall [3599ms]
[2022-11-11T16:30:20.268Z] > git symbolic-ref --short HEAD [5ms]
[2022-11-11T16:30:20.284Z] > git for-each-ref --format=%(refname)%00%(upstream:short)%00%(objectname)%00%(upstream:track)%00%(upstream:remotename)%00%(upstream:remoteref) refs/heads/master refs/remotes/master [5ms]
[2022-11-11T16:30:20.310Z] > git remote --verbose [3ms]
[2022-11-11T16:30:20.314Z] > git for-each-ref --sort -committerdate --format %(refname) %(objectname) %(*objectname) [19ms]
[2022-11-11T16:30:20.333Z] > git config --get commit.template [3ms]
[2022-11-11T16:38:17.048Z] > git check-ignore -v -z --stdin [12ms]
[2022-11-11T16:39:47.424Z] > git rev-parse --show-toplevel [2ms]
[2022-11-11T16:39:47.424Z] fatal: not a git repository (or any of the parent directories): .git
[2022-11-11T16:40:23.622Z] > git rev-parse --show-toplevel [2ms]
[2022-11-11T16:40:23.622Z] fatal: not a git repository (or any of the parent directories): .git
[2022-11-11T16:41:11.562Z] > git rev-parse --show-toplevel [3ms]
[2022-11-11T16:41:11.574Z] > git rev-parse --git-dir --git-common-dir [2ms]
[2022-11-11T16:41:11.585Z] [info] Open repository: /home/nvidia
[2022-11-11T16:41:11.899Z] > git status -z -uall [302ms]
[2022-11-11T16:41:11.912Z] > git symbolic-ref --short HEAD [2ms]
[2022-11-11T16:41:11.925Z] > git for-each-ref --format=%(refname)%00%(upstream:short)%00%(objectname)%00%(upstream:track)%00%(upstream:remotename)%00%(upstream:remoteref) refs/heads/master refs/remotes/master [3ms]
[2022-11-11T16:41:11.949Z] > git for-each-ref --sort -committerdate --format %(refname) %(objectname) %(*objectname) [14ms]
[2022-11-11T16:41:11.950Z] > git remote --verbose [5ms]
[2022-11-11T16:41:13.830Z] > git check-ignore -v -z --stdin [1594ms]
[2022-11-11T16:41:13.833Z] > git check-ignore -v -z --stdin [1585ms]
[2022-11-11T16:41:13.836Z] > git check-ignore -v -z --stdin [1577ms]
[2022-11-11T16:41:13.838Z] > git config --get commit.template [15ms]
[2022-11-11T16:41:16.990Z] > git status -z -uall [85ms]
[2022-11-11T16:41:17.007Z] > git symbolic-ref --short HEAD [2ms]
[2022-11-11T16:41:17.023Z] > git for-each-ref --format=%(refname)%00%(upstream:short)%00%(objectname)%00%(upstream:track)%00%(upstream:remotename)%00%(upstream:remoteref) refs/heads/master refs/remotes/master [2ms]
[2022-11-11T16:41:17.050Z] > git for-each-ref --sort -committerdate --format %(refname) %(objectname) %(*objectname) [14ms]
[2022-11-11T16:41:17.051Z] > git remote --verbose [2ms]
[2022-11-11T16:41:18.967Z] > git config --get commit.template [9ms]
[2022-11-11T16:41:24.063Z] > git status -z -uall [78ms]
[2022-11-11T16:41:24.082Z] > git symbolic-ref --short HEAD [2ms]
[2022-11-11T16:41:24.099Z] > git for-each-ref --format=%(refname)%00%(upstream:short)%00%(objectname)%00%(upstream:track)%00%(upstream:remotename)%00%(upstream:remoteref) refs/heads/master refs/remotes/master [2ms]
[2022-11-11T16:41:24.130Z] > git for-each-ref --sort -committerdate --format %(refname) %(objectname) %(*objectname) [16ms]
[2022-11-11T16:41:24.130Z] > git remote --verbose [2ms]
[2022-11-11T16:41:25.800Z] > git config --get commit.template [16ms]
[2022-11-11T16:42:14.307Z] > git status -z -uall [94ms]
[2022-11-11T16:42:14.322Z] > git symbolic-ref --short HEAD [2ms]
[2022-11-11T16:42:14.337Z] > git for-each-ref --format=%(refname)%00%(upstream:short)%00%(objectname)%00%(upstream:track)%00%(upstream:remotename)%00%(upstream:remoteref) refs/heads/master refs/remotes/master [3ms]
[2022-11-11T16:42:14.367Z] > git for-each-ref --sort -committerdate --format %(refname) %(objectname) %(*objectname) [19ms]
[2022-11-11T16:42:14.367Z] > git remote --verbose [3ms]
[2022-11-11T16:42:16.056Z] > git config --get commit.template [7ms]
[2022-11-11T16:42:21.149Z] > git status -z -uall [74ms]
[2022-11-11T16:42:21.169Z] > git symbolic-ref --short HEAD [3ms]
[2022-11-11T16:42:21.187Z] > git for-each-ref --format=%(refname)%00%(upstream:short)%00%(objectname)%00%(upstream:track)%00%(upstream:remotename)%00%(upstream:remoteref) refs/heads/master refs/remotes/master [2ms]
[2022-11-11T16:42:21.221Z] > git for-each-ref --sort -committerdate --format %(refname) %(objectname) %(*objectname) [18ms]
[2022-11-11T16:42:21.221Z] > git remote --verbose [2ms]
[2022-11-11T16:42:22.786Z] > git config --get commit.template [16ms]
[2022-11-11T16:42:27.880Z] > git status -z -uall [75ms]
[2022-11-11T16:42:27.899Z] > git symbolic-ref --short HEAD [2ms]
[2022-11-11T16:42:27.917Z] > git for-each-ref --format=%(refname)%00%(upstream:short)%00%(objectname)%00%(upstream:track)%00%(upstream:remotename)%00%(upstream:remoteref) refs/heads/master refs/remotes/master [2ms]
[2022-11-11T16:42:27.951Z] > git for-each-ref --sort -committerdate --format %(refname) %(objectname) %(*objectname) [18ms]
[2022-11-11T16:42:27.951Z] > git remote --verbose [2ms]
[2022-11-11T16:42:29.487Z] > git config --get commit.template [9ms]
[2022-11-11T16:42:34.584Z] > git status -z -uall [78ms]
[2022-11-11T16:42:34.602Z] > git symbolic-ref --short HEAD [2ms]
[2022-11-11T16:42:34.621Z] > git for-each-ref --format=%(refname)%00%(upstream:short)%00%(objectname)%00%(upstream:track)%00%(upstream:remotename)%00%(upstream:remoteref) refs/heads/master refs/remotes/master [2ms]
[2022-11-11T16:42:34.654Z] > git for-each-ref --sort -committerdate --format %(refname) %(objectname) %(*objectname) [17ms]
[2022-11-11T16:42:34.655Z] > git remote --verbose [3ms]
[2022-11-11T16:42:36.188Z] > git config --get commit.template [10ms]
[2022-11-11T16:42:41.283Z] > git status -z -uall [76ms]
[2022-11-11T16:42:41.314Z] > git symbolic-ref --short HEAD [9ms]
[2022-11-11T16:42:41.344Z] > git for-each-ref --format=%(refname)%00%(upstream:short)%00%(objectname)%00%(upstream:track)%00%(upstream:remotename)%00%(upstream:remoteref) refs/heads/master refs/remotes/master [13ms]
[2022-11-11T16:42:41.393Z] > git for-each-ref --sort -committerdate --format %(refname) %(objectname) %(*objectname) [33ms]
[2022-11-11T16:42:41.394Z] > git remote --verbose [17ms]
[2022-11-11T16:42:42.940Z] > git config --get commit.template [14ms]
[2022-11-11T16:42:48.034Z] > git status -z -uall [75ms]
[2022-11-11T16:42:48.052Z] > git symbolic-ref --short HEAD [2ms]
[2022-11-11T16:42:48.070Z] > git for-each-ref --format=%(refname)%00%(upstream:short)%00%(objectname)%00%(upstream:track)%00%(upstream:remotename)%00%(upstream:remoteref) refs/heads/master refs/remotes/master [2ms]
[2022-11-11T16:42:48.102Z] > git for-each-ref --sort -committerdate --format %(refname) %(objectname) %(*objectname) [17ms]
[2022-11-11T16:42:48.103Z] > git remote --verbose [3ms]
[2022-11-11T16:42:49.645Z] > git config --get commit.template [11ms]
[2022-11-11T16:42:54.740Z] > git status -z -uall [77ms]
[2022-11-11T16:42:54.805Z] > git symbolic-ref --short HEAD [17ms]
[2022-11-11T16:42:54.832Z] > git for-each-ref --format=%(refname)%00%(upstream:short)%00%(objectname)%00%(upstream:track)%00%(upstream:remotename)%00%(upstream:remoteref) refs/heads/master refs/remotes/master [3ms]
[2022-11-11T16:42:54.860Z] > git for-each-ref --sort -committerdate --format %(refname) %(objectname) %(*objectname) [15ms]
[2022-11-11T16:42:54.861Z] > git remote --verbose [4ms]
[2022-11-11T16:42:56.403Z] > git config --get commit.template [9ms]
[2022-11-11T16:43:01.494Z] > git status -z -uall [73ms]
[2022-11-11T16:43:01.512Z] > git symbolic-ref --short HEAD [3ms]
[2022-11-11T16:43:01.530Z] > git for-each-ref --format=%(refname)%00%(upstream:short)%00%(objectname)%00%(upstream:track)%00%(upstream:remotename)%00%(upstream:remoteref) refs/heads/master refs/remotes/master [3ms]
[2022-11-11T16:43:01.563Z] > git for-each-ref --sort -committerdate --format %(refname) %(objectname) %(*objectname) [17ms]
[2022-11-11T16:43:01.563Z] > git remote --verbose [2ms]
[2022-11-11T16:43:03.062Z] > git config --get commit.template [6ms]
[2022-11-11T16:43:08.158Z] > git status -z -uall [77ms]
[2022-11-11T16:43:08.176Z] > git symbolic-ref --short HEAD [2ms]
[2022-11-11T16:43:08.194Z] > git for-each-ref --format=%(refname)%00%(upstream:short)%00%(objectname)%00%(upstream:track)%00%(upstream:remotename)%00%(upstream:remoteref) refs/heads/master refs/remotes/master [2ms]
[2022-11-11T16:43:08.228Z] > git for-each-ref --sort -committerdate --format %(refname) %(objectname) %(*objectname) [18ms]
[2022-11-11T16:43:08.229Z] > git remote --verbose [3ms]
[2022-11-11T16:43:09.767Z] > git config --get commit.template [13ms]
[2022-11-11T16:43:14.858Z] > git status -z -uall [74ms]
[2022-11-11T16:43:14.875Z] > git symbolic-ref --short HEAD [2ms]
[2022-11-11T16:43:14.897Z] > git for-each-ref --format=%(refname)%00%(upstream:short)%00%(objectname)%00%(upstream:track)%00%(upstream:remotename)%00%(upstream:remoteref) refs/heads/master refs/remotes/master [7ms]
[2022-11-11T16:43:14.929Z] > git for-each-ref --sort -committerdate --format %(refname) %(objectname) %(*objectname) [17ms]
[2022-11-11T16:43:14.929Z] > git remote --verbose [3ms]
[2022-11-11T16:43:16.465Z] > git config --get commit.template [12ms]
[2022-11-11T16:43:21.558Z] > git status -z -uall [74ms]
[2022-11-11T16:43:21.577Z] > git symbolic-ref --short HEAD [2ms]
[2022-11-11T16:43:21.595Z] > git for-each-ref --format=%(refname)%00%(upstream:short)%00%(objectname)%00%(upstream:track)%00%(upstream:remotename)%00%(upstream:remoteref) refs/heads/master refs/remotes/master [2ms]
[2022-11-11T16:43:21.628Z] > git for-each-ref --sort -committerdate --format %(refname) %(objectname) %(*objectname) [17ms]
[2022-11-11T16:43:21.629Z] > git remote --verbose [3ms]
[2022-11-11T16:43:23.194Z] > git config --get commit.template [11ms]
[2022-11-11T16:43:28.287Z] > git status -z -uall [75ms]
[2022-11-11T16:43:28.309Z] > git symbolic-ref --short HEAD [4ms]
[2022-11-11T16:43:28.330Z] > git for-each-ref --format=%(refname)%00%(upstream:short)%00%(objectname)%00%(upstream:track)%00%(upstream:remotename)%00%(upstream:remoteref) refs/heads/master refs/remotes/master [3ms]
[2022-11-11T16:43:28.368Z] > git for-each-ref --sort -committerdate --format %(refname) %(objectname) %(*objectname) [20ms]
[2022-11-11T16:43:28.375Z] > git remote --verbose [9ms]
[2022-11-11T16:43:29.925Z] > git config --get commit.template [8ms]
[2022-11-11T16:43:35.018Z] > git status -z -uall [74ms]
[2022-11-11T16:43:35.037Z] > git symbolic-ref --short HEAD [5ms]
[2022-11-11T16:43:35.055Z] > git for-each-ref --format=%(refname)%00%(upstream:short)%00%(objectname)%00%(upstream:track)%00%(upstream:remotename)%00%(upstream:remoteref) refs/heads/master refs/remotes/master [3ms]
[2022-11-11T16:43:35.085Z] > git for-each-ref --sort -committerdate --format %(refname) %(objectname) %(*objectname) [15ms]
[2022-11-11T16:43:35.086Z] > git remote --verbose [3ms]
[2022-11-11T16:43:36.605Z] > git config --get commit.template [11ms]
[2022-11-11T16:43:41.701Z] > git status -z -uall [79ms]
[2022-11-11T16:43:41.744Z] > git symbolic-ref --short HEAD [23ms]
[2022-11-11T16:43:41.779Z] > git for-each-ref --format=%(refname)%00%(upstream:short)%00%(objectname)%00%(upstream:track)%00%(upstream:remotename)%00%(upstream:remoteref) refs/heads/master refs/remotes/master [15ms]
[2022-11-11T16:43:41.815Z] > git for-each-ref --sort -committerdate --format %(refname) %(objectname) %(*objectname) [19ms]
[2022-11-11T16:43:41.816Z] > git remote --verbose [6ms]
[2022-11-11T16:43:43.389Z] > git config --get commit.template [30ms]
[2022-11-11T16:43:48.480Z] > git status -z -uall [74ms]
[2022-11-11T16:43:48.497Z] > git symbolic-ref --short HEAD [2ms]
[2022-11-11T16:43:48.514Z] > git for-each-ref --format=%(refname)%00%(upstream:short)%00%(objectname)%00%(upstream:track)%00%(upstream:remotename)%00%(upstream:remoteref) refs/heads/master refs/remotes/master [3ms]
[2022-11-11T16:43:48.544Z] > git for-each-ref --sort -committerdate --format %(refname) %(objectname) %(*objectname) [16ms]
[2022-11-11T16:43:48.545Z] > git remote --verbose [3ms]
[2022-11-11T16:43:50.067Z] > git config --get commit.template [11ms]
[2022-11-11T16:43:55.160Z] > git status -z -uall [75ms]
[2022-11-11T16:43:55.178Z] > git symbolic-ref --short HEAD [3ms]
[2022-11-11T16:43:55.197Z] > git for-each-ref --format=%(refname)%00%(upstream:short)%00%(objectname)%00%(upstream:track)%00%(upstream:remotename)%00%(upstream:remoteref) refs/heads/master refs/remotes/master [3ms]
[2022-11-11T16:43:55.228Z] > git for-each-ref --sort -committerdate --format %(refname) %(objectname) %(*objectname) [16ms]
[2022-11-11T16:43:55.229Z] > git remote --verbose [2ms]
[2022-11-11T16:43:56.778Z] > git config --get commit.template [4ms]
[2022-11-11T16:44:01.876Z] > git status -z -uall [81ms]
[2022-11-11T16:44:01.919Z] > git symbolic-ref --short HEAD [17ms]
[2022-11-11T16:44:01.948Z] > git for-each-ref --format=%(refname)%00%(upstream:short)%00%(objectname)%00%(upstream:track)%00%(upstream:remotename)%00%(upstream:remoteref) refs/heads/master refs/remotes/master [3ms]
[2022-11-11T16:44:01.977Z] > git for-each-ref --sort -committerdate --format %(refname) %(objectname) %(*objectname) [15ms]
[2022-11-11T16:44:01.978Z] > git remote --verbose [3ms]
[2022-11-11T16:44:03.536Z] > git config --get commit.template [7ms]
