[2022-11-12T17:18:46.587Z] Log level: Info
[2022-11-12T17:18:46.612Z] [info] Validating found git in: git
[2022-11-12T17:18:46.714Z] [info] Using git 2.17.1 from git
[2022-11-12T17:18:46.853Z] > git rev-parse --show-toplevel [91ms]
[2022-11-12T17:18:46.881Z] > git rev-parse --git-dir --git-common-dir [5ms]
[2022-11-12T17:18:46.907Z] [info] Open repository: /home/nvidia
[2022-11-12T17:18:46.952Z] > git rev-parse --show-toplevel [4ms]
[2022-11-12T17:18:46.969Z] > git rev-parse --show-toplevel [5ms]
[2022-11-12T17:18:46.985Z] > git rev-parse --show-toplevel [3ms]
[2022-11-12T17:18:47.002Z] > git rev-parse --show-toplevel [4ms]
[2022-11-12T17:18:47.017Z] > git rev-parse --show-toplevel [2ms]
[2022-11-12T17:18:47.060Z] > git rev-parse --show-toplevel [31ms]
[2022-11-12T17:18:47.075Z] > git rev-parse --show-toplevel [4ms]
[2022-11-12T17:18:47.089Z] > git status -z -uall [160ms]
[2022-11-12T17:18:47.103Z] > git rev-parse --show-toplevel [16ms]
[2022-11-12T17:18:47.117Z] > git symbolic-ref --short HEAD [16ms]
[2022-11-12T17:18:47.131Z] > git rev-parse --show-toplevel [16ms]
[2022-11-12T17:18:47.145Z] > git for-each-ref --format=%(refname)%00%(upstream:short)%00%(objectname)%00%(upstream:track)%00%(upstream:remotename)%00%(upstream:remoteref) refs/heads/master refs/remotes/master [16ms]
[2022-11-12T17:18:47.173Z] > git remote --verbose [5ms]
[2022-11-12T17:18:47.174Z] > git for-each-ref --sort -committerdate --format %(refname) %(objectname) %(*objectname) [17ms]
[2022-11-12T17:18:47.192Z] > git rev-parse --show-toplevel [49ms]
[2022-11-12T17:18:47.275Z] > git config --get commit.template [57ms]
[2022-11-12T17:18:47.295Z] > git rev-parse --show-toplevel [89ms]
[2022-11-12T17:18:47.341Z] > git rev-parse --show-toplevel [32ms]
[2022-11-12T17:18:47.361Z] > git rev-parse --show-toplevel [7ms]
[2022-11-12T17:18:47.447Z] > git status -z -uall [152ms]
[2022-11-12T17:18:47.464Z] > git rev-parse --show-toplevel [91ms]
[2022-11-12T17:18:47.480Z] > git symbolic-ref --short HEAD [16ms]
[2022-11-12T17:18:47.494Z] > git rev-parse --show-toplevel [18ms]
[2022-11-12T17:18:47.508Z] > git for-each-ref --format=%(refname)%00%(upstream:short)%00%(objectname)%00%(upstream:track)%00%(upstream:remotename)%00%(upstream:remoteref) refs/heads/master refs/remotes/master [16ms]
[2022-11-12T17:18:47.549Z] > git for-each-ref --sort -committerdate --format %(refname) %(objectname) %(*objectname) [29ms]
[2022-11-12T17:18:47.549Z] > git rev-parse --show-toplevel [43ms]
[2022-11-12T17:18:47.563Z] > git remote --verbose [32ms]
[2022-11-12T17:18:47.584Z] > git rev-parse --show-toplevel [23ms]
[2022-11-12T17:18:47.601Z] > git config --get commit.template [19ms]
[2022-11-12T17:18:47.605Z] > git rev-parse --git-dir --git-common-dir [8ms]
[2022-11-12T17:18:47.613Z] [info] Open repository: /home/nvidia/jetson-inference
[2022-11-12T17:18:47.641Z] > git rev-parse --show-toplevel [3ms]
[2022-11-12T17:18:47.682Z] > git rev-parse --show-toplevel [30ms]
[2022-11-12T17:18:47.702Z] > git status -z -uall [76ms]
[2022-11-12T17:18:47.718Z] > git symbolic-ref --short HEAD [4ms]
[2022-11-12T17:18:47.734Z] > git for-each-ref --format=%(refname)%00%(upstream:short)%00%(objectname)%00%(upstream:track)%00%(upstream:remotename)%00%(upstream:remoteref) refs/heads/master refs/remotes/master [5ms]
[2022-11-12T17:18:47.760Z] > git for-each-ref --sort -committerdate --format %(refname) %(objectname) %(*objectname) [14ms]
[2022-11-12T17:18:47.767Z] > git remote --verbose [12ms]
[2022-11-12T17:18:47.799Z] > git config --get commit.template [3ms]
[2022-11-12T17:18:48.193Z] > git check-ignore -v -z --stdin [17ms]
[2022-11-12T17:18:48.212Z] > git check-ignore -v -z --stdin [22ms]
[2022-11-12T17:18:48.296Z] > git rev-parse --show-toplevel [3ms]
[2022-11-12T17:18:48.312Z] > git rev-parse --git-dir --git-common-dir [2ms]
[2022-11-12T17:18:48.321Z] [info] Open repository: /home/nvidia/jetson-inference/utils
[2022-11-12T17:18:48.347Z] > git status -z -uall [13ms]
[2022-11-12T17:18:48.360Z] > git rev-parse --show-toplevel [14ms]
[2022-11-12T17:18:48.374Z] > git symbolic-ref --short HEAD [15ms]
[2022-11-12T17:18:48.374Z] fatal: ref HEAD is not a symbolic ref
[2022-11-12T17:18:48.388Z] > git rev-parse --git-dir --git-common-dir [16ms]
[2022-11-12T17:18:48.398Z] [info] Open repository: /home/nvidia/jetson-inference/tools/camera-capture
[2022-11-12T17:18:48.426Z] > git status -z -uall [14ms]
[2022-11-12T17:18:48.437Z] > git rev-parse HEAD [51ms]
[2022-11-12T17:18:48.465Z] > git remote --verbose [6ms]
[2022-11-12T17:18:48.465Z] > git for-each-ref --sort -committerdate --format %(refname) %(objectname) %(*objectname) [17ms]
[2022-11-12T17:18:48.470Z] > git symbolic-ref --short HEAD [33ms]
[2022-11-12T17:18:48.470Z] fatal: ref HEAD is not a symbolic ref
[2022-11-12T17:18:48.481Z] > git rev-parse --show-toplevel [58ms]
[2022-11-12T17:18:48.508Z] > git rev-parse --git-dir --git-common-dir [15ms]
[2022-11-12T17:18:48.516Z] [info] Open repository: /home/nvidia/jetson-inference/python/training/classification
[2022-11-12T17:18:48.543Z] > git rev-parse HEAD [62ms]
[2022-11-12T17:18:48.568Z] > git status -z -uall [38ms]
[2022-11-12T17:18:48.581Z] > git for-each-ref --sort -committerdate --format %(refname) %(objectname) %(*objectname) [27ms]
[2022-11-12T17:18:48.581Z] > git rev-parse --show-toplevel [39ms]
[2022-11-12T17:18:48.593Z] > git config --get commit.template [87ms]
[2022-11-12T17:18:48.596Z] > git rev-parse --git-dir --git-common-dir [4ms]
[2022-11-12T17:18:48.604Z] [info] Open repository: /home/nvidia/jetson-inference/python/training/detection
[2022-11-12T17:18:48.629Z] > git symbolic-ref --short HEAD [49ms]
[2022-11-12T17:18:48.629Z] fatal: ref HEAD is not a symbolic ref
[2022-11-12T17:18:48.641Z] > git remote --verbose [77ms]
[2022-11-12T17:18:48.659Z] > git status -z -uall [42ms]
[2022-11-12T17:18:48.671Z] > git rev-parse HEAD [31ms]
[2022-11-12T17:18:48.694Z] > git rev-parse --show-toplevel [65ms]
[2022-11-12T17:18:48.721Z] > git rev-parse --git-dir --git-common-dir [16ms]
[2022-11-12T17:18:48.729Z] [info] Open repository: /home/nvidia/jetson-inference/python/training/segmentation
[2022-11-12T17:18:48.756Z] > git remote --verbose [63ms]
[2022-11-12T17:18:48.757Z] > git for-each-ref --sort -committerdate --format %(refname) %(objectname) %(*objectname) [75ms]
[2022-11-12T17:18:48.766Z] > git symbolic-ref --short HEAD [96ms]
[2022-11-12T17:18:48.766Z] fatal: ref HEAD is not a symbolic ref
[2022-11-12T17:18:48.777Z] > git config --get commit.template [120ms]
[2022-11-12T17:18:48.793Z] > git status -z -uall [49ms]
[2022-11-12T17:18:48.806Z] > git rev-parse HEAD [29ms]
[2022-11-12T17:18:48.829Z] > git rev-parse --show-toplevel [73ms]
[2022-11-12T17:18:48.844Z] > git remote --verbose [17ms]
[2022-11-12T17:18:48.846Z] > git for-each-ref --sort -committerdate --format %(refname) %(objectname) %(*objectname) [28ms]
[2022-11-12T17:18:48.846Z] > git symbolic-ref --short HEAD [41ms]
[2022-11-12T17:18:48.846Z] fatal: ref HEAD is not a symbolic ref
[2022-11-12T17:18:48.857Z] > git config --get commit.template [66ms]
[2022-11-12T17:18:48.864Z] > git rev-parse HEAD [7ms]
[2022-11-12T17:18:48.887Z] > git rev-parse --git-dir --git-common-dir [47ms]
[2022-11-12T17:18:48.894Z] [info] Open repository: /home/nvidia/jetson-inference/plugins/pose
[2022-11-12T17:18:48.929Z] > git status -z -uall [21ms]
[2022-11-12T17:18:48.942Z] > git remote --verbose [56ms]
[2022-11-12T17:18:48.942Z] > git for-each-ref --sort -committerdate --format %(refname) %(objectname) %(*objectname) [67ms]
[2022-11-12T17:18:48.963Z] > git symbolic-ref --short HEAD [22ms]
[2022-11-12T17:18:48.964Z] fatal: ref HEAD is not a symbolic ref
[2022-11-12T17:18:48.975Z] > git rev-parse --show-toplevel [55ms]
[2022-11-12T17:18:49.001Z] > git rev-parse HEAD [26ms]
[2022-11-12T17:18:49.024Z] > git config --get commit.template [62ms]
[2022-11-12T17:18:49.029Z] > git remote --verbose [7ms]
[2022-11-12T17:18:49.029Z] > git for-each-ref --sort -committerdate --format %(refname) %(objectname) %(*objectname) [17ms]
[2022-11-12T17:18:49.033Z] > git config --get commit.template [34ms]
[2022-11-12T17:18:49.035Z] > git rev-parse --git-dir --git-common-dir [48ms]
[2022-11-12T17:18:49.046Z] [info] Open repository: /home/nvidia/jetson-inference/docker/containers
[2022-11-12T17:18:49.077Z] > git status -z -uall [17ms]
[2022-11-12T17:18:49.091Z] > git config --get commit.template [18ms]
[2022-11-12T17:18:49.094Z] > git symbolic-ref --short HEAD [5ms]
[2022-11-12T17:18:49.095Z] fatal: ref HEAD is not a symbolic ref
[2022-11-12T17:18:49.117Z] > git rev-parse HEAD [12ms]
[2022-11-12T17:18:49.143Z] > git for-each-ref --sort -committerdate --format %(refname) %(objectname) %(*objectname) [15ms]
[2022-11-12T17:18:49.144Z] > git remote --verbose [5ms]
[2022-11-12T17:18:49.163Z] > git config --get commit.template [3ms]
[2022-11-12T17:18:49.464Z] > git rev-parse --show-toplevel [3ms]
[2022-11-12T17:18:49.478Z] > git rev-parse --git-dir --git-common-dir [3ms]
[2022-11-12T17:18:49.487Z] [info] Open repository: /home/nvidia/jetson-inference/python/training/detection/ssd
[2022-11-12T17:18:49.506Z] > git status -z -uall [5ms]
[2022-11-12T17:18:49.521Z] > git symbolic-ref --short HEAD [3ms]
[2022-11-12T17:18:49.521Z] fatal: ref HEAD is not a symbolic ref
[2022-11-12T17:18:49.537Z] > git rev-parse HEAD [4ms]
[2022-11-12T17:18:49.562Z] > git for-each-ref --sort -committerdate --format %(refname) %(objectname) %(*objectname) [14ms]
[2022-11-12T17:18:49.563Z] > git remote --verbose [4ms]
[2022-11-12T17:18:49.592Z] > git config --get commit.template [14ms]
[2022-11-12T17:18:49.694Z] > git check-ignore -v -z --stdin [68ms]
[2022-11-12T17:18:49.698Z] > git check-ignore -v -z --stdin [59ms]
[2022-11-12T17:18:49.701Z] > git check-ignore -v -z --stdin [50ms]
[2022-11-12T17:18:49.707Z] > git check-ignore -v -z --stdin [43ms]
[2022-11-12T17:18:49.708Z] > git check-ignore -v -z --stdin [32ms]
[2022-11-12T17:18:49.708Z] > git check-ignore -v -z --stdin [20ms]
[2022-11-12T17:19:24.713Z] > git status -z -uall [138ms]
[2022-11-12T17:19:24.726Z] > git symbolic-ref --short HEAD [2ms]
[2022-11-12T17:19:24.739Z] > git for-each-ref --format=%(refname)%00%(upstream:short)%00%(objectname)%00%(upstream:track)%00%(upstream:remotename)%00%(upstream:remoteref) refs/heads/master refs/remotes/master [3ms]
[2022-11-12T17:19:24.761Z] > git for-each-ref --sort -committerdate --format %(refname) %(objectname) %(*objectname) [12ms]
[2022-11-12T17:19:24.762Z] > git remote --verbose [3ms]
[2022-11-12T17:19:24.779Z] > git config --get commit.template [2ms]
[2022-11-12T17:19:25.177Z] > git show --textconv :.editorconfig [15ms]
[2022-11-12T17:19:25.180Z] > git ls-files --stage -- /home/nvidia/jetson-inference/.editorconfig [6ms]
[2022-11-12T17:19:25.196Z] > git cat-file -s 9c2cd3570fbb8d18caea5922189aa0ca4aec53ed [4ms]
[2022-11-12T17:19:29.936Z] > git status -z -uall [137ms]
[2022-11-12T17:19:29.949Z] > git symbolic-ref --short HEAD [3ms]
[2022-11-12T17:19:29.962Z] > git for-each-ref --format=%(refname)%00%(upstream:short)%00%(objectname)%00%(upstream:track)%00%(upstream:remotename)%00%(upstream:remoteref) refs/heads/master refs/remotes/master [3ms]
[2022-11-12T17:19:29.984Z] > git for-each-ref --sort -committerdate --format %(refname) %(objectname) %(*objectname) [12ms]
[2022-11-12T17:19:29.985Z] > git remote --verbose [3ms]
[2022-11-12T17:19:30.001Z] > git config --get commit.template [2ms]
[2022-11-12T17:19:51.212Z] > git status -z -uall [149ms]
[2022-11-12T17:19:51.225Z] > git symbolic-ref --short HEAD [2ms]
[2022-11-12T17:19:51.238Z] > git for-each-ref --format=%(refname)%00%(upstream:short)%00%(objectname)%00%(upstream:track)%00%(upstream:remotename)%00%(upstream:remoteref) refs/heads/master refs/remotes/master [3ms]
[2022-11-12T17:19:51.259Z] > git for-each-ref --sort -committerdate --format %(refname) %(objectname) %(*objectname) [11ms]
[2022-11-12T17:19:51.260Z] > git remote --verbose [3ms]
[2022-11-12T17:19:51.277Z] > git config --get commit.template [2ms]
[2022-11-12T17:19:52.780Z] > git check-ignore -v -z --stdin [13ms]
[2022-11-12T17:19:52.786Z] > git check-ignore -v -z --stdin [8ms]
[2022-11-12T17:19:53.378Z] > git check-ignore -v -z --stdin [4ms]
[2022-11-12T17:19:56.427Z] > git status -z -uall [138ms]
[2022-11-12T17:19:56.440Z] > git symbolic-ref --short HEAD [2ms]
[2022-11-12T17:19:56.453Z] > git for-each-ref --format=%(refname)%00%(upstream:short)%00%(objectname)%00%(upstream:track)%00%(upstream:remotename)%00%(upstream:remoteref) refs/heads/master refs/remotes/master [3ms]
[2022-11-12T17:19:56.474Z] > git for-each-ref --sort -committerdate --format %(refname) %(objectname) %(*objectname) [12ms]
[2022-11-12T17:19:56.475Z] > git remote --verbose [3ms]
[2022-11-12T17:19:56.491Z] > git config --get commit.template [2ms]
[2022-11-12T17:20:01.642Z] > git status -z -uall [138ms]
[2022-11-12T17:20:01.654Z] > git symbolic-ref --short HEAD [2ms]
[2022-11-12T17:20:01.667Z] > git for-each-ref --format=%(refname)%00%(upstream:short)%00%(objectname)%00%(upstream:track)%00%(upstream:remotename)%00%(upstream:remoteref) refs/heads/master refs/remotes/master [3ms]
[2022-11-12T17:20:01.688Z] > git for-each-ref --sort -committerdate --format %(refname) %(objectname) %(*objectname) [11ms]
[2022-11-12T17:20:01.689Z] > git remote --verbose [3ms]
[2022-11-12T17:20:01.705Z] > git config --get commit.template [3ms]
[2022-11-12T17:20:06.852Z] > git status -z -uall [134ms]
[2022-11-12T17:20:06.866Z] > git symbolic-ref --short HEAD [3ms]
[2022-11-12T17:20:06.879Z] > git for-each-ref --format=%(refname)%00%(upstream:short)%00%(objectname)%00%(upstream:track)%00%(upstream:remotename)%00%(upstream:remoteref) refs/heads/master refs/remotes/master [3ms]
[2022-11-12T17:20:06.900Z] > git for-each-ref --sort -committerdate --format %(refname) %(objectname) %(*objectname) [11ms]
[2022-11-12T17:20:06.901Z] > git remote --verbose [3ms]
[2022-11-12T17:20:06.916Z] > git config --get commit.template [2ms]
[2022-11-12T17:20:12.067Z] > git status -z -uall [137ms]
[2022-11-12T17:20:12.080Z] > git symbolic-ref --short HEAD [3ms]
[2022-11-12T17:20:12.093Z] > git for-each-ref --format=%(refname)%00%(upstream:short)%00%(objectname)%00%(upstream:track)%00%(upstream:remotename)%00%(upstream:remoteref) refs/heads/master refs/remotes/master [3ms]
[2022-11-12T17:20:12.114Z] > git for-each-ref --sort -committerdate --format %(refname) %(objectname) %(*objectname) [11ms]
[2022-11-12T17:20:12.116Z] > git remote --verbose [4ms]
[2022-11-12T17:20:12.132Z] > git config --get commit.template [2ms]
[2022-11-12T17:20:17.282Z] > git status -z -uall [137ms]
[2022-11-12T17:20:17.295Z] > git symbolic-ref --short HEAD [3ms]
[2022-11-12T17:20:17.308Z] > git for-each-ref --format=%(refname)%00%(upstream:short)%00%(objectname)%00%(upstream:track)%00%(upstream:remotename)%00%(upstream:remoteref) refs/heads/master refs/remotes/master [3ms]
[2022-11-12T17:20:17.331Z] > git for-each-ref --sort -committerdate --format %(refname) %(objectname) %(*objectname) [12ms]
[2022-11-12T17:20:17.332Z] > git remote --verbose [3ms]
[2022-11-12T17:20:17.348Z] > git config --get commit.template [2ms]
[2022-11-12T17:20:22.499Z] > git status -z -uall [138ms]
[2022-11-12T17:20:22.514Z] > git symbolic-ref --short HEAD [5ms]
[2022-11-12T17:20:22.528Z] > git for-each-ref --format=%(refname)%00%(upstream:short)%00%(objectname)%00%(upstream:track)%00%(upstream:remotename)%00%(upstream:remoteref) refs/heads/master refs/remotes/master [3ms]
[2022-11-12T17:20:22.549Z] > git for-each-ref --sort -committerdate --format %(refname) %(objectname) %(*objectname) [11ms]
[2022-11-12T17:20:22.550Z] > git remote --verbose [3ms]
[2022-11-12T17:20:22.565Z] > git config --get commit.template [2ms]
[2022-11-12T17:20:27.715Z] > git status -z -uall [137ms]
[2022-11-12T17:20:27.728Z] > git symbolic-ref --short HEAD [2ms]
[2022-11-12T17:20:27.741Z] > git for-each-ref --format=%(refname)%00%(upstream:short)%00%(objectname)%00%(upstream:track)%00%(upstream:remotename)%00%(upstream:remoteref) refs/heads/master refs/remotes/master [3ms]
[2022-11-12T17:20:27.762Z] > git for-each-ref --sort -committerdate --format %(refname) %(objectname) %(*objectname) [11ms]
[2022-11-12T17:20:27.763Z] > git remote --verbose [3ms]
[2022-11-12T17:20:27.778Z] > git config --get commit.template [2ms]
[2022-11-12T17:20:32.927Z] > git status -z -uall [136ms]
[2022-11-12T17:20:32.940Z] > git symbolic-ref --short HEAD [1ms]
[2022-11-12T17:20:32.953Z] > git for-each-ref --format=%(refname)%00%(upstream:short)%00%(objectname)%00%(upstream:track)%00%(upstream:remotename)%00%(upstream:remoteref) refs/heads/master refs/remotes/master [3ms]
[2022-11-12T17:20:32.975Z] > git for-each-ref --sort -committerdate --format %(refname) %(objectname) %(*objectname) [12ms]
[2022-11-12T17:20:32.976Z] > git remote --verbose [4ms]
[2022-11-12T17:20:32.995Z] > git config --get commit.template [2ms]
[2022-11-12T17:20:38.147Z] > git status -z -uall [139ms]
[2022-11-12T17:20:38.159Z] > git symbolic-ref --short HEAD [2ms]
[2022-11-12T17:20:38.172Z] > git for-each-ref --format=%(refname)%00%(upstream:short)%00%(objectname)%00%(upstream:track)%00%(upstream:remotename)%00%(upstream:remoteref) refs/heads/master refs/remotes/master [3ms]
[2022-11-12T17:20:38.194Z] > git for-each-ref --sort -committerdate --format %(refname) %(objectname) %(*objectname) [11ms]
[2022-11-12T17:20:38.194Z] > git remote --verbose [2ms]
[2022-11-12T17:20:38.210Z] > git config --get commit.template [2ms]
[2022-11-12T17:20:43.362Z] > git status -z -uall [139ms]
[2022-11-12T17:20:43.375Z] > git symbolic-ref --short HEAD [2ms]
[2022-11-12T17:20:43.390Z] > git for-each-ref --format=%(refname)%00%(upstream:short)%00%(objectname)%00%(upstream:track)%00%(upstream:remotename)%00%(upstream:remoteref) refs/heads/master refs/remotes/master [3ms]
[2022-11-12T17:20:43.411Z] > git for-each-ref --sort -committerdate --format %(refname) %(objectname) %(*objectname) [12ms]
[2022-11-12T17:20:43.412Z] > git remote --verbose [3ms]
[2022-11-12T17:20:43.429Z] > git config --get commit.template [2ms]
[2022-11-12T17:20:48.577Z] > git status -z -uall [136ms]
[2022-11-12T17:20:48.590Z] > git symbolic-ref --short HEAD [3ms]
[2022-11-12T17:20:48.603Z] > git for-each-ref --format=%(refname)%00%(upstream:short)%00%(objectname)%00%(upstream:track)%00%(upstream:remotename)%00%(upstream:remoteref) refs/heads/master refs/remotes/master [4ms]
[2022-11-12T17:20:48.625Z] > git for-each-ref --sort -committerdate --format %(refname) %(objectname) %(*objectname) [12ms]
[2022-11-12T17:20:48.626Z] > git remote --verbose [3ms]
[2022-11-12T17:20:48.650Z] > git config --get commit.template [2ms]
[2022-11-12T17:20:53.801Z] > git status -z -uall [138ms]
[2022-11-12T17:20:53.814Z] > git symbolic-ref --short HEAD [2ms]
[2022-11-12T17:20:53.827Z] > git for-each-ref --format=%(refname)%00%(upstream:short)%00%(objectname)%00%(upstream:track)%00%(upstream:remotename)%00%(upstream:remoteref) refs/heads/master refs/remotes/master [3ms]
[2022-11-12T17:20:53.849Z] > git for-each-ref --sort -committerdate --format %(refname) %(objectname) %(*objectname) [12ms]
[2022-11-12T17:20:53.849Z] > git remote --verbose [2ms]
[2022-11-12T17:20:53.865Z] > git config --get commit.template [2ms]
[2022-11-12T17:20:59.015Z] > git status -z -uall [137ms]
[2022-11-12T17:20:59.027Z] > git symbolic-ref --short HEAD [2ms]
[2022-11-12T17:20:59.041Z] > git for-each-ref --format=%(refname)%00%(upstream:short)%00%(objectname)%00%(upstream:track)%00%(upstream:remotename)%00%(upstream:remoteref) refs/heads/master refs/remotes/master [3ms]
[2022-11-12T17:20:59.063Z] > git for-each-ref --sort -committerdate --format %(refname) %(objectname) %(*objectname) [12ms]
[2022-11-12T17:20:59.064Z] > git remote --verbose [2ms]
[2022-11-12T17:20:59.081Z] > git config --get commit.template [3ms]
[2022-11-12T17:21:04.234Z] > git status -z -uall [138ms]
[2022-11-12T17:21:04.246Z] > git symbolic-ref --short HEAD [2ms]
[2022-11-12T17:21:04.259Z] > git for-each-ref --format=%(refname)%00%(upstream:short)%00%(objectname)%00%(upstream:track)%00%(upstream:remotename)%00%(upstream:remoteref) refs/heads/master refs/remotes/master [3ms]
[2022-11-12T17:21:04.281Z] > git for-each-ref --sort -committerdate --format %(refname) %(objectname) %(*objectname) [11ms]
[2022-11-12T17:21:04.282Z] > git remote --verbose [2ms]
[2022-11-12T17:21:04.299Z] > git config --get commit.template [2ms]
[2022-11-12T17:21:09.452Z] > git status -z -uall [140ms]
[2022-11-12T17:21:09.465Z] > git symbolic-ref --short HEAD [3ms]
[2022-11-12T17:21:09.478Z] > git for-each-ref --format=%(refname)%00%(upstream:short)%00%(objectname)%00%(upstream:track)%00%(upstream:remotename)%00%(upstream:remoteref) refs/heads/master refs/remotes/master [3ms]
[2022-11-12T17:21:09.499Z] > git for-each-ref --sort -committerdate --format %(refname) %(objectname) %(*objectname) [12ms]
[2022-11-12T17:21:09.500Z] > git remote --verbose [3ms]
[2022-11-12T17:21:09.522Z] > git config --get commit.template [2ms]
[2022-11-12T17:21:14.670Z] > git status -z -uall [135ms]
[2022-11-12T17:21:14.683Z] > git symbolic-ref --short HEAD [2ms]
[2022-11-12T17:21:14.696Z] > git for-each-ref --format=%(refname)%00%(upstream:short)%00%(objectname)%00%(upstream:track)%00%(upstream:remotename)%00%(upstream:remoteref) refs/heads/master refs/remotes/master [3ms]
[2022-11-12T17:21:14.718Z] > git for-each-ref --sort -committerdate --format %(refname) %(objectname) %(*objectname) [12ms]
[2022-11-12T17:21:14.718Z] > git remote --verbose [2ms]
[2022-11-12T17:21:14.736Z] > git config --get commit.template [3ms]
[2022-11-12T17:21:19.887Z] > git status -z -uall [136ms]
[2022-11-12T17:21:19.900Z] > git symbolic-ref --short HEAD [3ms]
[2022-11-12T17:21:19.914Z] > git for-each-ref --format=%(refname)%00%(upstream:short)%00%(objectname)%00%(upstream:track)%00%(upstream:remotename)%00%(upstream:remoteref) refs/heads/master refs/remotes/master [4ms]
[2022-11-12T17:21:19.935Z] > git for-each-ref --sort -committerdate --format %(refname) %(objectname) %(*objectname) [11ms]
[2022-11-12T17:21:19.936Z] > git remote --verbose [3ms]
[2022-11-12T17:21:19.951Z] > git config --get commit.template [2ms]
[2022-11-12T17:21:25.099Z] > git status -z -uall [135ms]
[2022-11-12T17:21:25.111Z] > git symbolic-ref --short HEAD [2ms]
[2022-11-12T17:21:25.125Z] > git for-each-ref --format=%(refname)%00%(upstream:short)%00%(objectname)%00%(upstream:track)%00%(upstream:remotename)%00%(upstream:remoteref) refs/heads/master refs/remotes/master [4ms]
[2022-11-12T17:21:25.146Z] > git for-each-ref --sort -committerdate --format %(refname) %(objectname) %(*objectname) [11ms]
[2022-11-12T17:21:25.147Z] > git remote --verbose [3ms]
[2022-11-12T17:21:25.162Z] > git config --get commit.template [2ms]
[2022-11-12T17:21:30.313Z] > git status -z -uall [138ms]
[2022-11-12T17:21:30.326Z] > git symbolic-ref --short HEAD [3ms]
[2022-11-12T17:21:30.339Z] > git for-each-ref --format=%(refname)%00%(upstream:short)%00%(objectname)%00%(upstream:track)%00%(upstream:remotename)%00%(upstream:remoteref) refs/heads/master refs/remotes/master [3ms]
[2022-11-12T17:21:30.361Z] > git for-each-ref --sort -committerdate --format %(refname) %(objectname) %(*objectname) [12ms]
[2022-11-12T17:21:30.362Z] > git remote --verbose [3ms]
[2022-11-12T17:21:30.380Z] > git config --get commit.template [2ms]
[2022-11-12T17:21:35.532Z] > git status -z -uall [137ms]
[2022-11-12T17:21:35.545Z] > git symbolic-ref --short HEAD [3ms]
[2022-11-12T17:21:35.558Z] > git for-each-ref --format=%(refname)%00%(upstream:short)%00%(objectname)%00%(upstream:track)%00%(upstream:remotename)%00%(upstream:remoteref) refs/heads/master refs/remotes/master [3ms]
[2022-11-12T17:21:35.579Z] > git for-each-ref --sort -committerdate --format %(refname) %(objectname) %(*objectname) [11ms]
[2022-11-12T17:21:35.580Z] > git remote --verbose [3ms]
[2022-11-12T17:21:35.595Z] > git config --get commit.template [2ms]
[2022-11-12T17:21:40.746Z] > git status -z -uall [138ms]
[2022-11-12T17:21:40.759Z] > git symbolic-ref --short HEAD [2ms]
[2022-11-12T17:21:40.773Z] > git for-each-ref --format=%(refname)%00%(upstream:short)%00%(objectname)%00%(upstream:track)%00%(upstream:remotename)%00%(upstream:remoteref) refs/heads/master refs/remotes/master [3ms]
[2022-11-12T17:21:40.795Z] > git for-each-ref --sort -committerdate --format %(refname) %(objectname) %(*objectname) [12ms]
[2022-11-12T17:21:40.796Z] > git remote --verbose [3ms]
[2022-11-12T17:21:40.811Z] > git config --get commit.template [2ms]
[2022-11-12T17:21:45.963Z] > git status -z -uall [139ms]
[2022-11-12T17:21:45.976Z] > git symbolic-ref --short HEAD [2ms]
[2022-11-12T17:21:45.989Z] > git for-each-ref --format=%(refname)%00%(upstream:short)%00%(objectname)%00%(upstream:track)%00%(upstream:remotename)%00%(upstream:remoteref) refs/heads/master refs/remotes/master [3ms]
[2022-11-12T17:21:46.011Z] > git for-each-ref --sort -committerdate --format %(refname) %(objectname) %(*objectname) [12ms]
[2022-11-12T17:21:46.012Z] > git remote --verbose [3ms]
[2022-11-12T17:21:46.030Z] > git config --get commit.template [2ms]
[2022-11-12T17:21:51.181Z] > git status -z -uall [136ms]
[2022-11-12T17:21:51.194Z] > git symbolic-ref --short HEAD [2ms]
[2022-11-12T17:21:51.207Z] > git for-each-ref --format=%(refname)%00%(upstream:short)%00%(objectname)%00%(upstream:track)%00%(upstream:remotename)%00%(upstream:remoteref) refs/heads/master refs/remotes/master [3ms]
[2022-11-12T17:21:51.229Z] > git for-each-ref --sort -committerdate --format %(refname) %(objectname) %(*objectname) [12ms]
[2022-11-12T17:21:51.230Z] > git remote --verbose [3ms]
[2022-11-12T17:21:51.246Z] > git config --get commit.template [2ms]
[2022-11-12T17:21:56.396Z] > git status -z -uall [136ms]
[2022-11-12T17:21:56.409Z] > git symbolic-ref --short HEAD [3ms]
[2022-11-12T17:21:56.422Z] > git for-each-ref --format=%(refname)%00%(upstream:short)%00%(objectname)%00%(upstream:track)%00%(upstream:remotename)%00%(upstream:remoteref) refs/heads/master refs/remotes/master [3ms]
[2022-11-12T17:21:56.443Z] > git for-each-ref --sort -committerdate --format %(refname) %(objectname) %(*objectname) [11ms]
[2022-11-12T17:21:56.444Z] > git remote --verbose [2ms]
[2022-11-12T17:21:56.460Z] > git config --get commit.template [2ms]
[2022-11-12T17:22:01.609Z] > git status -z -uall [136ms]
[2022-11-12T17:22:01.622Z] > git symbolic-ref --short HEAD [2ms]
[2022-11-12T17:22:01.636Z] > git for-each-ref --format=%(refname)%00%(upstream:short)%00%(objectname)%00%(upstream:track)%00%(upstream:remotename)%00%(upstream:remoteref) refs/heads/master refs/remotes/master [4ms]
[2022-11-12T17:22:01.658Z] > git for-each-ref --sort -committerdate --format %(refname) %(objectname) %(*objectname) [11ms]
[2022-11-12T17:22:01.659Z] > git remote --verbose [2ms]
[2022-11-12T17:22:01.676Z] > git config --get commit.template [2ms]
[2022-11-12T17:22:06.826Z] > git status -z -uall [135ms]
[2022-11-12T17:22:06.839Z] > git symbolic-ref --short HEAD [2ms]
[2022-11-12T17:22:06.853Z] > git for-each-ref --format=%(refname)%00%(upstream:short)%00%(objectname)%00%(upstream:track)%00%(upstream:remotename)%00%(upstream:remoteref) refs/heads/master refs/remotes/master [4ms]
[2022-11-12T17:22:06.875Z] > git for-each-ref --sort -committerdate --format %(refname) %(objectname) %(*objectname) [12ms]
[2022-11-12T17:22:06.876Z] > git remote --verbose [3ms]
[2022-11-12T17:22:06.894Z] > git config --get commit.template [2ms]
[2022-11-12T17:22:12.042Z] > git status -z -uall [136ms]
[2022-11-12T17:22:12.055Z] > git symbolic-ref --short HEAD [2ms]
[2022-11-12T17:22:12.068Z] > git for-each-ref --format=%(refname)%00%(upstream:short)%00%(objectname)%00%(upstream:track)%00%(upstream:remotename)%00%(upstream:remoteref) refs/heads/master refs/remotes/master [3ms]
[2022-11-12T17:22:12.089Z] > git for-each-ref --sort -committerdate --format %(refname) %(objectname) %(*objectname) [11ms]
[2022-11-12T17:22:12.090Z] > git remote --verbose [2ms]
[2022-11-12T17:22:12.106Z] > git config --get commit.template [3ms]
[2022-11-12T17:22:17.255Z] > git status -z -uall [136ms]
[2022-11-12T17:22:17.268Z] > git symbolic-ref --short HEAD [3ms]
[2022-11-12T17:22:17.281Z] > git for-each-ref --format=%(refname)%00%(upstream:short)%00%(objectname)%00%(upstream:track)%00%(upstream:remotename)%00%(upstream:remoteref) refs/heads/master refs/remotes/master [3ms]
[2022-11-12T17:22:17.303Z] > git for-each-ref --sort -committerdate --format %(refname) %(objectname) %(*objectname) [11ms]
[2022-11-12T17:22:17.303Z] > git remote --verbose [2ms]
[2022-11-12T17:22:17.321Z] > git config --get commit.template [2ms]
[2022-11-12T17:22:18.495Z] > git check-ignore -v -z --stdin [16ms]
[2022-11-12T17:22:18.496Z] > git check-ignore -v -z --stdin [6ms]
[2022-11-12T17:22:22.473Z] > git status -z -uall [139ms]
[2022-11-12T17:22:22.486Z] > git symbolic-ref --short HEAD [2ms]
[2022-11-12T17:22:22.500Z] > git for-each-ref --format=%(refname)%00%(upstream:short)%00%(objectname)%00%(upstream:track)%00%(upstream:remotename)%00%(upstream:remoteref) refs/heads/master refs/remotes/master [3ms]
[2022-11-12T17:22:22.522Z] > git for-each-ref --sort -committerdate --format %(refname) %(objectname) %(*objectname) [12ms]
[2022-11-12T17:22:22.523Z] > git remote --verbose [2ms]
[2022-11-12T17:22:22.539Z] > git config --get commit.template [2ms]
[2022-11-12T17:22:23.842Z] > git add -A -- . [78ms]
[2022-11-12T17:22:23.928Z] > git -c user.useConfigOnly=true commit --quiet --allow-empty-message --file - [74ms]
[2022-11-12T17:22:23.941Z] > git config --get-all user.name [2ms]
[2022-11-12T17:22:23.954Z] > git config --get-all user.email [2ms]
[2022-11-12T17:22:25.180Z] > git status -z -uall [70ms]
[2022-11-12T17:22:25.202Z] > git symbolic-ref --short HEAD [11ms]
[2022-11-12T17:22:25.217Z] > git for-each-ref --format=%(refname)%00%(upstream:short)%00%(objectname)%00%(upstream:track)%00%(upstream:remotename)%00%(upstream:remoteref) refs/heads/master refs/remotes/master [5ms]
[2022-11-12T17:22:25.246Z] > git for-each-ref --sort -committerdate --format %(refname) %(objectname) %(*objectname) [18ms]
[2022-11-12T17:22:25.248Z] > git remote --verbose [10ms]
[2022-11-12T17:22:25.286Z] > git config --get commit.template [16ms]
[2022-11-12T17:22:25.288Z] > git ls-files --stage -- /home/nvidia/jetson-inference/.editorconfig [4ms]
[2022-11-12T17:22:25.302Z] > git cat-file -s 9c2cd3570fbb8d18caea5922189aa0ca4aec53ed [3ms]
[2022-11-12T17:22:25.325Z] > git show --textconv :.editorconfig [3ms]
[2022-11-12T17:22:27.692Z] > git status -z -uall [136ms]
[2022-11-12T17:22:27.705Z] > git symbolic-ref --short HEAD [2ms]
[2022-11-12T17:22:27.718Z] > git for-each-ref --format=%(refname)%00%(upstream:short)%00%(objectname)%00%(upstream:track)%00%(upstream:remotename)%00%(upstream:remoteref) refs/heads/master refs/remotes/master [3ms]
[2022-11-12T17:22:27.741Z] > git for-each-ref --sort -committerdate --format %(refname) %(objectname) %(*objectname) [11ms]
[2022-11-12T17:22:27.741Z] > git remote --verbose [2ms]
[2022-11-12T17:22:27.757Z] > git config --get commit.template [2ms]
[2022-11-12T17:22:32.905Z] > git status -z -uall [135ms]
[2022-11-12T17:22:32.918Z] > git symbolic-ref --short HEAD [2ms]
[2022-11-12T17:22:32.932Z] > git for-each-ref --format=%(refname)%00%(upstream:short)%00%(objectname)%00%(upstream:track)%00%(upstream:remotename)%00%(upstream:remoteref) refs/heads/master refs/remotes/master [3ms]
[2022-11-12T17:22:32.955Z] > git for-each-ref --sort -committerdate --format %(refname) %(objectname) %(*objectname) [13ms]
[2022-11-12T17:22:32.956Z] > git remote --verbose [3ms]
[2022-11-12T17:22:32.972Z] > git config --get commit.template [3ms]
[2022-11-12T17:22:38.130Z] > git status -z -uall [146ms]
[2022-11-12T17:22:38.143Z] > git symbolic-ref --short HEAD [2ms]
[2022-11-12T17:22:38.157Z] > git for-each-ref --format=%(refname)%00%(upstream:short)%00%(objectname)%00%(upstream:track)%00%(upstream:remotename)%00%(upstream:remoteref) refs/heads/master refs/remotes/master [3ms]
[2022-11-12T17:22:38.179Z] > git for-each-ref --sort -committerdate --format %(refname) %(objectname) %(*objectname) [12ms]
[2022-11-12T17:22:38.182Z] > git remote --verbose [5ms]
[2022-11-12T17:22:38.198Z] > git config --get commit.template [2ms]
[2022-11-12T17:22:43.349Z] > git status -z -uall [137ms]
[2022-11-12T17:22:43.362Z] > git symbolic-ref --short HEAD [2ms]
[2022-11-12T17:22:43.375Z] > git for-each-ref --format=%(refname)%00%(upstream:short)%00%(objectname)%00%(upstream:track)%00%(upstream:remotename)%00%(upstream:remoteref) refs/heads/master refs/remotes/master [2ms]
[2022-11-12T17:22:43.398Z] > git for-each-ref --sort -committerdate --format %(refname) %(objectname) %(*objectname) [12ms]
[2022-11-12T17:22:43.399Z] > git remote --verbose [3ms]
[2022-11-12T17:22:43.417Z] > git config --get commit.template [2ms]
[2022-11-12T17:24:07.097Z] > git status -z -uall [139ms]
[2022-11-12T17:24:07.111Z] > git symbolic-ref --short HEAD [3ms]
[2022-11-12T17:24:07.124Z] > git for-each-ref --format=%(refname)%00%(upstream:short)%00%(objectname)%00%(upstream:track)%00%(upstream:remotename)%00%(upstream:remoteref) refs/heads/master refs/remotes/master [3ms]
[2022-11-12T17:24:07.148Z] > git for-each-ref --sort -committerdate --format %(refname) %(objectname) %(*objectname) [13ms]
[2022-11-12T17:24:07.148Z] > git remote --verbose [3ms]
[2022-11-12T17:24:07.164Z] > git config --get commit.template [2ms]
[2022-11-12T17:24:12.323Z] > git status -z -uall [139ms]
[2022-11-12T17:24:12.336Z] > git symbolic-ref --short HEAD [2ms]
[2022-11-12T17:24:12.350Z] > git for-each-ref --format=%(refname)%00%(upstream:short)%00%(objectname)%00%(upstream:track)%00%(upstream:remotename)%00%(upstream:remoteref) refs/heads/master refs/remotes/master [3ms]
[2022-11-12T17:24:12.373Z] > git for-each-ref --sort -committerdate --format %(refname) %(objectname) %(*objectname) [12ms]
[2022-11-12T17:24:12.374Z] > git remote --verbose [3ms]
[2022-11-12T17:24:12.390Z] > git config --get commit.template [3ms]
[2022-11-12T17:24:17.541Z] > git status -z -uall [138ms]
[2022-11-12T17:24:17.555Z] > git symbolic-ref --short HEAD [3ms]
[2022-11-12T17:24:17.569Z] > git for-each-ref --format=%(refname)%00%(upstream:short)%00%(objectname)%00%(upstream:track)%00%(upstream:remotename)%00%(upstream:remoteref) refs/heads/master refs/remotes/master [3ms]
[2022-11-12T17:24:17.592Z] > git for-each-ref --sort -committerdate --format %(refname) %(objectname) %(*objectname) [13ms]
[2022-11-12T17:24:17.593Z] > git remote --verbose [3ms]
[2022-11-12T17:24:17.610Z] > git config --get commit.template [3ms]
[2022-11-12T17:24:22.764Z] > git status -z -uall [140ms]
[2022-11-12T17:24:22.778Z] > git symbolic-ref --short HEAD [3ms]
[2022-11-12T17:24:22.791Z] > git for-each-ref --format=%(refname)%00%(upstream:short)%00%(objectname)%00%(upstream:track)%00%(upstream:remotename)%00%(upstream:remoteref) refs/heads/master refs/remotes/master [3ms]
[2022-11-12T17:24:22.815Z] > git for-each-ref --sort -committerdate --format %(refname) %(objectname) %(*objectname) [13ms]
[2022-11-12T17:24:22.816Z] > git remote --verbose [3ms]
[2022-11-12T17:24:22.832Z] > git config --get commit.template [2ms]
[2022-11-12T17:24:27.987Z] > git status -z -uall [141ms]
[2022-11-12T17:24:28.001Z] > git symbolic-ref --short HEAD [3ms]
[2022-11-12T17:24:28.015Z] > git for-each-ref --format=%(refname)%00%(upstream:short)%00%(objectname)%00%(upstream:track)%00%(upstream:remotename)%00%(upstream:remoteref) refs/heads/master refs/remotes/master [3ms]
[2022-11-12T17:24:28.038Z] > git for-each-ref --sort -committerdate --format %(refname) %(objectname) %(*objectname) [12ms]
[2022-11-12T17:24:28.039Z] > git remote --verbose [2ms]
[2022-11-12T17:24:28.056Z] > git config --get commit.template [3ms]
[2022-11-12T17:24:33.207Z] > git status -z -uall [137ms]
[2022-11-12T17:24:33.220Z] > git symbolic-ref --short HEAD [2ms]
[2022-11-12T17:24:33.235Z] > git for-each-ref --format=%(refname)%00%(upstream:short)%00%(objectname)%00%(upstream:track)%00%(upstream:remotename)%00%(upstream:remoteref) refs/heads/master refs/remotes/master [3ms]
[2022-11-12T17:24:33.258Z] > git for-each-ref --sort -committerdate --format %(refname) %(objectname) %(*objectname) [12ms]
[2022-11-12T17:24:33.259Z] > git remote --verbose [3ms]
[2022-11-12T17:24:33.275Z] > git config --get commit.template [2ms]
[2022-11-12T17:24:38.427Z] > git status -z -uall [138ms]
[2022-11-12T17:24:38.441Z] > git symbolic-ref --short HEAD [3ms]
[2022-11-12T17:24:38.454Z] > git for-each-ref --format=%(refname)%00%(upstream:short)%00%(objectname)%00%(upstream:track)%00%(upstream:remotename)%00%(upstream:remoteref) refs/heads/master refs/remotes/master [3ms]
[2022-11-12T17:24:38.478Z] > git for-each-ref --sort -committerdate --format %(refname) %(objectname) %(*objectname) [13ms]
[2022-11-12T17:24:38.479Z] > git remote --verbose [3ms]
[2022-11-12T17:24:38.496Z] > git config --get commit.template [3ms]
[2022-11-12T17:24:43.646Z] > git status -z -uall [136ms]
[2022-11-12T17:24:43.662Z] > git symbolic-ref --short HEAD [3ms]
[2022-11-12T17:24:43.676Z] > git for-each-ref --format=%(refname)%00%(upstream:short)%00%(objectname)%00%(upstream:track)%00%(upstream:remotename)%00%(upstream:remoteref) refs/heads/master refs/remotes/master [3ms]
[2022-11-12T17:24:43.699Z] > git for-each-ref --sort -committerdate --format %(refname) %(objectname) %(*objectname) [13ms]
[2022-11-12T17:24:43.700Z] > git remote --verbose [3ms]
[2022-11-12T17:24:43.716Z] > git config --get commit.template [3ms]
[2022-11-12T17:24:48.866Z] > git status -z -uall [137ms]
[2022-11-12T17:24:48.880Z] > git symbolic-ref --short HEAD [3ms]
[2022-11-12T17:24:48.894Z] > git for-each-ref --format=%(refname)%00%(upstream:short)%00%(objectname)%00%(upstream:track)%00%(upstream:remotename)%00%(upstream:remoteref) refs/heads/master refs/remotes/master [3ms]
[2022-11-12T17:24:48.919Z] > git for-each-ref --sort -committerdate --format %(refname) %(objectname) %(*objectname) [14ms]
[2022-11-12T17:24:48.920Z] > git remote --verbose [4ms]
[2022-11-12T17:24:48.936Z] > git config --get commit.template [2ms]
[2022-11-12T17:24:54.090Z] > git status -z -uall [140ms]
[2022-11-12T17:24:54.104Z] > git symbolic-ref --short HEAD [2ms]
[2022-11-12T17:24:54.119Z] > git for-each-ref --format=%(refname)%00%(upstream:short)%00%(objectname)%00%(upstream:track)%00%(upstream:remotename)%00%(upstream:remoteref) refs/heads/master refs/remotes/master [3ms]
[2022-11-12T17:24:54.142Z] > git for-each-ref --sort -committerdate --format %(refname) %(objectname) %(*objectname) [12ms]
[2022-11-12T17:24:54.143Z] > git remote --verbose [3ms]
[2022-11-12T17:24:54.159Z] > git config --get commit.template [2ms]
[2022-11-12T17:24:54.430Z] > git log --oneline --cherry master...master@{upstream} -- [3ms]
[2022-11-12T17:24:55.153Z] > git pull --tags origin master [710ms]
[2022-11-12T17:24:55.153Z] From https://github.com/dusty-nv/jetson-inference
 * branch              master     -> FETCH_HEAD
   c7ca374d..9ee9a950  master     -> origin/master
[2022-11-12T17:24:55.234Z] > git status -z -uall [70ms]
[2022-11-12T17:24:55.248Z] > git symbolic-ref --short HEAD [2ms]
[2022-11-12T17:24:55.263Z] > git for-each-ref --format=%(refname)%00%(upstream:short)%00%(objectname)%00%(upstream:track)%00%(upstream:remotename)%00%(upstream:remoteref) refs/heads/master refs/remotes/master [3ms]
[2022-11-12T17:24:55.288Z] > git for-each-ref --sort -committerdate --format %(refname) %(objectname) %(*objectname) [14ms]
[2022-11-12T17:24:55.289Z] > git remote --verbose [4ms]
[2022-11-12T17:24:55.312Z] > git config --get commit.template [2ms]
[2022-11-12T17:24:56.345Z] > git ls-files --stage -- /home/nvidia/jetson-inference/.editorconfig [3ms]
[2022-11-12T17:24:56.360Z] > git cat-file -s 9c2cd3570fbb8d18caea5922189aa0ca4aec53ed [3ms]
[2022-11-12T17:24:56.387Z] > git show --textconv :.editorconfig [4ms]
[2022-11-12T17:24:59.309Z] > git status -z -uall [137ms]
[2022-11-12T17:24:59.323Z] > git symbolic-ref --short HEAD [3ms]
[2022-11-12T17:24:59.337Z] > git for-each-ref --format=%(refname)%00%(upstream:short)%00%(objectname)%00%(upstream:track)%00%(upstream:remotename)%00%(upstream:remoteref) refs/heads/master refs/remotes/master [3ms]
[2022-11-12T17:24:59.361Z] > git for-each-ref --sort -committerdate --format %(refname) %(objectname) %(*objectname) [13ms]
[2022-11-12T17:24:59.362Z] > git remote --verbose [3ms]
[2022-11-12T17:24:59.378Z] > git config --get commit.template [2ms]
[2022-11-12T17:25:04.530Z] > git status -z -uall [137ms]
[2022-11-12T17:25:04.543Z] > git symbolic-ref --short HEAD [2ms]
[2022-11-12T17:25:04.558Z] > git for-each-ref --format=%(refname)%00%(upstream:short)%00%(objectname)%00%(upstream:track)%00%(upstream:remotename)%00%(upstream:remoteref) refs/heads/master refs/remotes/master [3ms]
[2022-11-12T17:25:04.579Z] > git for-each-ref --sort -committerdate --format %(refname) %(objectname) %(*objectname) [11ms]
[2022-11-12T17:25:04.580Z] > git remote --verbose [3ms]
[2022-11-12T17:25:04.595Z] > git config --get commit.template [2ms]
[2022-11-12T17:25:09.747Z] > git status -z -uall [139ms]
[2022-11-12T17:25:09.761Z] > git symbolic-ref --short HEAD [4ms]
[2022-11-12T17:25:09.773Z] > git for-each-ref --format=%(refname)%00%(upstream:short)%00%(objectname)%00%(upstream:track)%00%(upstream:remotename)%00%(upstream:remoteref) refs/heads/master refs/remotes/master [3ms]
[2022-11-12T17:25:09.795Z] > git for-each-ref --sort -committerdate --format %(refname) %(objectname) %(*objectname) [12ms]
[2022-11-12T17:25:09.795Z] > git remote --verbose [2ms]
[2022-11-12T17:25:09.810Z] > git config --get commit.template [2ms]
[2022-11-12T17:25:14.959Z] > git status -z -uall [137ms]
[2022-11-12T17:25:14.972Z] > git symbolic-ref --short HEAD [3ms]
[2022-11-12T17:25:14.985Z] > git for-each-ref --format=%(refname)%00%(upstream:short)%00%(objectname)%00%(upstream:track)%00%(upstream:remotename)%00%(upstream:remoteref) refs/heads/master refs/remotes/master [3ms]
[2022-11-12T17:25:15.006Z] > git for-each-ref --sort -committerdate --format %(refname) %(objectname) %(*objectname) [12ms]
[2022-11-12T17:25:15.007Z] > git remote --verbose [3ms]
[2022-11-12T17:25:15.023Z] > git config --get commit.template [3ms]
[2022-11-12T17:25:20.176Z] > git status -z -uall [139ms]
[2022-11-12T17:25:20.188Z] > git symbolic-ref --short HEAD [2ms]
[2022-11-12T17:25:20.201Z] > git for-each-ref --format=%(refname)%00%(upstream:short)%00%(objectname)%00%(upstream:track)%00%(upstream:remotename)%00%(upstream:remoteref) refs/heads/master refs/remotes/master [3ms]
[2022-11-12T17:25:20.222Z] > git for-each-ref --sort -committerdate --format %(refname) %(objectname) %(*objectname) [11ms]
[2022-11-12T17:25:20.223Z] > git remote --verbose [3ms]
[2022-11-12T17:25:20.238Z] > git config --get commit.template [3ms]
[2022-11-12T17:25:25.391Z] > git status -z -uall [141ms]
[2022-11-12T17:25:25.404Z] > git symbolic-ref --short HEAD [3ms]
[2022-11-12T17:25:25.416Z] > git for-each-ref --format=%(refname)%00%(upstream:short)%00%(objectname)%00%(upstream:track)%00%(upstream:remotename)%00%(upstream:remoteref) refs/heads/master refs/remotes/master [3ms]
[2022-11-12T17:25:25.438Z] > git for-each-ref --sort -committerdate --format %(refname) %(objectname) %(*objectname) [12ms]
[2022-11-12T17:25:25.438Z] > git remote --verbose [2ms]
[2022-11-12T17:25:25.453Z] > git config --get commit.template [2ms]
[2022-11-12T17:25:30.602Z] > git status -z -uall [137ms]
[2022-11-12T17:25:30.614Z] > git symbolic-ref --short HEAD [2ms]
[2022-11-12T17:25:30.627Z] > git for-each-ref --format=%(refname)%00%(upstream:short)%00%(objectname)%00%(upstream:track)%00%(upstream:remotename)%00%(upstream:remoteref) refs/heads/master refs/remotes/master [3ms]
[2022-11-12T17:25:30.648Z] > git for-each-ref --sort -committerdate --format %(refname) %(objectname) %(*objectname) [11ms]
[2022-11-12T17:25:30.649Z] > git remote --verbose [2ms]
[2022-11-12T17:25:30.666Z] > git config --get commit.template [2ms]
[2022-11-12T17:25:35.816Z] > git status -z -uall [138ms]
[2022-11-12T17:25:35.828Z] > git symbolic-ref --short HEAD [2ms]
[2022-11-12T17:25:35.841Z] > git for-each-ref --format=%(refname)%00%(upstream:short)%00%(objectname)%00%(upstream:track)%00%(upstream:remotename)%00%(upstream:remoteref) refs/heads/master refs/remotes/master [3ms]
[2022-11-12T17:25:35.862Z] > git for-each-ref --sort -committerdate --format %(refname) %(objectname) %(*objectname) [11ms]
[2022-11-12T17:25:35.863Z] > git remote --verbose [3ms]
[2022-11-12T17:25:35.877Z] > git config --get commit.template [2ms]
[2022-11-12T17:25:41.030Z] > git status -z -uall [140ms]
[2022-11-12T17:25:41.042Z] > git symbolic-ref --short HEAD [2ms]
[2022-11-12T17:25:41.055Z] > git for-each-ref --format=%(refname)%00%(upstream:short)%00%(objectname)%00%(upstream:track)%00%(upstream:remotename)%00%(upstream:remoteref) refs/heads/master refs/remotes/master [3ms]
[2022-11-12T17:25:41.076Z] > git for-each-ref --sort -committerdate --format %(refname) %(objectname) %(*objectname) [11ms]
[2022-11-12T17:25:41.077Z] > git remote --verbose [2ms]
[2022-11-12T17:25:41.092Z] > git config --get commit.template [2ms]
[2022-11-12T17:25:46.243Z] > git status -z -uall [138ms]
[2022-11-12T17:25:46.258Z] > git symbolic-ref --short HEAD [3ms]
[2022-11-12T17:25:46.271Z] > git for-each-ref --format=%(refname)%00%(upstream:short)%00%(objectname)%00%(upstream:track)%00%(upstream:remotename)%00%(upstream:remoteref) refs/heads/master refs/remotes/master [3ms]
[2022-11-12T17:25:46.292Z] > git for-each-ref --sort -committerdate --format %(refname) %(objectname) %(*objectname) [11ms]
[2022-11-12T17:25:46.293Z] > git remote --verbose [2ms]
[2022-11-12T17:25:46.308Z] > git config --get commit.template [2ms]
[2022-11-12T17:25:51.459Z] > git status -z -uall [138ms]
[2022-11-12T17:25:51.472Z] > git symbolic-ref --short HEAD [3ms]
[2022-11-12T17:25:51.485Z] > git for-each-ref --format=%(refname)%00%(upstream:short)%00%(objectname)%00%(upstream:track)%00%(upstream:remotename)%00%(upstream:remoteref) refs/heads/master refs/remotes/master [3ms]
[2022-11-12T17:25:51.506Z] > git for-each-ref --sort -committerdate --format %(refname) %(objectname) %(*objectname) [11ms]
[2022-11-12T17:25:51.507Z] > git remote --verbose [2ms]
[2022-11-12T17:25:51.522Z] > git config --get commit.template [2ms]
[2022-11-12T17:25:56.673Z] > git status -z -uall [139ms]
[2022-11-12T17:25:56.686Z] > git symbolic-ref --short HEAD [2ms]
[2022-11-12T17:25:56.699Z] > git for-each-ref --format=%(refname)%00%(upstream:short)%00%(objectname)%00%(upstream:track)%00%(upstream:remotename)%00%(upstream:remoteref) refs/heads/master refs/remotes/master [3ms]
[2022-11-12T17:25:56.722Z] > git for-each-ref --sort -committerdate --format %(refname) %(objectname) %(*objectname) [11ms]
[2022-11-12T17:25:56.723Z] > git remote --verbose [3ms]
[2022-11-12T17:25:56.738Z] > git config --get commit.template [2ms]
[2022-11-12T17:26:01.887Z] > git status -z -uall [136ms]
[2022-11-12T17:26:01.903Z] > git symbolic-ref --short HEAD [6ms]
[2022-11-12T17:26:01.917Z] > git for-each-ref --format=%(refname)%00%(upstream:short)%00%(objectname)%00%(upstream:track)%00%(upstream:remotename)%00%(upstream:remoteref) refs/heads/master refs/remotes/master [3ms]
[2022-11-12T17:26:01.940Z] > git for-each-ref --sort -committerdate --format %(refname) %(objectname) %(*objectname) [12ms]
[2022-11-12T17:26:01.941Z] > git remote --verbose [3ms]
[2022-11-12T17:26:01.957Z] > git config --get commit.template [3ms]
[2022-11-12T17:26:07.108Z] > git status -z -uall [139ms]
[2022-11-12T17:26:07.121Z] > git symbolic-ref --short HEAD [3ms]
[2022-11-12T17:26:07.134Z] > git for-each-ref --format=%(refname)%00%(upstream:short)%00%(objectname)%00%(upstream:track)%00%(upstream:remotename)%00%(upstream:remoteref) refs/heads/master refs/remotes/master [3ms]
[2022-11-12T17:26:07.157Z] > git for-each-ref --sort -committerdate --format %(refname) %(objectname) %(*objectname) [14ms]
[2022-11-12T17:26:07.158Z] > git remote --verbose [5ms]
[2022-11-12T17:26:07.172Z] > git config --get commit.template [2ms]
[2022-11-12T17:26:12.322Z] > git status -z -uall [137ms]
[2022-11-12T17:26:12.335Z] > git symbolic-ref --short HEAD [2ms]
[2022-11-12T17:26:12.348Z] > git for-each-ref --format=%(refname)%00%(upstream:short)%00%(objectname)%00%(upstream:track)%00%(upstream:remotename)%00%(upstream:remoteref) refs/heads/master refs/remotes/master [3ms]
[2022-11-12T17:26:12.379Z] > git for-each-ref --sort -committerdate --format %(refname) %(objectname) %(*objectname) [20ms]
[2022-11-12T17:26:12.379Z] > git remote --verbose [2ms]
[2022-11-12T17:26:12.395Z] > git config --get commit.template [2ms]
[2022-11-12T17:26:17.546Z] > git status -z -uall [139ms]
[2022-11-12T17:26:17.559Z] > git symbolic-ref --short HEAD [2ms]
[2022-11-12T17:26:17.572Z] > git for-each-ref --format=%(refname)%00%(upstream:short)%00%(objectname)%00%(upstream:track)%00%(upstream:remotename)%00%(upstream:remoteref) refs/heads/master refs/remotes/master [3ms]
[2022-11-12T17:26:17.593Z] > git for-each-ref --sort -committerdate --format %(refname) %(objectname) %(*objectname) [11ms]
[2022-11-12T17:26:17.594Z] > git remote --verbose [2ms]
[2022-11-12T17:26:17.609Z] > git config --get commit.template [2ms]
[2022-11-12T17:26:22.758Z] > git status -z -uall [136ms]
[2022-11-12T17:26:22.771Z] > git symbolic-ref --short HEAD [3ms]
[2022-11-12T17:26:22.783Z] > git for-each-ref --format=%(refname)%00%(upstream:short)%00%(objectname)%00%(upstream:track)%00%(upstream:remotename)%00%(upstream:remoteref) refs/heads/master refs/remotes/master [2ms]
[2022-11-12T17:26:22.805Z] > git for-each-ref --sort -committerdate --format %(refname) %(objectname) %(*objectname) [12ms]
[2022-11-12T17:26:22.806Z] > git remote --verbose [3ms]
[2022-11-12T17:26:22.823Z] > git config --get commit.template [2ms]
[2022-11-12T17:26:27.982Z] > git status -z -uall [142ms]
[2022-11-12T17:26:27.994Z] > git symbolic-ref --short HEAD [2ms]
[2022-11-12T17:26:28.007Z] > git for-each-ref --format=%(refname)%00%(upstream:short)%00%(objectname)%00%(upstream:track)%00%(upstream:remotename)%00%(upstream:remoteref) refs/heads/master refs/remotes/master [3ms]
[2022-11-12T17:26:28.033Z] > git for-each-ref --sort -committerdate --format %(refname) %(objectname) %(*objectname) [16ms]
[2022-11-12T17:26:28.034Z] > git remote --verbose [3ms]
[2022-11-12T17:26:28.049Z] > git config --get commit.template [2ms]
[2022-11-12T17:26:33.197Z] > git status -z -uall [136ms]
[2022-11-12T17:26:33.210Z] > git symbolic-ref --short HEAD [2ms]
[2022-11-12T17:26:33.223Z] > git for-each-ref --format=%(refname)%00%(upstream:short)%00%(objectname)%00%(upstream:track)%00%(upstream:remotename)%00%(upstream:remoteref) refs/heads/master refs/remotes/master [3ms]
[2022-11-12T17:26:33.246Z] > git for-each-ref --sort -committerdate --format %(refname) %(objectname) %(*objectname) [13ms]
[2022-11-12T17:26:33.247Z] > git remote --verbose [5ms]
[2022-11-12T17:26:33.262Z] > git config --get commit.template [2ms]
[2022-11-12T17:26:38.410Z] > git status -z -uall [135ms]
[2022-11-12T17:26:38.423Z] > git symbolic-ref --short HEAD [3ms]
[2022-11-12T17:26:38.436Z] > git for-each-ref --format=%(refname)%00%(upstream:short)%00%(objectname)%00%(upstream:track)%00%(upstream:remotename)%00%(upstream:remoteref) refs/heads/master refs/remotes/master [3ms]
[2022-11-12T17:26:38.457Z] > git for-each-ref --sort -committerdate --format %(refname) %(objectname) %(*objectname) [11ms]
[2022-11-12T17:26:38.458Z] > git remote --verbose [3ms]
[2022-11-12T17:26:38.472Z] > git config --get commit.template [2ms]
[2022-11-12T17:26:43.626Z] > git status -z -uall [141ms]
[2022-11-12T17:26:43.638Z] > git symbolic-ref --short HEAD [2ms]
[2022-11-12T17:26:43.651Z] > git for-each-ref --format=%(refname)%00%(upstream:short)%00%(objectname)%00%(upstream:track)%00%(upstream:remotename)%00%(upstream:remoteref) refs/heads/master refs/remotes/master [3ms]
[2022-11-12T17:26:43.672Z] > git for-each-ref --sort -committerdate --format %(refname) %(objectname) %(*objectname) [11ms]
[2022-11-12T17:26:43.673Z] > git remote --verbose [2ms]
[2022-11-12T17:26:43.688Z] > git config --get commit.template [2ms]
[2022-11-12T17:26:48.837Z] > git status -z -uall [136ms]
[2022-11-12T17:26:48.850Z] > git symbolic-ref --short HEAD [3ms]
[2022-11-12T17:26:48.863Z] > git for-each-ref --format=%(refname)%00%(upstream:short)%00%(objectname)%00%(upstream:track)%00%(upstream:remotename)%00%(upstream:remoteref) refs/heads/master refs/remotes/master [3ms]
[2022-11-12T17:26:48.886Z] > git for-each-ref --sort -committerdate --format %(refname) %(objectname) %(*objectname) [13ms]
[2022-11-12T17:26:48.887Z] > git remote --verbose [3ms]
[2022-11-12T17:26:48.902Z] > git config --get commit.template [2ms]
[2022-11-12T17:26:54.055Z] > git status -z -uall [140ms]
[2022-11-12T17:26:54.067Z] > git symbolic-ref --short HEAD [2ms]
[2022-11-12T17:26:54.080Z] > git for-each-ref --format=%(refname)%00%(upstream:short)%00%(objectname)%00%(upstream:track)%00%(upstream:remotename)%00%(upstream:remoteref) refs/heads/master refs/remotes/master [3ms]
[2022-11-12T17:26:54.102Z] > git for-each-ref --sort -committerdate --format %(refname) %(objectname) %(*objectname) [11ms]
[2022-11-12T17:26:54.102Z] > git remote --verbose [2ms]
[2022-11-12T17:26:54.117Z] > git config --get commit.template [2ms]
[2022-11-12T17:26:59.267Z] > git status -z -uall [137ms]
[2022-11-12T17:26:59.280Z] > git symbolic-ref --short HEAD [3ms]
[2022-11-12T17:26:59.293Z] > git for-each-ref --format=%(refname)%00%(upstream:short)%00%(objectname)%00%(upstream:track)%00%(upstream:remotename)%00%(upstream:remoteref) refs/heads/master refs/remotes/master [3ms]
[2022-11-12T17:26:59.314Z] > git for-each-ref --sort -committerdate --format %(refname) %(objectname) %(*objectname) [11ms]
[2022-11-12T17:26:59.315Z] > git remote --verbose [3ms]
[2022-11-12T17:26:59.329Z] > git config --get commit.template [2ms]
[2022-11-12T17:27:04.482Z] > git status -z -uall [139ms]
[2022-11-12T17:27:04.494Z] > git symbolic-ref --short HEAD [2ms]
[2022-11-12T17:27:04.507Z] > git for-each-ref --format=%(refname)%00%(upstream:short)%00%(objectname)%00%(upstream:track)%00%(upstream:remotename)%00%(upstream:remoteref) refs/heads/master refs/remotes/master [3ms]
[2022-11-12T17:27:04.528Z] > git for-each-ref --sort -committerdate --format %(refname) %(objectname) %(*objectname) [11ms]
[2022-11-12T17:27:04.529Z] > git remote --verbose [3ms]
[2022-11-12T17:27:04.544Z] > git config --get commit.template [3ms]
[2022-11-12T17:27:15.931Z] > git status -z -uall [136ms]
[2022-11-12T17:27:15.943Z] > git symbolic-ref --short HEAD [2ms]
[2022-11-12T17:27:15.958Z] > git for-each-ref --format=%(refname)%00%(upstream:short)%00%(objectname)%00%(upstream:track)%00%(upstream:remotename)%00%(upstream:remoteref) refs/heads/master refs/remotes/master [3ms]
[2022-11-12T17:27:15.980Z] > git for-each-ref --sort -committerdate --format %(refname) %(objectname) %(*objectname) [12ms]
[2022-11-12T17:27:15.981Z] > git remote --verbose [3ms]
[2022-11-12T17:27:15.996Z] > git config --get commit.template [3ms]
[2022-11-12T17:27:21.145Z] > git status -z -uall [137ms]
[2022-11-12T17:27:21.157Z] > git symbolic-ref --short HEAD [2ms]
[2022-11-12T17:27:21.170Z] > git for-each-ref --format=%(refname)%00%(upstream:short)%00%(objectname)%00%(upstream:track)%00%(upstream:remotename)%00%(upstream:remoteref) refs/heads/master refs/remotes/master [3ms]
[2022-11-12T17:27:21.192Z] > git for-each-ref --sort -committerdate --format %(refname) %(objectname) %(*objectname) [12ms]
[2022-11-12T17:27:21.193Z] > git remote --verbose [3ms]
[2022-11-12T17:27:21.214Z] > git config --get commit.template [2ms]
[2022-11-12T17:27:26.365Z] > git status -z -uall [137ms]
[2022-11-12T17:27:26.378Z] > git symbolic-ref --short HEAD [3ms]
[2022-11-12T17:27:26.391Z] > git for-each-ref --format=%(refname)%00%(upstream:short)%00%(objectname)%00%(upstream:track)%00%(upstream:remotename)%00%(upstream:remoteref) refs/heads/master refs/remotes/master [3ms]
[2022-11-12T17:27:26.412Z] > git for-each-ref --sort -committerdate --format %(refname) %(objectname) %(*objectname) [11ms]
[2022-11-12T17:27:26.413Z] > git remote --verbose [3ms]
[2022-11-12T17:27:26.430Z] > git config --get commit.template [2ms]
[2022-11-12T17:27:34.111Z] > git status -z -uall [138ms]
[2022-11-12T17:27:34.123Z] > git symbolic-ref --short HEAD [2ms]
[2022-11-12T17:27:34.137Z] > git for-each-ref --format=%(refname)%00%(upstream:short)%00%(objectname)%00%(upstream:track)%00%(upstream:remotename)%00%(upstream:remoteref) refs/heads/master refs/remotes/master [3ms]
[2022-11-12T17:27:34.160Z] > git remote --verbose [3ms]
[2022-11-12T17:27:34.161Z] > git for-each-ref --sort -committerdate --format %(refname) %(objectname) %(*objectname) [14ms]
[2022-11-12T17:27:34.175Z] > git config --get commit.template [2ms]
[2022-11-12T17:27:36.326Z] > git ls-files --stage -- /home/nvidia/jetson-inference/.editorconfig [4ms]
[2022-11-12T17:27:36.339Z] > git cat-file -s 9c2cd3570fbb8d18caea5922189aa0ca4aec53ed [3ms]
[2022-11-12T17:27:36.365Z] > git show --textconv :.editorconfig [4ms]
[2022-11-12T17:27:43.013Z] > git status -z -uall [138ms]
[2022-11-12T17:27:43.026Z] > git symbolic-ref --short HEAD [2ms]
[2022-11-12T17:27:43.040Z] > git for-each-ref --format=%(refname)%00%(upstream:short)%00%(objectname)%00%(upstream:track)%00%(upstream:remotename)%00%(upstream:remoteref) refs/heads/master refs/remotes/master [3ms]
[2022-11-12T17:27:43.062Z] > git for-each-ref --sort -committerdate --format %(refname) %(objectname) %(*objectname) [11ms]
[2022-11-12T17:27:43.063Z] > git remote --verbose [2ms]
[2022-11-12T17:27:43.078Z] > git config --get commit.template [2ms]
[2022-11-12T17:27:48.228Z] > git status -z -uall [137ms]
[2022-11-12T17:27:48.240Z] > git symbolic-ref --short HEAD [2ms]
[2022-11-12T17:27:48.254Z] > git for-each-ref --format=%(refname)%00%(upstream:short)%00%(objectname)%00%(upstream:track)%00%(upstream:remotename)%00%(upstream:remoteref) refs/heads/master refs/remotes/master [4ms]
[2022-11-12T17:27:48.275Z] > git for-each-ref --sort -committerdate --format %(refname) %(objectname) %(*objectname) [11ms]
[2022-11-12T17:27:48.276Z] > git remote --verbose [3ms]
[2022-11-12T17:27:48.291Z] > git config --get commit.template [2ms]
[2022-11-12T17:27:54.358Z] > git status -z -uall [139ms]
[2022-11-12T17:27:54.371Z] > git symbolic-ref --short HEAD [3ms]
[2022-11-12T17:27:54.384Z] > git for-each-ref --format=%(refname)%00%(upstream:short)%00%(objectname)%00%(upstream:track)%00%(upstream:remotename)%00%(upstream:remoteref) refs/heads/master refs/remotes/master [3ms]
[2022-11-12T17:27:54.407Z] > git for-each-ref --sort -committerdate --format %(refname) %(objectname) %(*objectname) [13ms]
[2022-11-12T17:27:54.408Z] > git remote --verbose [2ms]
[2022-11-12T17:27:54.423Z] > git config --get commit.template [2ms]
[2022-11-12T17:27:59.574Z] > git status -z -uall [139ms]
[2022-11-12T17:27:59.587Z] > git symbolic-ref --short HEAD [2ms]
[2022-11-12T17:27:59.600Z] > git for-each-ref --format=%(refname)%00%(upstream:short)%00%(objectname)%00%(upstream:track)%00%(upstream:remotename)%00%(upstream:remoteref) refs/heads/master refs/remotes/master [3ms]
[2022-11-12T17:27:59.622Z] > git for-each-ref --sort -committerdate --format %(refname) %(objectname) %(*objectname) [11ms]
[2022-11-12T17:27:59.623Z] > git remote --verbose [3ms]
[2022-11-12T17:27:59.638Z] > git config --get commit.template [3ms]
[2022-11-12T17:28:04.787Z] > git status -z -uall [136ms]
[2022-11-12T17:28:04.799Z] > git symbolic-ref --short HEAD [2ms]
[2022-11-12T17:28:04.813Z] > git for-each-ref --format=%(refname)%00%(upstream:short)%00%(objectname)%00%(upstream:track)%00%(upstream:remotename)%00%(upstream:remoteref) refs/heads/master refs/remotes/master [3ms]
[2022-11-12T17:28:04.834Z] > git for-each-ref --sort -committerdate --format %(refname) %(objectname) %(*objectname) [11ms]
[2022-11-12T17:28:04.835Z] > git remote --verbose [2ms]
[2022-11-12T17:28:04.852Z] > git config --get commit.template [3ms]
[2022-11-12T17:28:10.004Z] > git status -z -uall [138ms]
[2022-11-12T17:28:10.016Z] > git symbolic-ref --short HEAD [2ms]
[2022-11-12T17:28:10.030Z] > git for-each-ref --format=%(refname)%00%(upstream:short)%00%(objectname)%00%(upstream:track)%00%(upstream:remotename)%00%(upstream:remoteref) refs/heads/master refs/remotes/master [3ms]
[2022-11-12T17:28:10.051Z] > git for-each-ref --sort -committerdate --format %(refname) %(objectname) %(*objectname) [11ms]
[2022-11-12T17:28:10.052Z] > git remote --verbose [2ms]
[2022-11-12T17:28:10.067Z] > git config --get commit.template [2ms]
[2022-11-12T17:28:21.773Z] > git status -z -uall [141ms]
[2022-11-12T17:28:21.786Z] > git symbolic-ref --short HEAD [2ms]
[2022-11-12T17:28:21.799Z] > git for-each-ref --format=%(refname)%00%(upstream:short)%00%(objectname)%00%(upstream:track)%00%(upstream:remotename)%00%(upstream:remoteref) refs/heads/master refs/remotes/master [3ms]
[2022-11-12T17:28:21.823Z] > git for-each-ref --sort -committerdate --format %(refname) %(objectname) %(*objectname) [13ms]
[2022-11-12T17:28:21.823Z] > git remote --verbose [2ms]
[2022-11-12T17:28:21.838Z] > git config --get commit.template [2ms]
[2022-11-12T17:28:26.988Z] > git status -z -uall [138ms]
[2022-11-12T17:28:27.001Z] > git symbolic-ref --short HEAD [2ms]
[2022-11-12T17:28:27.014Z] > git for-each-ref --format=%(refname)%00%(upstream:short)%00%(objectname)%00%(upstream:track)%00%(upstream:remotename)%00%(upstream:remoteref) refs/heads/master refs/remotes/master [3ms]
[2022-11-12T17:28:27.036Z] > git for-each-ref --sort -committerdate --format %(refname) %(objectname) %(*objectname) [12ms]
[2022-11-12T17:28:27.037Z] > git remote --verbose [3ms]
[2022-11-12T17:28:27.051Z] > git config --get commit.template [2ms]
[2022-11-12T17:28:37.460Z] > git status -z -uall [141ms]
[2022-11-12T17:28:37.473Z] > git symbolic-ref --short HEAD [3ms]
[2022-11-12T17:28:37.487Z] > git for-each-ref --format=%(refname)%00%(upstream:short)%00%(objectname)%00%(upstream:track)%00%(upstream:remotename)%00%(upstream:remoteref) refs/heads/master refs/remotes/master [3ms]
[2022-11-12T17:28:37.508Z] > git for-each-ref --sort -committerdate --format %(refname) %(objectname) %(*objectname) [11ms]
[2022-11-12T17:28:37.509Z] > git remote --verbose [2ms]
[2022-11-12T17:28:37.524Z] > git config --get commit.template [2ms]
[2022-11-12T17:28:42.675Z] > git status -z -uall [138ms]
[2022-11-12T17:28:42.688Z] > git symbolic-ref --short HEAD [2ms]
[2022-11-12T17:28:42.701Z] > git for-each-ref --format=%(refname)%00%(upstream:short)%00%(objectname)%00%(upstream:track)%00%(upstream:remotename)%00%(upstream:remoteref) refs/heads/master refs/remotes/master [3ms]
[2022-11-12T17:28:42.723Z] > git for-each-ref --sort -committerdate --format %(refname) %(objectname) %(*objectname) [11ms]
[2022-11-12T17:28:42.724Z] > git remote --verbose [2ms]
[2022-11-12T17:28:42.739Z] > git config --get commit.template [2ms]
[2022-11-12T17:28:47.891Z] > git status -z -uall [137ms]
[2022-11-12T17:28:47.904Z] > git symbolic-ref --short HEAD [2ms]
[2022-11-12T17:28:47.917Z] > git for-each-ref --format=%(refname)%00%(upstream:short)%00%(objectname)%00%(upstream:track)%00%(upstream:remotename)%00%(upstream:remoteref) refs/heads/master refs/remotes/master [3ms]
[2022-11-12T17:28:47.939Z] > git for-each-ref --sort -committerdate --format %(refname) %(objectname) %(*objectname) [11ms]
[2022-11-12T17:28:47.940Z] > git remote --verbose [2ms]
[2022-11-12T17:28:47.956Z] > git config --get commit.template [2ms]
[2022-11-12T17:28:55.160Z] > git status -z -uall [142ms]
[2022-11-12T17:28:55.173Z] > git symbolic-ref --short HEAD [3ms]
[2022-11-12T17:28:55.186Z] > git for-each-ref --format=%(refname)%00%(upstream:short)%00%(objectname)%00%(upstream:track)%00%(upstream:remotename)%00%(upstream:remoteref) refs/heads/master refs/remotes/master [3ms]
[2022-11-12T17:28:55.212Z] > git for-each-ref --sort -committerdate --format %(refname) %(objectname) %(*objectname) [12ms]
[2022-11-12T17:28:55.213Z] > git remote --verbose [3ms]
[2022-11-12T17:28:55.228Z] > git config --get commit.template [2ms]
